<<<<<<< HEAD
<<<<<<< HEAD
=======
<<<<<<< HEAD
<<<<<<< HEAD
<<<<<<< HEAD
=======
<<<<<<< HEAD
>>>>>>> ddf0ce1
<<<<<<< HEAD
<<<<<<< HEAD
<<<<<<< HEAD
<<<<<<< HEAD
<<<<<<< HEAD
<<<<<<< HEAD
=======
>>>>>>> 2cf6812
<<<<<<< HEAD
version https://git-lfs.github.com/spec/v1
oid sha256:02ff23f94a32dc3ef710e2cd033f740914b2da3993dbae59613616a7482e44d5
size 5765
=======
version https://git-lfs.github.com/spec/v1
oid sha256:cbff8035f59ee54d57ad2e631f6fa177170400c2e69b1e4fdd44c8b346c4d66d
size 5245
>>>>>>> dd1805f
=======
version https://git-lfs.github.com/spec/v1
oid sha256:cbff8035f59ee54d57ad2e631f6fa177170400c2e69b1e4fdd44c8b346c4d66d
size 5245
>>>>>>> 38e2d40
=======
version https://git-lfs.github.com/spec/v1
oid sha256:cbff8035f59ee54d57ad2e631f6fa177170400c2e69b1e4fdd44c8b346c4d66d
size 5245
>>>>>>> c5a382b
=======
=======
>>>>>>> ae7b143... Fixing logs
>>>>>>> dfa5db5e... Fixing logs
=======
>>>>>>> ae7b1437... Fixing logs
1459947780236776 186 3047424 0 183 2998272 0 0
1459947780472744 185 3046144 1180 182 2996992 1180 0
1459947780704450 185 3044964 2174 182 2995812 2174 0
1459947780942317 185 3043876 3006 183 2996004 2181 0
1459947781184105 188 3046713 5386 184 2997461 3353 0
1459947781424639 186 3046768 5016 183 2997524 3149 0
1459947781661670 187 3048099 5851 184 2998862 4135 0
1459947781936726 187 3049326 6524 184 3000095 4948 0
1459947782172911 185 3047897 7330 183 2999952 4692 0
1459947782413553 186 3047860 6791 184 3001100 5384 0
1459947782651876 186 3047825 6291 183 3000879 5166 0
1459947782891308 186 3047793 5827 185 3003235 6934 0
1459947783132131 187 3049044 6524 185 3005407 8394 0
1459947783368071 186 3048917 6130 184 3006129 8404 0
1459947783609577 189 3052640 9083 187 3010635 11901 0
1459947783855122 191 3058632 13897 189 3017349 17160 0
1459947784102216 191 3064156 17903 188 3022258 20345 0
1459947784350621 191 3069248 21199 188 3026784 22927 0
1459947784586952 185 3066263 22293 183 3024556 23188 0
1459947784825143 186 3064791 21907 183 3022502 23268 0
1459947785060165 185 3062154 22625 182 3019329 24375 0
1459947785298704 186 3061003 21917 183 3017683 23986 0
1459947785538296 186 3059942 21181 183 3016166 23509 0
1459947785783908 186 3058964 20427 183 3014768 22960 0
1459947786025158 187 3059342 19179 183 3013479 22354 0
1459947786267738 187 3059690 18001 184 3013570 20691 0
1459947786502828 186 3058731 17477 182 3011094 21355 0
1459947786746109 187 3059127 16476 184 3011372 19942 0
1459947786980092 187 3059492 15525 183 3010348 19327 0
1459947787215867 187 3059829 14622 183 3009404 18686 0
1459947787458412 187 3060139 13765 184 3009814 17604 0
1459947787707150 188 3061705 14133 183 3008912 17059 0
1459947787951596 187 3061869 13179 183 3008080 16492 0
1459947788197256 187 3062020 12288 183 3007313 15909 0
1459947788434640 186 3060879 12379 181 3004046 17677 0
1459947788674300 186 3059827 12379 182 3002314 17890 0
1459947788912981 186 3058858 12304 182 3000718 17963 0
1459947789150523 187 3059244 11698 182 2999246 17915 0
1459947789391858 186 3058320 11635 182 2997889 17765 0
1459947789630011 185 3056188 12690 182 2996638 17529 0
1459947789867974 185 3054223 13509 181 2994205 18401 0
1459947790105765 187 3054971 13143 182 2993242 17850 0
1459947790343512 186 3054381 12659 181 2991074 18452 0
1459947790580702 186 3053837 12171 182 2990356 17671 0
1459947790819485 187 3054615 11938 184 2992254 18040 0
1459947791055646 186 3054053 11522 182 2991444 17376 0
1459947791293704 186 3053535 11098 183 2991977 16509 0
1459947791531435 186 3053057 10670 182 2991188 15945 0
1459947791725959 174 3053057 10670 165 2991188 15945 1
1459947791919193 182 3053057 10670 163 2991188 15945 1
1459947792112731 186 3053057 10670 159 2991188 15945 1
1459947792304639 185 3053057 10670 157 2991188 15945 1
1459947792495771 187 3053057 10670 158 2991188 15945 1
1459947792686347 187 3053057 10670 157 2991188 15945 1
1459947792880954 189 3053057 10670 157 2991188 15945 1
1459947793077040 188 3053057 10670 157 2991188 15945 1
1459947793269595 190 3053057 10670 157 2991188 15945 1
1459947793460162 189 3053057 10670 157 2991188 15945 1
1459947793649863 189 3053057 10670 156 2991188 15945 1
1459947793843285 191 3053057 10670 157 2991188 15945 1
1459947794029957 191 3053057 10670 157 2991188 15945 1
1459947794217794 191 3053057 10670 157 2991188 15945 1
1459947794407381 191 3053057 10670 157 2991188 15945 1
1459947794597528 191 3053057 10670 158 2991188 15945 1
1459947794790561 192 3053057 10670 158 2991188 15945 1
1459947794983959 192 3053057 10670 158 2991188 15945 1
1459947795176961 192 3053057 10670 158 2991188 15945 1
1459947795366634 192 3053057 10670 157 2991188 15945 1
1459947795562413 193 3053057 10670 159 2991188 15945 1
1459947795753803 192 3053057 10670 159 2991188 15945 1
1459947795946442 193 3053057 10670 158 2991188 15945 1
1459947796138853 194 3053057 10670 160 2991188 15945 1
1459947796328059 193 3053057 10670 159 2991188 15945 1
1459947796513256 193 3053057 10670 158 2991188 15945 1
1459947796695690 191 3053057 10670 156 2991188 15945 1
1459947796879211 191 3053057 10670 157 2991188 15945 1
1459947797060564 190 3053057 10670 156 2991188 15945 1
1459947797250602 193 3053057 10670 158 2991188 15945 1
1459947797435582 193 3053057 10670 156 2991188 15945 1
1459947797619266 191 3053057 10670 156 2991188 15945 1
1459947797852527 184 3050056 12601 181 2989181 16548 0
1459947798088114 184 3047290 14165 181 2987331 16960 0
1459947798329875 187 3048580 14247 183 2988185 16423 0
1459947798571192 186 3048489 13216 182 2987693 15592 0
1459947798808617 185 3047125 13439 182 2987239 14791 0
1459947799051622 186 3047148 12410 182 2986820 14020 0
1459947799290073 185 3045889 12600 182 2986434 13279 0
1459947799525443 185 3044728 12684 181 2984798 13748 0
1459947799762230 185 3043658 12678 181 2983290 14062 0
1459947799995279 184 3041392 13775 180 2980620 15423 0
1459947800229606 184 3039303 14623 180 2978159 16486 0
1459947800466015 185 3038657 14075 181 2977170 16109 0
1459947800705411 185 3038061 13523 182 2977538 15189 0
1459947800941849 185 3037512 12971 181 2976597 14868 0
1459947801177884 186 3038286 12670 181 2975730 14504 0
1459947801415469 186 3038999 12338 181 2974931 14106 0
<<<<<<< HEAD
<<<<<<< HEAD
=======
<<<<<<< HEAD
<<<<<<< HEAD
<<<<<<< HEAD
<<<<<<< HEAD
>>>>>>> 3f8e119
=======
version https://git-lfs.github.com/spec/v1
oid sha256:4822d3e4650acec14bd21edbd60e545f82859cc70a7517a47a1966e29ffd6f2c
size 5444
>>>>>>> f48ecf8
=======
>>>>>>> 587ddc4f3682fe26eb61ef3e7dd1f587b73479b7
>>>>>>> dd1805f
=======
version https://git-lfs.github.com/spec/v1
oid sha256:4822d3e4650acec14bd21edbd60e545f82859cc70a7517a47a1966e29ffd6f2c
size 5444
>>>>>>> 349884c
=======
>>>>>>> 587ddc4f3682fe26eb61ef3e7dd1f587b73479b7
<<<<<<< HEAD
<<<<<<< HEAD
>>>>>>> 38e2d40
=======
>>>>>>> ddf0ce1
=======
>>>>>>> 2cf6812
=======
version https://git-lfs.github.com/spec/v1
oid sha256:4822d3e4650acec14bd21edbd60e545f82859cc70a7517a47a1966e29ffd6f2c
size 5444
<<<<<<< HEAD
>>>>>>> 8d79f4c
=======
>>>>>>> 587ddc4f3682fe26eb61ef3e7dd1f587b73479b7
>>>>>>> c5a382b
=======
>>>>>>> 70238e08249cac7bd497cf178abe20b08de7a63b
<<<<<<< HEAD
>>>>>>> ddf0ce1
=======
>>>>>>> 2cf6812
=======
>>>>>>> ae7b143... Fixing logs
>>>>>>> dfa5db5e... Fixing logs
=======
>>>>>>> ae7b1437... Fixing logs
