<<<<<<< HEAD
<<<<<<< HEAD
=======
<<<<<<< HEAD
<<<<<<< HEAD
<<<<<<< HEAD
=======
<<<<<<< HEAD
>>>>>>> ddf0ce1
<<<<<<< HEAD
<<<<<<< HEAD
<<<<<<< HEAD
<<<<<<< HEAD
<<<<<<< HEAD
<<<<<<< HEAD
=======
>>>>>>> 2cf6812
<<<<<<< HEAD
version https://git-lfs.github.com/spec/v1
oid sha256:84cbe7199301f596bb09b5681658f6ecc2617335999db6b006a9a3ec1fd6927c
size 5765
=======
version https://git-lfs.github.com/spec/v1
oid sha256:0573968977452c11474ce0fe42753daec38e5647a51943b0c8789b734d7fab1a
size 5245
>>>>>>> dd1805f
=======
version https://git-lfs.github.com/spec/v1
oid sha256:0573968977452c11474ce0fe42753daec38e5647a51943b0c8789b734d7fab1a
size 5245
>>>>>>> 38e2d40
=======
version https://git-lfs.github.com/spec/v1
oid sha256:0573968977452c11474ce0fe42753daec38e5647a51943b0c8789b734d7fab1a
size 5245
>>>>>>> c5a382b
=======
=======
>>>>>>> ae7b143... Fixing logs
>>>>>>> dfa5db5e... Fixing logs
=======
>>>>>>> ae7b1437... Fixing logs
1459947780236776 186 3047424 0 183 2998272 0 0
1459947780472744 185 3046144 1180 182 2996992 1180 0
1459947780704450 185 3044964 2174 182 2995812 2174 0
1459947780942317 185 3043876 3006 183 2996004 2181 0
1459947781184105 188 3046713 5386 184 2997461 3353 0
1459947781424639 186 3046768 5016 183 2997524 3149 0
1459947781661670 187 3048099 5851 184 2998862 4135 0
1459947781936726 187 3049326 6524 184 3000095 4948 0
1459947782172911 185 3047897 7330 183 2999952 4692 0
1459947782413553 186 3047860 6791 184 3001100 5384 0
1459947782651876 186 3047825 6291 183 3000879 5166 0
1459947782891308 186 3047793 5827 185 3003235 6934 0
1459947783132131 187 3049044 6524 185 3005407 8394 0
1459947783368071 186 3048917 6130 184 3006129 8404 0
1459947783609577 189 3052640 9083 187 3010635 11901 0
1459947783855122 191 3058632 13897 189 3017349 17160 0
1459947784102216 191 3064156 17903 188 3022258 20345 0
1459947784350621 191 3069248 21199 188 3026784 22927 0
1459947784586952 185 3066263 22293 183 3024556 23188 0
1459947784825143 186 3064791 21907 183 3022502 23268 0
1459947785060165 185 3062154 22625 182 3019329 24375 0
1459947785298704 186 3061003 21917 183 3017683 23986 0
1459947785538296 186 3059942 21181 183 3016166 23509 0
1459947785783908 186 3058964 20427 183 3014768 22960 0
1459947786025158 187 3059342 19179 183 3013479 22354 0
1459947786267738 187 3059690 18001 184 3013570 20691 0
1459947786502828 186 3058731 17477 182 3011094 21355 0
1459947786746109 187 3059127 16476 184 3011372 19942 0
1459947786980092 187 3059492 15525 183 3010348 19327 0
1459947787215867 187 3059829 14622 183 3009404 18686 0
1459947787458412 187 3060139 13765 184 3009814 17604 0
1459947787707150 188 3061705 14133 183 3008912 17059 0
1459947787951596 187 3061869 13179 183 3008080 16492 0
1459947788197256 187 3062020 12288 183 3007313 15909 0
1459947788434640 186 3062020 12288 181 3007313 15909 1
1459947788674300 186 3060879 12379 182 3005326 16497 0
1459947788912981 186 3059827 12379 182 3003494 16895 0
1459947789150523 187 3060138 11697 182 3001806 17131 0
1459947789391858 186 3059144 11698 182 3000249 17226 0
1459947789630011 185 3056948 12808 182 2998814 17202 0
1459947789867974 185 3054923 13672 181 2996211 18256 0
1459947790105765 187 3055617 13242 182 2995092 17860 0
1459947790343512 186 3054976 12797 181 2992780 18594 0
1459947790580702 186 3054386 12340 182 2991929 17925 0
1459947790819485 187 3055122 12053 184 2993704 18160 0
1459947791055646 186 3054520 11665 182 2992780 17591 0
1459947791293704 186 3053965 11264 183 2993209 16611 0
1459947791531435 186 3053453 10855 182 2992324 16128 0
1459947791725959 174 3053453 10855 165 2992324 16128 1
1459947791919193 182 3053453 10855 163 2992324 16128 1
1459947792112731 186 3053453 10855 159 2992324 16128 1
1459947792304639 185 3053453 10855 157 2992324 16128 1
1459947792495771 187 3053453 10855 158 2992324 16128 1
1459947792686347 187 3053453 10855 157 2992324 16128 1
1459947792880954 189 3053453 10855 157 2992324 16128 1
1459947793077040 188 3053453 10855 157 2992324 16128 1
1459947793269595 190 3053453 10855 157 2992324 16128 1
1459947793460162 189 3053453 10855 157 2992324 16128 1
1459947793649863 189 3053453 10855 156 2992324 16128 1
1459947793843285 191 3053453 10855 157 2992324 16128 1
1459947794029957 191 3053453 10855 157 2992324 16128 1
1459947794217794 191 3053453 10855 157 2992324 16128 1
1459947794407381 191 3053453 10855 157 2992324 16128 1
1459947794597528 191 3053453 10855 158 2992324 16128 1
1459947794790561 192 3053453 10855 158 2992324 16128 1
1459947794983959 192 3053453 10855 158 2992324 16128 1
1459947795176961 192 3053453 10855 158 2992324 16128 1
1459947795366634 192 3053453 10855 157 2992324 16128 1
1459947795562413 193 3053453 10855 159 2992324 16128 1
1459947795753803 192 3053453 10855 159 2992324 16128 1
1459947795946442 193 3053453 10855 158 2992324 16128 1
1459947796138853 194 3053453 10855 160 2992324 16128 1
1459947796328059 193 3053453 10855 159 2992324 16128 1
1459947796513256 193 3053453 10855 158 2992324 16128 1
1459947796695690 191 3053453 10855 156 2992324 16128 1
1459947796879211 191 3053453 10855 157 2992324 16128 1
1459947797060564 190 3053453 10855 156 2992324 16128 1
1459947797250602 193 3053453 10855 158 2992324 16128 1
1459947797435582 193 3053453 10855 156 2992324 16128 1
1459947797619266 191 3053453 10855 156 2992324 16128 1
1459947797852527 184 3050421 12800 181 2990228 16799 0
1459947798088114 184 3047626 14375 181 2988296 17266 0
1459947798329875 187 3048890 14416 183 2989075 16635 0
1459947798571192 186 3048775 13394 182 2988513 15852 0
1459947798808617 185 3047389 13624 182 2987995 15090 0
1459947799051622 186 3047391 12561 182 2987517 14350 0
1459947799290073 185 3046113 12756 182 2987077 13633 0
1459947799525443 185 3044935 12844 181 2985391 14120 0
1459947799762230 185 3043849 12840 181 2983837 14448 0
1459947799995279 184 3043849 12840 180 2983837 14448 1
1459947800229606 184 3043849 12840 180 2983837 14448 1
1459947800466015 185 3042848 12758 181 2982404 14639 0
1459947800705411 185 3041925 12611 182 2982363 13532 0
1459947800941849 185 3041074 12408 181 2981045 13688 0
1459947801177884 186 3041570 11895 181 2979830 13737 0
1459947801415469 186 3042027 11386 181 2978710 13694 0
<<<<<<< HEAD
<<<<<<< HEAD
=======
<<<<<<< HEAD
<<<<<<< HEAD
<<<<<<< HEAD
<<<<<<< HEAD
>>>>>>> 3f8e119
=======
version https://git-lfs.github.com/spec/v1
oid sha256:4fcb60f872417b452694afcba4851fae933e52f8110b6054253a2e6926090e3c
size 5444
>>>>>>> f48ecf8
=======
>>>>>>> 587ddc4f3682fe26eb61ef3e7dd1f587b73479b7
>>>>>>> dd1805f
=======
version https://git-lfs.github.com/spec/v1
oid sha256:4fcb60f872417b452694afcba4851fae933e52f8110b6054253a2e6926090e3c
size 5444
>>>>>>> 349884c
=======
>>>>>>> 587ddc4f3682fe26eb61ef3e7dd1f587b73479b7
<<<<<<< HEAD
<<<<<<< HEAD
>>>>>>> 38e2d40
=======
>>>>>>> ddf0ce1
=======
>>>>>>> 2cf6812
=======
version https://git-lfs.github.com/spec/v1
oid sha256:4fcb60f872417b452694afcba4851fae933e52f8110b6054253a2e6926090e3c
size 5444
<<<<<<< HEAD
>>>>>>> 8d79f4c
=======
>>>>>>> 587ddc4f3682fe26eb61ef3e7dd1f587b73479b7
>>>>>>> c5a382b
=======
>>>>>>> 70238e08249cac7bd497cf178abe20b08de7a63b
<<<<<<< HEAD
>>>>>>> ddf0ce1
=======
>>>>>>> 2cf6812
=======
>>>>>>> ae7b143... Fixing logs
>>>>>>> dfa5db5e... Fixing logs
=======
>>>>>>> ae7b1437... Fixing logs
