<<<<<<< HEAD
=======
<<<<<<< HEAD
<<<<<<< HEAD
<<<<<<< HEAD
=======
<<<<<<< HEAD
>>>>>>> ddf0ce1
<<<<<<< HEAD
<<<<<<< HEAD
<<<<<<< HEAD
<<<<<<< HEAD
<<<<<<< HEAD
<<<<<<< HEAD
=======
>>>>>>> 2cf6812
<<<<<<< HEAD
version https://git-lfs.github.com/spec/v1
oid sha256:59b35d4afea254ed31ec366199ed4aeae1bd273e4edea6cd7ab08b4ffbedce0e
size 11054
=======
version https://git-lfs.github.com/spec/v1
oid sha256:42b599856ed0ea4ceb0d9fda65ec8dd2cf95a96ca5e2d3bed79ca4cbc741ceca
size 10436
>>>>>>> dd1805f
=======
version https://git-lfs.github.com/spec/v1
oid sha256:42b599856ed0ea4ceb0d9fda65ec8dd2cf95a96ca5e2d3bed79ca4cbc741ceca
size 10436
>>>>>>> 38e2d40
=======
version https://git-lfs.github.com/spec/v1
oid sha256:42b599856ed0ea4ceb0d9fda65ec8dd2cf95a96ca5e2d3bed79ca4cbc741ceca
size 10436
>>>>>>> c5a382b
=======
=======
>>>>>>> ae7b143... Fixing logs
>>>>>>> dfa5db5e... Fixing logs
1459947780116397 180 2949120 0 177 2899968 0 0
1459947780236776 181 2950400 1180 178 2901248 1180 0
1459947780355029 179 2949020 2359 177 2901148 1179 0
1459947780472744 180 2949027 2181 177 2901055 1170 0
1459947780588764 179 2947754 3183 177 2900970 1156 0
1459947780704450 180 2947860 3032 177 2900891 1137 0
1459947780823625 181 2949238 4065 177 2900818 1114 0
1459947780942317 180 2949228 3755 177 2900751 1087 0
1459947781065088 183 2953059 6993 179 2903249 3305 0
1459947781184105 182 2955311 8522 178 2904272 3989 0
1459947781305065 181 2956107 8590 178 2905215 4547 0
1459947781424639 181 2956841 8594 178 2906085 4993 0
1459947781543852 182 2958797 9725 180 2909447 7701 0
1459947781661670 180 2958040 9661 178 2909986 7596 0
1459947781781377 182 2959903 10623 179 2911763 8640 0
1459947781936726 181 2960340 10196 179 2913401 9475 0
1459947782053765 180 2959463 10207 177 2912351 9701 0
1459947782172911 181 2959934 9844 179 2913943 10411 0
1459947782293867 181 2960369 9475 179 2915411 10950 0
1459947782413553 181 2960770 9103 178 2915484 10161 0
1459947782536022 182 2962419 9912 179 2916831 10609 0
1459947782651876 180 2961380 10094 178 2916793 9814 0
1459947782773684 181 2961702 9602 179 2918038 10195 0
1459947782891308 182 2963279 10304 180 2920466 11636 0
1459947783013630 182 2964732 10839 180 2922704 12789 0
1459947783132131 181 2964792 10047 179 2923487 12511 0
1459947783248182 181 2964847 9313 178 2922929 12046 0
1459947783368071 182 2966178 9812 180 2924975 12990 0
1459947783484795 180 2964845 10273 178 2924301 12596 0
1459947783609577 187 2972576 16597 185 2932639 19298 0
1459947783732491 186 2978423 20690 184 2939046 23697 0
1459947783855122 186 2983813 24042 183 2943673 26110 0
1459947783978642 185 2987502 25564 183 2947938 28002 0
1459947784102216 186 2992183 27881 183 2951870 29439 0
1459947784228800 187 2997778 30860 184 2956775 31660 0
1459947784350621 183 2997816 28484 181 2957456 29814 0
1459947784466956 179 2992731 30945 177 2952964 31624 0
1459947784586952 181 2990603 30487 178 2950103 31789 0
1459947784705667 181 2988642 29912 179 2948746 30555 0
1459947784825143 180 2985554 30421 178 2946215 30500 0
1459947784944618 180 2982707 30667 178 2943881 30267 0
1459947785060165 179 2978803 31869 176 2939170 32244 0
1459947785177819 180 2976484 31516 178 2937387 31367 0
1459947785298704 182 2976906 29442 179 2937023 29250 0
1459947785419575 181 2976015 27962 178 2935408 28452 0
1459947785538296 180 2973913 27713 177 2932639 28781 0
1459947785660827 181 2973256 26152 177 2930086 28884 0
1459947785783908 181 2972650 24666 178 2929013 27616 0
1459947785903722 181 2972091 23252 178 2928023 26369 0
1459947786025158 182 2972856 22140 179 2928391 24647 0
1459947786149892 182 2973561 21060 179 2928730 23033 0
1459947786267738 181 2972931 19994 177 2926482 23304 0
1459947786385731 181 2972350 18965 177 2924410 23392 0
1459947786502828 180 2970535 19156 177 2922500 23324 0
1459947786624322 182 2971421 18476 179 2923299 22238 0
1459947786746109 182 2972238 17785 179 2924036 21179 0
1459947786864665 182 2972991 17090 178 2923435 20077 0
1459947786980092 181 2972406 16293 177 2921601 20198 0
1459947787100358 182 2973146 15702 178 2921190 18997 0
1459947787215867 181 2972548 15025 177 2919532 19040 0
1459947787336937 181 2971997 14358 179 2920563 18503 0
1459947787458412 181 2971489 13703 178 2920234 17360 0
1459947787583861 183 2973581 14560 179 2921210 16903 0
1459947787707150 182 2974229 14020 178 2920830 15931 0
1459947787831712 182 2974827 13475 179 2921760 15543 0
1459947787951596 181 2974098 13093 177 2920057 15897 0
1459947788075623 182 2974706 12631 178 2919767 14921 0
1459947788197256 181 2973987 12306 177 2918220 15180 0
1459947788315903 181 2973324 11954 176 2915514 16488 0
1459947788434640 181 2972713 11583 176 2913019 17498 0
1459947788554229 180 2970869 12377 176 2910719 18249 0
1459947788674300 182 2971729 12203 177 2909879 17597 0
1459947788793383 180 2969962 12877 177 2909104 16935 0
1459947788912981 181 2969613 12191 177 2908390 16268 0
1459947789031393 181 2969291 11533 177 2907732 15603 0
1459947789150523 181 2968995 10903 176 2905845 16123 0
1459947789270867 182 2970002 10979 177 2905385 15286 0
1459947789391858 181 2969650 10444 177 2904961 14481 0
1459947789513232 181 2969326 9926 177 2904570 13708 0
1459947789630011 179 2966467 11785 176 2902930 14148 0
1459947789746565 180 2965111 12113 176 2901418 14435 0
1459947789867974 181 2965141 11194 176 2900024 14591 0
1459947789988965 182 2966449 11525 177 2900019 13454 0
1459947790105765 182 2967655 11735 177 2900015 12405 0
1459947790223622 180 2966206 12152 176 2898731 12618 0
1459947790343512 181 2966151 11252 177 2898827 11721 0
1459947790462017 181 2966100 10418 178 2900196 12067 0
1459947790580702 181 2966053 9646 177 2900178 11140 0
1459947790698014 181 2966010 8931 178 2901441 11433 0
1459947790819485 182 2967250 9376 179 2903885 12792 0
1459947790937800 181 2967113 8768 177 2903578 12074 0
1459947791055646 181 2966987 8198 178 2904575 12050 0
1459947791173533 180 2965591 8843 177 2904215 11439 0
1459947791293704 182 2966864 9325 179 2906443 12599 0
1459947791412669 181 2966757 8693 177 2905937 12080 0
1459947791531435 180 2965379 9283 177 2905470 11565 0
1459947791629242 168 2965379 9283 159 2905470 11565 1
1459947791725959 169 2965379 9283 161 2905470 11565 1
1459947791821891 172 2965379 9283 161 2905470 11565 1
1459947791919193 178 2965379 9283 156 2905470 11565 1
1459947792014867 180 2965379 9283 155 2905470 11565 1
1459947792112731 182 2965379 9283 154 2905470 11565 1
1459947792207455 180 2965379 9283 153 2905470 11565 1
1459947792304639 181 2965379 9283 153 2905470 11565 1
1459947792400114 183 2965379 9283 154 2905470 11565 1
1459947792495771 182 2965379 9283 153 2905470 11565 1
1459947792590403 182 2965379 9283 152 2905470 11565 1
1459947792686347 183 2965379 9283 154 2905470 11565 1
1459947792783916 185 2965379 9283 154 2905470 11565 1
1459947792880954 184 2965379 9283 153 2905470 11565 1
1459947792978926 183 2965379 9283 153 2905470 11565 1
1459947793077040 183 2965379 9283 151 2905470 11565 1
1459947793173632 185 2965379 9283 153 2905470 11565 1
1459947793269595 184 2965379 9283 152 2905470 11565 1
1459947793366460 185 2965379 9283 154 2905470 11565 1
1459947793460162 184 2965379 9283 152 2905470 11565 1
1459947793554178 184 2965379 9283 151 2905470 11565 1
1459947793649863 185 2965379 9283 153 2905470 11565 1
1459947793747627 186 2965379 9283 153 2905470 11565 1
1459947793843285 187 2965379 9283 153 2905470 11565 1
1459947793937923 185 2965379 9283 153 2905470 11565 1
1459947794029957 186 2965379 9283 152 2905470 11565 1
1459947794122919 186 2965379 9283 152 2905470 11565 1
1459947794217794 187 2965379 9283 152 2905470 11565 1
1459947794315719 187 2965379 9283 154 2905470 11565 1
1459947794407381 186 2965379 9283 152 2905470 11565 1
1459947794502216 186 2965379 9283 153 2905470 11565 1
1459947794597528 185 2965379 9283 153 2905470 11565 1
1459947794694102 187 2965379 9283 153 2905470 11565 1
1459947794790561 187 2965379 9283 153 2905470 11565 1
1459947794887896 187 2965379 9283 154 2905470 11565 1
1459947794983959 187 2965379 9283 154 2905470 11565 1
1459947795081572 187 2965379 9283 154 2905470 11565 1
1459947795176961 188 2965379 9283 153 2905470 11565 1
1459947795272511 187 2965379 9283 153 2905470 11565 1
1459947795366634 187 2965379 9283 153 2905470 11565 1
1459947795464719 188 2965379 9283 154 2905470 11565 1
1459947795562413 188 2965379 9283 154 2905470 11565 1
1459947795656604 187 2965379 9283 154 2905470 11565 1
1459947795753803 187 2965379 9283 154 2905470 11565 1
1459947795848582 187 2965379 9283 153 2905470 11565 1
1459947795946442 188 2965379 9283 154 2905470 11565 1
1459947796041810 189 2965379 9283 155 2905470 11565 1
1459947796138853 189 2965379 9283 155 2905470 11565 1
1459947796233655 188 2965379 9283 154 2905470 11565 1
1459947796328059 188 2965379 9283 155 2905470 11565 1
1459947796420511 188 2965379 9283 153 2905470 11565 1
1459947796513256 188 2965379 9283 153 2905470 11565 1
1459947796606505 187 2965379 9283 152 2905470 11565 1
1459947796695690 185 2965379 9283 151 2905470 11565 1
1459947796788391 187 2965379 9283 152 2905470 11565 1
1459947796879211 186 2965379 9283 152 2905470 11565 1
1459947796966348 184 2965379 9283 150 2905470 11565 1
1459947797060564 187 2965379 9283 152 2905470 11565 1
1459947797155282 188 2965379 9283 153 2905470 11565 1
1459947797250602 187 2965379 9283 153 2905470 11565 1
1459947797344116 188 2965379 9283 152 2905470 11565 1
1459947797435582 187 2965379 9283 151 2905470 11565 1
1459947797526628 186 2965379 9283 151 2905470 11565 1
1459947797619266 187 2965379 9283 152 2905470 11565 1
1459947797737655 180 2964108 9727 176 2903760 12237 0
1459947797852527 178 2960377 12406 175 2900903 13913 0
1459947797969670 179 2958217 13426 176 2899549 14073 0
1459947798088114 178 2954946 15392 176 2898301 14122 0
1459947798208651 181 2955770 14949 177 2898431 13138 0
1459947798329875 181 2956530 14482 177 2898551 12221 0
1459947798450124 181 2957231 13996 177 2898661 11368 0
1459947798571192 181 2957877 13497 177 2898763 10573 0
1459947798688147 179 2955912 14252 176 2897577 10839 0
1459947798808617 181 2956661 13828 177 2897763 10164 0
1459947798932108 181 2957351 13383 177 2897935 9527 0
1459947799051622 180 2956707 12929 177 2898093 8928 0
1459947799171199 180 2956114 12464 177 2898239 8365 0
1459947799290073 179 2954287 13173 175 2895814 9946 0
1459947799409720 181 2955163 12950 176 2894858 10048 0
1459947799525443 178 2952130 14733 175 2892697 11254 0
1459947799643904 180 2951894 13797 176 2891985 11030 0
1459947799762230 180 2951677 12918 175 2890048 11953 0
1459947799879293 179 2950197 13272 175 2888263 12664 0
1459947799995279 179 2948832 13492 175 2886617 13190 0
1459947800112907 179 2947574 13596 176 2886380 12377 0
1459947800229606 179 2946414 13601 175 2884881 12791 0
1459947800343516 179 2945345 13523 174 2882219 14244 0
1459947800466015 181 2946919 13917 176 2882325 13229 0
1459947800584534 180 2947090 12987 176 2882423 12285 0
1459947800705411 180 2947248 12118 177 2883793 12588 0
1459947800821031 179 2946114 12216 175 2882496 12799 0
1459947800941849 181 2947628 12657 177 2883861 13057 0
1459947801060140 180 2947744 11775 175 2882559 13235 0
1459947801177884 181 2949131 12134 177 2883919 13454 0
1459947801297167 180 2949130 11186 176 2883892 12426 0
1459947801415469 181 2950409 11491 176 2883867 11477 0
<<<<<<< HEAD
=======
<<<<<<< HEAD
<<<<<<< HEAD
<<<<<<< HEAD
<<<<<<< HEAD
>>>>>>> 3f8e119
=======
version https://git-lfs.github.com/spec/v1
oid sha256:7ddc2168498ffa5e7404a70f241c1ab819bb34682d423123100c8eb52a7f82e9
size 10636
>>>>>>> f48ecf8
=======
>>>>>>> 587ddc4f3682fe26eb61ef3e7dd1f587b73479b7
>>>>>>> dd1805f
=======
version https://git-lfs.github.com/spec/v1
oid sha256:7ddc2168498ffa5e7404a70f241c1ab819bb34682d423123100c8eb52a7f82e9
size 10636
>>>>>>> 349884c
=======
>>>>>>> 587ddc4f3682fe26eb61ef3e7dd1f587b73479b7
<<<<<<< HEAD
<<<<<<< HEAD
>>>>>>> 38e2d40
=======
>>>>>>> ddf0ce1
=======
>>>>>>> 2cf6812
=======
version https://git-lfs.github.com/spec/v1
oid sha256:7ddc2168498ffa5e7404a70f241c1ab819bb34682d423123100c8eb52a7f82e9
size 10636
<<<<<<< HEAD
>>>>>>> 8d79f4c
=======
>>>>>>> 587ddc4f3682fe26eb61ef3e7dd1f587b73479b7
>>>>>>> c5a382b
=======
>>>>>>> 70238e08249cac7bd497cf178abe20b08de7a63b
<<<<<<< HEAD
>>>>>>> ddf0ce1
=======
>>>>>>> 2cf6812
=======
>>>>>>> ae7b143... Fixing logs
>>>>>>> dfa5db5e... Fixing logs
