<<<<<<< HEAD
<<<<<<< HEAD
=======
<<<<<<< HEAD
<<<<<<< HEAD
<<<<<<< HEAD
=======
<<<<<<< HEAD
>>>>>>> ddf0ce1
<<<<<<< HEAD
<<<<<<< HEAD
<<<<<<< HEAD
<<<<<<< HEAD
<<<<<<< HEAD
<<<<<<< HEAD
=======
>>>>>>> 2cf6812
<<<<<<< HEAD
version https://git-lfs.github.com/spec/v1
oid sha256:a7bdc02fe285727294dcd420cdc99fb8ccc9b8580b082c100818ef3825855398
size 43221
=======
version https://git-lfs.github.com/spec/v1
oid sha256:6b853d64b5208aeafe97c6c8524fa609b8bec2959066dbba55e37e11be76acd8
size 42027
>>>>>>> dd1805f
=======
version https://git-lfs.github.com/spec/v1
oid sha256:6b853d64b5208aeafe97c6c8524fa609b8bec2959066dbba55e37e11be76acd8
size 42027
>>>>>>> 38e2d40
=======
version https://git-lfs.github.com/spec/v1
oid sha256:6b853d64b5208aeafe97c6c8524fa609b8bec2959066dbba55e37e11be76acd8
size 42027
>>>>>>> c5a382b
=======
=======
>>>>>>> ae7b143... Fixing logs
>>>>>>> dfa5db5e... Fixing logs
=======
>>>>>>> ae7b1437... Fixing logs
1459947780029788 168 2752512 0 165 2703360 0 0
1459947780058037 168 2752512 0 164 2702080 1180 0
1459947780087841 169 2753792 1180 167 2704740 3539 0
1459947780116397 167 2752412 2359 163 2702072 5721 0
1459947780145488 169 2753699 3361 166 2703452 6546 0
1459947780176066 170 2756166 5372 166 2704724 7207 0
1459947780205468 167 2754600 6395 164 2703337 7921 0
1459947780236776 170 2756996 8104 167 2705898 9663 0
1459947780266326 166 2754085 10152 164 2704419 10270 0
1459947780295438 166 2751402 11831 163 2701776 11903 0
1459947780325082 168 2751488 10986 164 2700619 12038 0
1459947780355029 167 2750288 11233 164 2699553 12079 0
1459947780384290 166 2747901 12554 163 2697290 13220 0
1459947780412878 166 2745701 13600 164 2696484 12929 0
1459947780443221 169 2747513 14207 166 2698301 13593 0
1459947780472744 168 2747903 13457 165 2698696 12895 0
1459947780501804 166 2745703 14433 163 2696500 13911 0
1459947780530469 166 2743674 15174 164 2695755 13509 0
1459947780559593 167 2743084 14531 165 2696349 13000 0
1459947780588764 168 2743820 14074 165 2696896 12489 0
1459947780618036 168 2744499 13600 164 2696121 12227 0
1459947780646661 165 2741285 15499 163 2694126 13109 0
1459947780674926 167 2740882 14659 163 2692287 13778 0
1459947780704450 169 2743070 15530 167 2695712 15858 0
1459947780733478 167 2742527 14815 164 2695029 15248 0
1459947780763067 168 2743307 14376 165 2695679 14656 0
1459947780792507 168 2744026 13914 163 2693719 15317 0
1459947780823625 170 2747248 15797 167 2697032 17174 0
1459947780853193 168 2747659 14941 166 2698806 17467 0
1459947780882628 164 2742918 18143 161 2694041 20493 0
1459947780912058 168 2743667 17416 166 2696049 20742 0
1459947780942317 169 2745638 17872 165 2696620 19647 0
1459947780972491 169 2747455 18150 165 2697146 18597 0
1459947781004466 170 2750410 19456 167 2700191 19951 0
1459947781034109 170 2753134 20447 166 2701718 19800 0
1459947781065088 171 2756925 22344 168 2705686 21911 0
1459947781095429 171 2760420 23820 166 2706784 21211 0
1459947781125360 168 2759802 22528 165 2706516 19799 0
1459947781155232 169 2760512 21423 165 2706269 18479 0
1459947781184105 168 2759887 20325 164 2704761 18424 0
1459947781213113 167 2758030 20448 164 2703371 18264 0
1459947781244012 169 2758878 19632 166 2704650 18016 0
1459947781274206 170 2760940 19999 166 2705829 17695 0
1459947781305065 170 2762841 20189 167 2708196 18494 0
1459947781335958 170 2764594 20227 167 2710378 19060 0
1459947781366350 169 2764930 18955 166 2711109 18244 0
1459947781394634 166 2761399 20728 163 2707943 19736 0
1459947781424639 169 2761984 19648 166 2708864 19044 0
1459947781454418 170 2763804 19790 166 2709714 18339 0
1459947781484534 171 2766761 20969 167 2711777 18808 0
1459947781514418 169 2766927 19483 167 2713679 19091 0
1459947781543852 169 2767080 18101 167 2715432 19215 0
1459947781572178 166 2763381 20095 164 2713208 19762 0
1459947781602064 168 2762531 19307 165 2712438 18927 0
1459947781632359 169 2763028 18256 166 2713008 17974 0
1459947781661670 168 2762206 17586 165 2712254 17263 0
1459947781691473 169 2762728 16693 166 2712839 16453 0
1459947781721384 170 2764489 17012 167 2714658 16844 0
1459947781750800 169 2764833 15999 166 2715055 15894 0
1459947781781377 169 2765150 15041 167 2716701 16169 0
1459947781844850 169 2765442 14134 166 2716938 15124 0
1459947781876555 171 2768271 15637 167 2718437 15324 0
1459947781906920 168 2767039 15549 167 2719819 15400 0
1459947781936726 168 2765904 15380 167 2721093 15370 0
1459947781965942 167 2763577 16322 165 2719707 15446 0
1459947781995520 169 2763992 15429 165 2718429 15416 0
1459947782024911 168 2763095 15049 165 2717251 15296 0
1459947782053765 166 2759708 16995 162 2712325 18641 0
1459947782084042 170 2761705 17508 167 2714184 18898 0
1459947782113015 168 2760986 16802 165 2713338 18200 0
1459947782141381 167 2759043 17279 164 2711278 18676 0
1459947782172911 170 2761092 17818 167 2713219 19005 0
1459947782202706 167 2759141 18222 164 2711168 19410 0
1459947782233448 170 2761183 18680 167 2713118 19690 0
1459947782264285 170 2763065 18955 167 2714915 19808 0
1459947782293867 168 2762240 18234 165 2714012 19092 0
1459947782323213 169 2762760 17288 166 2714459 18012 0
1459947782353632 169 2763239 16378 166 2714871 16984 0
1459947782382867 168 2762400 15870 166 2715251 16008 0
1459947782413553 169 2762907 15097 166 2715602 15080 0
1459947782443688 170 2764654 15528 166 2715925 14199 0
1459947782475970 171 2767545 16979 168 2718783 15724 0
1459947782506239 170 2768930 16929 167 2720138 15744 0
1459947782536022 168 2767647 16788 164 2717547 16902 0
1459947782566339 169 2767744 15566 167 2718998 16919 0
1459947782593883 166 2763994 17806 164 2716496 17903 0
1459947782622348 167 2761816 18420 164 2714189 18630 0
1459947782651876 168 2761089 17650 164 2712062 19133 0
1459947782682095 169 2761698 16833 166 2712662 18191 0
1459947782711560 167 2759700 17358 165 2711935 17438 0
1459947782743345 169 2760418 16663 167 2713825 17817 0
1459947782773684 169 2761080 15971 166 2714287 16851 0
1459947782802443 170 2762970 16465 167 2715993 17107 0
1459947782832349 169 2763432 15604 167 2717566 17220 0
1459947782861899 171 2766418 17137 168 2720296 18390 0
1459947782891308 167 2764051 17979 165 2718972 18172 0
1459947782921706 170 2765709 18102 167 2720312 17987 0
1459947782950717 169 2765957 16916 167 2721547 17720 0
1459947782982326 170 2767466 16985 167 2722686 17385 0
1459947783013630 171 2770137 18121 168 2725016 18174 0
1459947783043706 170 2771320 17795 167 2725884 17554 0
1459947783074230 169 2771130 16578 166 2725404 16624 0
1459947783103500 169 2770955 15442 166 2724961 15732 0
1459947783132131 167 2768234 16743 164 2721993 17237 0
1459947783161543 167 2765725 17746 164 2719257 18411 0
1459947783191250 169 2765972 16587 167 2720575 18187 0
1459947783220178 169 2766200 15501 165 2719230 18005 0
1459947783248182 166 2762570 17634 164 2716710 18920 0
1459947783278946 170 2764344 17891 167 2718227 18839 0
1459947783308309 168 2763419 17345 165 2717065 18437 0
1459947783338285 170 2765126 17563 167 2718554 18368 0
1459947783368071 169 2765420 16461 165 2717366 18027 0
1459947783395594 166 2761851 18463 164 2714991 18806 0
1459947783425390 167 2759841 18872 165 2714082 18173 0
1459947783454674 169 2760548 18049 166 2714524 17160 0
1459947783484795 170 2762480 18419 166 2714931 16195 0
1459947783516231 175 2770661 24522 172 2722987 22355 0
1459947783546682 173 2775643 27198 171 2729133 26274 0
1459947783577697 174 2781515 30487 172 2736079 30624 0
1459947783609577 175 2788209 34276 172 2742482 34134 0
1459947783640287 172 2790540 33747 170 2745825 34549 0
1459947783670708 174 2795249 35451 172 2751467 37050 0
1459947783702582 175 2800870 37863 172 2756668 38950 0
1459947783732491 170 2799652 36026 167 2755063 37386 0
1459947783762582 173 2802369 35715 171 2758703 37821 0
1459947783793290 173 2804873 35233 170 2760779 36780 0
1459947783824668 172 2805902 33428 169 2761413 34490 0
1459947783855122 172 2806850 31690 169 2761997 32333 0
1459947783886892 173 2809004 31200 171 2765095 32662 0
1459947783917619 172 2809710 29413 168 2764111 31016 0
1459947783948641 173 2811641 28895 171 2767044 31296 0
1459947783978642 172 2812141 27098 170 2768468 30164 0
1459947784008510 171 2811322 25734 168 2767221 28956 0
1459947784038739 174 2814407 26567 170 2768631 27993 0
1459947784070926 177 2821091 30653 172 2772491 29365 0
1459947784102216 174 2823413 30398 171 2774770 29171 0
1459947784133199 174 2825553 29996 170 2775591 27648 0
1459947784163414 172 2824966 28192 169 2775067 25970 0
1459947784196799 177 2830825 31390 173 2779704 28216 0
1459947784228800 174 2832386 30376 170 2780139 26412 0
1459947784260256 173 2832545 28149 169 2779260 25157 0
1459947784290005 170 2828852 29353 168 2777170 25117 0
1459947784320043 170 2825447 30197 168 2775243 24929 0
1459947784350621 170 2822308 30729 167 2772187 25798 0
1459947784380402 168 2816855 33354 165 2766809 28738 0
1459947784408795 166 2809268 37742 164 2760572 32241 0
1459947784437140 166 2802273 41240 164 2754822 35022 0
1459947784466956 168 2798385 41601 165 2750801 35991 0
1459947784496952 170 2797361 39293 166 2748374 35415 0
1459947784527996 171 2797697 36532 166 2746137 34709 0
1459947784557646 168 2794166 36931 165 2742795 35077 0
1459947784586952 168 2790911 37044 165 2739714 35176 0
1459947784616564 168 2787911 36914 165 2736873 35045 0
1459947784646731 169 2786425 35399 167 2736814 32360 0
1459947784676924 169 2785055 33895 166 2735480 31060 0
1459947784705667 167 2781232 34769 165 2732970 30946 0
1459947784734800 167 2777708 35300 163 2728096 33020 0
1459947784765505 169 2777019 33176 166 2727443 31041 0
1459947784794878 168 2775104 32349 165 2725561 30349 0
1459947784825143 169 2774619 30268 166 2725106 28395 0
1459947784854910 168 2772891 29495 165 2723407 27742 0
1459947784883760 168 2771298 28657 164 2720560 28197 0
1459947784914130 167 2768550 28950 165 2719216 27232 0
1459947784944618 169 2768577 26712 166 2719257 25142 0
1459947784974237 167 2766041 26961 165 2718015 24321 0
1459947785003681 168 2764984 25828 165 2716870 23475 0
1459947785030694 162 2756329 31788 159 2708134 29693 0
1459947785060165 167 2754750 30758 164 2706481 28896 0
1459947785089558 166 2752015 30876 163 2703677 29222 0
1459947785118543 167 2750773 29607 165 2703652 26961 0
1459947785148355 169 2752188 28598 166 2704909 26012 0
1459947785177819 168 2752213 26386 166 2706067 25047 0
1459947785208406 169 2753516 25525 166 2707135 24075 0
1459947785237837 168 2753437 23602 165 2706840 22465 0
1459947785269153 170 2755924 24051 166 2707848 21638 0
1459947785298704 168 2755657 22417 165 2707497 20270 0
1459947785329069 170 2757971 22798 166 2708453 19568 0
1459947785359750 171 2761384 24162 166 2709335 18852 0
1459947785389764 168 2760690 22912 165 2708868 17809 0
1459947785419575 168 2760051 21710 165 2708437 16813 0
1459947785448503 167 2758182 21735 165 2708040 15864 0
1459947785478485 169 2759019 20807 167 2710234 16646 0
1459947785507054 164 2753390 24369 161 2704576 20560 0
1459947785538296 170 2755881 24761 167 2707041 21225 0
1459947785569403 169 2756897 23763 164 2705473 21011 0
1459947785599821 169 2757834 22770 165 2705307 19521 0
1459947785629637 167 2756138 22554 163 2702594 20495 0
1459947785660827 171 2759694 24069 167 2705213 21308 0
1459947785690905 168 2759132 22705 166 2706348 20689 0
1459947785720777 168 2758614 21407 165 2706114 19287 0
1459947785751451 167 2756857 21353 164 2704618 19158 0
1459947785783908 171 2760357 22911 168 2708359 21110 0
1459947785813941 168 2759744 21686 165 2707968 19820 0
1459947785843944 168 2759179 20511 165 2707608 18602 0
1459947785874043 168 2758658 19388 165 2707276 17453 0
1459947785903722 169 2759457 18610 165 2706970 16371 0
1459947785932645 167 2757634 18836 164 2705407 16531 0
1459947785963494 170 2759793 19355 166 2706527 16271 0
1459947785994004 170 2761784 19677 167 2708839 17130 0
1459947786025158 170 2763619 19831 168 2712250 18936 0
1459947786057034 170 2765311 19841 168 2715395 20355 0
1459947786087963 170 2766871 19728 167 2717014 20257 0
1459947786119075 170 2768309 19511 167 2718507 20050 0
1459947786149892 169 2768354 18028 166 2718603 18572 0
1459947786179211 166 2764556 20119 162 2713572 21758 0
1459947786207993 167 2762335 20594 164 2711494 21973 0
1459947786237635 168 2761567 19692 165 2710858 20841 0
1459947786267738 171 2764699 21040 167 2712832 21032 0
1459947786297787 170 2766306 20878 166 2713372 19885 0
1459947786327763 169 2766508 19432 164 2711309 20232 0
1459947786357245 170 2767974 19265 167 2713247 20438 0
1459947786385731 165 2762926 22412 163 2709914 21913 0
1459947786415897 169 2763392 21091 165 2709401 20672 0
1459947786444117 165 2758702 23766 162 2705089 23032 0
1459947786473509 169 2759498 22643 165 2704953 21356 0
1459947786502828 169 2760232 21550 165 2704828 19801 0
1459947786533216 169 2760908 20490 164 2703433 19539 0
1459947786563899 171 2764092 21824 167 2705987 20366 0
1459947786594146 169 2764467 20465 166 2707061 19764 0
1459947786624322 170 2766093 20364 167 2709331 20312 0
1459947786656190 171 2768871 21334 166 2710144 19475 0
1459947786684910 169 2768872 19668 166 2710894 18644 0
1459947786715398 169 2768873 18132 165 2710305 17729 0
1459947786746109 169 2768874 16716 166 2711042 17022 0
1459947786776149 170 2770155 16591 167 2713001 17498 0
1459947786806410 170 2771336 16383 166 2713527 16615 0
1459947786835239 168 2769865 16458 164 2711452 17228 0
1459947786864665 168 2768509 16421 165 2710819 16464 0
1459947786892519 167 2765979 17470 163 2707676 18074 0
1459947786921560 169 2766206 16315 165 2707338 16971 0
1459947786950672 169 2766416 15233 164 2705747 17111 0
1459947786980092 168 2765329 15043 165 2705560 15945 0
1459947787010031 169 2765607 14123 165 2705388 14857 0
1459947787040091 169 2765863 13255 166 2706509 14729 0
1459947787070270 170 2767379 13617 165 2706262 13804 0
1459947787100358 170 2768777 13842 166 2707315 13696 0
1459947787128474 168 2767506 13931 166 2708286 13521 0
1459947787156743 167 2765054 15101 163 2705341 15178 0
1459947787186881 170 2766634 15377 165 2705186 14134 0
1459947787215867 169 2766810 14337 165 2705043 13160 0
1459947787246247 170 2768252 14546 167 2707471 14369 0
1459947787277635 170 2769582 14635 166 2708429 14129 0
1459947787307149 168 2768248 14720 166 2709312 13840 0
1459947787336937 169 2768298 13616 165 2708847 13186 0
1459947787367681 170 2769624 13775 167 2710978 14119 0
1459947787397308 166 2765727 16290 163 2707822 15923 0
1459947787427809 167 2763414 17148 165 2707473 15000 0
1459947787458412 170 2765122 17382 166 2708431 14711 0
1459947787490034 171 2767976 18655 167 2710594 15555 0
1459947787522139 171 2770607 19623 166 2711308 14998 0
1459947787552947 170 2771753 19145 165 2710687 14398 0
1459947787583861 171 2774089 19803 167 2712674 15105 0
1459947787613801 169 2773683 18628 166 2713226 14433 0
1459947787644328 169 2773309 17516 165 2712455 14015 0
1459947787675643 170 2774244 17009 165 2711744 13575 0
1459947787707150 169 2773826 16065 165 2711089 13117 0
1459947787738403 170 2774720 15634 167 2713045 13895 0
1459947787770796 170 2775545 15172 167 2714848 14471 0
1459947787802619 169 2775025 14464 166 2715230 13692 0
1459947787831712 167 2771986 16135 164 2713022 14656 0
1459947787862314 170 2773024 15831 166 2713547 13995 0
1459947787892326 168 2771421 16071 165 2712751 13634 0
1459947787921085 166 2771421 16071 162 2712751 13634 1
1459947787951596 169 2771223 14996 165 2712017 13244 0
1459947787981205 167 2771223 14996 163 2712017 13244 1
1459947788012532 171 2773601 16016 167 2713900 13945 0
1459947788043726 170 2774513 15605 166 2714356 13275 0
1459947788075623 172 2774513 15605 168 2714356 13275 1
1459947788105535 166 2774513 15605 163 2714356 13275 1
1459947788137136 172 2774513 15605 167 2714356 13275 1
1459947788166958 167 2774513 15605 163 2714356 13275 1
1459947788197256 167 2774513 15605 163 2714356 13275 1
1459947788228014 168 2774513 15605 163 2714356 13275 1
1459947788257385 168 2774513 15605 163 2714356 13275 1
1459947788287334 170 2775354 15160 165 2713496 13028 0
1459947788315903 166 2775354 15160 162 2713496 13028 1
1459947788345721 168 2773569 15620 164 2711424 13920 0
1459947788374135 168 2771923 15915 164 2709514 14592 0
1459947788404404 168 2771923 15915 163 2709514 14592 1
1459947788434640 169 2771686 14888 165 2709033 13895 0
1459947788464634 168 2771686 14888 162 2709033 13895 1
1459947788493985 166 2771686 14888 163 2709033 13895 1
1459947788523569 168 2771686 14888 162 2709033 13895 1
1459947788554229 169 2771468 13924 165 2708589 13217 0
1459947788585245 171 2773827 15010 166 2709460 12987 0
1459947788614012 167 2773827 15010 163 2709460 12987 1
1459947788644146 170 2774721 14661 165 2708983 12411 0
1459947788674300 170 2775545 14275 166 2709823 12216 0
1459947788703596 167 2775545 14275 163 2709823 12216 1
1459947788732707 166 2775545 14275 162 2709823 12216 1
1459947788763812 170 2776305 13860 167 2711878 13155 0
1459947788793383 167 2773166 15670 164 2709932 13920 0
1459947788823517 168 2771552 15932 164 2708138 14485 0
1459947788852292 166 2767504 18418 164 2706484 14877 0
1459947788883103 169 2767612 17079 165 2706239 13938 0
1459947788912981 169 2767712 15836 165 2706014 13056 0
1459947788943703 169 2767804 14683 165 2705806 12227 0
1459947788973159 169 2767889 13613 164 2704334 12627 0
1459947789002794 169 2767967 12621 165 2704257 11710 0
1459947789031393 167 2767967 12621 162 2704257 11710 1
1459947789061813 169 2768039 11700 165 2704186 10859 0
1459947789092175 169 2768105 10846 165 2704121 10069 0
1459947789120831 166 2768105 10846 162 2704121 10069 1
1459947789150523 167 2768105 10846 163 2704121 10069 1
1459947789179798 169 2768166 10055 165 2704061 9336 0
1459947789209733 170 2769503 10501 165 2704006 8656 0
1459947789239498 168 2768175 10903 164 2702675 9205 0
1459947789270867 170 2769511 11282 166 2704008 9714 0
1459947789302045 170 2770742 11535 166 2705237 10088 0
1459947789331658 167 2770742 11535 163 2705237 10088 1
1459947789361071 167 2770742 11535 163 2705237 10088 1
1459947789391858 169 2770597 10765 166 2706370 10343 0
1459947789423014 171 2770597 10765 166 2706370 10343 1
1459947789453923 170 2771744 10980 165 2706134 9750 0
1459947789483836 169 2771521 10327 164 2704637 10367 0
1459947789513232 166 2771521 10327 162 2704637 10367 1
1459947789541855 166 2771521 10327 162 2704637 10367 1
1459947789571120 167 2768755 12068 164 2703257 10828 0
1459947789601520 169 2768766 11135 165 2703265 9989 0
1459947789630011 166 2768766 11135 163 2703265 9989 1
1459947789660869 170 2770056 11454 166 2704552 10394 0
1459947789690745 170 2771245 11655 166 2705738 10675 0
1459947789719059 163 2771245 11655 160 2705738 10675 1
1459947789746565 165 2771245 11655 162 2705738 10675 1
1459947789777637 169 2771061 10913 165 2705552 10012 0
1459947789807792 168 2769611 11395 164 2704100 10566 0
1459947789837766 168 2768275 11735 164 2702762 10973 0
1459947789867974 169 2768323 10862 164 2701528 11251 0
1459947789898407 170 2769647 11234 167 2704231 12863 0
1459947789928827 170 2770868 11481 164 2702882 13100 0
1459947789959256 169 2770713 10725 165 2702919 12110 0
1459947789988965 169 2770571 10017 165 2702953 11194 0
1459947790017822 168 2769160 10534 164 2701704 11469 0
1459947790046377 167 2769160 10534 163 2701704 11469 1
1459947790076181 170 2770419 10872 167 2704393 13051 0
1459947790105765 169 2770300 10131 165 2704312 12105 0
1459947790135296 168 2768910 10620 164 2702957 12407 0
1459947790164360 167 2768910 10620 162 2702957 12407 1
1459947790193091 167 2768910 10620 163 2702957 12407 1
1459947790223622 169 2768908 9790 165 2702988 11466 0
1459947790253219 169 2768907 9025 165 2703017 10596 0
1459947790283381 171 2768907 9025 166 2703017 10596 1
1459947790313079 168 2767626 9499 164 2701763 10923 0
1459947790343512 168 2766445 9844 165 2701887 10184 0
1459947790372254 169 2766636 9250 166 2703282 10674 0
1459947790402557 169 2766812 8689 167 2705848 12205 0
1459947790432752 168 2765694 9039 166 2706933 12251 0
1459947790462017 168 2765694 9039 163 2706933 12251 1
1459947790492455 168 2764664 9281 166 2707933 12215 0
1459947790521797 168 2764664 9281 163 2707933 12215 1
1459947790551142 169 2764994 8859 165 2707575 11589 0
1459947790580702 169 2765298 8447 165 2707245 10986 0
1459947790609692 168 2764299 8707 165 2706941 10406 0
1459947790640275 169 2764658 8357 165 2706661 9850 0
1459947790668812 167 2762429 9758 164 2705123 10497 0
1459947790698014 169 2762934 9460 166 2706265 10729 0
1459947790727620 169 2763399 9149 165 2706038 10099 0
1459947790759025 170 2763399 9149 166 2706038 10099 1
1459947790789821 170 2763399 9149 167 2706038 10099 1
1459947790819485 170 2763399 9149 167 2706038 10099 1
1459947790850167 170 2763399 9149 166 2706038 10099 1
1459947790878956 167 2761268 10398 164 2704548 10682 0
1459947790908117 168 2760583 10215 164 2703175 11112 0
1459947790937800 168 2759952 9997 165 2703189 10256 0
1459947790968446 170 2759952 9997 166 2703189 10256 1
1459947790997953 169 2760650 9859 166 2704482 10646 0
1459947791027353 168 2760014 9674 164 2703114 11074 0
1459947791055646 167 2758147 10638 164 2701853 11370 0
1459947791085130 168 2757706 10211 165 2701970 10589 0
1459947791114674 169 2758580 10218 165 2702078 9861 0
1459947791144231 168 2758105 9855 164 2700898 10177 0
1459947791173533 167 2756388 10667 164 2699810 10383 0
1459947791203614 171 2756388 10667 167 2699810 10383 1
1459947791233405 169 2757365 10733 167 2702647 12186 0
1459947791264310 170 2757365 10733 167 2702647 12186 1
1459947791293704 170 2757365 10733 165 2702647 12186 1
1459947791323704 169 2758265 10724 165 2702702 11284 0
1459947791352820 168 2757815 10300 165 2702753 10449 0
1459947791383137 169 2758680 10293 166 2704080 10855 0
1459947791412669 167 2758680 10293 163 2704080 10855 1
1459947791442347 168 2758198 9932 165 2704023 10057 0
1459947791472561 168 2757753 9565 164 2702691 10498 0
1459947791501771 168 2757343 9194 164 2701463 10808 0
1459947791531435 167 2755685 10002 164 2700331 11006 0
1459947791556006 154 2755685 10002 142 2700331 11006 1
1459947791580175 156 2755685 10002 146 2700331 11006 1
1459947791604057 157 2755685 10002 150 2700331 11006 1
1459947791629242 158 2755685 10002 150 2700331 11006 1
1459947791653825 157 2755685 10002 150 2700331 11006 1
1459947791678324 158 2755685 10002 151 2700331 11006 1
1459947791701115 156 2755685 10002 149 2700331 11006 1
1459947791725959 158 2755685 10002 150 2700331 11006 1
1459947791750252 158 2755685 10002 151 2700331 11006 1
1459947791774025 157 2755685 10002 149 2700331 11006 1
1459947791797688 158 2755685 10002 150 2700331 11006 1
1459947791821891 163 2755685 10002 146 2700331 11006 1
1459947791846564 166 2755685 10002 146 2700331 11006 1
1459947791870686 166 2755685 10002 146 2700331 11006 1
1459947791894842 167 2755685 10002 146 2700331 11006 1
1459947791919193 168 2755685 10002 144 2700331 11006 1
1459947791943596 168 2755685 10002 144 2700331 11006 1
1459947791968377 170 2755685 10002 145 2700331 11006 1
1459947791991658 168 2755685 10002 143 2700331 11006 1
1459947792014867 167 2755685 10002 143 2700331 11006 1
1459947792039484 169 2755685 10002 143 2700331 11006 1
1459947792063720 172 2755685 10002 145 2700331 11006 1
1459947792087656 171 2755685 10002 144 2700331 11006 1
1459947792112731 172 2755685 10002 146 2700331 11006 1
1459947792137587 171 2755685 10002 144 2700331 11006 1
1459947792161472 170 2755685 10002 143 2700331 11006 1
1459947792185557 169 2755685 10002 142 2700331 11006 1
1459947792207455 167 2755685 10002 140 2700331 11006 1
1459947792230588 170 2755685 10002 141 2700331 11006 1
1459947792255754 172 2755685 10002 145 2700331 11006 1
1459947792280641 171 2755685 10002 143 2700331 11006 1
1459947792304639 171 2755685 10002 142 2700331 11006 1
1459947792328231 170 2755685 10002 142 2700331 11006 1
1459947792352238 173 2755685 10002 145 2700331 11006 1
1459947792375731 171 2755685 10002 142 2700331 11006 1
1459947792400114 172 2755685 10002 143 2700331 11006 1
1459947792424106 170 2755685 10002 143 2700331 11006 1
1459947792448628 173 2755685 10002 145 2700331 11006 1
1459947792471572 170 2755685 10002 142 2700331 11006 1
1459947792495771 172 2755685 10002 144 2700331 11006 1
1459947792519279 171 2755685 10002 141 2700331 11006 1
1459947792542912 171 2755685 10002 142 2700331 11006 1
1459947792566761 172 2755685 10002 142 2700331 11006 1
1459947792590403 170 2755685 10002 142 2700331 11006 1
1459947792613531 169 2755685 10002 141 2700331 11006 1
1459947792637770 172 2755685 10002 143 2700331 11006 1
1459947792662026 172 2755685 10002 145 2700331 11006 1
1459947792686347 173 2755685 10002 144 2700331 11006 1
1459947792710665 171 2755685 10002 142 2700331 11006 1
1459947792735165 174 2755685 10002 143 2700331 11006 1
1459947792759200 172 2755685 10002 142 2700331 11006 1
1459947792783916 174 2755685 10002 145 2700331 11006 1
1459947792808681 174 2755685 10002 144 2700331 11006 1
1459947792832762 174 2755685 10002 144 2700331 11006 1
1459947792858055 173 2755685 10002 144 2700331 11006 1
1459947792880954 169 2755685 10002 140 2700331 11006 1
1459947792906211 173 2755685 10002 144 2700331 11006 1
1459947792930833 172 2755685 10002 143 2700331 11006 1
1459947792955689 173 2755685 10002 143 2700331 11006 1
1459947792978926 170 2755685 10002 140 2700331 11006 1
1459947793004118 174 2755685 10002 143 2700331 11006 1
1459947793029110 173 2755685 10002 142 2700331 11006 1
1459947793050818 165 2755685 10002 134 2700331 11006 1
1459947793077040 175 2755685 10002 144 2700331 11006 1
1459947793102384 174 2755685 10002 144 2700331 11006 1
1459947793125774 173 2755685 10002 141 2700331 11006 1
1459947793150227 174 2755685 10002 143 2700331 11006 1
1459947793173632 173 2755685 10002 142 2700331 11006 1
1459947793198313 174 2755685 10002 143 2700331 11006 1
1459947793221554 172 2755685 10002 140 2700331 11006 1
1459947793245245 169 2755685 10002 139 2700331 11006 1
1459947793269595 175 2755685 10002 144 2700331 11006 1
1459947793293473 173 2755685 10002 143 2700331 11006 1
1459947793318050 176 2755685 10002 144 2700331 11006 1
1459947793342006 173 2755685 10002 143 2700331 11006 1
1459947793366460 173 2755685 10002 142 2700331 11006 1
1459947793389282 172 2755685 10002 142 2700331 11006 1
1459947793411922 171 2755685 10002 139 2700331 11006 1
1459947793436194 173 2755685 10002 142 2700331 11006 1
1459947793460162 173 2755685 10002 143 2700331 11006 1
1459947793483022 171 2755685 10002 141 2700331 11006 1
1459947793507223 174 2755685 10002 142 2700331 11006 1
1459947793531238 174 2755685 10002 140 2700331 11006 1
1459947793554178 171 2755685 10002 139 2700331 11006 1
1459947793577804 174 2755685 10002 143 2700331 11006 1
1459947793600513 172 2755685 10002 141 2700331 11006 1
1459947793624886 175 2755685 10002 144 2700331 11006 1
1459947793649863 174 2755685 10002 142 2700331 11006 1
1459947793673386 174 2755685 10002 141 2700331 11006 1
1459947793698191 173 2755685 10002 141 2700331 11006 1
1459947793723065 176 2755685 10002 143 2700331 11006 1
1459947793747627 174 2755685 10002 143 2700331 11006 1
1459947793771447 175 2755685 10002 142 2700331 11006 1
1459947793795148 175 2755685 10002 144 2700331 11006 1
1459947793819182 176 2755685 10002 143 2700331 11006 1
1459947793843285 175 2755685 10002 143 2700331 11006 1
1459947793866355 174 2755685 10002 142 2700331 11006 1
1459947793889515 174 2755685 10002 143 2700331 11006 1
1459947793914199 175 2755685 10002 143 2700331 11006 1
1459947793937923 172 2755685 10002 141 2700331 11006 1
1459947793960343 174 2755685 10002 140 2700331 11006 1
1459947793983402 174 2755685 10002 142 2700331 11006 1
1459947794006663 173 2755685 10002 141 2700331 11006 1
1459947794029957 174 2755685 10002 141 2700331 11006 1
1459947794053375 174 2755685 10002 142 2700331 11006 1
1459947794076507 174 2755685 10002 140 2700331 11006 1
1459947794100801 175 2755685 10002 143 2700331 11006 1
1459947794122919 173 2755685 10002 141 2700331 11006 1
1459947794147594 176 2755685 10002 144 2700331 11006 1
1459947794171723 176 2755685 10002 143 2700331 11006 1
1459947794195208 175 2755685 10002 143 2700331 11006 1
1459947794217794 174 2755685 10002 140 2700331 11006 1
1459947794242199 177 2755685 10002 144 2700331 11006 1
1459947794267167 176 2755685 10002 143 2700331 11006 1
1459947794291631 176 2755685 10002 144 2700331 11006 1
1459947794315719 176 2755685 10002 143 2700331 11006 1
1459947794337684 170 2755685 10002 138 2700331 11006 1
1459947794361429 175 2755685 10002 143 2700331 11006 1
1459947794383965 175 2755685 10002 142 2700331 11006 1
1459947794407381 174 2755685 10002 142 2700331 11006 1
1459947794431187 175 2755685 10002 144 2700331 11006 1
1459947794454913 175 2755685 10002 144 2700331 11006 1
1459947794477702 173 2755685 10002 141 2700331 11006 1
1459947794502216 176 2755685 10002 144 2700331 11006 1
1459947794526149 173 2755685 10002 141 2700331 11006 1
1459947794550070 175 2755685 10002 142 2700331 11006 1
1459947794573360 173 2755685 10002 142 2700331 11006 1
1459947794597528 173 2755685 10002 142 2700331 11006 1
1459947794622073 176 2755685 10002 144 2700331 11006 1
1459947794647069 176 2755685 10002 144 2700331 11006 1
1459947794671020 175 2755685 10002 142 2700331 11006 1
1459947794694102 174 2755685 10002 141 2700331 11006 1
1459947794717775 174 2755685 10002 142 2700331 11006 1
1459947794742385 175 2755685 10002 143 2700331 11006 1
1459947794766617 175 2755685 10002 142 2700331 11006 1
1459947794790561 175 2755685 10002 142 2700331 11006 1
1459947794815554 176 2755685 10002 143 2700331 11006 1
1459947794840391 176 2755685 10002 144 2700331 11006 1
1459947794864100 176 2755685 10002 143 2700331 11006 1
1459947794887896 175 2755685 10002 143 2700331 11006 1
1459947794911302 175 2755685 10002 143 2700331 11006 1
1459947794934917 175 2755685 10002 143 2700331 11006 1
1459947794960001 176 2755685 10002 143 2700331 11006 1
1459947794983959 175 2755685 10002 142 2700331 11006 1
1459947795009012 177 2755685 10002 145 2700331 11006 1
1459947795032579 174 2755685 10002 143 2700331 11006 1
1459947795056826 177 2755685 10002 142 2700331 11006 1
1459947795081572 176 2755685 10002 143 2700331 11006 1
1459947795105692 176 2755685 10002 142 2700331 11006 1
1459947795129040 175 2755685 10002 141 2700331 11006 1
1459947795152421 176 2755685 10002 142 2700331 11006 1
1459947795176961 176 2755685 10002 143 2700331 11006 1
1459947795201024 176 2755685 10002 143 2700331 11006 1
1459947795224436 174 2755685 10002 141 2700331 11006 1
1459947795247234 174 2755685 10002 143 2700331 11006 1
1459947795272511 176 2755685 10002 142 2700331 11006 1
1459947795295271 174 2755685 10002 141 2700331 11006 1
1459947795319495 177 2755685 10002 143 2700331 11006 1
1459947795343843 176 2755685 10002 143 2700331 11006 1
1459947795366634 174 2755685 10002 141 2700331 11006 1
1459947795390103 176 2755685 10002 143 2700331 11006 1
1459947795414365 176 2755685 10002 143 2700331 11006 1
1459947795438665 176 2755685 10002 143 2700331 11006 1
1459947795464719 177 2755685 10002 145 2700331 11006 1
1459947795489218 176 2755685 10002 144 2700331 11006 1
1459947795514236 177 2755685 10002 144 2700331 11006 1
1459947795537839 175 2755685 10002 142 2700331 11006 1
1459947795562413 176 2755685 10002 144 2700331 11006 1
1459947795585132 175 2755685 10002 142 2700331 11006 1
1459947795608143 174 2755685 10002 142 2700331 11006 1
1459947795632455 176 2755685 10002 145 2700331 11006 1
1459947795656604 176 2755685 10002 144 2700331 11006 1
1459947795680081 175 2755685 10002 143 2700331 11006 1
1459947795704212 176 2755685 10002 143 2700331 11006 1
1459947795729496 174 2755685 10002 141 2700331 11006 1
1459947795753803 177 2755685 10002 144 2700331 11006 1
1459947795777263 175 2755685 10002 141 2700331 11006 1
1459947795802323 177 2755685 10002 144 2700331 11006 1
1459947795824684 172 2755685 10002 140 2700331 11006 1
1459947795848582 177 2755685 10002 144 2700331 11006 1
1459947795873076 176 2755685 10002 143 2700331 11006 1
1459947795897758 176 2755685 10002 144 2700331 11006 1
1459947795921637 177 2755685 10002 144 2700331 11006 1
1459947795946442 178 2755685 10002 145 2700331 11006 1
1459947795970544 178 2755685 10002 144 2700331 11006 1
1459947795994444 177 2755685 10002 145 2700331 11006 1
1459947796017838 175 2755685 10002 142 2700331 11006 1
1459947796041810 178 2755685 10002 145 2700331 11006 1
1459947796065700 176 2755685 10002 142 2700331 11006 1
1459947796090183 177 2755685 10002 146 2700331 11006 1
1459947796114738 177 2755685 10002 144 2700331 11006 1
1459947796138853 178 2755685 10002 145 2700331 11006 1
1459947796163298 177 2755685 10002 144 2700331 11006 1
1459947796187253 175 2755685 10002 143 2700331 11006 1
1459947796210037 175 2755685 10002 142 2700331 11006 1
1459947796233655 175 2755685 10002 142 2700331 11006 1
1459947796257479 176 2755685 10002 144 2700331 11006 1
1459947796280392 175 2755685 10002 143 2700331 11006 1
1459947796304911 179 2755685 10002 146 2700331 11006 1
1459947796328059 176 2755685 10002 143 2700331 11006 1
1459947796351680 177 2755685 10002 144 2700331 11006 1
1459947796374238 176 2755685 10002 142 2700331 11006 1
1459947796397501 175 2755685 10002 143 2700331 11006 1
1459947796420511 177 2755685 10002 143 2700331 11006 1
1459947796442991 174 2755685 10002 141 2700331 11006 1
1459947796466549 177 2755685 10002 144 2700331 11006 1
1459947796489597 175 2755685 10002 142 2700331 11006 1
1459947796513256 177 2755685 10002 143 2700331 11006 1
1459947796537267 177 2755685 10002 143 2700331 11006 1
1459947796561179 177 2755685 10002 143 2700331 11006 1
1459947796585277 176 2755685 10002 142 2700331 11006 1
1459947796606505 172 2755685 10002 139 2700331 11006 1
1459947796628356 173 2755685 10002 140 2700331 11006 1
1459947796650143 172 2755685 10002 139 2700331 11006 1
1459947796672262 173 2755685 10002 139 2700331 11006 1
1459947796695690 176 2755685 10002 143 2700331 11006 1
1459947796718597 175 2755685 10002 141 2700331 11006 1
1459947796741978 175 2755685 10002 141 2700331 11006 1
1459947796764491 174 2755685 10002 141 2700331 11006 1
1459947796788391 176 2755685 10002 143 2700331 11006 1
1459947796811482 177 2755685 10002 143 2700331 11006 1
1459947796834113 175 2755685 10002 142 2700331 11006 1
1459947796856811 174 2755685 10002 141 2700331 11006 1
1459947796879211 173 2755685 10002 139 2700331 11006 1
1459947796901846 175 2755685 10002 141 2700331 11006 1
1459947796923816 174 2755685 10002 141 2700331 11006 1
1459947796944243 167 2755685 10002 134 2700331 11006 1
1459947796966348 175 2755685 10002 142 2700331 11006 1
1459947796989260 174 2755685 10002 140 2700331 11006 1
1459947797012865 176 2755685 10002 142 2700331 11006 1
1459947797037046 177 2755685 10002 143 2700331 11006 1
1459947797060564 174 2755685 10002 142 2700331 11006 1
1459947797084270 176 2755685 10002 143 2700331 11006 1
1459947797109364 178 2755685 10002 144 2700331 11006 1
1459947797132301 174 2755685 10002 140 2700331 11006 1
1459947797155282 176 2755685 10002 143 2700331 11006 1
1459947797180250 177 2755685 10002 144 2700331 11006 1
1459947797203401 176 2755685 10002 142 2700331 11006 1
1459947797227149 174 2755685 10002 141 2700331 11006 1
1459947797250602 176 2755685 10002 143 2700331 11006 1
1459947797273805 175 2755685 10002 140 2700331 11006 1
1459947797298004 176 2755685 10002 142 2700331 11006 1
1459947797321741 177 2755685 10002 143 2700331 11006 1
1459947797344116 174 2755685 10002 139 2700331 11006 1
1459947797368441 177 2755685 10002 143 2700331 11006 1
1459947797390988 175 2755685 10002 141 2700331 11006 1
1459947797412816 173 2755685 10002 138 2700331 11006 1
1459947797435582 176 2755685 10002 142 2700331 11006 1
1459947797457659 173 2755685 10002 139 2700331 11006 1
1459947797480456 174 2755685 10002 140 2700331 11006 1
1459947797502325 171 2755685 10002 139 2700331 11006 1
1459947797526628 176 2755685 10002 144 2700331 11006 1
1459947797549334 175 2755685 10002 141 2700331 11006 1
1459947797572838 176 2755685 10002 142 2700331 11006 1
1459947797595981 174 2755685 10002 141 2700331 11006 1
1459947797619266 176 2755685 10002 140 2700331 11006 1
1459947797648667 168 2755437 9448 164 2699287 11107 0
1459947797678368 167 2755437 9448 163 2699287 11107 1
1459947797708805 168 2755208 8919 164 2698325 11125 0
1459947797737655 168 2754997 8416 164 2697438 11072 0
1459947797766007 165 2754997 8416 162 2697438 11072 1
1459947797795237 166 2754997 8416 163 2697438 11072 1
1459947797823916 166 2752242 10296 164 2696620 10960 0
1459947797852527 165 2752242 10296 161 2696620 10960 1
1459947797882147 167 2750983 10651 164 2695866 10797 0
1459947797910993 166 2750983 10651 163 2695866 10797 1
1459947797940948 168 2751102 9928 164 2695171 10593 0
1459947797969670 165 2751102 9928 163 2695171 10593 1
1459947797999440 166 2748652 11410 164 2694530 10355 0
1459947798029349 166 2746393 12599 164 2693939 10089 0
1459947798058654 166 2746393 12599 162 2693939 10089 1
1459947798088114 166 2746393 12599 162 2693939 10089 1
1459947798117238 167 2746393 12599 163 2693939 10089 1
1459947798146453 166 2746393 12599 162 2693939 10089 1
1459947798177529 169 2748151 13234 165 2694675 9978 0
1459947798208651 171 2748151 13234 168 2694675 9978 1
1459947798238916 169 2749771 13694 165 2695353 9823 0
1459947798268103 167 2749771 13694 162 2695353 9823 1
1459947798299730 170 2749771 13694 166 2695353 9823 1
1459947798329875 169 2751265 14001 165 2695978 9631 0
1459947798359792 168 2751362 12996 165 2696554 9409 0
1459947798389461 168 2751451 12062 164 2695805 9362 0
1459947798419216 170 2751451 12062 166 2695805 9362 1
1459947798450124 168 2751533 11195 164 2695115 9265 0
1459947798479785 168 2751609 10390 164 2694479 9127 0
1459947798509964 169 2752959 10823 165 2695172 9052 0
1459947798540287 169 2754204 11124 165 2695811 8933 0
1459947798571192 168 2754071 10375 165 2696400 8778 0
1459947798598696 165 2754071 10375 161 2696400 8778 1
1459947798628409 168 2753949 9676 164 2695663 8770 0
1459947798657992 167 2752556 10203 164 2694984 8709 0
1459947798688147 167 2752556 10203 163 2694984 8709 1
1459947798719131 169 2753832 10581 165 2695638 8631 0
1459947798749745 169 2755008 10839 165 2696241 8512 0
1459947798778299 167 2753533 11351 164 2695517 8514 0
1459947798808617 168 2753453 10537 165 2696129 8412 0
1459947798838765 168 2753379 9780 164 2695413 8413 0
1459947798870539 169 2754591 10132 165 2696033 8327 0
1459947798901894 169 2755708 10370 165 2696605 8203 0
1459947798932108 169 2756738 10508 164 2695852 8255 0
1459947798962319 170 2756738 10508 167 2695852 8255 1
1459947798991770 167 2755127 11171 164 2695158 8249 0
1459947799022118 169 2756202 11289 165 2695798 8194 0
1459947799051622 167 2756202 11289 163 2695798 8194 1
1459947799081946 168 2755913 10672 165 2696388 8097 0
1459947799111425 168 2755647 10082 164 2695652 8141 0
1459947799140830 167 2755647 10082 163 2695652 8141 1
1459947799171199 169 2756682 10248 166 2697534 9239 0
1459947799199993 164 2756682 10248 161 2697534 9239 1
1459947799229422 168 2756682 10248 162 2697534 9239 1
1459947799259289 168 2756356 9747 165 2697989 8936 0
1459947799290073 168 2756055 9261 164 2697128 9030 0
1459947799320807 171 2756055 9261 167 2697128 9030 1
1459947799351221 168 2755778 8792 164 2696334 9055 0
1459947799380487 168 2755778 8792 163 2696334 9055 1
1459947799409720 168 2755522 8340 165 2696882 8853 0
1459947799439041 166 2752726 10264 164 2696108 8874 0
1459947799467657 166 2752726 10264 162 2696108 8874 1
1459947799497846 169 2753989 10626 165 2696674 8702 0
1459947799525443 162 2753989 10626 159 2696674 8702 1
1459947799555184 169 2755153 10868 165 2697196 8503 0
1459947799585468 169 2756226 11007 165 2697677 8281 0
1459947799615142 169 2757215 11059 165 2698120 8043 0
1459947799643904 165 2757215 11059 162 2698120 8043 1
1459947799673800 168 2756847 10533 164 2697249 8216 0
1459947799703767 168 2756847 10533 163 2697249 8216 1
1459947799733109 167 2756847 10533 163 2697249 8216 1
1459947799762230 167 2756847 10533 162 2697249 8216 1
1459947799792778 168 2756508 10022 164 2696446 8313 0
1459947799822104 167 2754915 10706 164 2695706 8345 0
1459947799850624 167 2754915 10706 163 2695706 8345 1
1459947799879293 164 2754915 10706 161 2695706 8345 1
1459947799908230 166 2754915 10706 162 2695706 8345 1
1459947799936897 166 2754915 10706 163 2695706 8345 1
1459947799965684 166 2754915 10706 161 2695706 8345 1
1459947799995279 169 2754915 10706 163 2695706 8345 1
1459947800024821 167 2754915 10706 163 2695706 8345 1
1459947800054086 168 2754727 10042 164 2695023 8321 0
1459947800082838 166 2754727 10042 163 2695023 8321 1
1459947800112907 167 2754727 10042 163 2695023 8321 1
1459947800141566 165 2754727 10042 161 2695023 8321 1
1459947800171768 169 2755833 10277 165 2695674 8270 0
1459947800200464 166 2755833 10277 161 2695674 8270 1
1459947800229606 168 2755573 9713 164 2694994 8249 0
1459947800257298 165 2755573 9713 160 2694994 8249 1
1459947800284963 167 2755573 9713 162 2694994 8249 1
1459947800313914 166 2755573 9713 162 2694994 8249 1
1459947800343516 167 2755573 9713 163 2694994 8249 1
1459947800373018 167 2755573 9713 162 2694994 8249 1
1459947800404418 168 2755333 9174 164 2694367 8181 0
1459947800435605 169 2756392 9433 165 2695069 8188 0
1459947800466015 169 2757368 9596 165 2695716 8145 0
1459947800496331 167 2757368 9596 163 2695716 8145 1
1459947800525377 168 2756988 9195 165 2696313 8058 0
1459947800555133 168 2756638 8798 164 2695583 8100 0
1459947800584534 167 2755035 9587 164 2694910 8086 0
1459947800615325 170 2755035 9587 165 2694910 8086 1
1459947800645843 168 2754837 9019 165 2695570 8062 0
1459947800674962 166 2754837 9019 163 2695570 8062 1
1459947800705411 169 2755935 9326 166 2697458 9173 0
1459947800733602 166 2755935 9326 163 2697458 9173 1
1459947800763128 167 2755935 9326 163 2697458 9173 1
1459947800792041 166 2753107 11203 164 2696639 9210 0
1459947800821031 167 2751780 11549 164 2695884 9185 0
1459947800851436 170 2751780 11549 165 2695884 9185 1
1459947800881415 169 2753117 11878 166 2697748 10185 0
1459947800911922 169 2754349 12086 164 2696906 10164 0
1459947800941849 169 2755485 12188 165 2697410 9833 0
1459947800971358 168 2755485 12188 163 2697410 9833 1
1459947801000448 169 2756532 12200 165 2697874 9492 0
1459947801030770 168 2756217 11535 164 2697022 9534 0
1459947801060140 167 2756217 11535 163 2697022 9534 1
1459947801091125 170 2756217 11535 166 2697022 9534 1
1459947801119896 166 2756217 11535 162 2697022 9534 1
1459947801148294 168 2755927 10899 164 2696237 9512 0
1459947801177884 171 2755927 10899 166 2696237 9512 1
1459947801208042 169 2756940 10981 164 2695513 9434 0
1459947801237853 168 2756594 10441 164 2694846 9310 0
1459947801267646 168 2756275 9918 165 2695511 9195 0
1459947801297167 168 2755981 9414 164 2694844 9090 0
1459947801325915 168 2755709 8927 164 2694229 8945 0
1459947801355096 167 2755709 8927 163 2694229 8945 1
1459947801384291 168 2755709 8927 163 2694229 8945 1
1459947801415469 173 2755709 8927 168 2694229 8945 1
<<<<<<< HEAD
<<<<<<< HEAD
=======
<<<<<<< HEAD
<<<<<<< HEAD
<<<<<<< HEAD
<<<<<<< HEAD
>>>>>>> 3f8e119
=======
version https://git-lfs.github.com/spec/v1
oid sha256:4c854b944759b5e79fea9525ad03a0b379f432c42b028ae3ddd84862509887f9
size 42227
>>>>>>> f48ecf8
=======
>>>>>>> 587ddc4f3682fe26eb61ef3e7dd1f587b73479b7
>>>>>>> dd1805f
=======
version https://git-lfs.github.com/spec/v1
oid sha256:4c854b944759b5e79fea9525ad03a0b379f432c42b028ae3ddd84862509887f9
size 42227
>>>>>>> 349884c
=======
>>>>>>> 587ddc4f3682fe26eb61ef3e7dd1f587b73479b7
<<<<<<< HEAD
<<<<<<< HEAD
>>>>>>> 38e2d40
=======
>>>>>>> ddf0ce1
=======
>>>>>>> 2cf6812
=======
version https://git-lfs.github.com/spec/v1
oid sha256:4c854b944759b5e79fea9525ad03a0b379f432c42b028ae3ddd84862509887f9
size 42227
<<<<<<< HEAD
>>>>>>> 8d79f4c
=======
>>>>>>> 587ddc4f3682fe26eb61ef3e7dd1f587b73479b7
>>>>>>> c5a382b
=======
>>>>>>> 70238e08249cac7bd497cf178abe20b08de7a63b
<<<<<<< HEAD
>>>>>>> ddf0ce1
=======
>>>>>>> 2cf6812
=======
>>>>>>> ae7b143... Fixing logs
>>>>>>> dfa5db5e... Fixing logs
=======
>>>>>>> ae7b1437... Fixing logs
