<<<<<<< HEAD
version https://git-lfs.github.com/spec/v1
oid sha256:a7b8bf53d091355be406871dd1f77b3d524fb4b032897fd87253f3ddff4f5708
size 84460
=======
1459947780015588 161 2637824 0 159 2605056 0 0
1459947780029788 159 2635264 2360 156 2601216 3540 0
1459947780044149 162 2636744 3539 157 2598956 5346 0
1459947780058037 158 2632988 6724 156 2595592 8028 0
1459947780072978 161 2633365 6546 159 2596331 8081 0
1459947780087841 163 2636273 8715 159 2597012 8077 0
1459947780102413 161 2636394 8145 157 2595080 9225 0
1459947780116397 157 2631385 12124 154 2589459 13685 0
1459947780130671 160 2630608 11892 157 2588117 13851 0
1459947780145488 162 2632451 12661 159 2589440 13988 0
1459947780160834 163 2635430 14418 160 2591940 15199 0
1459947780176066 161 2635617 13463 157 2590404 15426 0
1459947780190499 157 2630669 16972 154 2585148 19064 0
1459947780205468 162 2632507 17341 159 2586703 19007 0
1459947780221153 162 2634202 17548 159 2588136 18843 0
1459947780236776 163 2637044 18797 160 2590737 19768 0
1459947780251858 160 2635824 18451 156 2588015 20731 0
1459947780266326 159 2633420 19224 157 2586786 20243 0
1459947780281222 159 2631204 19764 157 2585653 19705 0
1459947780295438 158 2627881 21282 155 2582048 21487 0
1459947780310437 160 2627377 20082 157 2581285 20510 0
1459947780325082 160 2626913 18940 156 2579302 20734 0
1459947780340640 159 2625205 19034 155 2576194 21979 0
1459947780355029 160 2624910 17817 157 2575888 20542 0
1459947780369869 159 2623358 17854 157 2575606 19196 0
1459947780384290 159 2621928 17777 156 2574066 19114 0
1459947780399387 162 2624449 18712 160 2577767 21031 0
1459947780412878 155 2617813 23366 153 2572218 24501 0
1459947780427610 160 2618096 21801 157 2572223 22591 0
1459947780443221 163 2622197 23877 160 2576068 24370 0
1459947780458195 161 2623417 23136 157 2575772 22738 0
1459947780472744 161 2624542 22365 157 2575499 21211 0
1459947780487975 163 2628139 23933 160 2579088 22861 0
1459947780501804 154 2619935 29625 151 2570876 28643 0
1459947780516529 159 2618772 28381 157 2570986 26506 0
1459947780530469 158 2616420 28330 155 2568527 26701 0
1459947780545136 160 2616812 26477 158 2570100 26064 0
1459947780559593 159 2615893 25254 156 2568990 25049 0
1459947780574506 162 2618886 26040 158 2570527 24509 0
1459947780588764 158 2616525 26181 156 2569384 23647 0
1459947780603382 160 2616908 24489 155 2567050 23949 0
1459947780618036 160 2617262 22901 156 2566179 22879 0
1459947780632194 158 2615028 23170 156 2565376 21831 0
1459947780646661 158 2612968 23257 155 2563356 21987 0
1459947780660159 156 2608509 25549 154 2560213 23165 0
1459947780674926 161 2610799 25663 156 2559876 21665 0
1459947780689607 161 2612910 25604 159 2563405 23225 0
1459947780704450 161 2614856 25397 158 2565378 23229 0
1459947780719011 158 2612810 25297 155 2563357 23276 0
1459947780733478 160 2613484 23941 157 2564054 22100 0
1459947780748257 160 2614105 22643 156 2563417 20959 0
1459947780763067 162 2617238 23762 159 2566670 22319 0
1459947780777425 159 2616286 22782 154 2563268 23710 0
1459947780792507 161 2617968 22553 157 2563972 22506 0
1459947780808249 163 2622079 24581 160 2568461 24885 0
1459947780823625 161 2623309 23793 158 2570039 24395 0
1459947780838176 161 2624442 22979 157 2570214 22651 0
1459947780853193 161 2625487 22146 159 2572936 23390 0
1459947780868327 158 2622610 23066 155 2570325 23968 0
1459947780882628 155 2616118 27247 152 2564078 27853 0
1459947780897957 162 2619093 27861 159 2567279 28627 0
1459947780912058 159 2617996 26694 156 2566390 27209 0
1459947780927267 160 2618265 24856 157 2566850 25507 0
1459947780942317 162 2621073 25502 158 2568554 25085 0
1459947780957278 159 2619821 24662 156 2567565 24036 0
1459947780972491 162 2622507 25211 159 2570493 24858 0
1459947780988738 163 2626263 26704 160 2574473 26584 0
1459947781004466 161 2627166 25449 159 2576862 26709 0
1459947781019142 162 2629278 25407 157 2576504 24951 0
1459947781034109 162 2631225 25217 159 2578734 25057 0
1459947781050035 162 2633020 24901 160 2582070 26174 0
1459947781065088 163 2635955 25661 161 2586425 28144 0
1459947781080541 164 2639941 27330 159 2587880 27286 0
1459947781095429 162 2641055 26221 158 2587941 25211 0
1459947781110385 161 2640802 24404 157 2586718 24368 0
1459947781125360 160 2639289 23891 158 2586870 22604 0
1459947781140583 162 2640454 23098 158 2587010 20967 0
1459947781155232 161 2640248 21482 157 2585859 20388 0
1459947781169567 160 2638778 21157 156 2583518 20952 0
1459947781184105 160 2637423 20752 157 2582640 20123 0
1459947781198353 161 2637454 19158 158 2583111 18984 0
1459947781213113 158 2633642 21174 155 2579705 20639 0
1459947781227983 161 2633968 19820 157 2579125 19560 0
1459947781244012 163 2636829 20908 160 2582430 21078 0
1459947781259576 164 2640746 22885 160 2585477 22240 0
1459947781274206 161 2640517 21307 157 2584446 21451 0
1459947781289563 162 2641586 20628 159 2586056 21259 0
1459947781305065 164 2645132 22285 160 2588820 22146 0
1459947781320588 164 2648401 23556 161 2592648 23944 0
1459947781335958 161 2647574 22476 158 2592337 22359 0
1459947781351784 163 2649372 22377 161 2595890 23888 0
1459947781366350 159 2645909 23819 156 2592766 24900 0
1459947781379911 156 2638877 28440 152 2584766 30328 0
1459947781394634 160 2637514 27473 157 2583791 28856 0
1459947781410634 163 2640098 27708 160 2586732 29312 0
1459947781424639 159 2637360 28066 156 2584323 29242 0
1459947781439481 163 2639956 28266 160 2587222 29630 0
1459947781454418 161 2639789 26210 157 2586055 28390 0
1459947781469218 163 2642195 26380 160 2588819 28720 0
1459947781484534 163 2644413 26364 160 2591367 28825 0
1459947781499621 161 2643898 24778 158 2591156 26767 0
1459947781514418 162 2644703 23584 160 2593521 26856 0
1459947781529284 161 2644165 22236 158 2593142 25106 0
1459947781543852 161 2643669 20954 159 2594072 24002 0
1459947781557623 157 2638092 24456 155 2589810 26054 0
1459947781572178 159 2635511 24924 156 2587161 26459 0
1459947781587333 161 2635691 23142 158 2587279 24499 0
1459947781602064 160 2634577 22360 157 2586107 23664 0
1459947781617137 163 2637390 23206 159 2587587 23179 0
1459947781632359 160 2636143 22541 158 2587671 21446 0
1459947781647388 161 2636274 20900 157 2586469 20877 0
1459947781661670 160 2635115 20335 156 2584081 21446 0
1459947781676562 163 2637886 21301 158 2584439 20100 0
1459947781691473 160 2636601 20820 157 2583489 19404 0
1459947781706035 161 2636696 19281 158 2583893 18261 0
1459947781721384 164 2640624 21395 160 2586826 19538 0
1459947781736055 160 2639125 21104 157 2585690 19058 0
1459947781750800 162 2640303 20541 159 2587202 18963 0
1459947781766170 162 2641389 19937 160 2589876 19946 0
1459947781781377 162 2642390 19302 158 2589781 18473 0
1459947781829518 160 2640753 19302 159 2590974 18129 0
1459947781844850 162 2641804 18763 157 2589514 18057 0
1459947781861098 165 2646613 21730 161 2593288 20125 0
1459947781876555 161 2645926 20664 159 2594207 19399 0
1459947781891540 160 2644013 20812 159 2595054 18664 0
1459947781906920 161 2643529 19631 160 2597115 19105 0
1459947781921436 161 2643083 18507 158 2596455 18220 0
1459947781936726 161 2642672 17439 160 2598406 18595 0
1459947781951268 157 2637173 21145 155 2593805 21383 0
1459947781965942 161 2637223 19539 159 2594683 20522 0
1459947781981015 161 2637269 18055 159 2595493 19665 0
1459947781995520 160 2636032 17784 156 2592400 20979 0
1459947782010386 160 2634892 17444 157 2590828 20788 0
1459947782024911 160 2633841 17049 158 2590659 19318 0
1459947782038745 156 2627752 21330 153 2584103 23851 0
1459947782053765 161 2628538 20388 157 2583179 22837 0
1459947782069163 162 2630543 20643 159 2584888 22627 0
1459947782084042 163 2633671 21914 160 2587743 23491 0
1459947782098240 159 2631435 22261 156 2585255 23948 0
1459947782113015 161 2631934 20981 158 2585521 22323 0
1459947782126912 160 2631114 20096 157 2584487 21532 0
1459947782141381 159 2629078 20402 156 2582253 21907 0
1459947782157225 163 2632321 21797 160 2585314 23017 0
1459947782172911 162 2634030 21670 160 2588136 23819 0
1459947782188645 161 2634326 20250 157 2586897 23099 0
1459947782202706 157 2629479 23135 155 2583195 24706 0
1459947782217740 162 2631410 23108 158 2583622 23169 0
1459947782233448 164 2635751 25303 161 2587856 25261 0
1459947782248649 161 2635912 23475 159 2589199 24525 0
1459947782264285 162 2637341 22958 158 2589157 22645 0
1459947782278471 157 2632258 25849 154 2583999 25629 0
1459947782293867 163 2635252 26589 159 2585644 25142 0
1459947782309144 162 2636732 25876 159 2587160 24575 0
1459947782323213 161 2636817 23932 157 2585998 23726 0
1459947782337809 160 2635615 23169 157 2584926 22859 0
1459947782353632 163 2638347 23877 161 2589058 24882 0
1459947782368784 161 2638306 22048 158 2589027 22965 0
1459947782382867 160 2636988 21539 157 2587719 22375 0
1459947782398509 161 2637053 19916 159 2589073 21874 0
1459947782413553 161 2637113 18415 159 2590321 21316 0
1459947782428761 163 2639728 19387 160 2592752 21891 0
1459947782443688 161 2639579 18009 157 2591153 21653 0
1459947782459298 161 2639441 16728 158 2590959 20139 0
1459947782475970 166 2645714 21204 162 2595900 23120 0
1459947782490706 160 2643817 21295 158 2595335 21833 0
1459947782506239 164 2647188 22739 160 2597374 22007 0
1459947782521228 160 2645176 22816 157 2595414 22093 0
1459947782536022 160 2643321 22742 155 2591047 24391 0
1459947782551151 162 2644171 21749 160 2593421 24673 0
1459947782566339 162 2644955 20771 159 2594329 23583 0
1459947782580366 159 2641837 22021 156 2591327 24507 0
1459947782593883 158 2637683 24128 156 2588559 25143 0
1459947782607745 158 2633854 25772 156 2586007 25529 0
1459947782622348 161 2634164 24043 158 2586215 23725 0
1459947782637724 162 2635729 23607 158 2586406 22048 0
1459947782651876 159 2633332 23971 155 2582743 23701 0
1459947782667194 161 2633682 22421 158 2583206 22276 0
1459947782682095 162 2635285 22147 159 2584913 22108 0
1459947782696943 159 2632923 22593 157 2583926 21289 0
1459947782711560 159 2630745 22833 157 2583016 20463 0
1459947782728360 162 2632578 22738 159 2584737 20451 0
1459947782743345 161 2632987 21338 159 2586324 20316 0
1459947782758730 161 2633364 20018 158 2586507 18897 0
1459947782773684 161 2633712 18775 158 2586676 17575 0
1459947782788077 163 2636593 19964 161 2590671 19884 0
1459947782802443 161 2636689 18492 159 2591794 19366 0
1459947782816995 159 2634217 19325 158 2591550 18077 0
1459947782832349 163 2637058 20434 160 2593885 18816 0
1459947782847238 163 2639677 21252 160 2596037 19330 0
1459947782861899 163 2642092 21817 159 2596741 18468 0
1459947782876395 160 2640478 21599 158 2596110 17606 0
1459947782891308 158 2636430 23642 156 2592968 19125 0
1459947782906157 162 2637818 23074 158 2592632 17939 0
1459947782921706 163 2640378 23631 159 2593602 17431 0
1459947782936252 161 2640178 21967 158 2593216 16424 0
1459947782950717 162 2641274 21260 159 2594141 15992 0
1459947782966700 161 2641004 19847 159 2594993 15528 0
1459947782982326 162 2642035 19247 159 2595779 15038 0
1459947782997538 162 2642986 18619 159 2596503 14531 0
1459947783013630 164 2646422 20332 161 2599731 16371 0
1459947783028717 162 2647030 19303 158 2598867 15888 0
1459947783043706 161 2646310 18456 160 2600630 16271 0
1459947783058863 161 2645647 17625 158 2599695 15860 0
1459947783074230 163 2647595 18044 159 2600113 15006 0
1459947783088831 162 2648111 17110 158 2599219 14656 0
1459947783103500 161 2647307 16513 158 2598395 14270 0
1459947783117777 161 2646566 15904 158 2597635 13855 0
1459947783132131 157 2640763 20010 155 2593094 16957 0
1459947783147123 160 2639253 19837 157 2591468 17130 0
1459947783161543 158 2635301 21929 155 2587409 19532 0
1459947783176559 162 2636778 21576 160 2590067 20457 0
1459947783191250 161 2636859 19965 158 2589958 18958 0
1459947783205445 161 2636934 18474 158 2589857 17568 0
1459947783220178 160 2635723 18145 156 2587204 18640 0
1459947783234001 160 2634607 17755 158 2587318 17288 0
1459947783248182 157 2629738 20855 154 2582303 20559 0
1459947783263299 162 2631649 20987 159 2584080 20590 0
1459947783278946 163 2634691 22151 160 2586998 21671 0
1459947783293548 161 2634935 20645 157 2585848 21036 0
1459947783308309 161 2635160 19240 159 2587348 20775 0
1459947783322696 159 2632808 19904 157 2586171 20235 0
1459947783338285 165 2638319 23430 162 2591486 23554 0
1459947783353329 160 2637000 22814 157 2589986 23095 0
1459947783368071 161 2637064 21090 158 2589883 21384 0
1459947783381901 158 2633283 22927 157 2588508 20980 0
1459947783395594 157 2628517 25527 155 2584680 22868 0
1459947783410791 160 2627964 24041 157 2583711 21973 0
1459947783425390 158 2624894 24991 156 2581538 22258 0
1459947783440394 161 2625904 23969 159 2583375 22212 0
1459947783454674 160 2625555 22417 158 2583788 20857 0
1459947783469680 161 2626513 21548 158 2584169 19578 0
1459947783484795 162 2628676 21858 159 2585800 19552 0
1459947783500574 166 2635790 26708 162 2591144 22950 0
1459947783516231 167 2643628 31847 165 2599910 29239 0
1459947783531979 166 2649574 34840 164 2606712 33224 0
1459947783546682 163 2651216 33631 161 2609142 32868 0
1459947783562196 164 2654009 33578 163 2613942 34725 0
1459947783577697 167 2660424 36868 165 2620927 38452 0
1459947783594163 170 2670178 42979 166 2628647 42563 0
1459947783609577 164 2671490 40830 160 2628083 39755 0
1459947783625010 165 2673979 39935 162 2630124 38530 0
1459947783640287 164 2674994 37751 161 2630725 36073 0
1459947783655607 166 2678490 38023 163 2633839 36125 0
1459947783670708 165 2680432 36843 164 2637990 37129 0
1459947783686832 166 2683503 36795 165 2643097 38936 0
1459947783702582 168 2688894 38890 164 2646525 39054 0
1459947783717770 164 2688744 35989 161 2645845 36628 0
1459947783732491 161 2684765 36844 158 2641378 37883 0
1459947783747481 163 2683657 34985 162 2642380 35847 0
1459947783762582 166 2686476 34850 162 2643304 33897 0
1459947783778010 164 2686515 32163 160 2641595 32822 0
1459947783793290 165 2687831 30863 164 2645140 33525 0
1459947783808834 164 2687764 28512 159 2642008 33791 0
1459947783824668 164 2687702 26340 161 2641681 31452 0
1459947783840105 164 2687645 24334 161 2641379 29271 0
1459947783855122 165 2688872 23563 162 2642381 27907 0
1459947783870285 163 2687443 23038 160 2640744 27234 0
1459947783886892 167 2691246 24744 164 2644355 28435 0
1459947783901886 163 2689632 24297 160 2642564 27863 0
1459947783917619 164 2689424 22589 160 2640913 27207 0
1459947783933344 166 2691792 23007 164 2644511 28398 0
1459947783948641 163 2690135 22735 161 2643988 26660 0
1459947783964412 166 2692448 23090 163 2646066 26493 0
1459947783978642 162 2689460 24040 159 2642862 27376 0
1459947783993575 164 2689265 22339 161 2642468 25599 0
1459947784008510 163 2687806 21937 159 2639545 26293 0
1459947784024427 168 2692861 24883 165 2644530 28834 0
1459947784038739 162 2689841 25722 158 2640166 30603 0
1459947784055959 172 2699857 32945 167 2647663 35123 0
1459947784070926 164 2698850 31298 159 2644334 35447 0
1459947784086830 166 2700482 30356 162 2645105 33388 0
1459947784102216 164 2699426 28956 161 2644536 31303 0
1459947784117230 164 2698453 27589 161 2644011 29340 0
1459947784133199 168 2702676 29326 164 2647367 30141 0
1459947784148457 165 2702729 27083 161 2646621 28473 0
1459947784163414 164 2701498 26101 161 2645933 26881 0
1459947784180588 170 2708043 30095 166 2651699 30096 0
1459947784196799 168 2711517 30945 164 2654455 30284 0
1459947784212959 167 2713439 30299 164 2656995 30260 0
1459947784228800 165 2712651 28656 161 2655497 29275 0
1459947784244177 165 2711925 27086 160 2652836 29439 0
1459947784260256 165 2711255 25585 163 2654223 28417 0
1459947784276462 165 2710638 24154 164 2656781 28554 0
1459947784290005 157 2699829 32230 155 2647619 34768 0
1459947784305344 163 2697544 31817 160 2645573 33936 0
1459947784320043 162 2694158 32452 159 2642407 34202 0
1459947784335037 161 2689756 33973 158 2638208 35399 0
1459947784350621 163 2688258 32698 160 2636898 33840 0
1459947784364960 159 2681757 36135 157 2631850 35849 0
1459947784380402 162 2679604 35295 159 2629756 34977 0
1459947784394997 162 2677619 34365 159 2627826 34022 0
1459947784408795 155 2666830 41626 153 2618367 40083 0
1459947784423122 158 2660723 44001 155 2612207 42629 0
1459947784437140 158 2655094 45752 156 2607808 43353 0
1459947784451942 160 2652464 44600 157 2605033 42524 0
1459947784466956 160 2650040 43349 156 2601194 42739 0
1459947784481624 160 2647805 42021 158 2600215 40301 0
1459947784496952 163 2649585 40379 159 2600593 37500 0
1459947784512671 161 2648666 38071 157 2598381 36608 0
1459947784527996 164 2651658 37855 160 2600182 35408 0
1459947784542655 159 2648017 38253 156 2596722 35829 0
1459947784557646 161 2647220 35998 158 2596093 33608 0
1459947784572205 159 2643925 36221 156 2592953 33876 0
1459947784586952 161 2643448 33830 158 2592618 31537 0
1459947784602195 163 2645568 33142 159 2593589 29968 0
1459947784616564 159 2642403 33469 156 2590644 30340 0
1459947784631750 162 2643325 31704 160 2593049 30187 0
1459947784646731 161 2642895 29623 159 2593987 28692 0
1459947784661885 160 2641218 28853 158 2593571 26832 0
1459947784676924 162 2642232 27533 160 2595748 26742 0
1459947784691857 159 2639327 28058 156 2592635 27521 0
1459947784705667 158 2635369 29513 156 2589765 28015 0
1459947784719154 156 2629160 32930 151 2580719 34164 0
1459947784734800 163 2632396 33341 160 2583900 34426 0
1459947784750103 161 2632820 31126 157 2582992 32572 0
1459947784765505 162 2634490 30234 159 2584715 31616 0
1459947784780926 163 2637310 30471 159 2586304 30611 0
1459947784794878 157 2632230 32772 154 2581369 32768 0
1459947784810070 162 2633947 31793 159 2583219 31914 0
1459947784825143 160 2632969 30209 157 2582365 30207 0
1459947784839504 155 2625668 34578 152 2575177 34472 0
1459947784854910 163 2629177 35111 160 2578791 35109 0
1459947784868520 159 2627292 34104 155 2575722 35194 0
1459947784883760 161 2628114 32197 158 2576733 33376 0
1459947784899863 161 2628872 30380 158 2577665 31627 0
1459947784914130 158 2625731 30901 155 2574684 31903 0
1459947784929901 163 2629235 31717 160 2578336 32777 0
1459947784944618 160 2628626 29800 157 2577863 30651 0
1459947784958796 159 2626784 29168 155 2574867 31017 0
1459947784974237 160 2626366 27273 158 2575945 29587 0
1459947784989201 163 2629821 28327 159 2578219 29371 0
1459947785003681 158 2626606 29076 156 2576475 28683 0
1459947785018019 158 2623642 29536 155 2573587 29103 0
1459947785030694 150 2610669 39186 147 2560685 38722 0
1459947785045516 158 2608950 37708 155 2559031 37220 0
1459947785060165 160 2609925 35661 158 2561346 36446 0
1459947785074818 158 2608264 34404 156 2560920 33989 0
1459947785089558 160 2609293 32664 156 2560528 31694 0
1459947785104925 162 2612801 33346 160 2565286 33604 0
1459947785118543 157 2609635 33657 155 2563273 32833 0
1459947785133946 164 2615677 36597 162 2570377 36816 0
1459947785148355 159 2614847 34501 154 2566686 37341 0
1459947785163463 161 2616642 33459 158 2568403 36006 0
1459947785177819 160 2617016 31190 157 2568706 33472 0
1459947785193542 163 2621201 32611 159 2571545 33475 0
1459947785208406 161 2622499 31260 158 2572883 32092 0
1459947785223094 162 2624976 31100 158 2574116 30721 0
1459947785237837 160 2624699 28924 157 2573973 28451 0
1459947785253859 163 2628284 29969 158 2575121 27286 0
1459947785269153 162 2630309 29494 159 2577459 27310 0
1459947785285030 163 2633456 30090 159 2579615 27163 0
1459947785298704 157 2628677 32144 154 2575202 29107 0
1459947785313704 164 2633231 33830 161 2580094 31343 0
1459947785329069 161 2633589 31517 157 2579484 29456 0
1459947785344476 164 2637759 32899 160 2582761 30175 0
1459947785359750 162 2639044 31512 158 2583222 28242 0
1459947785374703 160 2637668 30317 157 2582367 26822 0
1459947785389764 161 2637680 27959 158 2582859 25180 0
1459947785405060 161 2637691 25784 158 2583313 23630 0
1459947785419575 160 2636421 24939 157 2582451 22576 0
1459947785433965 160 2635250 24068 157 2581657 21543 0
1459947785448503 160 2634171 23181 157 2580925 20533 0
1459947785463462 162 2635736 22812 160 2584090 21845 0
1459947785478485 161 2635899 21179 158 2584447 20468 0
1459947785492411 153 2625809 28825 150 2574537 28003 0
1459947785507054 159 2624187 28067 155 2571801 28336 0
1459947785522864 163 2627812 29216 159 2574399 28517 0
1459947785538296 161 2628594 27654 159 2576794 28496 0
1459947785553992 161 2629315 26157 156 2575161 27773 0
1459947785569403 162 2631259 25905 157 2574936 25809 0
1459947785584911 162 2633051 25533 158 2576009 24781 0
1459947785599821 159 2630863 25554 156 2574438 24291 0
1459947785614694 159 2628846 25415 156 2572990 23727 0
1459947785629637 160 2628267 23962 155 2570375 24283 0
1459947785645334 165 2634133 27497 162 2576924 28422 0
1459947785660827 162 2635701 26793 157 2576561 26534 0
1459947785677078 164 2639706 28391 162 2582627 30053 0
1459947785690905 157 2634438 31027 154 2577979 31989 0
1459947785705744 160 2633422 29539 157 2577534 29898 0
1459947785720777 160 2632485 28093 159 2579684 29544 0
1459947785735951 160 2631622 26693 156 2577826 28947 0
1459947785751451 159 2629546 26520 156 2576113 28263 0
1459947785767671 163 2632752 27404 160 2579654 29318 0
1459947785783908 165 2638268 30348 161 2584198 31216 0
1459947785799320 162 2639513 29125 158 2584547 29099 0
1459947785813941 160 2638101 28150 157 2583589 27707 0
1459947785828793 160 2636799 27149 156 2581426 27535 0
1459947785843944 162 2638159 26280 159 2583272 27084 0
1459947785859443 162 2639412 25381 160 2586253 27716 0
1459947785874043 159 2636727 25872 156 2583881 27735 0
1459947785888817 161 2636812 23929 158 2584255 25913 0
1459947785903722 161 2636891 22131 158 2584600 24206 0
1459947785918285 160 2635683 21514 157 2583638 23200 0
1459947785932645 159 2633290 22038 155 2580191 24564 0
1459947785948369 164 2637484 24182 159 2582133 24434 0
1459947785963494 162 2638790 23496 158 2582643 22996 0
1459947785978460 162 2639994 22770 157 2581834 21944 0
1459947785994004 164 2643664 24374 161 2586208 24261 0
1459947786009270 161 2643207 22889 159 2587680 23722 0
1459947786025158 164 2646626 24252 162 2592877 26659 0
1459947786040570 161 2645938 22990 159 2593828 25453 0
1459947786057034 165 2650424 25328 162 2598545 27812 0
1459947786072456 162 2650719 23621 159 2599053 26107 0
1459947786087963 163 2652271 23206 159 2599521 24499 0
1459947786104054 164 2654982 23892 160 2601233 24163 0
1459947786119075 161 2653641 23260 159 2601531 22550 0
1459947786134519 162 2653685 21482 159 2601806 21041 0
1459947786149892 162 2653725 19840 158 2600779 20342 0
1459947786164496 158 2648642 22975 154 2594713 24343 0
1459947786179211 159 2645236 24319 156 2591681 25236 0
1459947786192968 155 2636976 30032 154 2586325 28200 0
1459947786207993 162 2638322 28926 158 2586508 26165 0
1459947786222572 160 2637003 27881 158 2586677 24275 0
1459947786237635 160 2635787 26822 157 2585552 23414 0
1459947786252848 164 2639786 28412 159 2587075 22988 0
1459947786267738 161 2639632 26333 158 2587199 21307 0
1459947786282962 164 2643330 27684 159 2588594 20928 0
1459947786297787 160 2641619 27097 158 2588600 19298 0
1459947786312578 161 2641322 25253 156 2586045 20144 0
1459947786327763 163 2643608 25388 159 2587530 19939 0
1459947786342551 161 2643156 23820 158 2587619 18463 0
1459947786357245 162 2644019 22755 160 2590261 19455 0
1459947786371034 155 2635855 28503 153 2583736 23949 0
1459947786385731 160 2634728 27314 157 2582841 22901 0
1459947786400935 162 2636249 26583 159 2584576 22711 0
1459947786415897 161 2636372 24619 156 2582336 23001 0
1459947786429982 158 2632645 26130 154 2577711 25467 0
1459947786444117 157 2627929 28434 153 2572167 28587 0
1459947786459220 162 2629982 28104 159 2574736 28721 0
1459947786473509 160 2629314 26523 157 2574544 26653 0
1459947786488314 161 2629978 25062 158 2575647 25587 0
1459947786502828 161 2630590 23669 157 2575384 23829 0
1459947786517962 161 2631155 22340 156 2573862 23369 0
1459947786533216 162 2632956 22254 158 2575019 22609 0
1459947786548053 162 2634616 22045 160 2578645 24185 0
1459947786563899 163 2637426 22913 160 2581988 25377 0
1459947786579686 163 2640017 23510 161 2586350 27415 0
1459947786594146 160 2638565 23010 156 2583971 27465 0
1459947786609199 162 2639787 22338 160 2586898 28017 0
1459947786624322 162 2640913 21630 158 2587036 25955 0
1459947786639827 163 2643231 22077 158 2587163 24044 0
1459947786656190 164 2646648 23502 159 2588560 23453 0
1459947786670504 159 2643398 24660 156 2586008 23971 0
1459947786684910 162 2644242 23511 160 2588776 24649 0
1459947786700590 164 2647580 24751 160 2591327 25075 0
1459947786715398 160 2645537 24699 156 2588559 25667 0
1459947786730462 161 2644934 23324 158 2588567 23669 0
1459947786746109 163 2646938 23348 158 2588575 21826 0
1459947786761114 163 2648785 23226 160 2591142 22487 0
1459947786776149 162 2649208 21801 159 2592229 21732 0
1459947786791748 164 2652158 22817 160 2594511 22137 0
1459947786806410 160 2649758 23246 158 2594054 20827 0
1459947786820692 160 2647545 23468 156 2591073 21946 0
1459947786835239 161 2646785 22334 157 2589605 21583 0
1459947786849299 159 2643524 23594 155 2585692 23503 0
1459947786864665 164 2646918 24879 160 2588484 24240 0
1459947786878566 159 2643647 25949 155 2584658 25872 0
1459947786892519 159 2640632 26700 155 2581131 27100 0
1459947786907050 160 2639132 25996 156 2579160 26798 0
1459947786921560 163 2641589 26230 158 2579903 25389 0
1459947786935983 160 2640014 25631 157 2579308 23953 0
1459947786950672 162 2641122 24650 157 2578759 22586 0
1459947786965847 162 2642144 23666 159 2580813 22714 0
1459947786980092 159 2639246 24488 156 2578866 22732 0
1459947786995427 163 2641694 24831 160 2582192 24022 0
1459947787010031 159 2638831 25529 155 2578858 25218 0
1459947787024765 160 2637472 24786 157 2578344 23720 0
1459947787040091 162 2638779 24054 159 2580430 23789 0
1459947787055522 164 2642544 25645 158 2581073 22523 0
1459947787070270 160 2640895 25160 156 2579106 22575 0
1459947787085225 162 2641935 24152 159 2581133 22679 0
1459947787100358 162 2642893 23148 157 2580441 21543 0
1459947787114508 160 2641216 22884 158 2581084 20451 0
1459947787128474 160 2639671 22520 158 2581676 19399 0
1459947787141875 160 2638246 22072 157 2580942 18559 0
1459947787156743 159 2635653 22737 155 2577705 20092 0
1459947787172211 164 2639662 24656 161 2582401 22851 0
1459947787186881 161 2639518 22861 156 2580330 22973 0
1459947787201332 162 2640665 22132 157 2579701 21757 0
1459947787215867 161 2640443 20606 158 2580401 20703 0
1459947787230713 162 2641518 19987 160 2583607 22040 0
1459947787246247 163 2643789 20518 159 2585282 21862 0
1459947787262242 163 2645882 20845 158 2585546 20398 0
1459947787277635 162 2646532 19815 159 2587070 20209 0
1459947787292161 158 2642011 22433 156 2584635 20874 0
1459947787307149 162 2642963 21558 160 2587510 21893 0
1459947787321989 162 2643841 20682 157 2586320 21278 0
1459947787336937 161 2643370 19499 158 2586503 19784 0
1459947787352555 164 2646776 21115 160 2589232 20754 0
1459947787367681 161 2646076 20109 158 2589188 19172 0
1459947787382226 157 2640311 23851 154 2584027 22431 0
1459947787397308 160 2638836 23346 156 2581829 22703 0
1459947787412343 159 2636196 23954 154 2577243 25156 0
1459947787427809 161 2636323 22199 159 2579415 25193 0
1459947787443227 162 2637720 21752 160 2582698 26250 0
1459947787458412 161 2637728 20059 157 2581884 24948 0
1459947787474544 164 2641575 22037 160 2584974 25846 0
1459947787490034 163 2643841 22404 159 2586542 25272 0
1459947787506257 164 2647210 23759 159 2587988 24630 0
1459947787522139 162 2647756 22406 158 2588041 22754 0
1459947787537685 162 2648260 21119 157 2586810 22110 0
1459947787552947 162 2648724 19897 159 2588235 21696 0
1459947787568112 162 2649152 18737 159 2589549 21212 0
1459947787583861 164 2652107 19997 160 2592040 21850 0
1459947787599001 161 2650991 19462 158 2591776 20384 0
1459947787613801 162 2651242 18172 158 2591533 19014 0
1459947787628738 160 2648913 18898 158 2591309 17734 0
1459947787644328 162 2649326 17802 158 2591102 16537 0
1459947787660129 164 2652267 19122 160 2593472 17430 0
1459947787675643 162 2652418 17767 156 2590537 18773 0
1459947787690904 160 2649997 18609 158 2590391 17440 0
1459947787707150 163 2651605 18638 158 2590256 16200 0
1459947787723013 162 2651808 17368 160 2592692 17179 0
1459947787738403 163 2653275 17363 158 2592377 16125 0
1459947787753806 161 2652067 17118 158 2592087 15131 0
1459947787770796 165 2652067 17118 161 2592087 15131 1
1459947787787298 164 2654794 18294 160 2594380 16062 0
1459947787802619 160 2652188 19266 157 2592654 16398 0
1459947787816555 157 2652188 19266 153 2592654 16398 1
1459947787831712 163 2653625 19085 159 2593622 16009 0
1459947787847143 163 2654950 18815 159 2594515 15581 0
1459947787862314 161 2653612 18578 158 2594058 14783 0
1459947787876807 160 2651098 19443 156 2591077 16375 0
1459947787892326 161 2650060 18879 158 2590889 15268 0
1459947787907488 162 2650384 17702 159 2591995 15095 0
1459947787921085 154 2650384 17702 151 2591995 15095 1
1459947787936278 162 2650682 16594 158 2591735 14154 0
1459947787951596 161 2649677 16223 157 2590215 14448 0
1459947787966276 159 2649677 16223 155 2590215 14448 1
1459947787981205 160 2647470 16988 156 2587534 15790 0
1459947787997502 165 2647470 16988 161 2587534 15790 1
1459947788012532 161 2646716 16354 158 2587622 14638 0
1459947788027993 162 2647301 15615 158 2587704 13569 0
1459947788043726 163 2649120 16072 159 2589059 13757 0
1459947788059818 165 2649120 16072 162 2589059 13757 1
1459947788075623 162 2649517 15182 159 2590308 13834 0
1459947788090936 161 2648603 14837 157 2588900 14050 0
1459947788105535 158 2648603 14837 155 2588900 14050 1
1459947788120401 162 2649040 14080 159 2590162 14115 0
1459947788137136 165 2649040 14080 161 2590162 14115 1
1459947788152184 158 2649040 14080 154 2590162 14115 1
1459947788166958 161 2648163 13787 156 2587485 15479 0
1459947788181845 160 2648163 13787 155 2587485 15479 1
1459947788197256 159 2644795 15813 156 2585017 16543 0
1459947788212229 160 2644795 15813 155 2585017 16543 1
1459947788228014 161 2644250 15079 157 2584022 16166 0
1459947788242924 163 2646307 15797 158 2584385 15237 0
1459947788257385 158 2646307 15797 153 2584385 15237 1
1459947788272384 162 2646924 15131 159 2585999 15534 0
1459947788287334 162 2647493 14472 156 2583647 16487 0
1459947788301520 158 2647493 14472 153 2583647 16487 1
1459947788315903 160 2645457 15217 155 2580199 18376 0
1459947788330098 157 2639740 19297 155 2577020 19869 0
1459947788345721 164 2643430 21191 159 2579210 20335 0
1459947788359823 158 2639152 23478 155 2576109 21604 0
1459947788374135 161 2639048 21738 156 2574530 21371 0
1459947788389740 163 2641512 22310 158 2575634 20719 0
1459947788404404 159 2638663 23192 154 2571532 22880 0
1459947788419344 163 2641157 23679 157 2571591 21146 0
1459947788434640 160 2639616 23249 157 2571645 19543 0
1459947788450139 161 2639476 21561 156 2570415 19149 0
1459947788464634 158 2635506 23534 154 2566721 21057 0
1459947788478756 158 2631847 25068 154 2563315 22549 0
1459947788493985 159 2629753 25038 156 2562736 21320 0
1459947788508518 158 2626543 26039 154 2559642 22506 0
1459947788523569 161 2627424 24816 156 2559349 21016 0
1459947788539609 162 2629516 24806 157 2560359 20305 0
1459947788554229 160 2628885 23449 156 2560010 19038 0
1459947788569559 164 2633423 25800 159 2563529 20794 0
1459947788585245 161 2633766 24101 158 2565493 20979 0
1459947788599829 160 2632803 23105 155 2563463 21210 0
1459947788614012 158 2629355 24477 155 2561592 21276 0
1459947788629112 162 2631296 24354 158 2563707 21563 0
1459947788644146 162 2633086 24101 158 2565657 21676 0
1459947788659138 162 2634736 23739 159 2568735 22819 0
1459947788674300 162 2636257 23286 158 2570292 22471 0
1459947788689524 161 2636379 21578 157 2570447 20858 0
1459947788703596 156 2636379 21578 152 2570447 20858 1
1459947788718184 159 2633931 22147 156 2569310 20275 0
1459947788732707 157 2633931 22147 152 2569310 20275 1
1459947788748649 163 2636795 23056 160 2573382 22445 0
1459947788763812 162 2638155 22508 159 2575856 22972 0
1459947788778742 161 2638129 20772 157 2575577 21433 0
1459947788793383 158 2634265 22710 156 2574040 21174 0
1459947788808644 161 2634543 21191 156 2572623 20825 0
1459947788823517 161 2634799 19771 158 2573876 20353 0
1459947788837079 155 2634799 19771 152 2573876 20353 1
1459947788852292 162 2636315 19623 158 2575031 19827 0
1459947788868122 162 2637712 19377 159 2577376 20440 0
1459947788883103 161 2637720 17871 157 2576978 19209 0
1459947788898190 162 2639008 17661 158 2577891 18550 0
1459947788912981 161 2638915 16366 157 2577453 17503 0
1459947788928402 163 2641389 17368 159 2579609 18123 0
1459947788943703 161 2641110 16267 157 2579037 17234 0
1459947788957618 157 2641110 16267 153 2579037 17234 1
1459947788973159 164 2641110 16267 160 2579037 17234 1
1459947788988277 161 2640853 15232 157 2578509 16373 0
1459947789002794 161 2640616 14260 157 2578022 15540 0
1459947789017870 160 2639117 14526 155 2575014 17097 0
1459947789031393 158 2639117 14526 154 2575014 17097 1
1459947789046077 160 2637735 14664 156 2573521 17137 0
1459947789061813 164 2637735 14664 160 2573521 17137 1
1459947789077617 164 2637735 14664 160 2573521 17137 1
1459947789092175 159 2635181 15871 155 2570864 18246 0
1459947789106782 158 2631547 17980 155 2568415 19077 0
1459947789120831 158 2628197 19662 154 2564877 20847 0
1459947789136496 162 2630229 19998 158 2566735 20931 0
1459947789150523 158 2630229 19998 153 2566735 20931 1
1459947789165215 161 2630822 18982 157 2567168 19695 0
1459947789179798 161 2631369 18003 157 2567568 18524 0
1459947789194754 162 2633153 18240 157 2567936 17416 0
1459947789209733 162 2634797 18331 158 2569556 17548 0
1459947789225079 162 2636313 18296 158 2571049 17553 0
1459947789239498 158 2632591 20297 155 2568585 18451 0
1459947789255009 163 2635559 21447 158 2570154 18455 0
1459947789270867 162 2637015 21114 159 2572880 19526 0
1459947789286618 163 2639638 21882 159 2575393 20317 0
1459947789302045 163 2642056 22401 158 2576430 19685 0
1459947789316293 156 2642056 22401 153 2576430 19685 1
1459947789331658 163 2644285 22705 159 2578666 20208 0
1459947789346665 160 2642500 22576 156 2576887 20268 0
1459947789361071 159 2639574 23508 155 2573967 21375 0
1459947789376547 162 2640717 22724 158 2575115 20764 0
1459947789391858 160 2639210 22336 158 2576174 20117 0
1459947789407197 163 2641661 22851 158 2577150 19445 0
1459947789423014 163 2643921 23148 159 2579330 19934 0
1459947789438280 163 2646004 23259 158 2580059 19048 0
1459947789453923 161 2645364 22030 158 2580731 18179 0
1459947789469227 162 2646054 20945 157 2580071 17366 0
1459947789483836 160 2644131 21080 156 2578182 17749 0
1459947789498408 157 2644131 21080 154 2578182 17749 1
1459947789513232 160 2642358 21067 157 2577721 16786 0
1459947789527877 157 2642358 21067 153 2577721 16786 1
1459947789541855 159 2639443 22107 155 2574736 18225 0
1459947789556315 159 2636756 22855 155 2571984 19337 0
1459947789571120 159 2634279 23352 157 2572007 17847 0
1459947789585892 160 2633275 22451 156 2570748 17611 0
1459947789601520 162 2634910 22204 157 2570868 16345 0
1459947789615915 157 2634910 22204 154 2570868 16345 1
1459947789630011 157 2630017 24979 155 2568418 17325 0
1459947789645561 163 2633186 25949 159 2571280 18609 0
1459947789660869 162 2634828 25435 157 2571358 17227 0
1459947789675570 163 2637622 26022 158 2572710 17128 0
1459947789690745 162 2638917 25183 159 2575237 18118 0
1459947789705655 161 2638831 23293 156 2573726 18094 0
1459947789719059 151 2638831 23293 150 2573726 18094 1
1459947789732712 154 2638831 23293 151 2573726 18094 1
1459947789746565 159 2636192 23905 155 2571053 19143 0
1459947789762558 163 2638879 24514 158 2572429 18915 0
1459947789777637 160 2637516 23853 158 2573697 18606 0
1459947789792177 158 2633700 25506 154 2569746 20793 0
1459947789807792 162 2635302 24990 158 2571224 20531 0
1459947789822955 161 2635499 23218 158 2572587 20183 0
1459947789837766 160 2634400 22416 155 2570003 20987 0
1459947789852692 161 2634667 20910 157 2570181 19511 0
1459947789867974 163 2637473 21863 158 2571625 19317 0
1459947789883754 164 2641340 23719 161 2576796 22574 0
1459947789898407 161 2641065 22118 158 2577723 21665 0
1459947789913458 162 2642091 21336 157 2577298 20363 0
1459947789928827 161 2641757 19976 157 2576906 19132 0
1459947789943908 161 2641449 18698 157 2576545 17969 0
1459947789959256 163 2643725 19335 159 2578772 18618 0
1459947789973852 159 2640703 20608 155 2575705 19989 0
1459947789988965 164 2644318 22330 159 2577998 20540 0
1459947790003400 161 2643810 21052 157 2577551 19346 0
1459947790017822 161 2643342 19838 156 2575859 19392 0
1459947790032779 161 2642910 18685 157 2575580 18134 0
1459947790046377 157 2642910 18685 154 2575580 18134 1
1459947790061830 166 2642910 18685 161 2575580 18134 1
1459947790076181 159 2639952 19951 157 2575322 16954 0
1459947790090643 160 2638505 19725 155 2572524 18207 0
1459947790105765 163 2641011 20494 159 2575065 19127 0
1459947790120643 160 2639482 20301 154 2571008 21372 0
1459947790135296 162 2640632 19774 159 2573668 22154 0
1459947790150242 160 2639132 19611 156 2572280 21702 0
1459947790164360 158 2635189 21712 154 2568440 23545 0
1459947790179280 161 2635394 20204 156 2567460 22607 0
1459947790193091 158 2631743 21989 155 2565277 22852 0
1459947790208448 162 2633498 21888 158 2567104 22751 0
1459947790223622 161 2633835 20489 156 2566229 21779 0
1459947790239038 163 2636706 21535 159 2569262 22873 0
1459947790253219 158 2632953 23311 155 2566938 23228 0
1459947790268429 163 2635893 24199 158 2568635 22978 0
1459947790283381 163 2638603 24807 158 2570200 22625 0
1459947790298145 161 2638542 22924 157 2570363 21007 0
1459947790313079 159 2635925 23544 156 2569233 20406 0
1459947790328405 161 2636073 21840 156 2568191 19770 0
1459947790343512 161 2636209 20259 158 2569791 19700 0
1459947790358317 163 2638895 21152 161 2575106 23059 0
1459947790372254 160 2637531 20756 156 2573605 22639 0
1459947790386870 161 2637553 19155 158 2574782 21955 0
1459947790402557 163 2640134 20037 160 2578427 23599 0
1459947790417726 162 2641233 19484 159 2580507 23672 0
1459947790432752 160 2639686 19386 158 2581144 22410 0
1459947790447780 162 2640820 18916 157 2580452 21296 0
1459947790462017 159 2638025 20013 154 2575974 23759 0
1459947790476934 158 2634169 22003 155 2573126 24527 0
1459947790492455 162 2635734 21727 160 2576900 26089 0
1459947790507353 160 2634617 21058 155 2573979 26742 0
1459947790521797 160 2633587 20360 156 2572566 25953 0
1459947790536710 162 2635198 20254 158 2573824 25085 0
1459947790551142 160 2634123 19661 156 2572424 24415 0
1459947790565541 160 2633132 19037 155 2569853 24876 0
1459947790580702 162 2634778 19066 159 2572603 25467 0
1459947790595538 159 2632455 19716 157 2572578 23499 0
1459947790609692 159 2630314 20148 156 2571275 22863 0
1459947790624964 161 2630900 19113 159 2573914 23508 0
1459947790640275 162 2632720 19297 157 2573786 21788 0
1459947790654729 161 2633118 18156 156 2572388 21372 0
1459947790668812 159 2630925 18758 156 2571100 20889 0
1459947790683217 160 2630183 17975 157 2571192 19342 0
1459947790698014 162 2632059 18300 160 2575117 21448 0
1459947790712494 162 2633789 18465 158 2576175 20748 0
1459947790727620 161 2634104 17312 157 2575871 19406 0
1459947790743388 162 2635674 17406 158 2576871 18810 0
1459947790759025 162 2637121 17380 158 2577792 18190 0
1459947790774989 163 2639735 18432 159 2579922 18731 0
1459947790789821 161 2639585 17129 158 2580605 17897 0
1459947790804767 163 2642007 18023 160 2583795 19439 0
1459947790819485 162 2642960 17492 160 2586736 20631 0
1459947790834801 162 2643838 16935 159 2588167 20338 0
1459947790850167 161 2643368 16044 157 2586926 19892 0
1459947790864438 158 2639094 18729 156 2584502 20571 0
1459947790878956 161 2638994 17356 157 2583547 19842 0
1459947790893553 159 2636342 18444 156 2581387 20281 0
1459947790908117 162 2637737 18289 157 2580676 19351 0
1459947790922986 161 2637743 16866 157 2580020 18443 0
1459947790937800 160 2636469 16722 157 2579415 17558 0
1459947790953199 162 2637854 16692 159 2581418 18032 0
1459947790968446 162 2639131 16564 158 2581984 17145 0
1459947790983480 161 2639028 15363 158 2582506 16286 0
1459947790997953 160 2637653 15428 157 2581707 15748 0
1459947791012969 160 2636386 15389 156 2579691 16375 0
1459947791027353 160 2635218 15262 156 2577832 16808 0
1459947791041812 161 2635421 14256 158 2578678 16274 0
1459947791055646 157 2630488 17688 155 2575618 17822 0
1459947791070409 162 2632341 18014 158 2576637 17369 0
1459947791085130 160 2631489 17391 157 2576297 16325 0
1459947791100080 162 2633263 17668 159 2578543 17120 0
1459947791114674 159 2631059 18318 156 2576774 17412 0
1459947791129787 162 2632867 18553 159 2578983 18087 0
1459947791144231 159 2630694 19105 155 2575899 19515 0
1459947791158990 160 2629971 18278 156 2574336 19430 0
1459947791173533 159 2628024 18644 156 2572896 19239 0
1459947791188478 163 2631349 20252 159 2575408 20051 0
1459947791203614 163 2634414 21495 160 2579004 21799 0
1459947791218863 162 2635960 21240 160 2582319 23151 0
1459947791233405 161 2636105 19714 158 2582815 21799 0
1459947791248833 161 2636239 18296 158 2583272 20516 0
1459947791264310 163 2638922 19340 161 2587533 22841 0
1459947791279495 163 2641396 20109 160 2590181 23498 0
1459947791293704 161 2641116 18794 156 2587503 24130 0
1459947791309036 163 2643418 19447 158 2587594 22328 0
1459947791323704 161 2642980 18329 157 2586398 21685 0
1459947791338541 162 2643857 17705 159 2587855 21333 0
1459947791352820 159 2640825 19115 156 2585358 21967 0
1459947791368609 163 2643150 19764 159 2586896 21668 0
1459947791383137 160 2641453 19782 157 2585754 21027 0
1459947791397838 160 2639889 19677 155 2582141 22713 0
1459947791412669 160 2638447 19467 157 2581371 21647 0
1459947791427546 161 2638398 17990 159 2583221 21660 0
1459947791442347 159 2635793 18985 155 2579806 23114 0
1459947791457525 160 2634671 18534 155 2576658 24209 0
1459947791472561 161 2634917 17313 157 2576316 22631 0
1459947791486905 159 2632584 18110 156 2574721 22332 0
1459947791501771 161 2632993 17072 158 2575810 21591 0
1459947791516998 159 2630810 17750 156 2574254 21337 0
1459947791531435 159 2628797 18217 156 2572820 20991 0
1459947791543908 147 2628797 18217 137 2572820 20991 1
1459947791556006 148 2628797 18217 136 2572820 20991 1
1459947791568356 148 2628797 18217 137 2572820 20991 1
1459947791580175 149 2628797 18217 141 2572820 20991 1
1459947791592198 151 2628797 18217 145 2572820 20991 1
1459947791604057 148 2628797 18217 142 2572820 20991 1
1459947791616670 151 2628797 18217 144 2572820 20991 1
1459947791629242 151 2628797 18217 143 2572820 20991 1
1459947791641449 151 2628797 18217 145 2572820 20991 1
1459947791653825 149 2628797 18217 142 2572820 20991 1
1459947791666254 152 2628797 18217 145 2572820 20991 1
1459947791678324 151 2628797 18217 144 2572820 20991 1
1459947791689904 148 2628797 18217 143 2572820 20991 1
1459947791701115 150 2628797 18217 143 2572820 20991 1
1459947791713105 151 2628797 18217 142 2572820 20991 1
1459947791725959 151 2628797 18217 145 2572820 20991 1
1459947791738820 153 2628797 18217 146 2572820 20991 1
1459947791750252 148 2628797 18217 142 2572820 20991 1
1459947791762104 151 2628797 18217 144 2572820 20991 1
1459947791774025 149 2628797 18217 142 2572820 20991 1
1459947791786305 148 2628797 18217 143 2572820 20991 1
1459947791797688 153 2628797 18217 143 2572820 20991 1
1459947791810562 158 2628797 18217 142 2572820 20991 1
1459947791821891 155 2628797 18217 138 2572820 20991 1
1459947791833712 159 2628797 18217 140 2572820 20991 1
1459947791846564 160 2628797 18217 141 2572820 20991 1
1459947791858134 158 2628797 18217 139 2572820 20991 1
1459947791870686 161 2628797 18217 140 2572820 20991 1
1459947791882800 160 2628797 18217 139 2572820 20991 1
1459947791894842 160 2628797 18217 139 2572820 20991 1
1459947791906745 160 2628797 18217 137 2572820 20991 1
1459947791919193 163 2628797 18217 139 2572820 20991 1
1459947791931293 162 2628797 18217 138 2572820 20991 1
1459947791943596 161 2628797 18217 137 2572820 20991 1
1459947791956025 162 2628797 18217 139 2572820 20991 1
1459947791968377 164 2628797 18217 138 2572820 20991 1
1459947791980481 162 2628797 18217 138 2572820 20991 1
1459947791991658 161 2628797 18217 136 2572820 20991 1
1459947792002592 157 2628797 18217 133 2572820 20991 1
1459947792014867 163 2628797 18217 139 2572820 20991 1
1459947792027508 163 2628797 18217 138 2572820 20991 1
1459947792039484 162 2628797 18217 135 2572820 20991 1
1459947792052101 166 2628797 18217 141 2572820 20991 1
1459947792063720 163 2628797 18217 137 2572820 20991 1
1459947792075379 161 2628797 18217 137 2572820 20991 1
1459947792087656 166 2628797 18217 139 2572820 20991 1
1459947792099709 163 2628797 18217 137 2572820 20991 1
1459947792112731 167 2628797 18217 141 2572820 20991 1
1459947792124752 163 2628797 18217 137 2572820 20991 1
1459947792137587 164 2628797 18217 138 2572820 20991 1
1459947792149619 164 2628797 18217 138 2572820 20991 1
1459947792161472 163 2628797 18217 136 2572820 20991 1
1459947792173571 162 2628797 18217 135 2572820 20991 1
1459947792185557 163 2628797 18217 136 2572820 20991 1
1459947792196807 161 2628797 18217 136 2572820 20991 1
1459947792207455 159 2628797 18217 132 2572820 20991 1
1459947792219446 164 2628797 18217 135 2572820 20991 1
1459947792230588 162 2628797 18217 134 2572820 20991 1
1459947792243297 166 2628797 18217 139 2572820 20991 1
1459947792255754 165 2628797 18217 138 2572820 20991 1
1459947792268388 164 2628797 18217 136 2572820 20991 1
1459947792280641 165 2628797 18217 138 2572820 20991 1
1459947792292881 165 2628797 18217 137 2572820 20991 1
1459947792304639 163 2628797 18217 136 2572820 20991 1
1459947792316710 166 2628797 18217 138 2572820 20991 1
1459947792328231 162 2628797 18217 134 2572820 20991 1
1459947792340101 167 2628797 18217 139 2572820 20991 1
1459947792352238 165 2628797 18217 138 2572820 20991 1
1459947792364924 166 2628797 18217 137 2572820 20991 1
1459947792375731 162 2628797 18217 135 2572820 20991 1
1459947792387486 164 2628797 18217 137 2572820 20991 1
1459947792400114 167 2628797 18217 137 2572820 20991 1
1459947792411689 164 2628797 18217 136 2572820 20991 1
1459947792424106 165 2628797 18217 137 2572820 20991 1
1459947792436703 167 2628797 18217 140 2572820 20991 1
1459947792448628 166 2628797 18217 138 2572820 20991 1
1459947792459773 162 2628797 18217 135 2572820 20991 1
1459947792471572 165 2628797 18217 136 2572820 20991 1
1459947792483937 165 2628797 18217 136 2572820 20991 1
1459947792495771 166 2628797 18217 138 2572820 20991 1
1459947792507237 164 2628797 18217 135 2572820 20991 1
1459947792519279 166 2628797 18217 136 2572820 20991 1
1459947792530737 163 2628797 18217 135 2572820 20991 1
1459947792542912 166 2628797 18217 137 2572820 20991 1
1459947792555372 167 2628797 18217 138 2572820 20991 1
1459947792566761 163 2628797 18217 134 2572820 20991 1
1459947792578784 165 2628797 18217 136 2572820 20991 1
1459947792590403 163 2628797 18217 135 2572820 20991 1
1459947792601531 161 2628797 18217 133 2572820 20991 1
1459947792613531 164 2628797 18217 136 2572820 20991 1
1459947792625693 166 2628797 18217 137 2572820 20991 1
1459947792637770 165 2628797 18217 136 2572820 20991 1
1459947792650325 167 2628797 18217 138 2572820 20991 1
1459947792662026 164 2628797 18217 138 2572820 20991 1
1459947792674084 167 2628797 18217 138 2572820 20991 1
1459947792686347 167 2628797 18217 138 2572820 20991 1
1459947792697833 162 2628797 18217 134 2572820 20991 1
1459947792710665 167 2628797 18217 138 2572820 20991 1
1459947792723052 168 2628797 18217 137 2572820 20991 1
1459947792735165 167 2628797 18217 137 2572820 20991 1
1459947792746776 164 2628797 18217 135 2572820 20991 1
1459947792759200 166 2628797 18217 137 2572820 20991 1
1459947792771182 166 2628797 18217 138 2572820 20991 1
1459947792783916 168 2628797 18217 139 2572820 20991 1
1459947792796149 169 2628797 18217 139 2572820 20991 1
1459947792808681 166 2628797 18217 137 2572820 20991 1
1459947792821262 168 2628797 18217 138 2572820 20991 1
1459947792832762 166 2628797 18217 137 2572820 20991 1
1459947792844609 164 2628797 18217 136 2572820 20991 1
1459947792858055 169 2628797 18217 140 2572820 20991 1
1459947792869928 166 2628797 18217 137 2572820 20991 1
1459947792880954 158 2628797 18217 129 2572820 20991 1
1459947792893369 165 2628797 18217 136 2572820 20991 1
1459947792906211 167 2628797 18217 138 2572820 20991 1
1459947792917826 166 2628797 18217 137 2572820 20991 1
1459947792930833 166 2628797 18217 136 2572820 20991 1
1459947792943459 166 2628797 18217 137 2572820 20991 1
1459947792955689 166 2628797 18217 137 2572820 20991 1
1459947792967454 166 2628797 18217 136 2572820 20991 1
1459947792978926 162 2628797 18217 132 2572820 20991 1
1459947792991240 167 2628797 18217 136 2572820 20991 1
1459947793004118 167 2628797 18217 137 2572820 20991 1
1459947793016523 166 2628797 18217 135 2572820 20991 1
1459947793029110 167 2628797 18217 137 2572820 20991 1
1459947793041490 167 2628797 18217 136 2572820 20991 1
1459947793050818 148 2628797 18217 117 2572820 20991 1
1459947793063518 167 2628797 18217 136 2572820 20991 1
1459947793077040 169 2628797 18217 140 2572820 20991 1
1459947793089664 168 2628797 18217 137 2572820 20991 1
1459947793102384 168 2628797 18217 138 2572820 20991 1
1459947793113669 165 2628797 18217 134 2572820 20991 1
1459947793125774 168 2628797 18217 136 2572820 20991 1
1459947793137860 166 2628797 18217 136 2572820 20991 1
1459947793150227 169 2628797 18217 137 2572820 20991 1
1459947793161991 166 2628797 18217 136 2572820 20991 1
1459947793173632 166 2628797 18217 135 2572820 20991 1
1459947793185786 168 2628797 18217 138 2572820 20991 1
1459947793198313 167 2628797 18217 136 2572820 20991 1
1459947793210387 166 2628797 18217 133 2572820 20991 1
1459947793221554 164 2628797 18217 134 2572820 20991 1
1459947793232667 160 2628797 18217 130 2572820 20991 1
1459947793245245 165 2628797 18217 136 2572820 20991 1
1459947793257840 168 2628797 18217 138 2572820 20991 1
1459947793269595 168 2628797 18217 138 2572820 20991 1
1459947793282206 170 2628797 18217 139 2572820 20991 1
1459947793293473 164 2628797 18217 134 2572820 20991 1
1459947793305877 169 2628797 18217 138 2572820 20991 1
1459947793318050 168 2628797 18217 138 2572820 20991 1
1459947793330083 166 2628797 18217 137 2572820 20991 1
1459947793342006 167 2628797 18217 136 2572820 20991 1
1459947793353996 165 2628797 18217 136 2572820 20991 1
1459947793366460 168 2628797 18217 137 2572820 20991 1
1459947793377365 164 2628797 18217 134 2572820 20991 1
1459947793389282 166 2628797 18217 137 2572820 20991 1
1459947793401209 166 2628797 18217 136 2572820 20991 1
1459947793411922 161 2628797 18217 129 2572820 20991 1
1459947793424061 165 2628797 18217 135 2572820 20991 1
1459947793436194 167 2628797 18217 136 2572820 20991 1
1459947793447481 165 2628797 18217 135 2572820 20991 1
1459947793460162 169 2628797 18217 139 2572820 20991 1
1459947793470583 161 2628797 18217 131 2572820 20991 1
1459947793483022 168 2628797 18217 138 2572820 20991 1
1459947793495154 168 2628797 18217 136 2572820 20991 1
1459947793507223 167 2628797 18217 137 2572820 20991 1
1459947793519677 168 2628797 18217 136 2572820 20991 1
1459947793531238 167 2628797 18217 132 2572820 20991 1
1459947793542316 163 2628797 18217 131 2572820 20991 1
1459947793554178 166 2628797 18217 134 2572820 20991 1
1459947793565916 167 2628797 18217 136 2572820 20991 1
1459947793577804 167 2628797 18217 137 2572820 20991 1
1459947793589136 165 2628797 18217 135 2572820 20991 1
1459947793600513 166 2628797 18217 134 2572820 20991 1
1459947793612758 168 2628797 18217 138 2572820 20991 1
1459947793624886 168 2628797 18217 138 2572820 20991 1
1459947793637353 168 2628797 18217 136 2572820 20991 1
1459947793649863 169 2628797 18217 138 2572820 20991 1
1459947793661779 168 2628797 18217 136 2572820 20991 1
1459947793673386 166 2628797 18217 135 2572820 20991 1
1459947793686084 166 2628797 18217 136 2572820 20991 1
1459947793698191 166 2628797 18217 135 2572820 20991 1
1459947793710483 168 2628797 18217 137 2572820 20991 1
1459947793723065 170 2628797 18217 137 2572820 20991 1
1459947793735063 167 2628797 18217 137 2572820 20991 1
1459947793747627 169 2628797 18217 137 2572820 20991 1
1459947793759621 168 2628797 18217 135 2572820 20991 1
1459947793771447 168 2628797 18217 137 2572820 20991 1
1459947793783812 170 2628797 18217 140 2572820 20991 1
1459947793795148 166 2628797 18217 135 2572820 20991 1
1459947793807109 168 2628797 18217 136 2572820 20991 1
1459947793819182 169 2628797 18217 138 2572820 20991 1
1459947793831144 168 2628797 18217 137 2572820 20991 1
1459947793843285 168 2628797 18217 137 2572820 20991 1
1459947793854787 168 2628797 18217 136 2572820 20991 1
1459947793866355 167 2628797 18217 135 2572820 20991 1
1459947793878350 169 2628797 18217 139 2572820 20991 1
1459947793889515 166 2628797 18217 134 2572820 20991 1
1459947793902108 169 2628797 18217 138 2572820 20991 1
1459947793914199 168 2628797 18217 137 2572820 20991 1
1459947793925708 165 2628797 18217 133 2572820 20991 1
1459947793937923 165 2628797 18217 135 2572820 20991 1
1459947793948668 166 2628797 18217 132 2572820 20991 1
1459947793960343 167 2628797 18217 135 2572820 20991 1
1459947793971974 169 2628797 18217 138 2572820 20991 1
1459947793983402 165 2628797 18217 134 2572820 20991 1
1459947793995522 167 2628797 18217 135 2572820 20991 1
1459947794006663 164 2628797 18217 134 2572820 20991 1
1459947794018459 167 2628797 18217 134 2572820 20991 1
1459947794029957 167 2628797 18217 135 2572820 20991 1
1459947794041595 166 2628797 18217 136 2572820 20991 1
1459947794053375 168 2628797 18217 135 2572820 20991 1
1459947794064578 164 2628797 18217 131 2572820 20991 1
1459947794076507 169 2628797 18217 136 2572820 20991 1
1459947794088669 169 2628797 18217 138 2572820 20991 1
1459947794100801 168 2628797 18217 137 2572820 20991 1
1459947794112079 165 2628797 18217 135 2572820 20991 1
1459947794122919 165 2628797 18217 133 2572820 20991 1
1459947794135564 169 2628797 18217 137 2572820 20991 1
1459947794147594 168 2628797 18217 137 2572820 20991 1
1459947794159809 168 2628797 18217 136 2572820 20991 1
1459947794171723 168 2628797 18217 137 2572820 20991 1
1459947794182984 168 2628797 18217 136 2572820 20991 1
1459947794195208 169 2628797 18217 137 2572820 20991 1
1459947794206497 167 2628797 18217 135 2572820 20991 1
1459947794217794 166 2628797 18217 132 2572820 20991 1
1459947794230594 171 2628797 18217 139 2572820 20991 1
1459947794242199 168 2628797 18217 136 2572820 20991 1
1459947794254931 169 2628797 18217 137 2572820 20991 1
1459947794267167 168 2628797 18217 136 2572820 20991 1
1459947794279198 167 2628797 18217 136 2572820 20991 1
1459947794291631 170 2628797 18217 138 2572820 20991 1
1459947794303762 169 2628797 18217 137 2572820 20991 1
1459947794315719 168 2628797 18217 137 2572820 20991 1
1459947794327477 167 2628797 18217 134 2572820 20991 1
1459947794337684 159 2628797 18217 129 2572820 20991 1
1459947794349975 167 2628797 18217 136 2572820 20991 1
1459947794361429 169 2628797 18217 137 2572820 20991 1
1459947794372834 168 2628797 18217 136 2572820 20991 1
1459947794383965 167 2628797 18217 136 2572820 20991 1
1459947794395557 166 2628797 18217 134 2572820 20991 1
1459947794407381 168 2628797 18217 137 2572820 20991 1
1459947794419485 168 2628797 18217 137 2572820 20991 1
1459947794431187 168 2628797 18217 137 2572820 20991 1
1459947794443087 168 2628797 18217 137 2572820 20991 1
1459947794454913 168 2628797 18217 138 2572820 20991 1
1459947794466132 164 2628797 18217 133 2572820 20991 1
1459947794477702 169 2628797 18217 135 2572820 20991 1
1459947794489376 166 2628797 18217 135 2572820 20991 1
1459947794502216 171 2628797 18217 139 2572820 20991 1
1459947794513695 166 2628797 18217 135 2572820 20991 1
1459947794526149 166 2628797 18217 135 2572820 20991 1
1459947794537723 167 2628797 18217 135 2572820 20991 1
1459947794550070 169 2628797 18217 137 2572820 20991 1
1459947794561633 165 2628797 18217 134 2572820 20991 1
1459947794573360 168 2628797 18217 136 2572820 20991 1
1459947794585701 166 2628797 18217 136 2572820 20991 1
1459947794597528 167 2628797 18217 136 2572820 20991 1
1459947794609372 168 2628797 18217 136 2572820 20991 1
1459947794622073 170 2628797 18217 139 2572820 20991 1
1459947794634593 169 2628797 18217 137 2572820 20991 1
1459947794647069 169 2628797 18217 138 2572820 20991 1
1459947794658820 167 2628797 18217 134 2572820 20991 1
1459947794671020 169 2628797 18217 137 2572820 20991 1
1459947794682194 167 2628797 18217 135 2572820 20991 1
1459947794694102 166 2628797 18217 134 2572820 20991 1
1459947794705529 165 2628797 18217 134 2572820 20991 1
1459947794717775 169 2628797 18217 136 2572820 20991 1
1459947794729931 167 2628797 18217 136 2572820 20991 1
1459947794742385 169 2628797 18217 139 2572820 20991 1
1459947794754927 169 2628797 18217 136 2572820 20991 1
1459947794766617 168 2628797 18217 135 2572820 20991 1
1459947794779175 170 2628797 18217 137 2572820 20991 1
1459947794790561 167 2628797 18217 134 2572820 20991 1
1459947794803072 168 2628797 18217 136 2572820 20991 1
1459947794815554 169 2628797 18217 138 2572820 20991 1
1459947794827875 170 2628797 18217 138 2572820 20991 1
1459947794840391 169 2628797 18217 136 2572820 20991 1
1459947794852407 169 2628797 18217 137 2572820 20991 1
1459947794864100 169 2628797 18217 137 2572820 20991 1
1459947794876011 168 2628797 18217 136 2572820 20991 1
1459947794887896 167 2628797 18217 136 2572820 20991 1
1459947794899962 168 2628797 18217 137 2572820 20991 1
1459947794911302 168 2628797 18217 136 2572820 20991 1
1459947794923125 167 2628797 18217 137 2572820 20991 1
1459947794934917 168 2628797 18217 136 2572820 20991 1
1459947794947352 168 2628797 18217 137 2572820 20991 1
1459947794960001 170 2628797 18217 137 2572820 20991 1
1459947794972505 170 2628797 18217 137 2572820 20991 1
1459947794983959 166 2628797 18217 134 2572820 20991 1
1459947794996697 170 2628797 18217 139 2572820 20991 1
1459947795009012 169 2628797 18217 138 2572820 20991 1
1459947795021002 167 2628797 18217 137 2572820 20991 1
1459947795032579 167 2628797 18217 136 2572820 20991 1
1459947795044751 169 2628797 18217 136 2572820 20991 1
1459947795056826 170 2628797 18217 136 2572820 20991 1
1459947795069248 169 2628797 18217 136 2572820 20991 1
1459947795081572 169 2628797 18217 137 2572820 20991 1
1459947795093211 167 2628797 18217 134 2572820 20991 1
1459947795105692 169 2628797 18217 139 2572820 20991 1
1459947795116787 167 2628797 18217 134 2572820 20991 1
1459947795129040 169 2628797 18217 137 2572820 20991 1
1459947795140512 168 2628797 18217 135 2572820 20991 1
1459947795152421 170 2628797 18217 136 2572820 20991 1
1459947795165155 171 2628797 18217 138 2572820 20991 1
1459947795176961 167 2628797 18217 135 2572820 20991 1
1459947795189240 170 2628797 18217 137 2572820 20991 1
1459947795201024 167 2628797 18217 135 2572820 20991 1
1459947795213034 168 2628797 18217 134 2572820 20991 1
1459947795224436 166 2628797 18217 134 2572820 20991 1
1459947795234747 163 2628797 18217 132 2572820 20991 1
1459947795247234 170 2628797 18217 140 2572820 20991 1
1459947795259951 170 2628797 18217 136 2572820 20991 1
1459947795272511 169 2628797 18217 136 2572820 20991 1
1459947795283448 165 2628797 18217 133 2572820 20991 1
1459947795295271 168 2628797 18217 136 2572820 20991 1
1459947795307042 169 2628797 18217 137 2572820 20991 1
1459947795319495 170 2628797 18217 137 2572820 20991 1
1459947795331570 169 2628797 18217 138 2572820 20991 1
1459947795343843 170 2628797 18217 136 2572820 20991 1
1459947795354866 166 2628797 18217 133 2572820 20991 1
1459947795366634 168 2628797 18217 136 2572820 20991 1
1459947795378189 168 2628797 18217 136 2572820 20991 1
1459947795390103 169 2628797 18217 137 2572820 20991 1
1459947795402075 167 2628797 18217 134 2572820 20991 1
1459947795414365 171 2628797 18217 138 2572820 20991 1
1459947795426779 169 2628797 18217 138 2572820 20991 1
1459947795438665 168 2628797 18217 135 2572820 20991 1
1459947795451676 171 2628797 18217 139 2572820 20991 1
1459947795464719 170 2628797 18217 139 2572820 20991 1
1459947795476889 169 2628797 18217 137 2572820 20991 1
1459947795489218 169 2628797 18217 138 2572820 20991 1
1459947795501605 169 2628797 18217 138 2572820 20991 1
1459947795514236 170 2628797 18217 136 2572820 20991 1
1459947795526835 170 2628797 18217 137 2572820 20991 1
1459947795537839 166 2628797 18217 134 2572820 20991 1
1459947795550323 170 2628797 18217 139 2572820 20991 1
1459947795562413 168 2628797 18217 136 2572820 20991 1
1459947795574491 169 2628797 18217 137 2572820 20991 1
1459947795585132 165 2628797 18217 134 2572820 20991 1
1459947795596591 167 2628797 18217 134 2572820 20991 1
1459947795608143 168 2628797 18217 138 2572820 20991 1
1459947795620130 170 2628797 18217 139 2572820 20991 1
1459947795632455 170 2628797 18217 138 2572820 20991 1
1459947795644250 168 2628797 18217 138 2572820 20991 1
1459947795656604 171 2628797 18217 138 2572820 20991 1
1459947795668163 166 2628797 18217 134 2572820 20991 1
1459947795680081 170 2628797 18217 138 2572820 20991 1
1459947795692209 168 2628797 18217 135 2572820 20991 1
1459947795704212 169 2628797 18217 137 2572820 20991 1
1459947795716522 167 2628797 18217 134 2572820 20991 1
1459947795729496 168 2628797 18217 135 2572820 20991 1
1459947795741645 169 2628797 18217 138 2572820 20991 1
1459947795753803 170 2628797 18217 138 2572820 20991 1
1459947795766021 170 2628797 18217 135 2572820 20991 1
1459947795777263 165 2628797 18217 134 2572820 20991 1
1459947795789491 170 2628797 18217 138 2572820 20991 1
1459947795802323 171 2628797 18217 139 2572820 20991 1
1459947795813563 165 2628797 18217 133 2572820 20991 1
1459947795824684 166 2628797 18217 133 2572820 20991 1
1459947795836447 170 2628797 18217 139 2572820 20991 1
1459947795848582 169 2628797 18217 137 2572820 20991 1
1459947795860820 167 2628797 18217 135 2572820 20991 1
1459947795873076 170 2628797 18217 137 2572820 20991 1
1459947795885570 170 2628797 18217 137 2572820 20991 1
1459947795897758 169 2628797 18217 138 2572820 20991 1
1459947795909505 170 2628797 18217 138 2572820 20991 1
1459947795921637 169 2628797 18217 137 2572820 20991 1
1459947795933395 170 2628797 18217 137 2572820 20991 1
1459947795946442 172 2628797 18217 139 2572820 20991 1
1459947795958010 169 2628797 18217 136 2572820 20991 1
1459947795970544 172 2628797 18217 140 2572820 20991 1
1459947795982507 170 2628797 18217 140 2572820 20991 1
1459947795994444 170 2628797 18217 137 2572820 20991 1
1459947796006100 169 2628797 18217 137 2572820 20991 1
1459947796017838 167 2628797 18217 135 2572820 20991 1
1459947796029605 169 2628797 18217 137 2572820 20991 1
1459947796041810 171 2628797 18217 139 2572820 20991 1
1459947796054216 170 2628797 18217 137 2572820 20991 1
1459947796065700 168 2628797 18217 135 2572820 20991 1
1459947796078145 171 2628797 18217 139 2572820 20991 1
1459947796090183 170 2628797 18217 139 2572820 20991 1
1459947796102537 170 2628797 18217 138 2572820 20991 1
1459947796114738 171 2628797 18217 138 2572820 20991 1
1459947796127167 171 2628797 18217 140 2572820 20991 1
1459947796138853 169 2628797 18217 138 2572820 20991 1
1459947796150599 168 2628797 18217 136 2572820 20991 1
1459947796163298 171 2628797 18217 138 2572820 20991 1
1459947796175009 167 2628797 18217 134 2572820 20991 1
1459947796187253 169 2628797 18217 138 2572820 20991 1
1459947796198500 168 2628797 18217 136 2572820 20991 1
1459947796210037 168 2628797 18217 136 2572820 20991 1
1459947796222259 169 2628797 18217 136 2572820 20991 1
1459947796233655 167 2628797 18217 135 2572820 20991 1
1459947796245383 168 2628797 18217 137 2572820 20991 1
1459947796257479 171 2628797 18217 138 2572820 20991 1
1459947796268832 168 2628797 18217 135 2572820 20991 1
1459947796280392 169 2628797 18217 136 2572820 20991 1
1459947796292819 173 2628797 18217 139 2572820 20991 1
1459947796304911 171 2628797 18217 139 2572820 20991 1
1459947796316604 170 2628797 18217 137 2572820 20991 1
1459947796328059 167 2628797 18217 135 2572820 20991 1
1459947796339463 168 2628797 18217 135 2572820 20991 1
1459947796351680 171 2628797 18217 139 2572820 20991 1
1459947796362697 167 2628797 18217 134 2572820 20991 1
1459947796374238 169 2628797 18217 136 2572820 20991 1
1459947796385834 169 2628797 18217 138 2572820 20991 1
1459947796397501 166 2628797 18217 134 2572820 20991 1
1459947796409400 172 2628797 18217 137 2572820 20991 1
1459947796420511 168 2628797 18217 136 2572820 20991 1
1459947796431886 169 2628797 18217 136 2572820 20991 1
1459947796442991 166 2628797 18217 133 2572820 20991 1
1459947796454873 169 2628797 18217 137 2572820 20991 1
1459947796466549 170 2628797 18217 137 2572820 20991 1
1459947796478381 168 2628797 18217 135 2572820 20991 1
1459947796489597 167 2628797 18217 136 2572820 20991 1
1459947796502510 172 2628797 18217 138 2572820 20991 1
1459947796513256 168 2628797 18217 134 2572820 20991 1
1459947796525852 171 2628797 18217 137 2572820 20991 1
1459947796537267 169 2628797 18217 136 2572820 20991 1
1459947796548531 168 2628797 18217 136 2572820 20991 1
1459947796561179 171 2628797 18217 138 2572820 20991 1
1459947796573052 168 2628797 18217 135 2572820 20991 1
1459947796585277 170 2628797 18217 138 2572820 20991 1
1459947796595664 165 2628797 18217 132 2572820 20991 1
1459947796606505 166 2628797 18217 133 2572820 20991 1
1459947796617984 167 2628797 18217 135 2572820 20991 1
1459947796628356 164 2628797 18217 132 2572820 20991 1
1459947796638965 163 2628797 18217 131 2572820 20991 1
1459947796650143 167 2628797 18217 135 2572820 20991 1
1459947796661156 167 2628797 18217 134 2572820 20991 1
1459947796672262 166 2628797 18217 132 2572820 20991 1
1459947796684417 169 2628797 18217 137 2572820 20991 1
1459947796695690 169 2628797 18217 136 2572820 20991 1
1459947796706668 166 2628797 18217 133 2572820 20991 1
1459947796718597 170 2628797 18217 137 2572820 20991 1
1459947796730211 168 2628797 18217 135 2572820 20991 1
1459947796741978 168 2628797 18217 134 2572820 20991 1
1459947796754073 170 2628797 18217 138 2572820 20991 1
1459947796764491 164 2628797 18217 131 2572820 20991 1
1459947796776808 171 2628797 18217 137 2572820 20991 1
1459947796788391 166 2628797 18217 136 2572820 20991 1
1459947796799546 168 2628797 18217 135 2572820 20991 1
1459947796811482 171 2628797 18217 137 2572820 20991 1
1459947796823221 169 2628797 18217 137 2572820 20991 1
1459947796834113 165 2628797 18217 133 2572820 20991 1
1459947796845727 167 2628797 18217 134 2572820 20991 1
1459947796856811 168 2628797 18217 135 2572820 20991 1
1459947796867392 164 2628797 18217 131 2572820 20991 1
1459947796879211 169 2628797 18217 135 2572820 20991 1
1459947796890431 167 2628797 18217 135 2572820 20991 1
1459947796901846 168 2628797 18217 135 2572820 20991 1
1459947796912611 166 2628797 18217 133 2572820 20991 1
1459947796923816 167 2628797 18217 135 2572820 20991 1
1459947796934935 166 2628797 18217 133 2572820 20991 1
1459947796944243 154 2628797 18217 122 2572820 20991 1
1459947796955604 169 2628797 18217 137 2572820 20991 1
1459947796966348 167 2628797 18217 134 2572820 20991 1
1459947796977579 165 2628797 18217 134 2572820 20991 1
1459947796989260 168 2628797 18217 135 2572820 20991 1
1459947797001109 169 2628797 18217 136 2572820 20991 1
1459947797012865 167 2628797 18217 135 2572820 20991 1
1459947797025294 170 2628797 18217 137 2572820 20991 1
1459947797037046 169 2628797 18217 137 2572820 20991 1
1459947797048169 166 2628797 18217 133 2572820 20991 1
1459947797060564 169 2628797 18217 137 2572820 20991 1
1459947797072318 169 2628797 18217 137 2572820 20991 1
1459947797084270 168 2628797 18217 135 2572820 20991 1
1459947797096448 169 2628797 18217 137 2572820 20991 1
1459947797109364 173 2628797 18217 139 2572820 20991 1
1459947797120364 164 2628797 18217 132 2572820 20991 1
1459947797132301 169 2628797 18217 135 2572820 20991 1
1459947797144533 172 2628797 18217 140 2572820 20991 1
1459947797155282 165 2628797 18217 132 2572820 20991 1
1459947797167797 170 2628797 18217 138 2572820 20991 1
1459947797180250 171 2628797 18217 137 2572820 20991 1
1459947797191445 167 2628797 18217 133 2572820 20991 1
1459947797203401 170 2628797 18217 138 2572820 20991 1
1459947797215267 169 2628797 18217 135 2572820 20991 1
1459947797227149 165 2628797 18217 134 2572820 20991 1
1459947797239226 169 2628797 18217 137 2572820 20991 1
1459947797250602 169 2628797 18217 136 2572820 20991 1
1459947797262108 168 2628797 18217 135 2572820 20991 1
1459947797273805 168 2628797 18217 133 2572820 20991 1
1459947797286272 170 2628797 18217 137 2572820 20991 1
1459947797298004 166 2628797 18217 134 2572820 20991 1
1459947797310028 170 2628797 18217 136 2572820 20991 1
1459947797321741 169 2628797 18217 136 2572820 20991 1
1459947797333263 167 2628797 18217 133 2572820 20991 1
1459947797344116 167 2628797 18217 133 2572820 20991 1
1459947797356226 171 2628797 18217 136 2572820 20991 1
1459947797368441 169 2628797 18217 137 2572820 20991 1
1459947797379569 166 2628797 18217 133 2572820 20991 1
1459947797390988 169 2628797 18217 135 2572820 20991 1
1459947797401894 167 2628797 18217 133 2572820 20991 1
1459947797412816 164 2628797 18217 130 2572820 20991 1
1459947797423976 169 2628797 18217 136 2572820 20991 1
1459947797435582 169 2628797 18217 136 2572820 20991 1
1459947797446497 164 2628797 18217 131 2572820 20991 1
1459947797457659 167 2628797 18217 133 2572820 20991 1
1459947797469660 170 2628797 18217 137 2572820 20991 1
1459947797480456 164 2628797 18217 131 2572820 20991 1
1459947797490919 162 2628797 18217 130 2572820 20991 1
1459947797502325 167 2628797 18217 135 2572820 20991 1
1459947797514544 169 2628797 18217 137 2572820 20991 1
1459947797526628 170 2628797 18217 138 2572820 20991 1
1459947797537393 167 2628797 18217 133 2572820 20991 1
1459947797549334 169 2628797 18217 135 2572820 20991 1
1459947797561173 167 2628797 18217 134 2572820 20991 1
1459947797572838 170 2628797 18217 137 2572820 20991 1
1459947797584929 170 2628797 18217 138 2572820 20991 1
1459947797595981 165 2628797 18217 132 2572820 20991 1
1459947797607927 170 2628797 18217 134 2572820 20991 1
1459947797619266 168 2628797 18217 133 2572820 20991 1
1459947797634046 160 2628222 17322 154 2568938 22929 0
1459947797648667 160 2627692 16456 158 2570479 22558 0
1459947797663466 157 2627692 16456 153 2570479 22558 1
1459947797678368 162 2629763 17079 159 2573180 23285 0
1459947797693130 159 2627832 17523 156 2571830 22709 0
1459947797708805 162 2629892 18053 158 2573145 22147 0
1459947797723750 162 2631791 18393 159 2575638 22714 0
1459947797737655 158 2628422 20061 155 2572816 23540 0
1459947797752030 158 2625316 21355 155 2570214 24097 0
1459947797766007 156 2619893 24685 154 2566536 25604 0
1459947797781122 160 2620013 22867 157 2566985 24017 0
1459947797795237 156 2615004 25697 153 2562279 26478 0
1459947797808925 155 2609106 29125 152 2556660 29588 0
1459947797823916 161 2611349 28917 158 2559160 29581 0
1459947797838006 157 2608297 29470 153 2555065 31043 0
1459947797852527 158 2606763 28580 155 2553850 29736 0
1459947797867509 162 2610469 29764 158 2556570 29919 0
1459947797882147 157 2607486 30187 154 2553957 29988 0
1459947797896002 157 2604736 30363 154 2551549 29864 0
1459947797910993 158 2603481 29146 155 2550609 28396 0
1459947797926485 161 2606164 29341 157 2552302 27738 0
1459947797940948 160 2607357 28148 156 2552583 25829 0
1459947797954962 154 2600777 32013 152 2547722 28291 0
1459947797969670 160 2602391 30999 159 2552201 30209 0
1459947797983844 155 2597479 33105 154 2549930 29941 0
1459947797999440 160 2599350 32243 157 2551676 29211 0
1459947798014251 158 2598515 30492 156 2552006 27232 0
1459947798029349 160 2600306 29760 156 2552310 25384 0
1459947798044011 158 2599397 28272 155 2551310 24321 0
1459947798058654 158 2598559 26835 154 2549108 24449 0
1459947798073439 159 2599066 25205 156 2549638 23027 0
1459947798088114 156 2595693 26343 153 2546287 24316 0
1459947798103428 163 2595693 26343 159 2546287 24316 1
1459947798117238 156 2592584 27149 152 2541918 26443 0
1459947798131830 157 2590998 26488 153 2539170 26909 0
1459947798146453 159 2592096 25430 155 2539197 24831 0
1459947798161439 161 2595668 26736 158 2543062 26454 0
1459947798177529 162 2600241 28863 157 2545345 26491 0
1459947798192524 162 2604457 30494 158 2548729 27541 0
1459947798208651 165 2604457 30494 161 2548729 27541 1
1459947798223712 160 2605783 29334 156 2549289 25905 0
1459947798238916 162 2609566 30529 158 2552365 26717 0
1459947798252946 159 2609213 28467 154 2550081 26734 0
1459947798268103 160 2610168 27123 157 2551815 26244 0
1459947798283543 162 2613608 28175 157 2553414 25667 0
1459947798299730 163 2618059 30077 159 2557448 27380 0
1459947798314646 163 2622163 31510 159 2561167 28668 0
1459947798329875 160 2622106 29100 156 2560755 26806 0
1459947798345514 162 2624613 29138 161 2566776 30261 0
1459947798359792 158 2621805 29449 154 2563366 31038 0
1459947798374468 159 2620496 28354 156 2562783 29150 0
1459947798389461 162 2623129 28566 157 2563525 27556 0
1459947798404180 162 2625557 28572 158 2565489 27214 0
1459947798419216 163 2629075 29582 158 2567300 26756 0
1459947798434200 159 2627198 28999 155 2565129 26665 0
1459947798450124 162 2629308 28678 158 2566968 26276 0
1459947798465485 164 2633813 30590 158 2568663 25786 0
1459947798479785 157 2629006 32631 153 2563826 28229 0
1459947798495026 161 2629694 30716 158 2565767 27812 0
1459947798509964 162 2631609 30081 157 2566276 26108 0
1459947798524767 161 2632094 28177 156 2565465 24814 0
1459947798540287 163 2635101 28747 159 2568558 25726 0
1459947798555678 161 2635313 26697 158 2570129 25164 0
1459947798571192 161 2635509 24791 156 2569017 24222 0
1459947798586228 162 2636969 24200 159 2571832 24924 0
1459947798598696 150 2636969 24200 147 2571832 24924 1
1459947798613656 160 2635755 23427 157 2571867 23008 0
1459947798628409 160 2634636 22626 157 2571899 21240 0
1459947798643133 159 2632325 22988 155 2569369 21911 0
1459947798657992 160 2631474 21975 157 2569597 20409 0
1459947798672612 160 2630690 20980 155 2567247 20980 0
1459947798688147 159 2628687 21186 155 2565080 21336 0
1459947798703380 160 2628120 20051 155 2563083 21509 0
1459947798719131 163 2631438 21542 160 2567642 24030 0
1459947798734723 161 2631936 20319 157 2568004 22486 0
1459947798749745 162 2633676 20335 158 2569618 22217 0
1459947798763889 158 2630160 21987 154 2565986 23828 0
1459947798778299 160 2629478 20896 157 2566478 22419 0
1459947798793375 162 2631410 21044 158 2568211 22265 0
1459947798808617 160 2630631 20117 156 2567249 21411 0
1459947798823688 160 2629912 19206 156 2566362 20555 0
1459947798838765 160 2629250 18315 158 2568104 20555 0
1459947798854442 162 2631199 18681 158 2569710 20430 0
1459947798870539 162 2632996 18878 158 2571191 20198 0
1459947798885495 160 2632093 18235 156 2569996 19720 0
1459947798901894 164 2632093 18235 159 2569996 19720 1
1459947798916752 161 2632540 17222 158 2571455 19524 0
1459947798932108 160 2631672 16675 155 2568960 20298 0
1459947798946455 160 2630872 16108 158 2570500 20131 0
1459947798962319 164 2630872 16108 160 2570500 20131 1
1459947798977084 160 2630135 15528 157 2570639 18686 0
1459947798991770 158 2626895 17300 155 2568207 19467 0
1459947799006726 162 2629028 17915 158 2569805 19419 0
1459947799022118 162 2630995 18328 157 2569998 18079 0
1459947799036882 160 2630248 17584 157 2570176 16831 0
1459947799051622 159 2628279 18024 155 2567781 17723 0
1459947799067359 161 2629024 17302 158 2569413 17842 0
1459947799081946 160 2628431 16496 157 2569637 16655 0
1459947799096298 159 2626604 16890 155 2567284 17522 0
1459947799111425 161 2627480 16378 158 2568954 17693 0
1459947799126540 161 2628288 15843 156 2567934 17249 0
1459947799140830 157 2628288 15843 153 2567934 17249 1
1459947799155746 161 2629033 15291 158 2569554 17394 0
1459947799171199 161 2629719 14729 159 2572327 18591 0
1459947799185066 155 2629719 14729 152 2572327 18591 1
1459947799199993 158 2626512 16534 155 2569763 19500 0
1459947799214653 162 2628675 17236 157 2569960 18157 0
1459947799229422 159 2626829 17590 154 2566301 20110 0
1459947799244732 162 2628967 18186 159 2569328 21329 0
1459947799259289 160 2628378 17307 157 2569559 19875 0
1459947799274637 159 2626555 17633 155 2567212 20485 0
1459947799290073 162 2628715 18246 158 2568888 20429 0
1459947799305787 162 2630706 18656 159 2571713 21436 0
1459947799320807 163 2633822 20070 158 2573037 20982 0
1459947799335403 160 2632854 19393 156 2571698 20575 0
1459947799351221 162 2634522 19414 158 2573024 20189 0
1459947799366125 162 2636059 19314 156 2571686 19843 0
1459947799380487 159 2633636 20037 154 2567893 21788 0
1459947799394346 159 2631403 20529 156 2566956 20948 0
1459947799409720 163 2634464 21747 159 2569932 22055 0
1459947799425341 161 2634726 20290 158 2571396 21680 0
1459947799439041 156 2628568 24380 154 2567625 23461 0
1459947799453402 159 2626731 24168 155 2565429 23652 0
1459947799467657 156 2626731 24168 152 2565429 23652 1
1459947799482582 160 2626317 22660 156 2564684 22489 0
1459947799497846 162 2628495 22897 158 2566558 22459 0
1459947799511870 156 2628495 22897 152 2566558 22459 1
1459947799525443 152 2628495 22897 149 2566558 22459 1
1459947799540207 162 2630503 22959 157 2567005 21116 0
1459947799555184 161 2631074 21692 157 2567417 19846 0
1459947799571458 164 2635441 24023 159 2570357 21005 0
1459947799585468 159 2633067 24334 155 2567947 21583 0
1459947799600220 161 2633438 22774 155 2565726 21943 0
1459947799615142 162 2635060 22489 158 2567518 21880 0
1459947799629764 159 2632715 22892 156 2566610 21006 0
1459947799643904 157 2632715 22892 152 2566610 21006 1
1459947799659682 162 2634394 22650 159 2569613 22132 0
1459947799673800 158 2630821 24172 154 2565981 23749 0
1459947799689285 163 2633928 25147 158 2567753 23527 0
1459947799703767 159 2631672 25261 154 2564267 24901 0
1459947799718774 161 2632152 23730 156 2563613 23557 0
1459947799733109 158 2628755 25007 153 2559170 25811 0
1459947799747555 159 2626903 24759 154 2556354 26389 0
1459947799762230 161 2627756 23610 155 2555038 25539 0
1459947799777425 161 2628542 22490 157 2556385 24785 0
1459947799792778 161 2629267 21400 156 2556347 22882 0
1459947799807615 161 2629935 20344 155 2555032 22305 0
1459947799822104 159 2627991 20545 157 2556380 21804 0
1459947799836173 159 2626199 20590 155 2555062 21314 0
1459947799850624 161 2627107 19818 156 2555127 19708 0
1459947799864836 157 2622824 22217 153 2551347 21651 0
1459947799879293 156 2617595 25300 153 2547863 23170 0
1459947799894467 159 2616615 24226 156 2548491 21938 0
1459947799908230 157 2613151 25525 152 2543950 24410 0
1459947799922417 157 2609958 26472 154 2542323 24000 0
1459947799936897 159 2609575 24756 157 2544664 24283 0
1459947799951533 158 2607941 24326 154 2542982 23935 0
1459947799965684 158 2606435 23812 154 2541431 23494 0
1459947799980862 161 2608887 24211 156 2542561 22700 0
1459947799995279 159 2608587 22594 155 2542323 21144 0
1459947800010015 157 2605751 23442 153 2539544 22053 0
1459947800024821 162 2609536 25100 158 2543382 23868 0
1459947800039249 159 2609186 23461 155 2543080 22281 0
1459947800054086 162 2612703 24870 158 2546641 23823 0
1459947800068446 156 2608265 27017 154 2544804 23653 0
1459947800082838 160 2609294 25854 156 2545671 22604 0
1459947800098190 160 2610242 24708 156 2546470 21575 0
1459947800112907 158 2608556 24330 155 2545927 20389 0
1459947800126937 156 2608556 24330 151 2545927 20389 1
1459947800141566 160 2609562 23356 157 2547986 20694 0
1459947800156259 160 2610489 22386 156 2548604 19647 0
1459947800171768 162 2613904 23785 158 2551734 20997 0
1459947800185599 157 2610652 24923 153 2548219 22595 0
1459947800200464 160 2611494 23752 155 2547539 21455 0
1459947800214750 158 2609711 23539 153 2544352 22715 0
1459947800229606 163 2614467 26084 159 2549094 25312 0
1459947800244355 159 2613731 24723 155 2548346 24023 0
1459947800257298 155 2613731 24723 150 2548346 24023 1
1459947800271369 160 2614333 23346 156 2548936 22690 0
1459947800284963 158 2612328 23370 154 2546920 22775 0
1459947800299037 156 2607919 25607 152 2542501 25067 0
1459947800313914 161 2610255 25759 156 2543548 24073 0
1459947800328722 160 2611128 24551 157 2545793 24261 0
1459947800343516 159 2610653 23069 154 2544022 23996 0
1459947800358244 160 2611495 22042 155 2543670 22445 0
1459947800373018 159 2610991 20782 154 2542065 22169 0
1459947800389059 162 2614367 22270 158 2545706 23793 0
1459947800404418 160 2614919 21039 155 2545222 22379 0
1459947800420139 163 2619268 23404 159 2549896 24939 0
1459947800435605 161 2620717 22911 156 2550365 23422 0
1459947800451055 162 2623333 23533 157 2552077 23170 0
1459947800466015 162 2625745 23917 158 2554935 23994 0
1459947800481742 162 2627968 24098 158 2557570 24548 0
1459947800496331 158 2624898 25045 153 2553599 26289 0
1459947800510503 159 2623347 24516 156 2553779 24401 0
1459947800525377 161 2624478 23642 158 2556505 25007 0
1459947800540403 162 2626800 23935 158 2559018 25369 0
1459947800555133 160 2626381 22451 154 2556214 25971 0
1459947800569913 160 2625994 21052 157 2557469 25099 0
1459947800584534 160 2625638 19734 157 2558626 24205 0
1459947800599608 162 2627870 20249 157 2559693 23296 0
1459947800615325 162 2629927 20563 158 2561956 23563 0
1459947800631481 162 2631823 20704 159 2565323 24826 0
1459947800645843 158 2628451 22193 155 2563307 24744 0
1459947800660736 160 2627903 20963 157 2564008 23456 0
1459947800674962 157 2623558 23330 154 2560814 24566 0
1459947800689959 160 2623392 21659 157 2561710 23472 0
1459947800705411 162 2625799 22185 158 2563816 23579 0
1459947800719513 158 2622898 23124 155 2561917 23485 0
1459947800733602 158 2620224 23782 155 2560167 23263 0
1459947800748665 160 2620319 22011 157 2561113 22318 0
1459947800763128 159 2619126 21390 155 2559426 22129 0
1459947800777940 160 2619306 19884 157 2560430 21326 0
1459947800792041 158 2616912 20536 155 2558796 21164 0
1459947800806663 160 2617265 19257 157 2559850 20481 0
1459947800821031 159 2616311 18631 155 2558261 20344 0
1459947800836284 162 2619271 19904 157 2559356 19764 0
1459947800851436 163 2623280 22045 158 2561646 20330 0
1459947800866704 162 2625696 22549 159 2565037 21867 0
1459947800881415 161 2626643 21660 157 2565603 20680 0
1459947800896024 159 2624956 21521 154 2562285 22122 0
1459947800911922 163 2628521 23125 158 2564346 22293 0
1459947800927233 162 2630527 23168 159 2567526 23483 0
1459947800941849 161 2631097 21883 155 2565338 23665 0
1459947800956972 163 2634182 23017 156 2564600 22495 0
1459947800971358 158 2630626 24495 155 2562640 22543 0
1459947800985996 162 2632468 24279 158 2564673 22655 0
1459947801000448 161 2632886 22767 157 2565267 21433 0
1459947801015599 161 2633271 21343 157 2565815 20263 0
1459947801030770 161 2633626 20002 156 2565040 19392 0
1459947801044913 157 2633626 20002 153 2565040 19392 1
1459947801060140 161 2633953 18741 157 2565606 18399 0
1459947801075454 163 2636815 19914 159 2568688 19802 0
1459947801091125 162 2638173 19610 158 2570249 19693 0
1459947801105115 158 2634305 21642 154 2566568 21547 0
1459947801119896 160 2633299 20877 156 2565734 20630 0
1459947801134102 160 2632372 20099 155 2563686 20905 0
1459947801148294 161 2632797 18920 157 2564358 19890 0
1459947801163156 163 2635749 20163 159 2567537 21267 0
1459947801177884 162 2637191 19916 158 2569188 21127 0
1459947801193528 162 2638520 19585 158 2570710 20879 0
1459947801208042 162 2639745 19183 157 2570833 19360 0
1459947801222516 159 2637034 20182 155 2568386 20102 0
1459947801237853 163 2639655 21021 159 2571250 21172 0
1459947801252906 161 2639511 19509 157 2571331 19591 0
1459947801267646 161 2639379 18105 157 2571405 18128 0
1459947801282421 159 2636697 19161 154 2567633 20187 0
1459947801297167 162 2638065 18925 159 2570556 21304 0
1459947801311807 161 2638046 17463 157 2570691 19763 0
1459947801325915 161 2638028 16113 156 2569535 19283 0
1459947801340837 160 2636732 16048 155 2567190 19937 0
1459947801355096 159 2634257 17075 155 2565028 20371 0
1459947801369999 161 2634535 15997 157 2565595 19301 0
1459947801384291 159 2632231 16870 154 2562277 20850 0
1459947801399511 164 2632231 16870 159 2562277 20850 1
1459947801415469 166 2632231 16870 161 2562277 20850 1
>>>>>>> 587ddc4f3682fe26eb61ef3e7dd1f587b73479b7
