<<<<<<< HEAD
<<<<<<< HEAD
=======
<<<<<<< HEAD
<<<<<<< HEAD
<<<<<<< HEAD
=======
<<<<<<< HEAD
>>>>>>> ddf0ce1
<<<<<<< HEAD
<<<<<<< HEAD
<<<<<<< HEAD
<<<<<<< HEAD
<<<<<<< HEAD
<<<<<<< HEAD
=======
>>>>>>> 2cf6812
<<<<<<< HEAD
version https://git-lfs.github.com/spec/v1
oid sha256:c17210a1581e73c5939705d7fb2d7754f93590fa47317173a767abb481843981
size 43407
=======
version https://git-lfs.github.com/spec/v1
oid sha256:338ab4c40515b8dfac4ceb1f0b3d56a8847106a58783f5674910aeeb373c4ee8
size 42213
>>>>>>> dd1805f
=======
version https://git-lfs.github.com/spec/v1
oid sha256:338ab4c40515b8dfac4ceb1f0b3d56a8847106a58783f5674910aeeb373c4ee8
size 42213
>>>>>>> 38e2d40
=======
version https://git-lfs.github.com/spec/v1
oid sha256:338ab4c40515b8dfac4ceb1f0b3d56a8847106a58783f5674910aeeb373c4ee8
size 42213
>>>>>>> c5a382b
=======
=======
>>>>>>> ae7b143... Fixing logs
>>>>>>> dfa5db5e... Fixing logs
=======
>>>>>>> ae7b1437... Fixing logs
1459947780029788 168 2752512 0 165 2703360 0 0
1459947780058037 168 2752512 0 164 2702080 1180 0
1459947780087841 169 2753792 1180 167 2704740 3539 0
1459947780116397 167 2752412 2359 163 2702072 5721 0
1459947780145488 169 2753699 3361 166 2703452 6546 0
1459947780176066 170 2756166 5372 166 2704724 7207 0
1459947780205468 167 2754600 6395 164 2703337 7921 0
1459947780236776 170 2756996 8104 167 2705898 9663 0
1459947780266326 166 2754085 10152 164 2704419 10270 0
1459947780295438 166 2751402 11831 163 2701776 11903 0
1459947780325082 168 2751488 10986 164 2700619 12038 0
1459947780355029 167 2750288 11233 164 2699553 12079 0
1459947780384290 166 2747901 12554 163 2697290 13220 0
1459947780412878 166 2745701 13600 164 2696484 12929 0
1459947780443221 169 2747513 14207 166 2698301 13593 0
1459947780472744 168 2747903 13457 165 2698696 12895 0
1459947780501804 166 2745703 14433 163 2696500 13911 0
1459947780530469 166 2743674 15174 164 2695755 13509 0
1459947780559593 167 2743084 14531 165 2696349 13000 0
1459947780588764 168 2743820 14074 165 2696896 12489 0
1459947780618036 168 2744499 13600 164 2696121 12227 0
1459947780646661 165 2741285 15499 163 2694126 13109 0
1459947780674926 167 2740882 14659 163 2692287 13778 0
1459947780704450 169 2743070 15530 167 2695712 15858 0
1459947780733478 167 2742527 14815 164 2695029 15248 0
1459947780763067 168 2743307 14376 165 2695679 14656 0
1459947780792507 168 2744026 13914 163 2693719 15317 0
1459947780823625 170 2747248 15797 167 2697032 17174 0
1459947780853193 168 2747659 14941 166 2698806 17467 0
1459947780882628 164 2742918 18143 161 2694041 20493 0
1459947780912058 168 2743667 17416 166 2696049 20742 0
1459947780942317 169 2745638 17872 165 2696620 19647 0
1459947780972491 169 2747455 18150 165 2697146 18597 0
1459947781004466 170 2750410 19456 167 2700191 19951 0
1459947781034109 170 2753134 20447 166 2701718 19800 0
1459947781065088 171 2756925 22344 168 2705686 21911 0
1459947781095429 171 2760420 23820 166 2706784 21211 0
1459947781125360 168 2759802 22528 165 2706516 19799 0
1459947781155232 169 2760512 21423 165 2706269 18479 0
1459947781184105 168 2759887 20325 164 2704761 18424 0
1459947781213113 167 2758030 20448 164 2703371 18264 0
1459947781244012 169 2758878 19632 166 2704650 18016 0
1459947781274206 170 2760940 19999 166 2705829 17695 0
1459947781305065 170 2762841 20189 167 2708196 18494 0
1459947781335958 170 2764594 20227 167 2710378 19060 0
1459947781366350 169 2764930 18955 166 2711109 18244 0
1459947781394634 166 2761399 20728 163 2707943 19736 0
1459947781424639 169 2761984 19648 166 2708864 19044 0
1459947781454418 170 2763804 19790 166 2709714 18339 0
1459947781484534 171 2766761 20969 167 2711777 18808 0
1459947781514418 169 2766927 19483 167 2713679 19091 0
1459947781543852 169 2767080 18101 167 2715432 19215 0
1459947781572178 166 2763381 20095 164 2713208 19762 0
1459947781602064 168 2762531 19307 165 2712438 18927 0
1459947781632359 169 2763028 18256 166 2713008 17974 0
1459947781661670 168 2762206 17586 165 2712254 17263 0
1459947781691473 169 2762728 16693 166 2712839 16453 0
1459947781721384 170 2764489 17012 167 2714658 16844 0
1459947781750800 169 2764833 15999 166 2715055 15894 0
1459947781781377 169 2765150 15041 167 2716701 16169 0
1459947781844850 169 2765442 14134 166 2716938 15124 0
1459947781876555 171 2768271 15637 167 2718437 15324 0
1459947781906920 168 2767039 15549 167 2719819 15400 0
1459947781936726 168 2765904 15380 167 2721093 15370 0
1459947781965942 167 2763577 16322 165 2719707 15446 0
1459947781995520 169 2763992 15429 165 2718429 15416 0
1459947782024911 168 2763095 15049 165 2717251 15296 0
1459947782053765 166 2759708 16995 162 2712325 18641 0
1459947782084042 170 2761705 17508 167 2714184 18898 0
1459947782113015 168 2760986 16802 165 2713338 18200 0
1459947782141381 167 2759043 17279 164 2711278 18676 0
1459947782172911 170 2761092 17818 167 2713219 19005 0
1459947782202706 167 2759141 18222 164 2711168 19410 0
1459947782233448 170 2761183 18680 167 2713118 19690 0
1459947782264285 170 2763065 18955 167 2714915 19808 0
1459947782293867 168 2762240 18234 165 2714012 19092 0
1459947782323213 169 2762760 17288 166 2714459 18012 0
1459947782353632 169 2763239 16378 166 2714871 16984 0
1459947782382867 168 2762400 15870 166 2715251 16008 0
1459947782413553 169 2762907 15097 166 2715602 15080 0
1459947782443688 170 2764654 15528 166 2715925 14199 0
1459947782475970 171 2767545 16979 168 2718783 15724 0
1459947782506239 170 2768930 16929 167 2720138 15744 0
1459947782536022 168 2767647 16788 164 2717547 16902 0
1459947782566339 169 2767744 15566 167 2718998 16919 0
1459947782593883 166 2763994 17806 164 2716496 17903 0
1459947782622348 167 2761816 18420 164 2714189 18630 0
1459947782651876 168 2761089 17650 164 2712062 19133 0
1459947782682095 169 2761698 16833 166 2712662 18191 0
1459947782711560 167 2759700 17358 165 2711935 17438 0
1459947782743345 169 2760418 16663 167 2713825 17817 0
1459947782773684 169 2761080 15971 166 2714287 16851 0
1459947782802443 170 2762970 16465 167 2715993 17107 0
1459947782832349 169 2763432 15604 167 2717566 17220 0
1459947782861899 171 2766418 17137 168 2720296 18390 0
1459947782891308 167 2764051 17979 165 2718972 18172 0
1459947782921706 170 2765709 18102 167 2720312 17987 0
1459947782950717 169 2765957 16916 167 2721547 17720 0
1459947782982326 170 2767466 16985 167 2722686 17385 0
1459947783013630 171 2770137 18121 168 2725016 18174 0
1459947783043706 170 2771320 17795 167 2725884 17554 0
1459947783074230 169 2771130 16578 166 2725404 16624 0
1459947783103500 169 2770955 15442 166 2724961 15732 0
1459947783132131 167 2768234 16743 164 2721993 17237 0
1459947783161543 167 2765725 17746 164 2719257 18411 0
1459947783191250 169 2765972 16587 167 2720575 18187 0
1459947783220178 169 2766200 15501 165 2719230 18005 0
1459947783248182 166 2762570 17634 164 2716710 18920 0
1459947783278946 170 2764344 17891 167 2718227 18839 0
1459947783308309 168 2763419 17345 165 2717065 18437 0
1459947783338285 170 2765126 17563 167 2718554 18368 0
1459947783368071 169 2765420 16461 165 2717366 18027 0
1459947783395594 166 2761851 18463 164 2714991 18806 0
1459947783425390 167 2759841 18872 165 2714082 18173 0
1459947783454674 169 2760548 18049 166 2714524 17160 0
1459947783484795 170 2762480 18419 166 2714931 16195 0
1459947783516231 175 2770661 24522 172 2722987 22355 0
1459947783546682 173 2775643 27198 171 2729133 26274 0
1459947783577697 174 2781515 30487 172 2736079 30624 0
1459947783609577 175 2788209 34276 172 2742482 34134 0
1459947783640287 172 2790540 33747 170 2745825 34549 0
1459947783670708 174 2795249 35451 172 2751467 37050 0
1459947783702582 175 2800870 37863 172 2756668 38950 0
1459947783732491 170 2799652 36026 167 2755063 37386 0
1459947783762582 173 2802369 35715 171 2758703 37821 0
1459947783793290 173 2804873 35233 170 2760779 36780 0
1459947783824668 172 2805902 33428 169 2761413 34490 0
1459947783855122 172 2806850 31690 169 2761997 32333 0
1459947783886892 173 2809004 31200 171 2765095 32662 0
1459947783917619 172 2809710 29413 168 2764111 31016 0
1459947783948641 173 2811641 28895 171 2767044 31296 0
1459947783978642 172 2812141 27098 170 2768468 30164 0
1459947784008510 171 2811322 25734 168 2767221 28956 0
1459947784038739 174 2814407 26567 170 2768631 27993 0
1459947784070926 177 2821091 30653 172 2772491 29365 0
1459947784102216 174 2823413 30398 171 2774770 29171 0
1459947784133199 174 2825553 29996 170 2775591 27648 0
1459947784163414 172 2824966 28192 169 2775067 25970 0
1459947784196799 177 2830825 31390 173 2779704 28216 0
1459947784228800 174 2832386 30376 170 2780139 26412 0
1459947784260256 173 2832545 28149 169 2779260 25157 0
1459947784290005 170 2828852 29353 168 2777170 25117 0
1459947784320043 170 2825447 30197 168 2775243 24929 0
1459947784350621 170 2822308 30729 167 2772187 25798 0
1459947784380402 168 2816855 33354 165 2766809 28738 0
1459947784408795 166 2809268 37742 164 2760572 32241 0
1459947784437140 166 2802273 41240 164 2754822 35022 0
1459947784466956 168 2798385 41601 165 2750801 35991 0
1459947784496952 170 2797361 39293 166 2748374 35415 0
1459947784527996 171 2797697 36532 166 2746137 34709 0
1459947784557646 168 2794166 36931 165 2742795 35077 0
1459947784586952 168 2790911 37044 165 2739714 35176 0
1459947784616564 168 2787911 36914 165 2736873 35045 0
1459947784646731 169 2786425 35399 167 2736814 32360 0
1459947784676924 169 2785055 33895 166 2735480 31060 0
1459947784705667 167 2781232 34769 165 2732970 30946 0
1459947784734800 167 2777708 35300 163 2728096 33020 0
1459947784765505 169 2777019 33176 166 2727443 31041 0
1459947784794878 168 2775104 32349 165 2725561 30349 0
1459947784825143 169 2774619 30268 166 2725106 28395 0
1459947784854910 168 2772891 29495 165 2723407 27742 0
1459947784883760 168 2771298 28657 164 2720560 28197 0
1459947784914130 167 2768550 28950 165 2719216 27232 0
1459947784944618 169 2768577 26712 166 2719257 25142 0
1459947784974237 167 2766041 26961 165 2718015 24321 0
1459947785003681 168 2764984 25828 165 2716870 23475 0
1459947785030694 162 2756329 31788 159 2708134 29693 0
1459947785060165 167 2754750 30758 164 2706481 28896 0
1459947785089558 166 2752015 30876 163 2703677 29222 0
1459947785118543 167 2750773 29607 165 2703652 26961 0
1459947785148355 169 2752188 28598 166 2704909 26012 0
1459947785177819 168 2752213 26386 166 2706067 25047 0
1459947785208406 169 2753516 25525 166 2707135 24075 0
1459947785237837 168 2753437 23602 165 2706840 22465 0
1459947785269153 170 2755924 24051 166 2707848 21638 0
1459947785298704 168 2755657 22417 165 2707497 20270 0
1459947785329069 170 2757971 22798 166 2708453 19568 0
1459947785359750 171 2761384 24162 166 2709335 18852 0
1459947785389764 168 2760690 22912 165 2708868 17809 0
1459947785419575 168 2760051 21710 165 2708437 16813 0
1459947785448503 167 2758182 21735 165 2708040 15864 0
1459947785478485 169 2759019 20807 167 2710234 16646 0
1459947785507054 164 2753390 24369 161 2704576 20560 0
1459947785538296 170 2755881 24761 167 2707041 21225 0
1459947785569403 169 2756897 23763 164 2705473 21011 0
1459947785599821 169 2757834 22770 165 2705307 19521 0
1459947785629637 167 2756138 22554 163 2702594 20495 0
1459947785660827 171 2759694 24069 167 2705213 21308 0
1459947785690905 168 2759132 22705 166 2706348 20689 0
1459947785720777 168 2758614 21407 165 2706114 19287 0
1459947785751451 167 2756857 21353 164 2704618 19158 0
1459947785783908 171 2760357 22911 168 2708359 21110 0
1459947785813941 168 2759744 21686 165 2707968 19820 0
1459947785843944 168 2759179 20511 165 2707608 18602 0
1459947785874043 168 2758658 19388 165 2707276 17453 0
1459947785903722 169 2759457 18610 165 2706970 16371 0
1459947785932645 167 2757634 18836 164 2705407 16531 0
1459947785963494 170 2759793 19355 166 2706527 16271 0
1459947785994004 170 2761784 19677 167 2708839 17130 0
1459947786025158 170 2763619 19831 168 2712250 18936 0
1459947786057034 170 2765311 19841 168 2715395 20355 0
1459947786087963 170 2766871 19728 167 2717014 20257 0
1459947786119075 170 2768309 19511 167 2718507 20050 0
1459947786149892 169 2768354 18028 166 2718603 18572 0
1459947786179211 166 2764556 20119 162 2713572 21758 0
1459947786207993 167 2762335 20594 164 2711494 21973 0
1459947786237635 168 2761567 19692 165 2710858 20841 0
1459947786267738 171 2764699 21040 167 2712832 21032 0
1459947786297787 170 2766306 20878 166 2713372 19885 0
1459947786327763 169 2766508 19432 164 2711309 20232 0
1459947786357245 170 2767974 19265 167 2713247 20438 0
1459947786385731 165 2762926 22412 163 2709914 21913 0
1459947786415897 169 2763392 21091 165 2709401 20672 0
1459947786444117 165 2758702 23766 162 2705089 23032 0
1459947786473509 169 2759498 22643 165 2704953 21356 0
1459947786502828 169 2760232 21550 165 2704828 19801 0
1459947786533216 169 2760908 20490 164 2703433 19539 0
1459947786563899 171 2764092 21824 167 2705987 20366 0
1459947786594146 169 2764467 20465 166 2707061 19764 0
1459947786624322 170 2766093 20364 167 2709331 20312 0
1459947786656190 171 2768871 21334 166 2710144 19475 0
1459947786684910 169 2768872 19668 166 2710894 18644 0
1459947786715398 169 2768873 18132 165 2710305 17729 0
1459947786746109 169 2768874 16716 166 2711042 17022 0
1459947786776149 170 2770155 16591 167 2713001 17498 0
1459947786806410 170 2771336 16383 166 2713527 16615 0
1459947786835239 168 2769865 16458 164 2711452 17228 0
1459947786864665 168 2768509 16421 165 2710819 16464 0
1459947786892519 167 2765979 17470 163 2707676 18074 0
1459947786921560 169 2766206 16315 165 2707338 16971 0
1459947786950672 169 2766416 15233 164 2705747 17111 0
1459947786980092 168 2765329 15043 165 2705560 15945 0
1459947787010031 169 2765607 14123 165 2705388 14857 0
1459947787040091 169 2765863 13255 166 2706509 14729 0
1459947787070270 170 2767379 13617 165 2706262 13804 0
1459947787100358 170 2768777 13842 166 2707315 13696 0
1459947787128474 168 2767506 13931 166 2708286 13521 0
1459947787156743 167 2765054 15101 163 2705341 15178 0
1459947787186881 170 2766634 15377 165 2705186 14134 0
1459947787215867 169 2766810 14337 165 2705043 13160 0
1459947787246247 170 2768252 14546 167 2707471 14369 0
1459947787277635 170 2769582 14635 166 2708429 14129 0
1459947787307149 168 2768248 14720 166 2709312 13840 0
1459947787336937 169 2768298 13616 165 2708847 13186 0
1459947787367681 170 2769624 13775 167 2710978 14119 0
1459947787397308 166 2765727 16290 163 2707822 15923 0
1459947787427809 167 2763414 17148 165 2707473 15000 0
1459947787458412 170 2765122 17382 166 2708431 14711 0
1459947787490034 171 2767976 18655 167 2710594 15555 0
1459947787522139 171 2770607 19623 166 2711308 14998 0
1459947787552947 170 2771753 19145 165 2710687 14398 0
1459947787583861 171 2774089 19803 167 2712674 15105 0
1459947787613801 169 2773683 18628 166 2713226 14433 0
1459947787644328 169 2773309 17516 165 2712455 14015 0
1459947787675643 170 2774244 17009 165 2711744 13575 0
1459947787707150 169 2773826 16065 165 2711089 13117 0
1459947787738403 170 2774720 15634 167 2713045 13895 0
1459947787770796 170 2775545 15172 167 2714848 14471 0
1459947787802619 169 2775025 14464 166 2715230 13692 0
1459947787831712 167 2771986 16135 164 2713022 14656 0
1459947787862314 170 2773024 15831 166 2713547 13995 0
1459947787892326 168 2771421 16071 165 2712751 13634 0
1459947787921085 166 2771421 16071 162 2712751 13634 1
1459947787951596 169 2771223 14996 165 2712017 13244 0
1459947787981205 167 2768481 16351 163 2708780 15192 0
1459947788012532 171 2771073 17462 167 2710916 15974 0
1459947788043726 170 2772182 17120 166 2711605 15361 0
1459947788075623 172 2775765 19085 168 2714800 17106 0
1459947788105535 166 2771388 21627 163 2711346 18952 0
1459947788137136 172 2775033 23297 167 2713282 19255 0
1459947788166958 167 2771993 24277 163 2709946 20824 0
1459947788197256 167 2769191 24963 163 2706871 22031 0
1459947788228014 168 2767887 24213 163 2704036 22921 0
1459947788257385 168 2766685 23428 163 2701423 23538 0
1459947788287334 170 2768137 22936 165 2701574 21838 0
1459947788315903 166 2764356 24629 162 2697873 23542 0
1459947788345721 168 2763430 23556 164 2697021 22486 0
1459947788374135 168 2762577 22501 164 2696236 21452 0
1459947788404404 168 2761790 21467 163 2694232 21622 0
1459947788434640 169 2762345 20300 165 2694945 20589 0
1459947788464634 168 2761576 19422 162 2691762 21913 0
1459947788493985 166 2758307 20916 163 2690108 21725 0
1459947788523569 168 2757854 19698 162 2687303 22612 0
1459947788554229 169 2758716 18954 165 2688557 22001 0
1459947788585245 171 2762071 20566 166 2690993 22528 0
1459947788614012 167 2760044 20827 163 2689399 22237 0
1459947788644146 170 2762015 21016 165 2690489 21504 0
1459947788674300 170 2763832 21049 166 2692774 21931 0
1459947788703596 167 2761667 21399 163 2691041 21814 0
1459947788732707 166 2758391 22746 162 2688163 22761 0
1459947788763812 170 2760491 22904 167 2691910 24436 0
1459947788793383 167 2758587 22868 164 2691524 22881 0
1459947788823517 168 2758112 21518 164 2691168 21420 0
1459947788852292 166 2755114 22599 164 2690840 20047 0
1459947788883103 169 2756190 21825 165 2691818 19381 0
1459947788912981 169 2757182 21034 165 2692719 18697 0
1459947788943703 169 2758097 20233 165 2693550 18002 0
1459947788973159 169 2758940 19429 164 2693036 17068 0
1459947789002794 169 2759717 18628 165 2693842 16477 0
1459947789031393 167 2757874 18870 162 2690745 18043 0
1459947789061813 169 2758735 18188 165 2691730 17541 0
1459947789092175 169 2759528 17498 165 2692638 17007 0
1459947789120831 166 2756419 18995 162 2689635 18445 0
1459947789150523 167 2754833 18972 163 2688147 18374 0
1459947789179798 169 2755931 18501 165 2689335 18033 0
1459947789209733 170 2758223 19168 165 2690430 17634 0
1459947789239498 168 2757776 18081 164 2690160 16504 0
1459947789270867 170 2759924 18648 166 2692471 17344 0
1459947789302045 170 2761904 19017 166 2694601 17953 0
1459947789331658 167 2759890 19387 163 2692725 18279 0
1459947789361071 167 2758033 19583 163 2690995 18443 0
1459947789391858 169 2758881 18835 166 2693241 19072 0
1459947789423014 171 2762223 20444 166 2695311 19490 0
1459947789453923 170 2764024 20506 165 2695939 18546 0
1459947789483836 169 2764404 19253 164 2695238 17742 0
1459947789513232 166 2760914 20964 162 2692032 19310 0
1459947789541855 166 2757697 22291 162 2689077 20525 0
1459947789571120 167 2756011 22102 164 2688912 19072 0
1459947789601520 169 2757017 21303 165 2690040 18622 0
1459947789630011 166 2754105 22322 163 2688520 18567 0
1459947789660869 170 2756540 22823 166 2690959 19364 0
1459947789690745 170 2758785 23108 166 2693207 19924 0
1459947789719059 163 2758785 23108 160 2693207 19924 1
1459947789746565 165 2754454 25293 162 2690160 21175 0
1459947789777637 169 2755582 24356 165 2691191 20470 0
1459947789807792 168 2755342 22674 164 2690861 19173 0
1459947789837766 168 2755120 21105 164 2690557 17954 0
1459947789867974 169 2756196 20448 164 2690277 16808 0
1459947789898407 170 2758468 20944 167 2693859 18796 0
1459947789928827 170 2760562 21238 164 2693321 17822 0
1459947789959256 169 2761213 20178 165 2694105 17152 0
1459947789988965 169 2761813 19154 165 2694828 16478 0
1459947790017822 168 2761086 18326 164 2694214 15755 0
1459947790046377 167 2759136 18691 163 2692368 16225 0
1459947790076181 170 2761178 19112 167 2695786 18108 0
1459947790105765 169 2761780 18173 165 2696377 17238 0
1459947790135296 168 2761055 17420 164 2695642 16568 0
1459947790164360 167 2759107 17854 162 2692404 18257 0
1459947790193091 167 2757311 18113 163 2690699 18400 0
1459947790223622 169 2758216 17531 165 2691688 17873 0
1459947790253219 169 2759050 16930 165 2692599 17316 0
1459947790283381 171 2762379 18676 166 2694719 17918 0
1459947790313079 168 2761608 17926 164 2694114 17075 0
1459947790343512 168 2760897 17180 165 2694836 16406 0
1459947790372254 169 2761521 16413 166 2696781 16917 0
1459947790402557 169 2762097 15661 167 2699854 18428 0
1459947790432752 168 2761348 15127 166 2701407 18420 0
1459947790462017 168 2760657 14581 163 2698999 19199 0
1459947790492455 168 2760020 14027 166 2700619 19193 0
1459947790521797 168 2759433 13471 163 2698273 19855 0
1459947790551142 169 2760172 13099 165 2698670 18669 0
1459947790580702 169 2760853 12703 165 2699036 17547 0
1459947790609692 168 2760201 12310 165 2699373 16487 0
1459947790640275 169 2760880 11974 165 2699684 15485 0
1459947790668812 167 2758946 12820 164 2698691 15190 0
1459947790698014 169 2759723 12534 166 2700335 15519 0
1459947790727620 169 2760439 12214 165 2700571 14523 0
1459947790759025 170 2762379 13048 166 2702068 14768 0
1459947790789821 170 2764168 13677 167 2704728 16067 0
1459947790819485 170 2765817 14128 167 2707181 17072 0
1459947790850167 170 2767337 14425 166 2708162 16642 0
1459947790878956 167 2764898 15545 164 2706506 16866 0
1459947790908117 168 2763930 15222 164 2704980 16954 0
1459947790937800 168 2763037 14854 165 2704853 15745 0
1459947790968446 170 2764774 15295 166 2706016 15586 0
1459947790997953 169 2765096 14396 166 2707088 15356 0
1459947791027353 168 2764112 14177 164 2705516 15604 0
1459947791055646 167 2761925 15084 164 2704067 15719 0
1459947791085130 168 2761189 14582 165 2704011 14540 0
1459947791114674 169 2761791 13997 165 2703960 13450 0
1459947791144231 168 2761066 13571 164 2702633 13622 0
1459947791173533 167 2759117 14306 164 2701409 13684 0
1459947791203614 171 2762440 16252 167 2704121 15114 0
1459947791233405 169 2762944 15447 167 2706621 16238 0
1459947791264310 170 2764689 15848 167 2708926 17094 0
1459947791293704 170 2766297 16092 165 2708491 16158 0
1459947791323704 169 2766500 15021 165 2708090 15264 0
1459947791352820 168 2765407 14854 165 2707720 14411 0
1459947791383137 169 2765679 13944 166 2708659 14151 0
1459947791412669 167 2763370 14982 163 2705685 15786 0
1459947791442347 168 2762521 14592 165 2705503 14719 0
1459947791472561 168 2761739 14172 164 2704055 14903 0
1459947791501771 168 2761018 13728 164 2702720 14968 0
1459947791531435 167 2759073 14447 164 2701490 14931 0
1459947791556006 154 2759073 14447 142 2701490 14931 1
1459947791580175 156 2759073 14447 146 2701490 14931 1
1459947791604057 157 2759073 14447 150 2701490 14931 1
1459947791629242 158 2759073 14447 150 2701490 14931 1
1459947791653825 157 2759073 14447 150 2701490 14931 1
1459947791678324 158 2759073 14447 151 2701490 14931 1
1459947791701115 156 2759073 14447 149 2701490 14931 1
1459947791725959 158 2759073 14447 150 2701490 14931 1
1459947791750252 158 2759073 14447 151 2701490 14931 1
1459947791774025 157 2759073 14447 149 2701490 14931 1
1459947791797688 158 2759073 14447 150 2701490 14931 1
1459947791821891 163 2759073 14447 146 2701490 14931 1
1459947791846564 166 2759073 14447 146 2701490 14931 1
1459947791870686 166 2759073 14447 146 2701490 14931 1
1459947791894842 167 2759073 14447 146 2701490 14931 1
1459947791919193 168 2759073 14447 144 2701490 14931 1
1459947791943596 168 2759073 14447 144 2701490 14931 1
1459947791968377 170 2759073 14447 145 2701490 14931 1
1459947791991658 168 2759073 14447 143 2701490 14931 1
1459947792014867 167 2759073 14447 143 2701490 14931 1
1459947792039484 169 2759073 14447 143 2701490 14931 1
1459947792063720 172 2759073 14447 145 2701490 14931 1
1459947792087656 171 2759073 14447 144 2701490 14931 1
1459947792112731 172 2759073 14447 146 2701490 14931 1
1459947792137587 171 2759073 14447 144 2701490 14931 1
1459947792161472 170 2759073 14447 143 2701490 14931 1
1459947792185557 169 2759073 14447 142 2701490 14931 1
1459947792207455 167 2759073 14447 140 2701490 14931 1
1459947792230588 170 2759073 14447 141 2701490 14931 1
1459947792255754 172 2759073 14447 145 2701490 14931 1
1459947792280641 171 2759073 14447 143 2701490 14931 1
1459947792304639 171 2759073 14447 142 2701490 14931 1
1459947792328231 170 2759073 14447 142 2701490 14931 1
1459947792352238 173 2759073 14447 145 2701490 14931 1
1459947792375731 171 2759073 14447 142 2701490 14931 1
1459947792400114 172 2759073 14447 143 2701490 14931 1
1459947792424106 170 2759073 14447 143 2701490 14931 1
1459947792448628 173 2759073 14447 145 2701490 14931 1
1459947792471572 170 2759073 14447 142 2701490 14931 1
1459947792495771 172 2759073 14447 144 2701490 14931 1
1459947792519279 171 2759073 14447 141 2701490 14931 1
1459947792542912 171 2759073 14447 142 2701490 14931 1
1459947792566761 172 2759073 14447 142 2701490 14931 1
1459947792590403 170 2759073 14447 142 2701490 14931 1
1459947792613531 169 2759073 14447 141 2701490 14931 1
1459947792637770 172 2759073 14447 143 2701490 14931 1
1459947792662026 172 2759073 14447 145 2701490 14931 1
1459947792686347 173 2759073 14447 144 2701490 14931 1
1459947792710665 171 2759073 14447 142 2701490 14931 1
1459947792735165 174 2759073 14447 143 2701490 14931 1
1459947792759200 172 2759073 14447 142 2701490 14931 1
1459947792783916 174 2759073 14447 145 2701490 14931 1
1459947792808681 174 2759073 14447 144 2701490 14931 1
1459947792832762 174 2759073 14447 144 2701490 14931 1
1459947792858055 173 2759073 14447 144 2701490 14931 1
1459947792880954 169 2759073 14447 140 2701490 14931 1
1459947792906211 173 2759073 14447 144 2701490 14931 1
1459947792930833 172 2759073 14447 143 2701490 14931 1
1459947792955689 173 2759073 14447 143 2701490 14931 1
1459947792978926 170 2759073 14447 140 2701490 14931 1
1459947793004118 174 2759073 14447 143 2701490 14931 1
1459947793029110 173 2759073 14447 142 2701490 14931 1
1459947793050818 165 2759073 14447 134 2701490 14931 1
1459947793077040 175 2759073 14447 144 2701490 14931 1
1459947793102384 174 2759073 14447 144 2701490 14931 1
1459947793125774 173 2759073 14447 141 2701490 14931 1
1459947793150227 174 2759073 14447 143 2701490 14931 1
1459947793173632 173 2759073 14447 142 2701490 14931 1
1459947793198313 174 2759073 14447 143 2701490 14931 1
1459947793221554 172 2759073 14447 140 2701490 14931 1
1459947793245245 169 2759073 14447 139 2701490 14931 1
1459947793269595 175 2759073 14447 144 2701490 14931 1
1459947793293473 173 2759073 14447 143 2701490 14931 1
1459947793318050 176 2759073 14447 144 2701490 14931 1
1459947793342006 173 2759073 14447 143 2701490 14931 1
1459947793366460 173 2759073 14447 142 2701490 14931 1
1459947793389282 172 2759073 14447 142 2701490 14931 1
1459947793411922 171 2759073 14447 139 2701490 14931 1
1459947793436194 173 2759073 14447 142 2701490 14931 1
1459947793460162 173 2759073 14447 143 2701490 14931 1
1459947793483022 171 2759073 14447 141 2701490 14931 1
1459947793507223 174 2759073 14447 142 2701490 14931 1
1459947793531238 174 2759073 14447 140 2701490 14931 1
1459947793554178 171 2759073 14447 139 2701490 14931 1
1459947793577804 174 2759073 14447 143 2701490 14931 1
1459947793600513 172 2759073 14447 141 2701490 14931 1
1459947793624886 175 2759073 14447 144 2701490 14931 1
1459947793649863 174 2759073 14447 142 2701490 14931 1
1459947793673386 174 2759073 14447 141 2701490 14931 1
1459947793698191 173 2759073 14447 141 2701490 14931 1
1459947793723065 176 2759073 14447 143 2701490 14931 1
1459947793747627 174 2759073 14447 143 2701490 14931 1
1459947793771447 175 2759073 14447 142 2701490 14931 1
1459947793795148 175 2759073 14447 144 2701490 14931 1
1459947793819182 176 2759073 14447 143 2701490 14931 1
1459947793843285 175 2759073 14447 143 2701490 14931 1
1459947793866355 174 2759073 14447 142 2701490 14931 1
1459947793889515 174 2759073 14447 143 2701490 14931 1
1459947793914199 175 2759073 14447 143 2701490 14931 1
1459947793937923 172 2759073 14447 141 2701490 14931 1
1459947793960343 174 2759073 14447 140 2701490 14931 1
1459947793983402 174 2759073 14447 142 2701490 14931 1
1459947794006663 173 2759073 14447 141 2701490 14931 1
1459947794029957 174 2759073 14447 141 2701490 14931 1
1459947794053375 174 2759073 14447 142 2701490 14931 1
1459947794076507 174 2759073 14447 140 2701490 14931 1
1459947794100801 175 2759073 14447 143 2701490 14931 1
1459947794122919 173 2759073 14447 141 2701490 14931 1
1459947794147594 176 2759073 14447 144 2701490 14931 1
1459947794171723 176 2759073 14447 143 2701490 14931 1
1459947794195208 175 2759073 14447 143 2701490 14931 1
1459947794217794 174 2759073 14447 140 2701490 14931 1
1459947794242199 177 2759073 14447 144 2701490 14931 1
1459947794267167 176 2759073 14447 143 2701490 14931 1
1459947794291631 176 2759073 14447 144 2701490 14931 1
1459947794315719 176 2759073 14447 143 2701490 14931 1
1459947794337684 170 2759073 14447 138 2701490 14931 1
1459947794361429 175 2759073 14447 143 2701490 14931 1
1459947794383965 175 2759073 14447 142 2701490 14931 1
1459947794407381 174 2759073 14447 142 2701490 14931 1
1459947794431187 175 2759073 14447 144 2701490 14931 1
1459947794454913 175 2759073 14447 144 2701490 14931 1
1459947794477702 173 2759073 14447 141 2701490 14931 1
1459947794502216 176 2759073 14447 144 2701490 14931 1
1459947794526149 173 2759073 14447 141 2701490 14931 1
1459947794550070 175 2759073 14447 142 2701490 14931 1
1459947794573360 173 2759073 14447 142 2701490 14931 1
1459947794597528 173 2759073 14447 142 2701490 14931 1
1459947794622073 176 2759073 14447 144 2701490 14931 1
1459947794647069 176 2759073 14447 144 2701490 14931 1
1459947794671020 175 2759073 14447 142 2701490 14931 1
1459947794694102 174 2759073 14447 141 2701490 14931 1
1459947794717775 174 2759073 14447 142 2701490 14931 1
1459947794742385 175 2759073 14447 143 2701490 14931 1
1459947794766617 175 2759073 14447 142 2701490 14931 1
1459947794790561 175 2759073 14447 142 2701490 14931 1
1459947794815554 176 2759073 14447 143 2701490 14931 1
1459947794840391 176 2759073 14447 144 2701490 14931 1
1459947794864100 176 2759073 14447 143 2701490 14931 1
1459947794887896 175 2759073 14447 143 2701490 14931 1
1459947794911302 175 2759073 14447 143 2701490 14931 1
1459947794934917 175 2759073 14447 143 2701490 14931 1
1459947794960001 176 2759073 14447 143 2701490 14931 1
1459947794983959 175 2759073 14447 142 2701490 14931 1
1459947795009012 177 2759073 14447 145 2701490 14931 1
1459947795032579 174 2759073 14447 143 2701490 14931 1
1459947795056826 177 2759073 14447 142 2701490 14931 1
1459947795081572 176 2759073 14447 143 2701490 14931 1
1459947795105692 176 2759073 14447 142 2701490 14931 1
1459947795129040 175 2759073 14447 141 2701490 14931 1
1459947795152421 176 2759073 14447 142 2701490 14931 1
1459947795176961 176 2759073 14447 143 2701490 14931 1
1459947795201024 176 2759073 14447 143 2701490 14931 1
1459947795224436 174 2759073 14447 141 2701490 14931 1
1459947795247234 174 2759073 14447 143 2701490 14931 1
1459947795272511 176 2759073 14447 142 2701490 14931 1
1459947795295271 174 2759073 14447 141 2701490 14931 1
1459947795319495 177 2759073 14447 143 2701490 14931 1
1459947795343843 176 2759073 14447 143 2701490 14931 1
1459947795366634 174 2759073 14447 141 2701490 14931 1
1459947795390103 176 2759073 14447 143 2701490 14931 1
1459947795414365 176 2759073 14447 143 2701490 14931 1
1459947795438665 176 2759073 14447 143 2701490 14931 1
1459947795464719 177 2759073 14447 145 2701490 14931 1
1459947795489218 176 2759073 14447 144 2701490 14931 1
1459947795514236 177 2759073 14447 144 2701490 14931 1
1459947795537839 175 2759073 14447 142 2701490 14931 1
1459947795562413 176 2759073 14447 144 2701490 14931 1
1459947795585132 175 2759073 14447 142 2701490 14931 1
1459947795608143 174 2759073 14447 142 2701490 14931 1
1459947795632455 176 2759073 14447 145 2701490 14931 1
1459947795656604 176 2759073 14447 144 2701490 14931 1
1459947795680081 175 2759073 14447 143 2701490 14931 1
1459947795704212 176 2759073 14447 143 2701490 14931 1
1459947795729496 174 2759073 14447 141 2701490 14931 1
1459947795753803 177 2759073 14447 144 2701490 14931 1
1459947795777263 175 2759073 14447 141 2701490 14931 1
1459947795802323 177 2759073 14447 144 2701490 14931 1
1459947795824684 172 2759073 14447 140 2701490 14931 1
1459947795848582 177 2759073 14447 144 2701490 14931 1
1459947795873076 176 2759073 14447 143 2701490 14931 1
1459947795897758 176 2759073 14447 144 2701490 14931 1
1459947795921637 177 2759073 14447 144 2701490 14931 1
1459947795946442 178 2759073 14447 145 2701490 14931 1
1459947795970544 178 2759073 14447 144 2701490 14931 1
1459947795994444 177 2759073 14447 145 2701490 14931 1
1459947796017838 175 2759073 14447 142 2701490 14931 1
1459947796041810 178 2759073 14447 145 2701490 14931 1
1459947796065700 176 2759073 14447 142 2701490 14931 1
1459947796090183 177 2759073 14447 146 2701490 14931 1
1459947796114738 177 2759073 14447 144 2701490 14931 1
1459947796138853 178 2759073 14447 145 2701490 14931 1
1459947796163298 177 2759073 14447 144 2701490 14931 1
1459947796187253 175 2759073 14447 143 2701490 14931 1
1459947796210037 175 2759073 14447 142 2701490 14931 1
1459947796233655 175 2759073 14447 142 2701490 14931 1
1459947796257479 176 2759073 14447 144 2701490 14931 1
1459947796280392 175 2759073 14447 143 2701490 14931 1
1459947796304911 179 2759073 14447 146 2701490 14931 1
1459947796328059 176 2759073 14447 143 2701490 14931 1
1459947796351680 177 2759073 14447 144 2701490 14931 1
1459947796374238 176 2759073 14447 142 2701490 14931 1
1459947796397501 175 2759073 14447 143 2701490 14931 1
1459947796420511 177 2759073 14447 143 2701490 14931 1
1459947796442991 174 2759073 14447 141 2701490 14931 1
1459947796466549 177 2759073 14447 144 2701490 14931 1
1459947796489597 175 2759073 14447 142 2701490 14931 1
1459947796513256 177 2759073 14447 143 2701490 14931 1
1459947796537267 177 2759073 14447 143 2701490 14931 1
1459947796561179 177 2759073 14447 143 2701490 14931 1
1459947796585277 176 2759073 14447 142 2701490 14931 1
1459947796606505 172 2759073 14447 139 2701490 14931 1
1459947796628356 173 2759073 14447 140 2701490 14931 1
1459947796650143 172 2759073 14447 139 2701490 14931 1
1459947796672262 173 2759073 14447 139 2701490 14931 1
1459947796695690 176 2759073 14447 143 2701490 14931 1
1459947796718597 175 2759073 14447 141 2701490 14931 1
1459947796741978 175 2759073 14447 141 2701490 14931 1
1459947796764491 174 2759073 14447 141 2701490 14931 1
1459947796788391 176 2759073 14447 143 2701490 14931 1
1459947796811482 177 2759073 14447 143 2701490 14931 1
1459947796834113 175 2759073 14447 142 2701490 14931 1
1459947796856811 174 2759073 14447 141 2701490 14931 1
1459947796879211 173 2759073 14447 139 2701490 14931 1
1459947796901846 175 2759073 14447 141 2701490 14931 1
1459947796923816 174 2759073 14447 141 2701490 14931 1
1459947796944243 167 2759073 14447 134 2701490 14931 1
1459947796966348 175 2759073 14447 142 2701490 14931 1
1459947796989260 174 2759073 14447 140 2701490 14931 1
1459947797012865 176 2759073 14447 142 2701490 14931 1
1459947797037046 177 2759073 14447 143 2701490 14931 1
1459947797060564 174 2759073 14447 142 2701490 14931 1
1459947797084270 176 2759073 14447 143 2701490 14931 1
1459947797109364 178 2759073 14447 144 2701490 14931 1
1459947797132301 174 2759073 14447 140 2701490 14931 1
1459947797155282 176 2759073 14447 143 2701490 14931 1
1459947797180250 177 2759073 14447 144 2701490 14931 1
1459947797203401 176 2759073 14447 142 2701490 14931 1
1459947797227149 174 2759073 14447 141 2701490 14931 1
1459947797250602 176 2759073 14447 143 2701490 14931 1
1459947797273805 175 2759073 14447 140 2701490 14931 1
1459947797298004 176 2759073 14447 142 2701490 14931 1
1459947797321741 177 2759073 14447 143 2701490 14931 1
1459947797344116 174 2759073 14447 139 2701490 14931 1
1459947797368441 177 2759073 14447 143 2701490 14931 1
1459947797390988 175 2759073 14447 141 2701490 14931 1
1459947797412816 173 2759073 14447 138 2701490 14931 1
1459947797435582 176 2759073 14447 142 2701490 14931 1
1459947797457659 173 2759073 14447 139 2701490 14931 1
1459947797480456 174 2759073 14447 140 2701490 14931 1
1459947797502325 171 2759073 14447 139 2701490 14931 1
1459947797526628 176 2759073 14447 144 2701490 14931 1
1459947797549334 175 2759073 14447 141 2701490 14931 1
1459947797572838 176 2759073 14447 142 2701490 14931 1
1459947797595981 174 2759073 14447 141 2701490 14931 1
1459947797619266 176 2759073 14447 140 2701490 14931 1
1459947797648667 168 2758560 13790 164 2700356 14809 0
1459947797678368 167 2756807 14327 163 2698030 15795 0
1459947797708805 168 2756471 13516 164 2697166 15357 0
1459947797737655 168 2756161 12745 164 2696369 14890 0
1459947797766007 165 2752035 15551 162 2693075 16762 0
1459947797795237 166 2749512 16661 163 2691318 17071 0
1459947797823916 166 2747186 17502 164 2690978 16049 0
1459947797852527 165 2743762 19290 161 2686825 18623 0
1459947797882147 167 2743165 18331 164 2686836 17178 0
1459947797910993 166 2741335 18584 163 2685566 17004 0
1459947797940948 168 2742208 17937 164 2685676 15776 0
1459947797969670 165 2739173 19332 163 2684497 15629 0
1459947797999440 166 2737655 19220 164 2684690 14585 0
1459947798029349 166 2736255 19007 164 2684868 13609 0
1459947798058654 166 2734965 18711 162 2682472 14753 0
1459947798088114 166 2733775 18345 162 2680263 15635 0
1459947798117238 167 2733958 17080 163 2679507 15109 0
1459947798146453 166 2732847 16768 162 2677530 15750 0
1459947798177529 169 2735663 18054 165 2679547 16379 0
1459947798208651 171 2735663 18054 168 2679547 16379 1
1459947798238916 169 2738259 19036 165 2681407 16814 0
1459947798268103 167 2738092 17701 162 2679282 17458 0
1459947798299730 170 2741778 19716 166 2682443 19008 0
1459947798329875 169 2743896 20128 165 2684077 19029 0
1459947798359792 168 2744569 19175 165 2685583 18930 0
1459947798389461 168 2745189 18248 164 2685691 17551 0
1459947798419216 170 2748321 19709 166 2688351 18631 0
1459947798450124 168 2748648 18470 164 2688243 17273 0
1459947798479785 168 2748949 17305 164 2688144 16014 0
1459947798509964 169 2750507 17389 165 2689332 15857 0
1459947798540287 169 2751943 17354 165 2690427 15628 0
1459947798571192 168 2751987 16039 165 2691437 15338 0
1459947798598696 165 2748188 18287 161 2687248 18000 0
1459947798628409 168 2748525 17169 164 2687226 16612 0
1459947798657992 167 2747556 16719 164 2687206 15331 0
1459947798688147 167 2746663 16235 163 2685908 15329 0
1459947798719131 169 2748399 16567 165 2687271 15387 0
1459947798749745 169 2750000 16748 165 2688527 15342 0
1459947798778299 167 2748916 16438 164 2688405 14254 0
1459947798808617 168 2749196 15412 165 2689573 14217 0
1459947798838765 168 2749455 14445 164 2689370 13293 0
1459947798870539 169 2750973 14716 165 2690462 13261 0
1459947798901894 169 2752373 14856 165 2691469 13152 0
1459947798932108 169 2753663 14885 164 2691117 12447 0
1459947798962319 170 2756133 15999 167 2694633 14715 0
1459947798991770 167 2754570 16189 164 2694034 14116 0
1459947799022118 169 2755689 15955 165 2694762 13684 0
1459947799051622 167 2754160 16116 163 2692873 14354 0
1459947799081946 168 2754031 14974 165 2693692 13987 0
1459947799111425 168 2753912 13913 164 2693167 13377 0
1459947799140830 167 2752522 14106 163 2691403 13956 0
1459947799171199 169 2753801 14182 166 2693617 14906 0
1459947799199993 164 2753801 14182 161 2693617 14906 1
1459947799229422 168 2753700 13166 162 2690538 16579 0
1459947799259289 168 2753607 12222 165 2691539 16206 0
1459947799290073 168 2753521 11345 164 2691182 15267 0
1459947799320807 171 2753521 11345 167 2691182 15267 1
1459947799351221 168 2753442 10530 164 2690853 14376 0
1459947799380487 168 2753369 9773 163 2689270 14711 0
1459947799409720 168 2753302 9070 165 2690370 14575 0
1459947799439041 166 2750680 10777 164 2690104 13680 0
1459947799467657 166 2748263 12163 162 2687299 15196 0
1459947799497846 169 2749874 12698 165 2688553 15164 0
1459947799525443 162 2749874 12698 159 2688553 15164 1
1459947799555184 169 2751360 13075 165 2689709 15045 0
1459947799585468 169 2752730 13315 165 2690775 14852 0
1459947799615142 169 2753992 13438 165 2691758 14597 0
1459947799643904 165 2750036 16034 162 2688824 16160 0
1459947799673800 168 2750229 14959 164 2688679 15030 0
1459947799703767 168 2750407 13954 163 2687265 15157 0
1459947799733109 167 2749291 13891 163 2685962 15172 0
1459947799762230 167 2748262 13752 162 2683481 16272 0
1459947799792778 168 2748594 12983 164 2683754 15251 0
1459947799822104 167 2747620 12865 164 2684005 14291 0
1459947799850624 167 2746722 12686 163 2682957 14140 0
1459947799879293 164 2742054 15996 161 2679430 16285 0
1459947799908230 166 2740311 16352 162 2677459 16828 0
1459947799936897 166 2738704 16555 163 2676922 16007 0
1459947799965684 166 2737222 16626 161 2673867 17571 0
1459947799995279 169 2739696 17608 163 2673611 16433 0
1459947800024821 167 2739417 16488 163 2673375 15366 0
1459947800054086 168 2740440 16142 164 2674437 15144 0
1459947800082838 166 2738823 16370 163 2674136 14236 0
1459947800112907 167 2738612 15285 163 2673859 13378 0
1459947800141566 165 2735857 16628 161 2671043 14927 0
1459947800171768 169 2738438 17707 165 2673567 16087 0
1459947800200464 166 2736977 17669 161 2670774 17404 0
1459947800229606 168 2738190 17406 164 2672039 17210 0
1459947800257298 165 2735468 18554 160 2668085 19509 0
1459947800284963 167 2735519 17151 162 2667000 18983 0
1459947800313914 166 2734286 16947 162 2666000 18420 0
1459947800343516 167 2734429 15755 163 2666358 17310 0
1459947800373018 167 2734561 14646 162 2665408 16832 0
1459947800404418 168 2735963 14793 164 2667093 17070 0
1459947800435605 169 2738535 16008 165 2669926 18348 0
1459947800466015 169 2740906 16943 165 2672538 19321 0
1459947800496331 167 2740532 15963 163 2672385 17951 0
1459947800525377 168 2741467 15577 165 2674804 18778 0
1459947800555133 168 2742329 15155 164 2675754 18186 0
1459947800584534 167 2741844 14417 164 2676630 17573 0
1459947800615325 170 2745237 16418 165 2678718 18125 0
1459947800645843 168 2745805 15658 165 2680643 18482 0
1459947800674962 166 2743768 16310 163 2679857 17761 0
1459947800705411 169 2745731 16844 166 2682973 19245 0
1459947800733602 166 2743700 17399 163 2682005 18632 0
1459947800763128 167 2743108 16584 163 2681113 17997 0
1459947800792041 166 2741282 16970 164 2681571 17012 0
1459947800821031 167 2740879 16015 164 2681993 16071 0
1459947800851436 170 2744347 17960 165 2683662 16353 0
1459947800881415 169 2746264 18324 166 2686480 17673 0
1459947800911922 169 2748032 18522 164 2686518 16327 0
1459947800941849 169 2749662 18576 165 2687833 16264 0
1459947800971358 168 2749884 17329 163 2686486 16234 0
1459947801000448 169 2751369 17344 165 2687804 16180 0
1459947801030770 168 2751458 16071 164 2687739 14974 0
1459947801060140 167 2750260 15919 163 2686399 15038 0
1459947801091125 170 2752995 17197 166 2689004 16264 0
1459947801119896 166 2750397 18247 162 2686285 17499 0
1459947801148294 168 2750562 16973 164 2686338 16180 0
1459947801177884 171 2754554 19326 166 2688947 17321 0
1459947801208042 169 2755674 18848 164 2688793 16108 0
1459947801237853 168 2755426 17602 164 2688651 14979 0
1459947801267646 168 2755198 16435 165 2689800 14867 0
1459947801297167 168 2754988 15344 164 2689579 13908 0
1459947801325915 168 2754794 14323 164 2689375 13008 0
1459947801355096 167 2753335 14548 163 2687907 13343 0
1459947801384291 168 2753270 13470 163 2686554 13547 0
1459947801415469 173 2753270 13470 168 2686554 13547 1
<<<<<<< HEAD
<<<<<<< HEAD
=======
<<<<<<< HEAD
<<<<<<< HEAD
<<<<<<< HEAD
<<<<<<< HEAD
>>>>>>> 3f8e119
=======
version https://git-lfs.github.com/spec/v1
oid sha256:f2c87294ea3cd43d02ee599a3e0383f765be4b0468561bb2e8a52b767fda3f13
size 42413
>>>>>>> f48ecf8
=======
>>>>>>> 587ddc4f3682fe26eb61ef3e7dd1f587b73479b7
>>>>>>> dd1805f
=======
version https://git-lfs.github.com/spec/v1
oid sha256:f2c87294ea3cd43d02ee599a3e0383f765be4b0468561bb2e8a52b767fda3f13
size 42413
>>>>>>> 349884c
=======
>>>>>>> 587ddc4f3682fe26eb61ef3e7dd1f587b73479b7
<<<<<<< HEAD
<<<<<<< HEAD
>>>>>>> 38e2d40
=======
>>>>>>> ddf0ce1
=======
>>>>>>> 2cf6812
=======
version https://git-lfs.github.com/spec/v1
oid sha256:f2c87294ea3cd43d02ee599a3e0383f765be4b0468561bb2e8a52b767fda3f13
size 42413
<<<<<<< HEAD
>>>>>>> 8d79f4c
=======
>>>>>>> 587ddc4f3682fe26eb61ef3e7dd1f587b73479b7
>>>>>>> c5a382b
=======
>>>>>>> 70238e08249cac7bd497cf178abe20b08de7a63b
<<<<<<< HEAD
>>>>>>> ddf0ce1
=======
>>>>>>> 2cf6812
=======
>>>>>>> ae7b143... Fixing logs
>>>>>>> dfa5db5e... Fixing logs
=======
>>>>>>> ae7b1437... Fixing logs
