1459947780015588 161 2637824 0 159 2605056 0 0
1459947780029788 159 2635264 2360 156 2601216 3540 0
1459947780044149 162 2636744 3539 157 2598956 5346 0
1459947780058037 158 2632988 6724 156 2595592 8028 0
1459947780072978 161 2633365 6546 159 2596331 8081 0
1459947780087841 163 2636273 8715 159 2597012 8077 0
1459947780102413 161 2636394 8145 157 2595080 9225 0
1459947780116397 157 2631385 12124 154 2589459 13685 0
1459947780130671 160 2630608 11892 157 2588117 13851 0
1459947780145488 162 2632451 12661 159 2589440 13988 0
1459947780160834 163 2635430 14418 160 2591940 15199 0
1459947780176066 161 2635617 13463 157 2590404 15426 0
1459947780190499 157 2630669 16972 154 2585148 19064 0
1459947780205468 162 2632507 17341 159 2586703 19007 0
1459947780221153 162 2634202 17548 159 2588136 18843 0
1459947780236776 163 2637044 18797 160 2590737 19768 0
1459947780251858 160 2635824 18451 156 2588015 20731 0
1459947780266326 159 2633420 19224 157 2586786 20243 0
1459947780281222 159 2631204 19764 157 2585653 19705 0
1459947780295438 158 2627881 21282 155 2582048 21487 0
1459947780310437 160 2627377 20082 157 2581285 20510 0
1459947780325082 160 2626913 18940 156 2579302 20734 0
1459947780340640 159 2625205 19034 155 2576194 21979 0
1459947780355029 160 2624910 17817 157 2575888 20542 0
1459947780369869 159 2623358 17854 157 2575606 19196 0
1459947780384290 159 2621928 17777 156 2574066 19114 0
1459947780399387 162 2624449 18712 160 2577767 21031 0
1459947780412878 155 2617813 23366 153 2572218 24501 0
1459947780427610 160 2618096 21801 157 2572223 22591 0
1459947780443221 163 2622197 23877 160 2576068 24370 0
1459947780458195 161 2623417 23136 157 2575772 22738 0
1459947780472744 161 2624542 22365 157 2575499 21211 0
1459947780487975 163 2628139 23933 160 2579088 22861 0
1459947780501804 154 2619935 29625 151 2570876 28643 0
1459947780516529 159 2618772 28381 157 2570986 26506 0
1459947780530469 158 2616420 28330 155 2568527 26701 0
1459947780545136 160 2616812 26477 158 2570100 26064 0
1459947780559593 159 2615893 25254 156 2568990 25049 0
1459947780574506 162 2618886 26040 158 2570527 24509 0
1459947780588764 158 2616525 26181 156 2569384 23647 0
1459947780603382 160 2616908 24489 155 2567050 23949 0
1459947780618036 160 2617262 22901 156 2566179 22879 0
1459947780632194 158 2615028 23170 156 2565376 21831 0
1459947780646661 158 2612968 23257 155 2563356 21987 0
1459947780660159 156 2608509 25549 154 2560213 23165 0
1459947780674926 161 2610799 25663 156 2559876 21665 0
1459947780689607 161 2612910 25604 159 2563405 23225 0
1459947780704450 161 2614856 25397 158 2565378 23229 0
1459947780719011 158 2612810 25297 155 2563357 23276 0
1459947780733478 160 2613484 23941 157 2564054 22100 0
1459947780748257 160 2614105 22643 156 2563417 20959 0
1459947780763067 162 2617238 23762 159 2566670 22319 0
1459947780777425 159 2616286 22782 154 2563268 23710 0
1459947780792507 161 2617968 22553 157 2563972 22506 0
1459947780808249 163 2622079 24581 160 2568461 24885 0
1459947780823625 161 2623309 23793 158 2570039 24395 0
1459947780838176 161 2624442 22979 157 2570214 22651 0
1459947780853193 161 2625487 22146 159 2572936 23390 0
1459947780868327 158 2622610 23066 155 2570325 23968 0
1459947780882628 155 2616118 27247 152 2564078 27853 0
1459947780897957 162 2619093 27861 159 2567279 28627 0
1459947780912058 159 2617996 26694 156 2566390 27209 0
1459947780927267 160 2618265 24856 157 2566850 25507 0
1459947780942317 162 2621073 25502 158 2568554 25085 0
1459947780957278 159 2619821 24662 156 2567565 24036 0
1459947780972491 162 2622507 25211 159 2570493 24858 0
1459947780988738 163 2626263 26704 160 2574473 26584 0
1459947781004466 161 2627166 25449 159 2576862 26709 0
1459947781019142 162 2629278 25407 157 2576504 24951 0
1459947781034109 162 2631225 25217 159 2578734 25057 0
1459947781050035 162 2633020 24901 160 2582070 26174 0
1459947781065088 163 2635955 25661 161 2586425 28144 0
1459947781080541 164 2639941 27330 159 2587880 27286 0
1459947781095429 162 2641055 26221 158 2587941 25211 0
1459947781110385 161 2640802 24404 157 2586718 24368 0
1459947781125360 160 2639289 23891 158 2586870 22604 0
1459947781140583 162 2640454 23098 158 2587010 20967 0
1459947781155232 161 2640248 21482 157 2585859 20388 0
1459947781169567 160 2638778 21157 156 2583518 20952 0
1459947781184105 160 2637423 20752 157 2582640 20123 0
1459947781198353 161 2637454 19158 158 2583111 18984 0
1459947781213113 158 2633642 21174 155 2579705 20639 0
1459947781227983 161 2633968 19820 157 2579125 19560 0
1459947781244012 163 2636829 20908 160 2582430 21078 0
1459947781259576 164 2640746 22885 160 2585477 22240 0
1459947781274206 161 2640517 21307 157 2584446 21451 0
1459947781289563 162 2641586 20628 159 2586056 21259 0
1459947781305065 164 2645132 22285 160 2588820 22146 0
1459947781320588 164 2648401 23556 161 2592648 23944 0
1459947781335958 161 2647574 22476 158 2592337 22359 0
1459947781351784 163 2649372 22377 161 2595890 23888 0
1459947781366350 159 2645909 23819 156 2592766 24900 0
1459947781379911 156 2638877 28440 152 2584766 30328 0
1459947781394634 160 2637514 27473 157 2583791 28856 0
1459947781410634 163 2640098 27708 160 2586732 29312 0
1459947781424639 159 2637360 28066 156 2584323 29242 0
1459947781439481 163 2639956 28266 160 2587222 29630 0
1459947781454418 161 2639789 26210 157 2586055 28390 0
1459947781469218 163 2642195 26380 160 2588819 28720 0
1459947781484534 163 2644413 26364 160 2591367 28825 0
1459947781499621 161 2643898 24778 158 2591156 26767 0
1459947781514418 162 2644703 23584 160 2593521 26856 0
1459947781529284 161 2644165 22236 158 2593142 25106 0
1459947781543852 161 2643669 20954 159 2594072 24002 0
1459947781557623 157 2638092 24456 155 2589810 26054 0
1459947781572178 159 2635511 24924 156 2587161 26459 0
1459947781587333 161 2635691 23142 158 2587279 24499 0
1459947781602064 160 2634577 22360 157 2586107 23664 0
1459947781617137 163 2637390 23206 159 2587587 23179 0
1459947781632359 160 2636143 22541 158 2587671 21446 0
1459947781647388 161 2636274 20900 157 2586469 20877 0
1459947781661670 160 2635115 20335 156 2584081 21446 0
1459947781676562 163 2637886 21301 158 2584439 20100 0
1459947781691473 160 2636601 20820 157 2583489 19404 0
1459947781706035 161 2636696 19281 158 2583893 18261 0
1459947781721384 164 2640624 21395 160 2586826 19538 0
1459947781736055 160 2639125 21104 157 2585690 19058 0
1459947781750800 162 2640303 20541 159 2587202 18963 0
1459947781766170 162 2641389 19937 160 2589876 19946 0
1459947781781377 162 2642390 19302 158 2589781 18473 0
1459947781829518 160 2640753 19302 159 2590974 18129 0
1459947781844850 162 2641804 18763 157 2589514 18057 0
1459947781861098 165 2646613 21730 161 2593288 20125 0
1459947781876555 161 2645926 20664 159 2594207 19399 0
1459947781891540 160 2644013 20812 159 2595054 18664 0
1459947781906920 161 2643529 19631 160 2597115 19105 0
1459947781921436 161 2643083 18507 158 2596455 18220 0
1459947781936726 161 2642672 17439 160 2598406 18595 0
1459947781951268 157 2637173 21145 155 2593805 21383 0
1459947781965942 161 2637223 19539 159 2594683 20522 0
1459947781981015 161 2637269 18055 159 2595493 19665 0
1459947781995520 160 2636032 17784 156 2592400 20979 0
1459947782010386 160 2634892 17444 157 2590828 20788 0
1459947782024911 160 2633841 17049 158 2590659 19318 0
1459947782038745 156 2627752 21330 153 2584103 23851 0
1459947782053765 161 2628538 20388 157 2583179 22837 0
1459947782069163 162 2630543 20643 159 2584888 22627 0
1459947782084042 163 2633671 21914 160 2587743 23491 0
1459947782098240 159 2631435 22261 156 2585255 23948 0
1459947782113015 161 2631934 20981 158 2585521 22323 0
1459947782126912 160 2631114 20096 157 2584487 21532 0
1459947782141381 159 2629078 20402 156 2582253 21907 0
1459947782157225 163 2632321 21797 160 2585314 23017 0
1459947782172911 162 2634030 21670 160 2588136 23819 0
1459947782188645 161 2634326 20250 157 2586897 23099 0
1459947782202706 157 2629479 23135 155 2583195 24706 0
1459947782217740 162 2631410 23108 158 2583622 23169 0
1459947782233448 164 2635751 25303 161 2587856 25261 0
1459947782248649 161 2635912 23475 159 2589199 24525 0
1459947782264285 162 2637341 22958 158 2589157 22645 0
1459947782278471 157 2632258 25849 154 2583999 25629 0
1459947782293867 163 2635252 26589 159 2585644 25142 0
1459947782309144 162 2636732 25876 159 2587160 24575 0
1459947782323213 161 2636817 23932 157 2585998 23726 0
1459947782337809 160 2635615 23169 157 2584926 22859 0
1459947782353632 163 2638347 23877 161 2589058 24882 0
1459947782368784 161 2638306 22048 158 2589027 22965 0
1459947782382867 160 2636988 21539 157 2587719 22375 0
1459947782398509 161 2637053 19916 159 2589073 21874 0
1459947782413553 161 2637113 18415 159 2590321 21316 0
1459947782428761 163 2639728 19387 160 2592752 21891 0
1459947782443688 161 2639579 18009 157 2591153 21653 0
1459947782459298 161 2639441 16728 158 2590959 20139 0
1459947782475970 166 2645714 21204 162 2595900 23120 0
1459947782490706 160 2643817 21295 158 2595335 21833 0
1459947782506239 164 2647188 22739 160 2597374 22007 0
1459947782521228 160 2645176 22816 157 2595414 22093 0
1459947782536022 160 2643321 22742 155 2591047 24391 0
1459947782551151 162 2644171 21749 160 2593421 24673 0
1459947782566339 162 2644955 20771 159 2594329 23583 0
1459947782580366 159 2641837 22021 156 2591327 24507 0
1459947782593883 158 2637683 24128 156 2588559 25143 0
1459947782607745 158 2633854 25772 156 2586007 25529 0
1459947782622348 161 2634164 24043 158 2586215 23725 0
1459947782637724 162 2635729 23607 158 2586406 22048 0
1459947782651876 159 2633332 23971 155 2582743 23701 0
1459947782667194 161 2633682 22421 158 2583206 22276 0
1459947782682095 162 2635285 22147 159 2584913 22108 0
1459947782696943 159 2632923 22593 157 2583926 21289 0
1459947782711560 159 2630745 22833 157 2583016 20463 0
1459947782728360 162 2632578 22738 159 2584737 20451 0
1459947782743345 161 2632987 21338 159 2586324 20316 0
1459947782758730 161 2633364 20018 158 2586507 18897 0
1459947782773684 161 2633712 18775 158 2586676 17575 0
1459947782788077 163 2636593 19964 161 2590671 19884 0
1459947782802443 161 2636689 18492 159 2591794 19366 0
1459947782816995 159 2634217 19325 158 2591550 18077 0
1459947782832349 163 2637058 20434 160 2593885 18816 0
1459947782847238 163 2639677 21252 160 2596037 19330 0
1459947782861899 163 2642092 21817 159 2596741 18468 0
1459947782876395 160 2640478 21599 158 2596110 17606 0
1459947782891308 158 2636430 23642 156 2592968 19125 0
1459947782906157 162 2637818 23074 158 2592632 17939 0
1459947782921706 163 2640378 23631 159 2593602 17431 0
1459947782936252 161 2640178 21967 158 2593216 16424 0
1459947782950717 162 2641274 21260 159 2594141 15992 0
1459947782966700 161 2641004 19847 159 2594993 15528 0
1459947782982326 162 2642035 19247 159 2595779 15038 0
1459947782997538 162 2642986 18619 159 2596503 14531 0
1459947783013630 164 2646422 20332 161 2599731 16371 0
1459947783028717 162 2647030 19303 158 2598867 15888 0
1459947783043706 161 2646310 18456 160 2600630 16271 0
1459947783058863 161 2645647 17625 158 2599695 15860 0
1459947783074230 163 2647595 18044 159 2600113 15006 0
1459947783088831 162 2648111 17110 158 2599219 14656 0
1459947783103500 161 2647307 16513 158 2598395 14270 0
1459947783117777 161 2646566 15904 158 2597635 13855 0
1459947783132131 157 2640763 20010 155 2593094 16957 0
1459947783147123 160 2639253 19837 157 2591468 17130 0
1459947783161543 158 2635301 21929 155 2587409 19532 0
1459947783176559 162 2636778 21576 160 2590067 20457 0
1459947783191250 161 2636859 19965 158 2589958 18958 0
1459947783205445 161 2636934 18474 158 2589857 17568 0
1459947783220178 160 2635723 18145 156 2587204 18640 0
1459947783234001 160 2634607 17755 158 2587318 17288 0
1459947783248182 157 2629738 20855 154 2582303 20559 0
1459947783263299 162 2631649 20987 159 2584080 20590 0
1459947783278946 163 2634691 22151 160 2586998 21671 0
1459947783293548 161 2634935 20645 157 2585848 21036 0
1459947783308309 161 2635160 19240 159 2587348 20775 0
1459947783322696 159 2632808 19904 157 2586171 20235 0
1459947783338285 165 2638319 23430 162 2591486 23554 0
1459947783353329 160 2637000 22814 157 2589986 23095 0
1459947783368071 161 2637064 21090 158 2589883 21384 0
1459947783381901 158 2633283 22927 157 2588508 20980 0
1459947783395594 157 2628517 25527 155 2584680 22868 0
1459947783410791 160 2627964 24041 157 2583711 21973 0
1459947783425390 158 2624894 24991 156 2581538 22258 0
1459947783440394 161 2625904 23969 159 2583375 22212 0
1459947783454674 160 2625555 22417 158 2583788 20857 0
1459947783469680 161 2626513 21548 158 2584169 19578 0
1459947783484795 162 2628676 21858 159 2585800 19552 0
1459947783500574 166 2635790 26708 162 2591144 22950 0
1459947783516231 167 2643628 31847 165 2599910 29239 0
1459947783531979 166 2649574 34840 164 2606712 33224 0
1459947783546682 163 2651216 33631 161 2609142 32868 0
1459947783562196 164 2654009 33578 163 2613942 34725 0
1459947783577697 167 2660424 36868 165 2620927 38452 0
1459947783594163 170 2670178 42979 166 2628647 42563 0
1459947783609577 164 2671490 40830 160 2628083 39755 0
1459947783625010 165 2673979 39935 162 2630124 38530 0
1459947783640287 164 2674994 37751 161 2630725 36073 0
1459947783655607 166 2678490 38023 163 2633839 36125 0
1459947783670708 165 2680432 36843 164 2637990 37129 0
1459947783686832 166 2683503 36795 165 2643097 38936 0
1459947783702582 168 2688894 38890 164 2646525 39054 0
1459947783717770 164 2688744 35989 161 2645845 36628 0
1459947783732491 161 2684765 36844 158 2641378 37883 0
1459947783747481 163 2683657 34985 162 2642380 35847 0
1459947783762582 166 2686476 34850 162 2643304 33897 0
1459947783778010 164 2686515 32163 160 2641595 32822 0
1459947783793290 165 2687831 30863 164 2645140 33525 0
1459947783808834 164 2687764 28512 159 2642008 33791 0
1459947783824668 164 2687702 26340 161 2641681 31452 0
1459947783840105 164 2687645 24334 161 2641379 29271 0
1459947783855122 165 2688872 23563 162 2642381 27907 0
1459947783870285 163 2687443 23038 160 2640744 27234 0
1459947783886892 167 2691246 24744 164 2644355 28435 0
1459947783901886 163 2689632 24297 160 2642564 27863 0
1459947783917619 164 2689424 22589 160 2640913 27207 0
1459947783933344 166 2691792 23007 164 2644511 28398 0
1459947783948641 163 2690135 22735 161 2643988 26660 0
1459947783964412 166 2692448 23090 163 2646066 26493 0
1459947783978642 162 2689460 24040 159 2642862 27376 0
1459947783993575 164 2689265 22339 161 2642468 25599 0
1459947784008510 163 2687806 21937 159 2639545 26293 0
1459947784024427 168 2692861 24883 165 2644530 28834 0
1459947784038739 162 2689841 25722 158 2640166 30603 0
1459947784055959 172 2699857 32945 167 2647663 35123 0
1459947784070926 164 2698850 31298 159 2644334 35447 0
1459947784086830 166 2700482 30356 162 2645105 33388 0
1459947784102216 164 2699426 28956 161 2644536 31303 0
1459947784117230 164 2698453 27589 161 2644011 29340 0
1459947784133199 168 2702676 29326 164 2647367 30141 0
1459947784148457 165 2702729 27083 161 2646621 28473 0
1459947784163414 164 2701498 26101 161 2645933 26881 0
1459947784180588 170 2708043 30095 166 2651699 30096 0
1459947784196799 168 2711517 30945 164 2654455 30284 0
1459947784212959 167 2713439 30299 164 2656995 30260 0
1459947784228800 165 2712651 28656 161 2655497 29275 0
1459947784244177 165 2711925 27086 160 2652836 29439 0
1459947784260256 165 2711255 25585 163 2654223 28417 0
1459947784276462 165 2710638 24154 164 2656781 28554 0
1459947784290005 157 2699829 32230 155 2647619 34768 0
1459947784305344 163 2697544 31817 160 2645573 33936 0
1459947784320043 162 2694158 32452 159 2642407 34202 0
1459947784335037 161 2689756 33973 158 2638208 35399 0
1459947784350621 163 2688258 32698 160 2636898 33840 0
1459947784364960 159 2681757 36135 157 2631850 35849 0
1459947784380402 162 2679604 35295 159 2629756 34977 0
1459947784394997 162 2677619 34365 159 2627826 34022 0
1459947784408795 155 2666830 41626 153 2618367 40083 0
1459947784423122 158 2660723 44001 155 2612207 42629 0
1459947784437140 158 2655094 45752 156 2607808 43353 0
1459947784451942 160 2652464 44600 157 2605033 42524 0
1459947784466956 160 2650040 43349 156 2601194 42739 0
1459947784481624 160 2647805 42021 158 2600215 40301 0
1459947784496952 163 2649585 40379 159 2600593 37500 0
1459947784512671 161 2648666 38071 157 2598381 36608 0
1459947784527996 164 2651658 37855 160 2600182 35408 0
1459947784542655 159 2648017 38253 156 2596722 35829 0
1459947784557646 161 2647220 35998 158 2596093 33608 0
1459947784572205 159 2643925 36221 156 2592953 33876 0
1459947784586952 161 2643448 33830 158 2592618 31537 0
1459947784602195 163 2645568 33142 159 2593589 29968 0
1459947784616564 159 2642403 33469 156 2590644 30340 0
1459947784631750 162 2643325 31704 160 2593049 30187 0
1459947784646731 161 2642895 29623 159 2593987 28692 0
1459947784661885 160 2641218 28853 158 2593571 26832 0
1459947784676924 162 2642232 27533 160 2595748 26742 0
1459947784691857 159 2639327 28058 156 2592635 27521 0
1459947784705667 158 2635369 29513 156 2589765 28015 0
1459947784719154 156 2629160 32930 151 2580719 34164 0
1459947784734800 163 2632396 33341 160 2583900 34426 0
1459947784750103 161 2632820 31126 157 2582992 32572 0
1459947784765505 162 2634490 30234 159 2584715 31616 0
1459947784780926 163 2637310 30471 159 2586304 30611 0
1459947784794878 157 2632230 32772 154 2581369 32768 0
1459947784810070 162 2633947 31793 159 2583219 31914 0
1459947784825143 160 2632969 30209 157 2582365 30207 0
1459947784839504 155 2625668 34578 152 2575177 34472 0
1459947784854910 163 2629177 35111 160 2578791 35109 0
1459947784868520 159 2627292 34104 155 2575722 35194 0
1459947784883760 161 2628114 32197 158 2576733 33376 0
1459947784899863 161 2628872 30380 158 2577665 31627 0
1459947784914130 158 2625731 30901 155 2574684 31903 0
1459947784929901 163 2629235 31717 160 2578336 32777 0
1459947784944618 160 2628626 29800 157 2577863 30651 0
1459947784958796 159 2626784 29168 155 2574867 31017 0
1459947784974237 160 2626366 27273 158 2575945 29587 0
1459947784989201 163 2629821 28327 159 2578219 29371 0
1459947785003681 158 2626606 29076 156 2576475 28683 0
1459947785018019 158 2623642 29536 155 2573587 29103 0
1459947785030694 150 2610669 39186 147 2560685 38722 0
1459947785045516 158 2608950 37708 155 2559031 37220 0
1459947785060165 160 2609925 35661 158 2561346 36446 0
1459947785074818 158 2608264 34404 156 2560920 33989 0
1459947785089558 160 2609293 32664 156 2560528 31694 0
1459947785104925 162 2612801 33346 160 2565286 33604 0
1459947785118543 157 2609635 33657 155 2563273 32833 0
1459947785133946 164 2615677 36597 162 2570377 36816 0
1459947785148355 159 2614847 34501 154 2566686 37341 0
1459947785163463 161 2616642 33459 158 2568403 36006 0
1459947785177819 160 2617016 31190 157 2568706 33472 0
1459947785193542 163 2621201 32611 159 2571545 33475 0
1459947785208406 161 2622499 31260 158 2572883 32092 0
1459947785223094 162 2624976 31100 158 2574116 30721 0
1459947785237837 160 2624699 28924 157 2573973 28451 0
1459947785253859 163 2628284 29969 158 2575121 27286 0
1459947785269153 162 2630309 29494 159 2577459 27310 0
1459947785285030 163 2633456 30090 159 2579615 27163 0
1459947785298704 157 2628677 32144 154 2575202 29107 0
1459947785313704 164 2633231 33830 161 2580094 31343 0
1459947785329069 161 2633589 31517 157 2579484 29456 0
1459947785344476 164 2637759 32899 160 2582761 30175 0
1459947785359750 162 2639044 31512 158 2583222 28242 0
1459947785374703 160 2637668 30317 157 2582367 26822 0
1459947785389764 161 2637680 27959 158 2582859 25180 0
1459947785405060 161 2637691 25784 158 2583313 23630 0
1459947785419575 160 2636421 24939 157 2582451 22576 0
1459947785433965 160 2635250 24068 157 2581657 21543 0
1459947785448503 160 2634171 23181 157 2580925 20533 0
1459947785463462 162 2635736 22812 160 2584090 21845 0
1459947785478485 161 2635899 21179 158 2584447 20468 0
1459947785492411 153 2625809 28825 150 2574537 28003 0
1459947785507054 159 2624187 28067 155 2571801 28336 0
1459947785522864 163 2627812 29216 159 2574399 28517 0
1459947785538296 161 2628594 27654 159 2576794 28496 0
1459947785553992 161 2629315 26157 156 2575161 27773 0
1459947785569403 162 2631259 25905 157 2574936 25809 0
1459947785584911 162 2633051 25533 158 2576009 24781 0
1459947785599821 159 2630863 25554 156 2574438 24291 0
1459947785614694 159 2628846 25415 156 2572990 23727 0
1459947785629637 160 2628267 23962 155 2570375 24283 0
1459947785645334 165 2634133 27497 162 2576924 28422 0
1459947785660827 162 2635701 26793 157 2576561 26534 0
1459947785677078 164 2639706 28391 162 2582627 30053 0
1459947785690905 157 2634438 31027 154 2577979 31989 0
1459947785705744 160 2633422 29539 157 2577534 29898 0
1459947785720777 160 2632485 28093 159 2579684 29544 0
1459947785735951 160 2631622 26693 156 2577826 28947 0
1459947785751451 159 2629546 26520 156 2576113 28263 0
1459947785767671 163 2632752 27404 160 2579654 29318 0
1459947785783908 165 2638268 30348 161 2584198 31216 0
1459947785799320 162 2639513 29125 158 2584547 29099 0
1459947785813941 160 2638101 28150 157 2583589 27707 0
1459947785828793 160 2636799 27149 156 2581426 27535 0
1459947785843944 162 2638159 26280 159 2583272 27084 0
1459947785859443 162 2639412 25381 160 2586253 27716 0
1459947785874043 159 2636727 25872 156 2583881 27735 0
1459947785888817 161 2636812 23929 158 2584255 25913 0
1459947785903722 161 2636891 22131 158 2584600 24206 0
1459947785918285 160 2635683 21514 157 2583638 23200 0
1459947785932645 159 2633290 22038 155 2580191 24564 0
1459947785948369 164 2637484 24182 159 2582133 24434 0
1459947785963494 162 2638790 23496 158 2582643 22996 0
1459947785978460 162 2639994 22770 157 2581834 21944 0
1459947785994004 164 2643664 24374 161 2586208 24261 0
1459947786009270 161 2643207 22889 159 2587680 23722 0
1459947786025158 164 2646626 24252 162 2592877 26659 0
1459947786040570 161 2645938 22990 159 2593828 25453 0
1459947786057034 165 2650424 25328 162 2598545 27812 0
1459947786072456 162 2650719 23621 159 2599053 26107 0
1459947786087963 163 2652271 23206 159 2599521 24499 0
1459947786104054 164 2654982 23892 160 2601233 24163 0
1459947786119075 161 2653641 23260 159 2601531 22550 0
1459947786134519 162 2653685 21482 159 2601806 21041 0
1459947786149892 162 2653725 19840 158 2600779 20342 0
1459947786164496 158 2648642 22975 154 2594713 24343 0
1459947786179211 159 2645236 24319 156 2591681 25236 0
1459947786192968 155 2636976 30032 154 2586325 28200 0
1459947786207993 162 2638322 28926 158 2586508 26165 0
1459947786222572 160 2637003 27881 158 2586677 24275 0
1459947786237635 160 2635787 26822 157 2585552 23414 0
1459947786252848 164 2639786 28412 159 2587075 22988 0
1459947786267738 161 2639632 26333 158 2587199 21307 0
1459947786282962 164 2643330 27684 159 2588594 20928 0
1459947786297787 160 2641619 27097 158 2588600 19298 0
1459947786312578 161 2641322 25253 156 2586045 20144 0
1459947786327763 163 2643608 25388 159 2587530 19939 0
1459947786342551 161 2643156 23820 158 2587619 18463 0
1459947786357245 162 2644019 22755 160 2590261 19455 0
1459947786371034 155 2635855 28503 153 2583736 23949 0
1459947786385731 160 2634728 27314 157 2582841 22901 0
1459947786400935 162 2636249 26583 159 2584576 22711 0
1459947786415897 161 2636372 24619 156 2582336 23001 0
1459947786429982 158 2632645 26130 154 2577711 25467 0
1459947786444117 157 2627929 28434 153 2572167 28587 0
1459947786459220 162 2629982 28104 159 2574736 28721 0
1459947786473509 160 2629314 26523 157 2574544 26653 0
1459947786488314 161 2629978 25062 158 2575647 25587 0
1459947786502828 161 2630590 23669 157 2575384 23829 0
1459947786517962 161 2631155 22340 156 2573862 23369 0
1459947786533216 162 2632956 22254 158 2575019 22609 0
1459947786548053 162 2634616 22045 160 2578645 24185 0
1459947786563899 163 2637426 22913 160 2581988 25377 0
1459947786579686 163 2640017 23510 161 2586350 27415 0
1459947786594146 160 2638565 23010 156 2583971 27465 0
1459947786609199 162 2639787 22338 160 2586898 28017 0
1459947786624322 162 2640913 21630 158 2587036 25955 0
1459947786639827 163 2643231 22077 158 2587163 24044 0
1459947786656190 164 2646648 23502 159 2588560 23453 0
1459947786670504 159 2643398 24660 156 2586008 23971 0
1459947786684910 162 2644242 23511 160 2588776 24649 0
1459947786700590 164 2647580 24751 160 2591327 25075 0
1459947786715398 160 2645537 24699 156 2588559 25667 0
1459947786730462 161 2644934 23324 158 2588567 23669 0
1459947786746109 163 2646938 23348 158 2588575 21826 0
1459947786761114 163 2648785 23226 160 2591142 22487 0
1459947786776149 162 2649208 21801 159 2592229 21732 0
1459947786791748 164 2652158 22817 160 2594511 22137 0
1459947786806410 160 2649758 23246 158 2594054 20827 0
1459947786820692 160 2647545 23468 156 2591073 21946 0
1459947786835239 161 2646785 22334 157 2589605 21583 0
1459947786849299 159 2643524 23594 155 2585692 23503 0
1459947786864665 164 2646918 24879 160 2588484 24240 0
1459947786878566 159 2643647 25949 155 2584658 25872 0
1459947786892519 159 2640632 26700 155 2581131 27100 0
1459947786907050 160 2639132 25996 156 2579160 26798 0
1459947786921560 163 2641589 26230 158 2579903 25389 0
1459947786935983 160 2640014 25631 157 2579308 23953 0
1459947786950672 162 2641122 24650 157 2578759 22586 0
1459947786965847 162 2642144 23666 159 2580813 22714 0
1459947786980092 159 2639246 24488 156 2578866 22732 0
1459947786995427 163 2641694 24831 160 2582192 24022 0
1459947787010031 159 2638831 25529 155 2578858 25218 0
1459947787024765 160 2637472 24786 157 2578344 23720 0
1459947787040091 162 2638779 24054 159 2580430 23789 0
1459947787055522 164 2642544 25645 158 2581073 22523 0
1459947787070270 160 2640895 25160 156 2579106 22575 0
1459947787085225 162 2641935 24152 159 2581133 22679 0
1459947787100358 162 2642893 23148 157 2580441 21543 0
1459947787114508 160 2641216 22884 158 2581084 20451 0
1459947787128474 160 2639671 22520 158 2581676 19399 0
1459947787141875 160 2638246 22072 157 2580942 18559 0
1459947787156743 159 2635653 22737 155 2577705 20092 0
1459947787172211 164 2639662 24656 161 2582401 22851 0
1459947787186881 161 2639518 22861 156 2580330 22973 0
1459947787201332 162 2640665 22132 157 2579701 21757 0
1459947787215867 161 2640443 20606 158 2580401 20703 0
1459947787230713 162 2641518 19987 160 2583607 22040 0
1459947787246247 163 2643789 20518 159 2585282 21862 0
1459947787262242 163 2645882 20845 158 2585546 20398 0
1459947787277635 162 2646532 19815 159 2587070 20209 0
1459947787292161 158 2642011 22433 156 2584635 20874 0
1459947787307149 162 2642963 21558 160 2587510 21893 0
1459947787321989 162 2643841 20682 157 2586320 21278 0
1459947787336937 161 2643370 19499 158 2586503 19784 0
1459947787352555 164 2646776 21115 160 2589232 20754 0
1459947787367681 161 2646076 20109 158 2589188 19172 0
1459947787382226 157 2640311 23851 154 2584027 22431 0
1459947787397308 160 2638836 23346 156 2581829 22703 0
1459947787412343 159 2636196 23954 154 2577243 25156 0
1459947787427809 161 2636323 22199 159 2579415 25193 0
1459947787443227 162 2637720 21752 160 2582698 26250 0
1459947787458412 161 2637728 20059 157 2581884 24948 0
1459947787474544 164 2641575 22037 160 2584974 25846 0
1459947787490034 163 2643841 22404 159 2586542 25272 0
1459947787506257 164 2647210 23759 159 2587988 24630 0
1459947787522139 162 2647756 22406 158 2588041 22754 0
1459947787537685 162 2648260 21119 157 2586810 22110 0
1459947787552947 162 2648724 19897 159 2588235 21696 0
1459947787568112 162 2649152 18737 159 2589549 21212 0
1459947787583861 164 2652107 19997 160 2592040 21850 0
1459947787599001 161 2650991 19462 158 2591776 20384 0
1459947787613801 162 2651242 18172 158 2591533 19014 0
1459947787628738 160 2648913 18898 158 2591309 17734 0
1459947787644328 162 2649326 17802 158 2591102 16537 0
1459947787660129 164 2652267 19122 160 2593472 17430 0
1459947787675643 162 2652418 17767 156 2590537 18773 0
1459947787690904 160 2649997 18609 158 2590391 17440 0
1459947787707150 163 2651605 18638 158 2590256 16200 0
1459947787723013 162 2651808 17368 160 2592692 17179 0
1459947787738403 163 2653275 17363 158 2592377 16125 0
1459947787753806 161 2652067 17118 158 2592087 15131 0
1459947787770796 165 2652067 17118 161 2592087 15131 1
1459947787787298 164 2652067 17118 160 2592087 15131 1
1459947787802619 160 2649674 17985 157 2590540 15373 0
1459947787816555 157 2649674 17985 153 2590540 15373 1
1459947787831712 163 2651308 18085 159 2591674 15216 0
1459947787847143 163 2652814 18060 159 2592719 14990 0
1459947787862314 161 2651642 17728 158 2592402 14109 0
1459947787876807 160 2651642 17728 156 2592402 14109 1
1459947787892326 161 2650562 17338 158 2592110 13274 0
1459947787907488 162 2650846 16245 159 2593121 13168 0
1459947787921085 154 2650846 16245 151 2593121 13168 1
1459947787936278 162 2651108 15217 158 2592773 12459 0
1459947787951596 161 2650070 14984 157 2591172 12960 0
1459947787966276 159 2650070 14984 155 2591172 12960 1
1459947787981205 160 2650070 14984 156 2591172 12960 1
1459947787997502 165 2650070 14984 161 2591172 12960 1
1459947788012532 161 2649113 14694 158 2590976 12127 0
1459947788027993 162 2649511 13912 158 2590796 11344 0
1459947788043726 163 2651157 14343 159 2591910 11484 0
1459947788059818 165 2651157 14343 162 2591910 11484 1
1459947788075623 162 2651395 13441 159 2592937 11532 0
1459947788090936 161 2650334 13367 157 2591323 12118 0
1459947788105535 158 2650334 13367 155 2591323 12118 1
1459947788120401 162 2650636 12601 159 2592395 12160 0
1459947788137136 165 2650636 12601 161 2592395 12160 1
1459947788152184 158 2650636 12601 154 2592395 12160 1
1459947788166958 161 2650636 12601 156 2592395 12160 1
1459947788181845 160 2650636 12601 155 2592395 12160 1
1459947788197256 159 2650636 12601 156 2592395 12160 1
1459947788212229 160 2650636 12601 155 2592395 12160 1
1459947788228014 161 2649635 12538 157 2590824 12658 0
1459947788242924 163 2651272 13067 158 2590655 11823 0
1459947788257385 158 2651272 13067 153 2590655 11823 1
1459947788272384 162 2651501 12257 159 2591780 11936 0
1459947788287334 162 2651501 12257 156 2591780 11936 1
1459947788301520 158 2651501 12257 153 2591780 11936 1
1459947788315903 160 2651501 12257 155 2591780 11936 1
1459947788330098 157 2651501 12257 155 2591780 11936 1
1459947788345721 164 2651501 12257 159 2591780 11936 1
1459947788359823 158 2651501 12257 155 2591780 11936 1
1459947788374135 161 2651501 12257 156 2591780 11936 1
1459947788389740 163 2652992 12674 158 2591537 11226 0
1459947788404404 159 2652992 12674 154 2591537 11226 1
1459947788419344 163 2654367 12950 157 2590033 11734 0
1459947788434640 160 2651794 14309 157 2588646 12094 0
1459947788450139 161 2651794 14309 156 2588646 12094 1
1459947788464634 158 2651794 14309 154 2588646 12094 1
1459947788478756 158 2651794 14309 154 2588646 12094 1
1459947788493985 159 2651794 14309 156 2588646 12094 1
1459947788508518 158 2651794 14309 154 2588646 12094 1
1459947788523569 161 2651794 14309 156 2588646 12094 1
1459947788539609 162 2651982 13364 157 2587368 12327 0
1459947788554229 160 2651982 13364 156 2587368 12327 1
1459947788569559 164 2651982 13364 159 2587368 12327 1
1459947788585245 161 2650875 13338 158 2587469 11456 0
1459947788599829 160 2650875 13338 155 2587469 11456 1
1459947788614012 158 2650875 13338 155 2587469 11456 1
1459947788629112 162 2651135 12535 158 2587562 10647 0
1459947788644146 162 2651375 11776 158 2587648 9895 0
1459947788659138 162 2651596 11060 159 2589008 10374 0
1459947788674300 162 2651800 10383 158 2588981 9587 0
1459947788689524 161 2650708 10577 157 2587676 10040 0
1459947788703596 156 2650708 10577 152 2587676 10040 1
1459947788718184 159 2650708 10577 156 2587676 10040 1
1459947788732707 157 2650708 10577 152 2587676 10040 1
1459947788748649 163 2650708 10577 160 2587676 10040 1
1459947788763812 162 2650981 10002 159 2589033 10506 0
1459947788778742 161 2649953 10167 157 2587724 10890 0
1459947788793383 158 2649953 10167 156 2587724 10890 1
1459947788808644 161 2649953 10167 156 2587724 10890 1
1459947788823517 161 2649005 10245 158 2587798 10107 0
1459947788837079 155 2649005 10245 152 2587798 10107 1
1459947788852292 162 2649411 9818 158 2587866 9379 0
1459947788868122 162 2649785 9395 159 2589208 9884 0
1459947788883103 161 2648850 9522 157 2587886 10329 0
1459947788898190 162 2649268 9163 158 2587947 9578 0
1459947788912981 161 2648373 9271 157 2586723 9956 0
1459947788928402 163 2648373 9271 159 2586723 9956 1
1459947788943703 161 2647548 9305 157 2585595 10217 0
1459947788957618 157 2647548 9305 153 2585595 10217 1
1459947788973159 164 2647548 9305 160 2585595 10217 1
1459947788988277 161 2646788 9278 157 2584555 10376 0
1459947789002794 161 2646087 9198 157 2583596 10448 0
1459947789017870 160 2646087 9198 155 2583596 10448 1
1459947789031393 158 2646087 9198 154 2583596 10448 1
1459947789046077 160 2646087 9198 156 2583596 10448 1
1459947789061813 164 2646087 9198 160 2583596 10448 1
1459947789077617 164 2646087 9198 160 2583596 10448 1
1459947789092175 159 2646087 9198 155 2583596 10448 1
1459947789106782 158 2646087 9198 155 2583596 10448 1
1459947789120831 158 2646087 9198 154 2583596 10448 1
1459947789136496 162 2646721 9063 158 2583992 9996 0
1459947789150523 158 2646721 9063 153 2583992 9996 1
1459947789165215 161 2646025 8994 157 2583077 10057 0
1459947789179798 161 2645384 8881 157 2582234 10048 0
1459947789194754 162 2646073 8822 157 2581456 9979 0
1459947789209733 162 2646708 8717 158 2582019 9718 0
1459947789225079 162 2647293 8575 158 2582538 9437 0
1459947789239498 158 2647293 8575 155 2582538 9437 1
1459947789255009 163 2647293 8575 158 2582538 9437 1
1459947789270867 162 2647833 8403 159 2584297 10320 0
1459947789286618 163 2647833 8403 159 2584297 10320 1
1459947789302045 163 2647833 8403 158 2584297 10320 1
1459947789316293 156 2647833 8403 153 2584297 10320 1
1459947789331658 163 2647833 8403 159 2584297 10320 1
1459947789346665 160 2647833 8403 156 2584297 10320 1
1459947789361071 159 2647833 8403 155 2584297 10320 1
1459947789376547 162 2648331 8205 158 2584638 9828 0
1459947789391858 160 2646230 9499 158 2584953 9350 0
1459947789407197 163 2646230 9499 158 2584953 9350 1
1459947789423014 163 2646230 9499 159 2584953 9350 1
1459947789438280 163 2646230 9499 158 2584953 9350 1
1459947789453923 161 2645573 9361 158 2585243 8886 0
1459947789469227 162 2646247 9250 157 2584230 9123 0
1459947789483836 160 2646247 9250 156 2584230 9123 1
1459947789498408 157 2646247 9250 154 2584230 9123 1
1459947789513232 160 2644308 10313 157 2583297 9270 0
1459947789527877 157 2644308 10313 153 2583297 9270 1
1459947789541855 159 2644308 10313 155 2583297 9270 1
1459947789556315 159 2644308 10313 155 2583297 9270 1
1459947789571120 159 2641241 12333 157 2582436 9337 0
1459947789585892 160 2641241 12333 156 2582436 9337 1
1459947789601520 162 2642254 12302 157 2581643 9337 0
1459947789615915 157 2642254 12302 154 2581643 9337 1
1459947789630011 157 2642254 12302 155 2581643 9337 1
1459947789645561 163 2642254 12302 159 2581643 9337 1
1459947789660869 162 2643187 12201 157 2580912 9280 0
1459947789675570 163 2643187 12201 158 2580912 9280 1
1459947789690745 162 2644048 12040 159 2582798 10293 0
1459947789705655 161 2644048 12040 156 2582798 10293 1
1459947789719059 151 2644048 12040 150 2582798 10293 1
1459947789732712 154 2644048 12040 151 2582798 10293 1
1459947789746565 159 2644048 12040 155 2582798 10293 1
1459947789762558 163 2644048 12040 158 2582798 10293 1
1459947789777637 160 2642281 12727 158 2583256 9911 0
1459947789792177 158 2642281 12727 154 2583256 9911 1
1459947789807792 162 2643212 12591 158 2583679 9526 0
1459947789822955 161 2642791 11995 158 2584069 9140 0
1459947789837766 160 2642791 11995 155 2584069 9140 1
1459947789852692 161 2642402 11414 157 2583148 9273 0
1459947789867974 163 2642402 11414 158 2583148 9273 1
1459947789883754 164 2642402 11414 161 2583148 9273 1
1459947789898407 161 2642044 10851 158 2583579 8945 0
1459947789913458 162 2642994 10879 157 2582696 9059 0
1459947789928827 161 2642590 10401 157 2581882 9100 0
1459947789943908 161 2642217 9931 157 2581132 9079 0
1459947789959256 163 2642217 9931 159 2581132 9079 1
1459947789973852 159 2642217 9931 155 2581132 9079 1
1459947789988965 164 2642217 9931 159 2581132 9079 1
1459947790003400 161 2641873 9471 157 2580441 9005 0
1459947790017822 161 2641873 9471 156 2580441 9005 1
1459947790032779 161 2641556 9022 157 2579804 8888 0
1459947790046377 157 2641556 9022 154 2579804 8888 1
1459947790061830 166 2641556 9022 161 2579804 8888 1
1459947790076181 159 2638704 10945 157 2579216 8734 0
1459947790090643 160 2638704 10945 155 2579216 8734 1
1459947790105765 163 2638704 10945 159 2579216 8734 1
1459947790120643 160 2638704 10945 154 2579216 8734 1
1459947790135296 162 2639915 11205 159 2581234 9912 0
1459947790150242 160 2639915 11205 156 2581234 9912 1
1459947790164360 158 2639915 11205 154 2581234 9912 1
1459947790179280 161 2639915 11205 156 2581234 9912 1
1459947790193091 158 2639915 11205 155 2581234 9912 1
1459947790208448 162 2641031 11358 158 2581815 9672 0
1459947790223622 161 2641031 11358 156 2581815 9672 1
1459947790239038 163 2641031 11358 159 2581815 9672 1
1459947790253219 158 2641031 11358 155 2581815 9672 1
1459947790268429 163 2641031 11358 158 2581815 9672 1
1459947790283381 163 2641031 11358 158 2581815 9672 1
1459947790298145 161 2640780 10700 157 2581070 9602 0
1459947790313079 159 2640780 10700 156 2581070 9602 1
1459947790328405 161 2640780 10700 156 2581070 9602 1
1459947790343512 161 2640549 10076 158 2581663 9398 0
1459947790358317 163 2640549 10076 161 2581663 9398 1
1459947790372254 160 2640549 10076 156 2581663 9398 1
1459947790386870 161 2640336 9484 158 2582210 9167 0
1459947790402557 163 2640336 9484 160 2582210 9167 1
1459947790417726 162 2641419 9742 159 2583994 10095 0
1459947790432752 160 2639858 10418 158 2584359 9642 0
1459947790447780 162 2640979 10637 157 2583415 9757 0
1459947790462017 159 2640979 10637 154 2583415 9757 1
1459947790476934 158 2640979 10637 155 2583415 9757 1
1459947790492455 162 2642012 10757 160 2586385 11732 0
1459947790507353 160 2642012 10757 155 2586385 11732 1
1459947790521797 160 2642012 10757 156 2586385 11732 1
1459947790536710 162 2642964 10794 158 2586563 10979 0
1459947790551142 160 2642964 10794 156 2586563 10979 1
1459947790565541 160 2642964 10794 155 2586563 10979 1
1459947790580702 162 2643842 10759 159 2588007 11452 0
1459947790595538 159 2640811 12711 157 2586778 11689 0
1459947790609692 159 2640811 12711 156 2586778 11689 1
1459947790624964 161 2640577 11932 159 2588205 12091 0
1459947790640275 162 2641641 11980 157 2586961 12292 0
1459947790654729 161 2641641 11980 156 2586961 12292 1
1459947790668812 159 2641641 11980 156 2586961 12292 1
1459947790683217 160 2640062 12498 157 2585814 12387 0
1459947790698014 162 2641167 12539 160 2588597 13984 0
1459947790712494 162 2642185 12498 158 2588602 12896 0
1459947790727620 161 2641844 11835 157 2587327 13062 0
1459947790743388 162 2642809 11800 158 2587432 12137 0
1459947790759025 162 2643699 11699 158 2587528 11277 0
1459947790774989 163 2643699 11699 159 2587528 11277 1
1459947790789821 161 2643240 11208 158 2587617 10477 0
1459947790804767 163 2643240 11208 160 2587617 10477 1
1459947790819485 162 2644096 11122 160 2590259 12094 0
1459947790834801 162 2644886 10981 159 2591415 12214 0
1459947790850167 161 2644334 10631 157 2589920 12636 0
1459947790864438 158 2644334 10631 156 2589920 12636 1
1459947790878956 161 2643825 10268 157 2588542 12917 0
1459947790893553 159 2643825 10268 156 2588542 12917 1
1459947790908117 162 2644636 10212 157 2587272 13077 0
1459947790922986 161 2644103 9904 157 2586101 13134 0
1459947790937800 160 2642332 10762 157 2585021 13101 0
1459947790953199 162 2643259 10776 159 2586586 13519 0
1459947790968446 162 2644114 10722 158 2586748 12612 0
1459947790983480 161 2643622 10336 158 2586898 11764 0
1459947790997953 160 2641889 11125 157 2585756 11896 0
1459947791012969 160 2641889 11125 156 2585756 11896 1
1459947791027353 160 2641889 11125 156 2585756 11896 1
1459947791041812 161 2641571 10547 158 2585983 11176 0
1459947791055646 157 2641571 10547 155 2585983 11176 1
1459947791070409 162 2642558 10633 158 2586193 10495 0
1459947791085130 160 2640908 11322 157 2585106 10676 0
1459947791100080 162 2641947 11394 159 2586664 11277 0
1459947791114674 159 2641947 11394 156 2586664 11277 1
1459947791129787 162 2642904 11386 159 2588100 11719 0
1459947791144231 159 2642904 11386 155 2588100 11719 1
1459947791158990 160 2642904 11386 156 2588100 11719 1
1459947791173533 159 2642904 11386 156 2588100 11719 1
1459947791188478 163 2642904 11386 159 2588100 11719 1
1459947791203614 163 2642904 11386 160 2588100 11719 1
1459947791218863 162 2643787 11310 160 2590704 13204 0
1459947791233405 161 2643321 10855 158 2590545 12318 0
1459947791248833 161 2642891 10401 158 2590398 11489 0
1459947791264310 163 2642891 10401 161 2590398 11489 1
1459947791279495 163 2642891 10401 160 2590398 11489 1
1459947791293704 161 2642891 10401 156 2590398 11489 1
1459947791309036 163 2642891 10401 158 2590398 11489 1
1459947791323704 161 2642495 9952 157 2588983 11895 0
1459947791338541 162 2643410 10017 159 2590238 12122 0
1459947791352820 159 2643410 10017 156 2590238 12122 1
1459947791368609 163 2643410 10017 159 2590238 12122 1
1459947791383137 160 2641693 10816 157 2588835 12466 0
1459947791397838 160 2641693 10816 155 2588835 12466 1
1459947791412669 160 2640110 11429 157 2587542 12683 0
1459947791427546 161 2639931 10700 159 2588910 12953 0
1459947791442347 159 2639931 10700 155 2588910 12953 1
1459947791457525 160 2639931 10700 155 2588910 12953 1
1459947791472561 161 2639766 10015 157 2587611 13138 0
1459947791486905 159 2639766 10015 156 2587611 13138 1
1459947791501771 161 2639614 9371 158 2587693 12187 0
1459947791516998 159 2639614 9371 156 2587693 12187 1
1459947791531435 159 2639614 9371 156 2587693 12187 1
1459947791543908 147 2639614 9371 137 2587693 12187 1
1459947791556006 148 2639614 9371 136 2587693 12187 1
1459947791568356 148 2639614 9371 137 2587693 12187 1
1459947791580175 149 2639614 9371 141 2587693 12187 1
1459947791592198 151 2639614 9371 145 2587693 12187 1
1459947791604057 148 2639614 9371 142 2587693 12187 1
1459947791616670 151 2639614 9371 144 2587693 12187 1
1459947791629242 151 2639614 9371 143 2587693 12187 1
1459947791641449 151 2639614 9371 145 2587693 12187 1
1459947791653825 149 2639614 9371 142 2587693 12187 1
1459947791666254 152 2639614 9371 145 2587693 12187 1
1459947791678324 151 2639614 9371 144 2587693 12187 1
1459947791689904 148 2639614 9371 143 2587693 12187 1
1459947791701115 150 2639614 9371 143 2587693 12187 1
1459947791713105 151 2639614 9371 142 2587693 12187 1
1459947791725959 151 2639614 9371 145 2587693 12187 1
1459947791738820 153 2639614 9371 146 2587693 12187 1
1459947791750252 148 2639614 9371 142 2587693 12187 1
1459947791762104 151 2639614 9371 144 2587693 12187 1
1459947791774025 149 2639614 9371 142 2587693 12187 1
1459947791786305 148 2639614 9371 143 2587693 12187 1
1459947791797688 153 2639614 9371 143 2587693 12187 1
1459947791810562 158 2639614 9371 142 2587693 12187 1
1459947791821891 155 2639614 9371 138 2587693 12187 1
1459947791833712 159 2639614 9371 140 2587693 12187 1
1459947791846564 160 2639614 9371 141 2587693 12187 1
1459947791858134 158 2639614 9371 139 2587693 12187 1
1459947791870686 161 2639614 9371 140 2587693 12187 1
1459947791882800 160 2639614 9371 139 2587693 12187 1
1459947791894842 160 2639614 9371 139 2587693 12187 1
1459947791906745 160 2639614 9371 137 2587693 12187 1
1459947791919193 163 2639614 9371 139 2587693 12187 1
1459947791931293 162 2639614 9371 138 2587693 12187 1
1459947791943596 161 2639614 9371 137 2587693 12187 1
1459947791956025 162 2639614 9371 139 2587693 12187 1
1459947791968377 164 2639614 9371 138 2587693 12187 1
1459947791980481 162 2639614 9371 138 2587693 12187 1
1459947791991658 161 2639614 9371 136 2587693 12187 1
1459947792002592 157 2639614 9371 133 2587693 12187 1
1459947792014867 163 2639614 9371 139 2587693 12187 1
1459947792027508 163 2639614 9371 138 2587693 12187 1
1459947792039484 162 2639614 9371 135 2587693 12187 1
1459947792052101 166 2639614 9371 141 2587693 12187 1
1459947792063720 163 2639614 9371 137 2587693 12187 1
1459947792075379 161 2639614 9371 137 2587693 12187 1
1459947792087656 166 2639614 9371 139 2587693 12187 1
1459947792099709 163 2639614 9371 137 2587693 12187 1
1459947792112731 167 2639614 9371 141 2587693 12187 1
1459947792124752 163 2639614 9371 137 2587693 12187 1
1459947792137587 164 2639614 9371 138 2587693 12187 1
1459947792149619 164 2639614 9371 138 2587693 12187 1
1459947792161472 163 2639614 9371 136 2587693 12187 1
1459947792173571 162 2639614 9371 135 2587693 12187 1
1459947792185557 163 2639614 9371 136 2587693 12187 1
1459947792196807 161 2639614 9371 136 2587693 12187 1
1459947792207455 159 2639614 9371 132 2587693 12187 1
1459947792219446 164 2639614 9371 135 2587693 12187 1
1459947792230588 162 2639614 9371 134 2587693 12187 1
1459947792243297 166 2639614 9371 139 2587693 12187 1
1459947792255754 165 2639614 9371 138 2587693 12187 1
1459947792268388 164 2639614 9371 136 2587693 12187 1
1459947792280641 165 2639614 9371 138 2587693 12187 1
1459947792292881 165 2639614 9371 137 2587693 12187 1
1459947792304639 163 2639614 9371 136 2587693 12187 1
1459947792316710 166 2639614 9371 138 2587693 12187 1
1459947792328231 162 2639614 9371 134 2587693 12187 1
1459947792340101 167 2639614 9371 139 2587693 12187 1
1459947792352238 165 2639614 9371 138 2587693 12187 1
1459947792364924 166 2639614 9371 137 2587693 12187 1
1459947792375731 162 2639614 9371 135 2587693 12187 1
1459947792387486 164 2639614 9371 137 2587693 12187 1
1459947792400114 167 2639614 9371 137 2587693 12187 1
1459947792411689 164 2639614 9371 136 2587693 12187 1
1459947792424106 165 2639614 9371 137 2587693 12187 1
1459947792436703 167 2639614 9371 140 2587693 12187 1
1459947792448628 166 2639614 9371 138 2587693 12187 1
1459947792459773 162 2639614 9371 135 2587693 12187 1
1459947792471572 165 2639614 9371 136 2587693 12187 1
1459947792483937 165 2639614 9371 136 2587693 12187 1
1459947792495771 166 2639614 9371 138 2587693 12187 1
1459947792507237 164 2639614 9371 135 2587693 12187 1
1459947792519279 166 2639614 9371 136 2587693 12187 1
1459947792530737 163 2639614 9371 135 2587693 12187 1
1459947792542912 166 2639614 9371 137 2587693 12187 1
1459947792555372 167 2639614 9371 138 2587693 12187 1
1459947792566761 163 2639614 9371 134 2587693 12187 1
1459947792578784 165 2639614 9371 136 2587693 12187 1
1459947792590403 163 2639614 9371 135 2587693 12187 1
1459947792601531 161 2639614 9371 133 2587693 12187 1
1459947792613531 164 2639614 9371 136 2587693 12187 1
1459947792625693 166 2639614 9371 137 2587693 12187 1
1459947792637770 165 2639614 9371 136 2587693 12187 1
1459947792650325 167 2639614 9371 138 2587693 12187 1
1459947792662026 164 2639614 9371 138 2587693 12187 1
1459947792674084 167 2639614 9371 138 2587693 12187 1
1459947792686347 167 2639614 9371 138 2587693 12187 1
1459947792697833 162 2639614 9371 134 2587693 12187 1
1459947792710665 167 2639614 9371 138 2587693 12187 1
1459947792723052 168 2639614 9371 137 2587693 12187 1
1459947792735165 167 2639614 9371 137 2587693 12187 1
1459947792746776 164 2639614 9371 135 2587693 12187 1
1459947792759200 166 2639614 9371 137 2587693 12187 1
1459947792771182 166 2639614 9371 138 2587693 12187 1
1459947792783916 168 2639614 9371 139 2587693 12187 1
1459947792796149 169 2639614 9371 139 2587693 12187 1
1459947792808681 166 2639614 9371 137 2587693 12187 1
1459947792821262 168 2639614 9371 138 2587693 12187 1
1459947792832762 166 2639614 9371 137 2587693 12187 1
1459947792844609 164 2639614 9371 136 2587693 12187 1
1459947792858055 169 2639614 9371 140 2587693 12187 1
1459947792869928 166 2639614 9371 137 2587693 12187 1
1459947792880954 158 2639614 9371 129 2587693 12187 1
1459947792893369 165 2639614 9371 136 2587693 12187 1
1459947792906211 167 2639614 9371 138 2587693 12187 1
1459947792917826 166 2639614 9371 137 2587693 12187 1
1459947792930833 166 2639614 9371 136 2587693 12187 1
1459947792943459 166 2639614 9371 137 2587693 12187 1
1459947792955689 166 2639614 9371 137 2587693 12187 1
1459947792967454 166 2639614 9371 136 2587693 12187 1
1459947792978926 162 2639614 9371 132 2587693 12187 1
1459947792991240 167 2639614 9371 136 2587693 12187 1
1459947793004118 167 2639614 9371 137 2587693 12187 1
1459947793016523 166 2639614 9371 135 2587693 12187 1
1459947793029110 167 2639614 9371 137 2587693 12187 1
1459947793041490 167 2639614 9371 136 2587693 12187 1
1459947793050818 148 2639614 9371 117 2587693 12187 1
1459947793063518 167 2639614 9371 136 2587693 12187 1
1459947793077040 169 2639614 9371 140 2587693 12187 1
1459947793089664 168 2639614 9371 137 2587693 12187 1
1459947793102384 168 2639614 9371 138 2587693 12187 1
1459947793113669 165 2639614 9371 134 2587693 12187 1
1459947793125774 168 2639614 9371 136 2587693 12187 1
1459947793137860 166 2639614 9371 136 2587693 12187 1
1459947793150227 169 2639614 9371 137 2587693 12187 1
1459947793161991 166 2639614 9371 136 2587693 12187 1
1459947793173632 166 2639614 9371 135 2587693 12187 1
1459947793185786 168 2639614 9371 138 2587693 12187 1
1459947793198313 167 2639614 9371 136 2587693 12187 1
1459947793210387 166 2639614 9371 133 2587693 12187 1
1459947793221554 164 2639614 9371 134 2587693 12187 1
1459947793232667 160 2639614 9371 130 2587693 12187 1
1459947793245245 165 2639614 9371 136 2587693 12187 1
1459947793257840 168 2639614 9371 138 2587693 12187 1
1459947793269595 168 2639614 9371 138 2587693 12187 1
1459947793282206 170 2639614 9371 139 2587693 12187 1
1459947793293473 164 2639614 9371 134 2587693 12187 1
1459947793305877 169 2639614 9371 138 2587693 12187 1
1459947793318050 168 2639614 9371 138 2587693 12187 1
1459947793330083 166 2639614 9371 137 2587693 12187 1
1459947793342006 167 2639614 9371 136 2587693 12187 1
1459947793353996 165 2639614 9371 136 2587693 12187 1
1459947793366460 168 2639614 9371 137 2587693 12187 1
1459947793377365 164 2639614 9371 134 2587693 12187 1
1459947793389282 166 2639614 9371 137 2587693 12187 1
1459947793401209 166 2639614 9371 136 2587693 12187 1
1459947793411922 161 2639614 9371 129 2587693 12187 1
1459947793424061 165 2639614 9371 135 2587693 12187 1
1459947793436194 167 2639614 9371 136 2587693 12187 1
1459947793447481 165 2639614 9371 135 2587693 12187 1
1459947793460162 169 2639614 9371 139 2587693 12187 1
1459947793470583 161 2639614 9371 131 2587693 12187 1
1459947793483022 168 2639614 9371 138 2587693 12187 1
1459947793495154 168 2639614 9371 136 2587693 12187 1
1459947793507223 167 2639614 9371 137 2587693 12187 1
1459947793519677 168 2639614 9371 136 2587693 12187 1
1459947793531238 167 2639614 9371 132 2587693 12187 1
1459947793542316 163 2639614 9371 131 2587693 12187 1
1459947793554178 166 2639614 9371 134 2587693 12187 1
1459947793565916 167 2639614 9371 136 2587693 12187 1
1459947793577804 167 2639614 9371 137 2587693 12187 1
1459947793589136 165 2639614 9371 135 2587693 12187 1
1459947793600513 166 2639614 9371 134 2587693 12187 1
1459947793612758 168 2639614 9371 138 2587693 12187 1
1459947793624886 168 2639614 9371 138 2587693 12187 1
1459947793637353 168 2639614 9371 136 2587693 12187 1
1459947793649863 169 2639614 9371 138 2587693 12187 1
1459947793661779 168 2639614 9371 136 2587693 12187 1
1459947793673386 166 2639614 9371 135 2587693 12187 1
1459947793686084 166 2639614 9371 136 2587693 12187 1
1459947793698191 166 2639614 9371 135 2587693 12187 1
1459947793710483 168 2639614 9371 137 2587693 12187 1
1459947793723065 170 2639614 9371 137 2587693 12187 1
1459947793735063 167 2639614 9371 137 2587693 12187 1
1459947793747627 169 2639614 9371 137 2587693 12187 1
1459947793759621 168 2639614 9371 135 2587693 12187 1
1459947793771447 168 2639614 9371 137 2587693 12187 1
1459947793783812 170 2639614 9371 140 2587693 12187 1
1459947793795148 166 2639614 9371 135 2587693 12187 1
1459947793807109 168 2639614 9371 136 2587693 12187 1
1459947793819182 169 2639614 9371 138 2587693 12187 1
1459947793831144 168 2639614 9371 137 2587693 12187 1
1459947793843285 168 2639614 9371 137 2587693 12187 1
1459947793854787 168 2639614 9371 136 2587693 12187 1
1459947793866355 167 2639614 9371 135 2587693 12187 1
1459947793878350 169 2639614 9371 139 2587693 12187 1
1459947793889515 166 2639614 9371 134 2587693 12187 1
1459947793902108 169 2639614 9371 138 2587693 12187 1
1459947793914199 168 2639614 9371 137 2587693 12187 1
1459947793925708 165 2639614 9371 133 2587693 12187 1
1459947793937923 165 2639614 9371 135 2587693 12187 1
1459947793948668 166 2639614 9371 132 2587693 12187 1
1459947793960343 167 2639614 9371 135 2587693 12187 1
1459947793971974 169 2639614 9371 138 2587693 12187 1
1459947793983402 165 2639614 9371 134 2587693 12187 1
1459947793995522 167 2639614 9371 135 2587693 12187 1
1459947794006663 164 2639614 9371 134 2587693 12187 1
1459947794018459 167 2639614 9371 134 2587693 12187 1
1459947794029957 167 2639614 9371 135 2587693 12187 1
1459947794041595 166 2639614 9371 136 2587693 12187 1
1459947794053375 168 2639614 9371 135 2587693 12187 1
1459947794064578 164 2639614 9371 131 2587693 12187 1
1459947794076507 169 2639614 9371 136 2587693 12187 1
1459947794088669 169 2639614 9371 138 2587693 12187 1
1459947794100801 168 2639614 9371 137 2587693 12187 1
1459947794112079 165 2639614 9371 135 2587693 12187 1
1459947794122919 165 2639614 9371 133 2587693 12187 1
1459947794135564 169 2639614 9371 137 2587693 12187 1
1459947794147594 168 2639614 9371 137 2587693 12187 1
1459947794159809 168 2639614 9371 136 2587693 12187 1
1459947794171723 168 2639614 9371 137 2587693 12187 1
1459947794182984 168 2639614 9371 136 2587693 12187 1
1459947794195208 169 2639614 9371 137 2587693 12187 1
1459947794206497 167 2639614 9371 135 2587693 12187 1
1459947794217794 166 2639614 9371 132 2587693 12187 1
1459947794230594 171 2639614 9371 139 2587693 12187 1
1459947794242199 168 2639614 9371 136 2587693 12187 1
1459947794254931 169 2639614 9371 137 2587693 12187 1
1459947794267167 168 2639614 9371 136 2587693 12187 1
1459947794279198 167 2639614 9371 136 2587693 12187 1
1459947794291631 170 2639614 9371 138 2587693 12187 1
1459947794303762 169 2639614 9371 137 2587693 12187 1
1459947794315719 168 2639614 9371 137 2587693 12187 1
1459947794327477 167 2639614 9371 134 2587693 12187 1
1459947794337684 159 2639614 9371 129 2587693 12187 1
1459947794349975 167 2639614 9371 136 2587693 12187 1
1459947794361429 169 2639614 9371 137 2587693 12187 1
1459947794372834 168 2639614 9371 136 2587693 12187 1
1459947794383965 167 2639614 9371 136 2587693 12187 1
1459947794395557 166 2639614 9371 134 2587693 12187 1
1459947794407381 168 2639614 9371 137 2587693 12187 1
1459947794419485 168 2639614 9371 137 2587693 12187 1
1459947794431187 168 2639614 9371 137 2587693 12187 1
1459947794443087 168 2639614 9371 137 2587693 12187 1
1459947794454913 168 2639614 9371 138 2587693 12187 1
1459947794466132 164 2639614 9371 133 2587693 12187 1
1459947794477702 169 2639614 9371 135 2587693 12187 1
1459947794489376 166 2639614 9371 135 2587693 12187 1
1459947794502216 171 2639614 9371 139 2587693 12187 1
1459947794513695 166 2639614 9371 135 2587693 12187 1
1459947794526149 166 2639614 9371 135 2587693 12187 1
1459947794537723 167 2639614 9371 135 2587693 12187 1
1459947794550070 169 2639614 9371 137 2587693 12187 1
1459947794561633 165 2639614 9371 134 2587693 12187 1
1459947794573360 168 2639614 9371 136 2587693 12187 1
1459947794585701 166 2639614 9371 136 2587693 12187 1
1459947794597528 167 2639614 9371 136 2587693 12187 1
1459947794609372 168 2639614 9371 136 2587693 12187 1
1459947794622073 170 2639614 9371 139 2587693 12187 1
1459947794634593 169 2639614 9371 137 2587693 12187 1
1459947794647069 169 2639614 9371 138 2587693 12187 1
1459947794658820 167 2639614 9371 134 2587693 12187 1
1459947794671020 169 2639614 9371 137 2587693 12187 1
1459947794682194 167 2639614 9371 135 2587693 12187 1
1459947794694102 166 2639614 9371 134 2587693 12187 1
1459947794705529 165 2639614 9371 134 2587693 12187 1
1459947794717775 169 2639614 9371 136 2587693 12187 1
1459947794729931 167 2639614 9371 136 2587693 12187 1
1459947794742385 169 2639614 9371 139 2587693 12187 1
1459947794754927 169 2639614 9371 136 2587693 12187 1
1459947794766617 168 2639614 9371 135 2587693 12187 1
1459947794779175 170 2639614 9371 137 2587693 12187 1
1459947794790561 167 2639614 9371 134 2587693 12187 1
1459947794803072 168 2639614 9371 136 2587693 12187 1
1459947794815554 169 2639614 9371 138 2587693 12187 1
1459947794827875 170 2639614 9371 138 2587693 12187 1
1459947794840391 169 2639614 9371 136 2587693 12187 1
1459947794852407 169 2639614 9371 137 2587693 12187 1
1459947794864100 169 2639614 9371 137 2587693 12187 1
1459947794876011 168 2639614 9371 136 2587693 12187 1
1459947794887896 167 2639614 9371 136 2587693 12187 1
1459947794899962 168 2639614 9371 137 2587693 12187 1
1459947794911302 168 2639614 9371 136 2587693 12187 1
1459947794923125 167 2639614 9371 137 2587693 12187 1
1459947794934917 168 2639614 9371 136 2587693 12187 1
1459947794947352 168 2639614 9371 137 2587693 12187 1
1459947794960001 170 2639614 9371 137 2587693 12187 1
1459947794972505 170 2639614 9371 137 2587693 12187 1
1459947794983959 166 2639614 9371 134 2587693 12187 1
1459947794996697 170 2639614 9371 139 2587693 12187 1
1459947795009012 169 2639614 9371 138 2587693 12187 1
1459947795021002 167 2639614 9371 137 2587693 12187 1
1459947795032579 167 2639614 9371 136 2587693 12187 1
1459947795044751 169 2639614 9371 136 2587693 12187 1
1459947795056826 170 2639614 9371 136 2587693 12187 1
1459947795069248 169 2639614 9371 136 2587693 12187 1
1459947795081572 169 2639614 9371 137 2587693 12187 1
1459947795093211 167 2639614 9371 134 2587693 12187 1
1459947795105692 169 2639614 9371 139 2587693 12187 1
1459947795116787 167 2639614 9371 134 2587693 12187 1
1459947795129040 169 2639614 9371 137 2587693 12187 1
1459947795140512 168 2639614 9371 135 2587693 12187 1
1459947795152421 170 2639614 9371 136 2587693 12187 1
1459947795165155 171 2639614 9371 138 2587693 12187 1
1459947795176961 167 2639614 9371 135 2587693 12187 1
1459947795189240 170 2639614 9371 137 2587693 12187 1
1459947795201024 167 2639614 9371 135 2587693 12187 1
1459947795213034 168 2639614 9371 134 2587693 12187 1
1459947795224436 166 2639614 9371 134 2587693 12187 1
1459947795234747 163 2639614 9371 132 2587693 12187 1
1459947795247234 170 2639614 9371 140 2587693 12187 1
1459947795259951 170 2639614 9371 136 2587693 12187 1
1459947795272511 169 2639614 9371 136 2587693 12187 1
1459947795283448 165 2639614 9371 133 2587693 12187 1
1459947795295271 168 2639614 9371 136 2587693 12187 1
1459947795307042 169 2639614 9371 137 2587693 12187 1
1459947795319495 170 2639614 9371 137 2587693 12187 1
1459947795331570 169 2639614 9371 138 2587693 12187 1
1459947795343843 170 2639614 9371 136 2587693 12187 1
1459947795354866 166 2639614 9371 133 2587693 12187 1
1459947795366634 168 2639614 9371 136 2587693 12187 1
1459947795378189 168 2639614 9371 136 2587693 12187 1
1459947795390103 169 2639614 9371 137 2587693 12187 1
1459947795402075 167 2639614 9371 134 2587693 12187 1
1459947795414365 171 2639614 9371 138 2587693 12187 1
1459947795426779 169 2639614 9371 138 2587693 12187 1
1459947795438665 168 2639614 9371 135 2587693 12187 1
1459947795451676 171 2639614 9371 139 2587693 12187 1
1459947795464719 170 2639614 9371 139 2587693 12187 1
1459947795476889 169 2639614 9371 137 2587693 12187 1
1459947795489218 169 2639614 9371 138 2587693 12187 1
1459947795501605 169 2639614 9371 138 2587693 12187 1
1459947795514236 170 2639614 9371 136 2587693 12187 1
1459947795526835 170 2639614 9371 137 2587693 12187 1
1459947795537839 166 2639614 9371 134 2587693 12187 1
1459947795550323 170 2639614 9371 139 2587693 12187 1
1459947795562413 168 2639614 9371 136 2587693 12187 1
1459947795574491 169 2639614 9371 137 2587693 12187 1
1459947795585132 165 2639614 9371 134 2587693 12187 1
1459947795596591 167 2639614 9371 134 2587693 12187 1
1459947795608143 168 2639614 9371 138 2587693 12187 1
1459947795620130 170 2639614 9371 139 2587693 12187 1
1459947795632455 170 2639614 9371 138 2587693 12187 1
1459947795644250 168 2639614 9371 138 2587693 12187 1
1459947795656604 171 2639614 9371 138 2587693 12187 1
1459947795668163 166 2639614 9371 134 2587693 12187 1
1459947795680081 170 2639614 9371 138 2587693 12187 1
1459947795692209 168 2639614 9371 135 2587693 12187 1
1459947795704212 169 2639614 9371 137 2587693 12187 1
1459947795716522 167 2639614 9371 134 2587693 12187 1
1459947795729496 168 2639614 9371 135 2587693 12187 1
1459947795741645 169 2639614 9371 138 2587693 12187 1
1459947795753803 170 2639614 9371 138 2587693 12187 1
1459947795766021 170 2639614 9371 135 2587693 12187 1
1459947795777263 165 2639614 9371 134 2587693 12187 1
1459947795789491 170 2639614 9371 138 2587693 12187 1
1459947795802323 171 2639614 9371 139 2587693 12187 1
1459947795813563 165 2639614 9371 133 2587693 12187 1
1459947795824684 166 2639614 9371 133 2587693 12187 1
1459947795836447 170 2639614 9371 139 2587693 12187 1
1459947795848582 169 2639614 9371 137 2587693 12187 1
1459947795860820 167 2639614 9371 135 2587693 12187 1
1459947795873076 170 2639614 9371 137 2587693 12187 1
1459947795885570 170 2639614 9371 137 2587693 12187 1
1459947795897758 169 2639614 9371 138 2587693 12187 1
1459947795909505 170 2639614 9371 138 2587693 12187 1
1459947795921637 169 2639614 9371 137 2587693 12187 1
1459947795933395 170 2639614 9371 137 2587693 12187 1
1459947795946442 172 2639614 9371 139 2587693 12187 1
1459947795958010 169 2639614 9371 136 2587693 12187 1
1459947795970544 172 2639614 9371 140 2587693 12187 1
1459947795982507 170 2639614 9371 140 2587693 12187 1
1459947795994444 170 2639614 9371 137 2587693 12187 1
1459947796006100 169 2639614 9371 137 2587693 12187 1
1459947796017838 167 2639614 9371 135 2587693 12187 1
1459947796029605 169 2639614 9371 137 2587693 12187 1
1459947796041810 171 2639614 9371 139 2587693 12187 1
1459947796054216 170 2639614 9371 137 2587693 12187 1
1459947796065700 168 2639614 9371 135 2587693 12187 1
1459947796078145 171 2639614 9371 139 2587693 12187 1
1459947796090183 170 2639614 9371 139 2587693 12187 1
1459947796102537 170 2639614 9371 138 2587693 12187 1
1459947796114738 171 2639614 9371 138 2587693 12187 1
1459947796127167 171 2639614 9371 140 2587693 12187 1
1459947796138853 169 2639614 9371 138 2587693 12187 1
1459947796150599 168 2639614 9371 136 2587693 12187 1
1459947796163298 171 2639614 9371 138 2587693 12187 1
1459947796175009 167 2639614 9371 134 2587693 12187 1
1459947796187253 169 2639614 9371 138 2587693 12187 1
1459947796198500 168 2639614 9371 136 2587693 12187 1
1459947796210037 168 2639614 9371 136 2587693 12187 1
1459947796222259 169 2639614 9371 136 2587693 12187 1
1459947796233655 167 2639614 9371 135 2587693 12187 1
1459947796245383 168 2639614 9371 137 2587693 12187 1
1459947796257479 171 2639614 9371 138 2587693 12187 1
1459947796268832 168 2639614 9371 135 2587693 12187 1
1459947796280392 169 2639614 9371 136 2587693 12187 1
1459947796292819 173 2639614 9371 139 2587693 12187 1
1459947796304911 171 2639614 9371 139 2587693 12187 1
1459947796316604 170 2639614 9371 137 2587693 12187 1
1459947796328059 167 2639614 9371 135 2587693 12187 1
1459947796339463 168 2639614 9371 135 2587693 12187 1
1459947796351680 171 2639614 9371 139 2587693 12187 1
1459947796362697 167 2639614 9371 134 2587693 12187 1
1459947796374238 169 2639614 9371 136 2587693 12187 1
1459947796385834 169 2639614 9371 138 2587693 12187 1
1459947796397501 166 2639614 9371 134 2587693 12187 1
1459947796409400 172 2639614 9371 137 2587693 12187 1
1459947796420511 168 2639614 9371 136 2587693 12187 1
1459947796431886 169 2639614 9371 136 2587693 12187 1
1459947796442991 166 2639614 9371 133 2587693 12187 1
1459947796454873 169 2639614 9371 137 2587693 12187 1
1459947796466549 170 2639614 9371 137 2587693 12187 1
1459947796478381 168 2639614 9371 135 2587693 12187 1
1459947796489597 167 2639614 9371 136 2587693 12187 1
1459947796502510 172 2639614 9371 138 2587693 12187 1
1459947796513256 168 2639614 9371 134 2587693 12187 1
1459947796525852 171 2639614 9371 137 2587693 12187 1
1459947796537267 169 2639614 9371 136 2587693 12187 1
1459947796548531 168 2639614 9371 136 2587693 12187 1
1459947796561179 171 2639614 9371 138 2587693 12187 1
1459947796573052 168 2639614 9371 135 2587693 12187 1
1459947796585277 170 2639614 9371 138 2587693 12187 1
1459947796595664 165 2639614 9371 132 2587693 12187 1
1459947796606505 166 2639614 9371 133 2587693 12187 1
1459947796617984 167 2639614 9371 135 2587693 12187 1
1459947796628356 164 2639614 9371 132 2587693 12187 1
1459947796638965 163 2639614 9371 131 2587693 12187 1
1459947796650143 167 2639614 9371 135 2587693 12187 1
1459947796661156 167 2639614 9371 134 2587693 12187 1
1459947796672262 166 2639614 9371 132 2587693 12187 1
1459947796684417 169 2639614 9371 137 2587693 12187 1
1459947796695690 169 2639614 9371 136 2587693 12187 1
1459947796706668 166 2639614 9371 133 2587693 12187 1
1459947796718597 170 2639614 9371 137 2587693 12187 1
1459947796730211 168 2639614 9371 135 2587693 12187 1
1459947796741978 168 2639614 9371 134 2587693 12187 1
1459947796754073 170 2639614 9371 138 2587693 12187 1
1459947796764491 164 2639614 9371 131 2587693 12187 1
1459947796776808 171 2639614 9371 137 2587693 12187 1
1459947796788391 166 2639614 9371 136 2587693 12187 1
1459947796799546 168 2639614 9371 135 2587693 12187 1
1459947796811482 171 2639614 9371 137 2587693 12187 1
1459947796823221 169 2639614 9371 137 2587693 12187 1
1459947796834113 165 2639614 9371 133 2587693 12187 1
1459947796845727 167 2639614 9371 134 2587693 12187 1
1459947796856811 168 2639614 9371 135 2587693 12187 1
1459947796867392 164 2639614 9371 131 2587693 12187 1
1459947796879211 169 2639614 9371 135 2587693 12187 1
1459947796890431 167 2639614 9371 135 2587693 12187 1
1459947796901846 168 2639614 9371 135 2587693 12187 1
1459947796912611 166 2639614 9371 133 2587693 12187 1
1459947796923816 167 2639614 9371 135 2587693 12187 1
1459947796934935 166 2639614 9371 133 2587693 12187 1
1459947796944243 154 2639614 9371 122 2587693 12187 1
1459947796955604 169 2639614 9371 137 2587693 12187 1
1459947796966348 167 2639614 9371 134 2587693 12187 1
1459947796977579 165 2639614 9371 134 2587693 12187 1
1459947796989260 168 2639614 9371 135 2587693 12187 1
1459947797001109 169 2639614 9371 136 2587693 12187 1
1459947797012865 167 2639614 9371 135 2587693 12187 1
1459947797025294 170 2639614 9371 137 2587693 12187 1
1459947797037046 169 2639614 9371 137 2587693 12187 1
1459947797048169 166 2639614 9371 133 2587693 12187 1
1459947797060564 169 2639614 9371 137 2587693 12187 1
1459947797072318 169 2639614 9371 137 2587693 12187 1
1459947797084270 168 2639614 9371 135 2587693 12187 1
1459947797096448 169 2639614 9371 137 2587693 12187 1
1459947797109364 173 2639614 9371 139 2587693 12187 1
1459947797120364 164 2639614 9371 132 2587693 12187 1
1459947797132301 169 2639614 9371 135 2587693 12187 1
1459947797144533 172 2639614 9371 140 2587693 12187 1
1459947797155282 165 2639614 9371 132 2587693 12187 1
1459947797167797 170 2639614 9371 138 2587693 12187 1
1459947797180250 171 2639614 9371 137 2587693 12187 1
1459947797191445 167 2639614 9371 133 2587693 12187 1
1459947797203401 170 2639614 9371 138 2587693 12187 1
1459947797215267 169 2639614 9371 135 2587693 12187 1
1459947797227149 165 2639614 9371 134 2587693 12187 1
1459947797239226 169 2639614 9371 137 2587693 12187 1
1459947797250602 169 2639614 9371 136 2587693 12187 1
1459947797262108 168 2639614 9371 135 2587693 12187 1
1459947797273805 168 2639614 9371 133 2587693 12187 1
1459947797286272 170 2639614 9371 137 2587693 12187 1
1459947797298004 166 2639614 9371 134 2587693 12187 1
1459947797310028 170 2639614 9371 136 2587693 12187 1
1459947797321741 169 2639614 9371 136 2587693 12187 1
1459947797333263 167 2639614 9371 133 2587693 12187 1
1459947797344116 167 2639614 9371 133 2587693 12187 1
1459947797356226 171 2639614 9371 136 2587693 12187 1
1459947797368441 169 2639614 9371 137 2587693 12187 1
1459947797379569 166 2639614 9371 133 2587693 12187 1
1459947797390988 169 2639614 9371 135 2587693 12187 1
1459947797401894 167 2639614 9371 133 2587693 12187 1
1459947797412816 164 2639614 9371 130 2587693 12187 1
1459947797423976 169 2639614 9371 136 2587693 12187 1
1459947797435582 169 2639614 9371 136 2587693 12187 1
1459947797446497 164 2639614 9371 131 2587693 12187 1
1459947797457659 167 2639614 9371 133 2587693 12187 1
1459947797469660 170 2639614 9371 137 2587693 12187 1
1459947797480456 164 2639614 9371 131 2587693 12187 1
1459947797490919 162 2639614 9371 130 2587693 12187 1
1459947797502325 167 2639614 9371 135 2587693 12187 1
1459947797514544 169 2639614 9371 137 2587693 12187 1
1459947797526628 170 2639614 9371 138 2587693 12187 1
1459947797537393 167 2639614 9371 133 2587693 12187 1
1459947797549334 169 2639614 9371 135 2587693 12187 1
1459947797561173 167 2639614 9371 134 2587693 12187 1
1459947797572838 170 2639614 9371 137 2587693 12187 1
1459947797584929 170 2639614 9371 138 2587693 12187 1
1459947797595981 165 2639614 9371 132 2587693 12187 1
1459947797607927 170 2639614 9371 134 2587693 12187 1
1459947797619266 168 2639614 9371 133 2587693 12187 1
1459947797634046 160 2639614 9371 154 2587693 12187 1
1459947797648667 160 2638194 9946 158 2587769 11304 0
1459947797663466 157 2638194 9946 153 2587769 11304 1
1459947797678368 162 2639445 10321 159 2589119 11665 0
1459947797693130 159 2639445 10321 156 2589119 11665 1
1459947797708805 162 2640598 10577 158 2589084 10785 0
1459947797723750 162 2641661 10730 159 2590331 11092 0
1459947797737655 158 2641661 10730 155 2590331 11092 1
1459947797752030 158 2641661 10730 155 2590331 11092 1
1459947797766007 156 2641661 10730 154 2590331 11092 1
1459947797781122 160 2640081 11347 157 2588921 11524 0
1459947797795237 156 2640081 11347 153 2588921 11524 1
1459947797808925 155 2640081 11347 152 2588921 11524 1
1459947797823916 161 2639904 10622 158 2588901 10640 0
1459947797838006 157 2639904 10622 153 2588901 10640 1
1459947797852527 158 2639904 10622 155 2588901 10640 1
1459947797867509 162 2641021 10822 158 2588883 9824 0
1459947797882147 157 2641021 10822 154 2588883 9824 1
1459947797896002 157 2641021 10822 154 2588883 9824 1
1459947797910993 158 2641021 10822 155 2588883 9824 1
1459947797926485 161 2640771 10206 157 2587586 10251 0
1459947797940948 160 2640771 10206 156 2587586 10251 1
1459947797954962 154 2640771 10206 152 2587586 10251 1
1459947797969670 160 2639260 10800 159 2588950 10708 0
1459947797983844 155 2639260 10800 154 2588950 10708 1
1459947797999440 160 2637867 11239 157 2587648 11071 0
1459947798014251 158 2637867 11239 156 2587648 11071 1
1459947798029349 160 2637867 11239 156 2587648 11071 1
1459947798044011 158 2637867 11239 155 2587648 11071 1
1459947798058654 158 2637867 11239 154 2587648 11071 1
1459947798073439 159 2637867 11239 156 2587648 11071 1
1459947798088114 156 2637867 11239 153 2587648 11071 1
1459947798103428 163 2637867 11239 159 2587648 11071 1
1459947798117238 156 2637867 11239 152 2587648 11071 1
1459947798131830 157 2637867 11239 153 2587648 11071 1
1459947798146453 159 2637867 11239 155 2587648 11071 1
1459947798161439 161 2637863 10363 158 2587728 10279 0
1459947798177529 162 2639139 10730 157 2586521 10586 0
1459947798192524 162 2640316 10976 158 2586689 9912 0
1459947798208651 165 2640316 10976 161 2586689 9912 1
1459947798223712 160 2640316 10976 156 2586689 9912 1
1459947798238916 162 2641401 11118 158 2586843 9279 0
1459947798252946 159 2641401 11118 154 2586843 9279 1
1459947798268103 160 2639841 11686 157 2585705 9602 0
1459947798283543 162 2640963 11807 157 2584656 9817 0
1459947798299730 163 2640963 11807 159 2584656 9817 1
1459947798314646 163 2640963 11807 159 2584656 9817 1
1459947798329875 160 2640963 11807 156 2584656 9817 1
1459947798345514 162 2641997 11837 161 2588809 12879 0
1459947798359792 158 2641997 11837 154 2588809 12879 1
1459947798374468 159 2641997 11837 156 2588809 12879 1
1459947798389461 162 2642950 11791 157 2587518 13061 0
1459947798404180 162 2643829 11679 158 2587608 12123 0
1459947798419216 163 2643829 11679 158 2587608 12123 1
1459947798434200 159 2643829 11679 155 2587608 12123 1
1459947798450124 162 2644639 11513 158 2587691 11251 0
1459947798465485 164 2644639 11513 158 2587691 11251 1
1459947798479785 157 2644639 11513 153 2587691 11251 1
1459947798495026 161 2644106 11103 158 2587767 10442 0
1459947798509964 162 2644895 10962 157 2586557 10740 0
1459947798524767 161 2644895 10962 156 2586557 10740 1
1459947798540287 163 2644895 10962 159 2586557 10740 1
1459947798555678 161 2644342 10614 158 2586722 10052 0
1459947798571192 161 2644342 10614 156 2586722 10052 1
1459947798586228 162 2645112 10494 159 2588154 10586 0
1459947798598696 150 2645112 10494 147 2588154 10586 1
1459947798613656 160 2643262 11378 157 2586914 10900 0
1459947798628409 160 2641557 12060 157 2585771 11101 0
1459947798643133 159 2641557 12060 155 2585771 11101 1
1459947798657992 160 2639985 12565 157 2584717 11204 0
1459947798672612 160 2639985 12565 155 2584717 11204 1
1459947798688147 159 2639985 12565 155 2584717 11204 1
1459947798703380 160 2639985 12565 155 2584717 11204 1
1459947798719131 163 2639985 12565 160 2584717 11204 1
1459947798734723 161 2639816 11738 157 2583745 11223 0
1459947798749745 162 2640940 11856 158 2584129 10700 0
1459947798763889 158 2640940 11856 154 2584129 10700 1
1459947798778299 160 2639416 12333 157 2583203 10716 0
1459947798793375 162 2640571 12434 158 2583630 10271 0
1459947798808617 160 2640571 12434 156 2583630 10271 1
1459947798823688 160 2640571 12434 156 2583630 10271 1
1459947798838765 160 2639076 12839 158 2584023 9831 0
1459947798854442 162 2640258 12924 158 2584386 9396 0
1459947798870539 162 2641347 12918 158 2584720 8969 0
1459947798885495 160 2641347 12918 156 2584720 8969 1
1459947798901894 164 2641347 12918 159 2584720 8969 1
1459947798916752 161 2641071 12161 158 2585028 8552 0
1459947798932108 160 2641071 12161 155 2585028 8552 1
1459947798946455 160 2639537 12623 158 2585312 8145 0
1459947798962319 164 2639537 12623 160 2585312 8145 1
1459947798977084 160 2638123 12939 157 2584294 8445 0
1459947798991770 158 2638123 12939 155 2584294 8445 1
1459947799006726 162 2639379 13086 158 2584636 8100 0
1459947799022118 162 2640537 13131 157 2583671 8356 0
1459947799036882 160 2639045 13480 157 2582781 8522 0
1459947799051622 159 2639045 13480 155 2582781 8522 1
1459947799067359 161 2638949 12513 158 2583241 8280 0
1459947799081946 160 2637581 12796 157 2582385 8421 0
1459947799096298 159 2637581 12796 155 2582385 8421 1
1459947799111425 161 2637599 11813 158 2582876 8215 0
1459947799126540 161 2637599 11813 156 2582876 8215 1
1459947799140830 157 2637599 11813 153 2582876 8215 1
1459947799155746 161 2637616 10906 158 2583328 7990 0
1459947799171199 161 2637632 10068 159 2585025 8929 0
1459947799185066 155 2637632 10068 152 2585025 8929 1
1459947799199993 158 2637632 10068 155 2585025 8929 1
1459947799214653 162 2638927 10474 157 2584029 9148 0
1459947799229422 159 2638927 10474 154 2584029 9148 1
1459947799244732 162 2640120 10755 159 2585671 9947 0
1459947799259289 160 2638660 11259 157 2584625 10132 0
1459947799274637 159 2638660 11259 155 2584625 10132 1
1459947799290073 162 2639874 11498 158 2584941 9631 0
1459947799305787 162 2640993 11631 159 2586512 10326 0
1459947799320807 163 2640993 11631 158 2586512 10326 1
1459947799335403 160 2640993 11631 156 2586512 10326 1
1459947799351221 162 2642025 11673 158 2586680 9674 0
1459947799366125 162 2642025 11673 156 2586680 9674 1
1459947799380487 159 2642025 11673 154 2586680 9674 1
1459947799394346 159 2642025 11673 156 2586680 9674 1
1459947799409720 163 2642025 11673 159 2586680 9674 1
1459947799425341 161 2641696 11063 158 2586835 9061 0
1459947799439041 156 2641696 11063 154 2586835 9061 1
1459947799453402 159 2641696 11063 155 2586835 9061 1
1459947799467657 156 2641696 11063 152 2586835 9061 1
1459947799482582 160 2641696 11063 156 2586835 9061 1
1459947799497846 162 2642673 11099 158 2586978 8485 0
1459947799511870 156 2642673 11099 152 2586978 8485 1
1459947799525443 152 2642673 11099 149 2586978 8485 1
1459947799540207 162 2643574 11061 157 2585830 8879 0
1459947799555184 161 2643124 10610 157 2584772 9160 0
1459947799571458 164 2643124 10610 159 2584772 9160 1
1459947799585468 159 2643124 10610 155 2584772 9160 1
1459947799600220 161 2643124 10610 155 2584772 9160 1
1459947799615142 162 2643989 10579 158 2585076 8724 0
1459947799629764 159 2643989 10579 156 2585076 8724 1
1459947799643904 157 2643989 10579 152 2585076 8724 1
1459947799659682 162 2644787 10488 159 2586636 9481 0
1459947799673800 158 2644787 10488 154 2586636 9481 1
1459947799689285 163 2644787 10488 158 2586636 9481 1
1459947799703767 159 2644787 10488 154 2586636 9481 1
1459947799718774 161 2644787 10488 156 2586636 9481 1
1459947799733109 158 2644787 10488 153 2586636 9481 1
1459947799747555 159 2644787 10488 154 2586636 9481 1
1459947799762230 161 2644787 10488 155 2586636 9481 1
1459947799777425 161 2644243 10169 157 2585515 9773 0
1459947799792778 161 2644243 10169 156 2585515 9773 1
1459947799807615 161 2644243 10169 155 2585515 9773 1
1459947799822104 159 2641181 12196 157 2584481 9961 0
1459947799836173 159 2641181 12196 155 2584481 9961 1
1459947799850624 161 2641181 12196 156 2584481 9961 1
1459947799864836 157 2641181 12196 153 2584481 9961 1
1459947799879293 156 2641181 12196 153 2584481 9961 1
1459947799894467 159 2641181 12196 156 2584481 9961 1
1459947799908230 157 2641181 12196 152 2584481 9961 1
1459947799922417 157 2641181 12196 154 2584481 9961 1
1459947799936897 159 2638358 13844 157 2583528 10060 0
1459947799951533 158 2638358 13844 154 2583528 10060 1
1459947799965684 158 2638358 13844 154 2583528 10060 1
1459947799980862 161 2638358 13844 156 2583528 10060 1
1459947799995279 159 2638358 13844 155 2583528 10060 1
1459947800010015 157 2638358 13844 153 2583528 10060 1
1459947800024821 162 2639596 13903 158 2583929 9644 0
1459947800039249 159 2639596 13903 155 2583929 9644 1
1459947800054086 162 2640737 13868 158 2584299 9231 0
1459947800068446 156 2640737 13868 154 2584299 9231 1
1459947800082838 160 2640737 13868 156 2584299 9231 1
1459947800098190 160 2640737 13868 156 2584299 9231 1
1459947800112907 158 2640737 13868 155 2584299 9231 1
1459947800126937 156 2640737 13868 151 2584299 9231 1
1459947800141566 160 2639229 14173 157 2583360 9374 0
1459947800156259 160 2639229 14173 156 2583360 9374 1
1459947800171768 162 2640399 14143 158 2583775 9023 0
1459947800185599 157 2640399 14143 153 2583775 9023 1
1459947800200464 160 2640399 14143 155 2583775 9023 1
1459947800214750 158 2640399 14143 153 2583775 9023 1
1459947800229606 163 2640399 14143 159 2583775 9023 1
1459947800244355 159 2640399 14143 155 2583775 9023 1
1459947800257298 155 2640399 14143 150 2583775 9023 1
1459947800271369 160 2640399 14143 156 2583775 9023 1
1459947800284963 158 2640399 14143 154 2583775 9023 1
1459947800299037 156 2640399 14143 152 2583775 9023 1
1459947800313914 161 2640399 14143 156 2583775 9023 1
1459947800328722 160 2638917 14403 157 2582877 9145 0
1459947800343516 159 2638917 14403 154 2582877 9145 1
1459947800358244 160 2638917 14403 155 2582877 9145 1
1459947800373018 159 2638917 14403 154 2582877 9145 1
1459947800389059 162 2640111 14378 158 2583329 8847 0
1459947800404418 160 2640111 14378 155 2583329 8847 1
1459947800420139 163 2640111 14378 159 2583329 8847 1
1459947800435605 161 2640111 14378 156 2583329 8847 1
1459947800451055 162 2641212 14269 157 2582466 8950 0
1459947800466015 162 2642227 14090 158 2582950 8697 0
1459947800481742 162 2643163 13851 158 2583397 8429 0
1459947800496331 158 2643163 13851 153 2583397 8429 1
1459947800510503 159 2643163 13851 156 2583397 8429 1
1459947800525377 161 2642745 13152 158 2583809 8149 0
1459947800540403 162 2643640 12949 158 2584188 7862 0
1459947800555133 160 2643640 12949 154 2584188 7862 1
1459947800569913 160 2641905 13535 157 2583258 8104 0
1459947800584534 160 2640306 13950 157 2582400 8260 0
1459947800599608 162 2641392 13861 157 2581610 8342 0
1459947800615325 162 2642393 13701 158 2582161 8198 0
1459947800631481 162 2643316 13480 159 2583949 9205 0
1459947800645843 158 2643316 13480 155 2583949 9205 1
1459947800660736 160 2641606 14001 157 2583037 9324 0
1459947800674962 157 2641606 14001 154 2583037 9324 1
1459947800689959 160 2640030 14359 157 2582197 9369 0
1459947800705411 162 2641137 14258 158 2582702 9103 0
1459947800719513 158 2641137 14258 155 2582702 9103 1
1459947800733602 158 2641137 14258 155 2582702 9103 1
1459947800748665 160 2639598 14562 157 2581888 9141 0
1459947800763128 159 2639598 14562 155 2581888 9141 1
1459947800777940 160 2638179 14731 157 2581138 9117 0
1459947800792041 158 2638179 14731 155 2581138 9117 1
1459947800806663 160 2636871 14785 157 2580446 9041 0
1459947800821031 159 2636871 14785 155 2580446 9041 1
1459947800836284 162 2638225 14877 157 2579808 8921 0
1459947800851436 163 2638225 14877 158 2579808 8921 1
1459947800866704 162 2639473 14865 159 2581780 10042 0
1459947800881415 161 2639344 13821 157 2581038 9940 0
1459947800896024 159 2639344 13821 154 2581038 9940 1
1459947800911922 163 2639344 13821 158 2581038 9940 1
1459947800927233 162 2640505 13811 159 2582914 10892 0
1459947800941849 161 2640505 13811 155 2582914 10892 1
1459947800956972 163 2640505 13811 156 2582914 10892 1
1459947800971358 158 2640505 13811 155 2582914 10892 1
1459947800985996 162 2641575 13718 158 2583363 10455 0
1459947801000448 161 2641281 12916 157 2582497 10435 0
1459947801015599 161 2641010 12154 157 2581699 10354 0
1459947801030770 161 2641010 12154 156 2581699 10354 1
1459947801044913 157 2641010 12154 153 2581699 10354 1
1459947801060140 161 2640761 11433 157 2580963 10222 0
1459947801075454 163 2640761 11433 159 2580963 10222 1
1459947801091125 162 2641811 11507 158 2581565 9978 0
1459947801105115 158 2641811 11507 154 2581565 9978 1
1459947801119896 160 2641811 11507 156 2581565 9978 1
1459947801134102 160 2641811 11507 155 2581565 9978 1
1459947801148294 161 2641499 10895 157 2580840 9866 0
1459947801163156 163 2641499 10895 159 2580840 9866 1
1459947801177884 162 2642491 10958 158 2581451 9659 0
1459947801193528 162 2643406 10944 158 2582015 9424 0
1459947801208042 162 2644249 10867 157 2581255 9387 0
1459947801222516 159 2644249 10867 155 2581255 9387 1
1459947801237853 163 2644249 10867 159 2581255 9387 1
1459947801252906 161 2643747 10480 157 2580554 9298 0
1459947801267646 161 2643284 10087 157 2579908 9166 0
1459947801282421 159 2643284 10087 154 2579908 9166 1
1459947801297167 162 2644137 10084 159 2581872 10260 0
1459947801311807 161 2643643 9750 157 2581123 10148 0
1459947801325915 161 2643643 9750 156 2581123 10148 1
1459947801340837 160 2643643 9750 155 2581123 10148 1
1459947801355096 159 2643643 9750 155 2581123 10148 1
1459947801369999 161 2643188 9407 157 2580432 9991 0
1459947801384291 159 2643188 9407 154 2580432 9991 1
1459947801399511 164 2643188 9407 159 2580432 9991 1
1459947801415469 166 2643188 9407 161 2580432 9991 1
