<<<<<<< HEAD
<<<<<<< HEAD
version https://git-lfs.github.com/spec/v1
oid sha256:225599418c4164dd757c990b22d61b5f0aa0c5f55888275eaf18855b696c8743
size 21062
=======
1459947780058037 174 2850816 0 171 2801664 0 0
1459947780116397 175 2852096 1180 172 2802944 1180 0
1459947780176066 176 2854556 3354 172 2804124 2174 0
1459947780236776 175 2855543 4001 172 2805211 3006 0
1459947780295438 173 2853893 5208 171 2804933 3026 0
1459947780355029 174 2853652 5022 171 2804677 3024 0
1459947780412878 173 2852150 6013 171 2804441 3003 0
1459947780472744 176 2854605 7806 172 2805504 3748 0
1459947780530469 173 2853028 8648 170 2803924 4911 0
1459947780588764 174 2852855 8131 171 2803747 4689 0
1459947780646661 173 2851415 8821 170 2802304 5652 0
1459947780704450 175 2852648 9267 172 2803534 6343 0
1459947780763067 175 2853784 9591 172 2804667 6892 0
1459947780823625 175 2854832 9807 172 2805712 7316 0
1459947780882628 173 2853238 10509 170 2804115 8215 0
1459947780942317 175 2854328 10692 172 2805203 8576 0
1459947781004466 176 2856613 11963 173 2807486 10011 0
1459947781065088 177 2860000 14150 173 2809591 11168 0
1459947781125360 176 2861842 14742 172 2810251 10904 0
1459947781184105 175 2862260 13975 172 2810860 10613 0
1459947781244012 175 2862645 13238 172 2811421 10300 0
1459947781305065 177 2865560 14891 173 2813218 11152 0
1459947781366350 176 2866968 15025 173 2814875 11807 0
1459947781424639 174 2865706 15014 171 2813842 11835 0
1459947781484534 177 2868382 16308 174 2816730 13572 0
1459947781543852 176 2869569 16127 174 2819392 14966 0
1459947781602064 174 2868103 16217 171 2818007 15072 0
1459947781661670 175 2868032 15015 172 2818010 13896 0
1459947781721384 177 2870527 16141 173 2819292 13992 0
1459947781781377 176 2871547 15819 173 2820474 13988 0
1459947781876555 176 2872487 15449 173 2821564 13900 0
1459947781936726 175 2872073 14622 174 2823849 14920 0
1459947781995520 174 2870412 15009 172 2823395 14171 0
1459947782053765 174 2868881 15247 170 2820417 15808 0
1459947782113015 175 2868749 14176 173 2821511 15582 0
1459947782172911 175 2868627 13179 173 2822520 15294 0
1459947782233448 175 2868515 12251 172 2822170 14421 0
1459947782293867 176 2869692 12378 173 2823127 14177 0
1459947782353632 176 2870777 12410 173 2824010 13883 0
1459947782413553 175 2870497 11697 172 2823544 13227 0
1459947782475970 177 2872799 12905 174 2825674 14157 0
1459947782536022 175 2872361 12299 172 2825078 13599 0
1459947782593883 175 2871957 11709 172 2824528 13042 0
1459947782651876 175 2871585 11136 171 2822741 13669 0
1459947782711560 175 2871242 10581 173 2823654 13443 0
1459947782773684 176 2872206 10642 173 2824496 13168 0
1459947782832349 176 2873094 10629 174 2826552 14034 0
1459947782891308 176 2873913 10553 173 2827167 13504 0
1459947782950717 176 2874668 10424 173 2827734 12972 0
1459947783013630 177 2876644 11431 175 2830817 14800 0
1459947783074230 176 2877186 11036 173 2831099 13903 0
1459947783132131 175 2876405 10892 172 2830079 13755 0
1459947783191250 175 2875685 10703 173 2830419 12993 0
1459947783248182 175 2875022 10477 172 2829452 12867 0
1459947783308309 176 2875690 10274 173 2829841 12219 0
1459947783368071 176 2876306 10039 173 2830199 11594 0
1459947783425390 173 2873034 12269 171 2827969 12743 0
1459947783484795 176 2873858 12069 173 2828473 12212 0
1459947783546682 181 2881017 17726 179 2836618 18766 0
1459947783609577 181 2887617 22425 179 2844127 24221 0
1459947783670708 180 2892421 25102 178 2849769 27529 0
1459947783732491 180 2896850 27223 177 2853690 28993 0
1459947783793290 180 2900933 28860 177 2857305 30060 0
1459947783855122 179 2903417 28895 176 2859358 29603 0
1459947783917619 179 2905707 28748 177 2862530 30214 0
1459947783978642 179 2907818 28448 177 2865454 30549 0
1459947784038739 180 2911044 29199 176 2866870 29467 0
1459947784102216 182 2916578 32019 178 2870735 30727 0
1459947784163414 180 2919120 31860 177 2873018 30431 0
1459947784228800 183 2925303 35070 179 2877683 32354 0
1459947784290005 179 2925883 32865 175 2876864 30581 0
1459947784350621 177 2923858 32163 174 2874829 30067 0
1459947784408795 174 2918151 34910 172 2870392 31807 0
1459947784466956 174 2912890 37031 171 2865022 34271 0
1459947784527996 176 2910600 36247 173 2862632 33796 0
1459947784586952 174 2905929 37720 172 2859148 34365 0
1459947784646731 175 2902903 37562 173 2857217 33460 0
1459947784705667 175 2900113 37198 173 2855436 32485 0
1459947784765505 175 2897541 36661 172 2852515 32639 0
1459947784825143 175 2895170 35981 172 2849822 32571 0
1459947784883760 175 2892984 35183 172 2847339 32314 0
1459947784944618 175 2890969 34290 172 2845050 31898 0
1459947785003681 175 2889112 33322 172 2842940 31349 0
1459947785060165 172 2883560 35836 169 2837155 34231 0
1459947785118543 174 2881001 35394 171 2834382 34112 0
1459947785177819 176 2881202 32814 173 2834385 31450 0
1459947785237837 175 2880108 31258 172 2833108 30168 0
1459947785298704 176 2880379 29065 173 2833211 27906 0
1459947785359750 177 2881909 28204 173 2833306 25812 0
1459947785419575 175 2880759 27059 172 2832113 24893 0
1459947785478485 175 2879699 25921 172 2831014 23960 0
1459947785538296 173 2876162 27155 170 2827441 25381 0
1459947785599821 175 2875461 25678 171 2825427 25254 0
1459947785660827 176 2876095 24256 172 2824850 23812 0
1459947785720777 175 2875400 23001 173 2825598 22641 0
1459947785783908 176 2876039 21793 173 2826288 21508 0
1459947785843944 176 2876628 20633 172 2825644 20420 0
1459947785903722 175 2875891 19699 172 2825050 19371 0
1459947785963494 176 2876492 18714 171 2823222 19541 0
1459947786025158 177 2878326 18941 175 2826657 21181 0
1459947786087963 177 2880016 19019 174 2828544 21266 0
1459947786149892 177 2881574 18970 174 2830284 21208 0
1459947786207993 173 2877891 20882 170 2826768 22792 0
1459947786267738 176 2878335 19660 172 2826086 21638 0
1459947786327763 176 2878745 18502 172 2825458 20525 0
1459947786385731 174 2876563 19067 171 2823599 20634 0
1459947786444117 174 2874551 19431 171 2821885 20600 0
1459947786502828 176 2875256 18562 172 2821585 19266 0
1459947786563899 177 2877186 18890 173 2822588 18685 0
1459947786624322 176 2877685 17874 173 2823513 18078 0
1459947786684910 177 2879425 18081 173 2824366 17451 0
1459947786746109 176 2879749 16967 172 2823872 16542 0
1459947786806410 177 2881328 17097 173 2824697 16009 0
1459947786864665 175 2880224 16778 171 2822897 16416 0
1459947786921560 175 2879206 16404 171 2821238 16662 0
1459947786980092 175 2878268 15986 171 2819708 16769 0
1459947787040091 175 2877403 15534 172 2819578 15577 0
1459947787100358 177 2879165 15945 172 2819458 14470 0
1459947787156743 174 2876950 16740 171 2818067 14620 0
1459947787215867 177 2878748 17089 172 2818065 13478 0
1459947787277635 176 2879125 16101 173 2819343 13603 0
1459947787336937 175 2878193 15701 172 2819241 12633 0
1459947787397308 175 2877334 15265 172 2819147 11731 0
1459947787458412 176 2877822 14522 172 2819061 10893 0
1459947787522139 177 2879552 14982 173 2820261 11148 0
1459947787583861 177 2881147 15281 173 2821368 11297 0
1459947787644328 176 2881337 14262 172 2821108 10653 0
1459947787707150 177 2882792 14488 172 2820868 10040 0
1459947787770796 177 2884133 14593 174 2823207 11411 0
1459947787831712 175 2882810 14671 172 2822803 10890 0
1459947787892326 176 2882870 13579 172 2822431 10381 0
1459947787951596 174 2882870 13579 170 2822431 10381 1
1459947788012532 176 2882925 12569 172 2822088 9884 0
1459947788075623 177 2884256 12814 173 2823052 10000 0
1459947788137136 176 2884203 11860 172 2822661 9578 0
1459947788197256 174 2884203 11860 170 2822661 9578 1
1459947788257385 175 2884203 11860 170 2822661 9578 1
1459947788315903 175 2884203 11860 170 2822661 9578 1
1459947788374135 175 2882874 12157 171 2821020 10341 0
1459947788434640 176 2882929 11258 171 2819507 10926 0
1459947788493985 174 2882929 11258 170 2819507 10926 1
1459947788554229 175 2881700 11510 171 2818113 11357 0
1459947788614012 176 2881847 10745 171 2816827 11653 0
1459947788674300 176 2881982 10030 172 2816922 10829 0
1459947788732707 174 2881982 10030 169 2816922 10829 1
1459947788793383 175 2880827 10310 173 2818289 11243 0
1459947788852292 174 2878482 11665 171 2816990 11561 0
1459947788912981 176 2878880 11120 172 2817072 10733 0
1459947788973159 176 2879247 10589 171 2815868 11003 0
1459947789031393 175 2878305 10628 171 2814758 11165 0
1459947789092175 176 2878717 10177 172 2815015 10528 0
1459947789150523 173 2878717 10177 169 2815015 10528 1
1459947789209733 176 2879097 9731 171 2813971 10666 0
1459947789270867 176 2879447 9293 171 2813009 10718 0
1459947789331658 176 2879770 8863 171 2812122 10697 0
1459947789391858 175 2878787 9075 172 2812584 10287 0
1459947789453923 177 2880441 9891 173 2814290 11056 0
1459947789513232 174 2878126 11251 170 2812023 12281 0
1459947789571120 174 2875992 12338 170 2809933 13247 0
1459947789630011 173 2872745 14367 170 2808006 13987 0
1459947789690745 176 2873591 14024 172 2808790 13617 0
1459947789746565 171 2873591 14024 168 2808790 13617 1
1459947789807792 175 2873091 13388 171 2808233 13066 0
1459947789867974 176 2873910 13097 170 2806439 13698 0
1459947789928827 177 2875945 13949 172 2807345 13463 0
1459947789988965 176 2876541 13409 172 2808181 13181 0
1459947790046377 175 2875811 13033 170 2806391 13800 0
1459947790105765 176 2876418 12573 172 2807301 13560 0
1459947790164360 174 2874417 13433 170 2805580 14085 0
1459947790223622 174 2872573 14082 170 2803994 14446 0
1459947790283381 177 2874713 14954 172 2805091 14329 0
1459947790343512 174 2872846 15506 171 2804823 13455 0
1459947790402557 175 2872404 14700 173 2807136 14535 0
1459947790462017 175 2871997 13925 171 2806708 13793 0
1459947790521797 175 2871622 13182 171 2806313 13078 0
1459947790580702 175 2871276 12470 171 2805949 12390 0
1459947790640275 175 2870957 11788 172 2806894 12293 0
1459947790698014 175 2870663 11137 171 2806485 11708 0
1459947790759025 177 2870663 11137 173 2806485 11708 1
1459947790819485 176 2871672 11196 174 2809948 13985 0
1459947790878956 175 2871322 10643 172 2810580 13475 0
1459947790937800 175 2870999 10107 171 2809883 13064 0
1459947790997953 176 2871982 10223 173 2811800 13811 0
1459947791055646 174 2870328 10948 171 2811008 13462 0
1459947791114674 175 2870083 10317 172 2811558 12917 0
1459947791173533 174 2868577 10897 170 2809505 13799 0
1459947791233405 177 2868577 10897 174 2809505 13799 1
1459947791293704 177 2868577 10897 173 2809505 13799 1
1459947791352820 175 2868469 10144 172 2810172 13335 0
1459947791412669 175 2868369 9442 171 2809507 12905 0
1459947791472561 174 2866997 9968 171 2808894 12460 0
1459947791531435 174 2865732 10354 171 2808329 12006 0
1459947791580175 161 2865732 10354 150 2808329 12006 1
1459947791629242 164 2865732 10354 157 2808329 12006 1
1459947791678324 164 2865732 10354 156 2808329 12006 1
1459947791725959 163 2865732 10354 156 2808329 12006 1
1459947791774025 163 2865732 10354 156 2808329 12006 1
1459947791821891 168 2865732 10354 154 2808329 12006 1
1459947791870686 172 2865732 10354 152 2808329 12006 1
1459947791919193 174 2865732 10354 151 2808329 12006 1
1459947791968377 175 2865732 10354 150 2808329 12006 1
1459947792014867 173 2865732 10354 149 2808329 12006 1
1459947792063720 176 2865732 10354 149 2808329 12006 1
1459947792112731 177 2865732 10354 150 2808329 12006 1
1459947792161472 176 2865732 10354 149 2808329 12006 1
1459947792207455 174 2865732 10354 147 2808329 12006 1
1459947792255754 176 2865732 10354 148 2808329 12006 1
1459947792304639 177 2865732 10354 148 2808329 12006 1
1459947792352238 177 2865732 10354 149 2808329 12006 1
1459947792400114 177 2865732 10354 148 2808329 12006 1
1459947792448628 177 2865732 10354 149 2808329 12006 1
1459947792495771 176 2865732 10354 148 2808329 12006 1
1459947792542912 177 2865732 10354 148 2808329 12006 1
1459947792590403 177 2865732 10354 147 2808329 12006 1
1459947792637770 177 2865732 10354 148 2808329 12006 1
1459947792686347 178 2865732 10354 150 2808329 12006 1
1459947792735165 179 2865732 10354 149 2808329 12006 1
1459947792783916 180 2865732 10354 149 2808329 12006 1
1459947792832762 180 2865732 10354 149 2808329 12006 1
1459947792880954 177 2865732 10354 148 2808329 12006 1
1459947792930833 178 2865732 10354 149 2808329 12006 1
1459947792978926 177 2865732 10354 147 2808329 12006 1
1459947793029110 180 2865732 10354 148 2808329 12006 1
1459947793077040 176 2865732 10354 144 2808329 12006 1
1459947793125774 180 2865732 10354 148 2808329 12006 1
1459947793173632 179 2865732 10354 148 2808329 12006 1
1459947793221554 179 2865732 10354 147 2808329 12006 1
1459947793269595 178 2865732 10354 148 2808329 12006 1
1459947793318050 180 2865732 10354 149 2808329 12006 1
1459947793366460 179 2865732 10354 148 2808329 12006 1
1459947793411922 178 2865732 10354 146 2808329 12006 1
1459947793460162 179 2865732 10354 148 2808329 12006 1
1459947793507223 178 2865732 10354 147 2808329 12006 1
1459947793554178 179 2865732 10354 145 2808329 12006 1
1459947793600513 179 2865732 10354 147 2808329 12006 1
1459947793649863 180 2865732 10354 149 2808329 12006 1
1459947793698191 179 2865732 10354 146 2808329 12006 1
1459947793747627 181 2865732 10354 149 2808329 12006 1
1459947793795148 181 2865732 10354 149 2808329 12006 1
1459947793843285 182 2865732 10354 148 2808329 12006 1
1459947793889515 180 2865732 10354 148 2808329 12006 1
1459947793937923 180 2865732 10354 148 2808329 12006 1
1459947793983402 181 2865732 10354 147 2808329 12006 1
1459947794029957 180 2865732 10354 147 2808329 12006 1
1459947794076507 180 2865732 10354 147 2808329 12006 1
1459947794122919 181 2865732 10354 148 2808329 12006 1
1459947794171723 182 2865732 10354 149 2808329 12006 1
1459947794217794 181 2865732 10354 147 2808329 12006 1
1459947794267167 182 2865732 10354 149 2808329 12006 1
1459947794315719 182 2865732 10354 149 2808329 12006 1
1459947794361429 179 2865732 10354 146 2808329 12006 1
1459947794407381 181 2865732 10354 148 2808329 12006 1
1459947794454913 182 2865732 10354 149 2808329 12006 1
1459947794502216 181 2865732 10354 148 2808329 12006 1
1459947794550070 180 2865732 10354 148 2808329 12006 1
1459947794597528 179 2865732 10354 148 2808329 12006 1
1459947794647069 182 2865732 10354 149 2808329 12006 1
1459947794694102 180 2865732 10354 147 2808329 12006 1
1459947794742385 181 2865732 10354 148 2808329 12006 1
1459947794790561 182 2865732 10354 148 2808329 12006 1
1459947794840391 182 2865732 10354 149 2808329 12006 1
1459947794887896 182 2865732 10354 149 2808329 12006 1
1459947794934917 182 2865732 10354 149 2808329 12006 1
1459947794983959 182 2865732 10354 148 2808329 12006 1
1459947795032579 182 2865732 10354 150 2808329 12006 1
1459947795081572 182 2865732 10354 148 2808329 12006 1
1459947795129040 182 2865732 10354 148 2808329 12006 1
1459947795176961 182 2865732 10354 148 2808329 12006 1
1459947795224436 182 2865732 10354 148 2808329 12006 1
1459947795272511 181 2865732 10354 148 2808329 12006 1
1459947795319495 181 2865732 10354 148 2808329 12006 1
1459947795366634 182 2865732 10354 148 2808329 12006 1
1459947795414365 182 2865732 10354 149 2808329 12006 1
1459947795464719 182 2865732 10354 150 2808329 12006 1
1459947795514236 183 2865732 10354 149 2808329 12006 1
1459947795562413 182 2865732 10354 149 2808329 12006 1
1459947795608143 180 2865732 10354 148 2808329 12006 1
1459947795656604 182 2865732 10354 150 2808329 12006 1
1459947795704212 181 2865732 10354 149 2808329 12006 1
1459947795753803 182 2865732 10354 149 2808329 12006 1
1459947795802323 183 2865732 10354 149 2808329 12006 1
1459947795848582 181 2865732 10354 148 2808329 12006 1
1459947795897758 182 2865732 10354 149 2808329 12006 1
1459947795946442 184 2865732 10354 150 2808329 12006 1
1459947795994444 184 2865732 10354 150 2808329 12006 1
1459947796041810 183 2865732 10354 149 2808329 12006 1
1459947796090183 183 2865732 10354 150 2808329 12006 1
1459947796138853 184 2865732 10354 150 2808329 12006 1
1459947796187253 183 2865732 10354 149 2808329 12006 1
1459947796233655 182 2865732 10354 148 2808329 12006 1
1459947796280392 182 2865732 10354 149 2808329 12006 1
1459947796328059 184 2865732 10354 151 2808329 12006 1
1459947796374238 183 2865732 10354 148 2808329 12006 1
1459947796420511 183 2865732 10354 149 2808329 12006 1
1459947796466549 182 2865732 10354 148 2808329 12006 1
1459947796513256 182 2865732 10354 148 2808329 12006 1
1459947796561179 183 2865732 10354 149 2808329 12006 1
1459947796606505 180 2865732 10354 146 2808329 12006 1
1459947796650143 179 2865732 10354 145 2808329 12006 1
1459947796695690 181 2865732 10354 147 2808329 12006 1
1459947796741978 181 2865732 10354 147 2808329 12006 1
1459947796788391 182 2865732 10354 148 2808329 12006 1
1459947796834113 181 2865732 10354 148 2808329 12006 1
1459947796879211 180 2865732 10354 146 2808329 12006 1
1459947796923816 181 2865732 10354 147 2808329 12006 1
1459947796966348 177 2865732 10354 144 2808329 12006 1
1459947797012865 181 2865732 10354 147 2808329 12006 1
1459947797060564 181 2865732 10354 147 2808329 12006 1
1459947797109364 183 2865732 10354 150 2808329 12006 1
1459947797155282 181 2865732 10354 147 2808329 12006 1
1459947797203401 183 2865732 10354 149 2808329 12006 1
1459947797250602 181 2865732 10354 148 2808329 12006 1
1459947797298004 182 2865732 10354 147 2808329 12006 1
1459947797344116 182 2865732 10354 147 2808329 12006 1
1459947797390988 183 2865732 10354 148 2808329 12006 1
1459947797435582 181 2865732 10354 146 2808329 12006 1
1459947797480456 180 2865732 10354 145 2808329 12006 1
1459947797526628 181 2865732 10354 148 2808329 12006 1
1459947797572838 182 2865732 10354 147 2808329 12006 1
1459947797619266 182 2865732 10354 147 2808329 12006 1
1459947797678368 174 2864566 10619 170 2806528 12728 0
1459947797737655 174 2863491 10779 171 2806148 12083 0
1459947797795237 173 2863491 10779 169 2806148 12083 1
1459947797852527 173 2863491 10779 169 2806148 12083 1
1459947797910993 174 2862500 10848 170 2804517 12641 0
1459947797969670 173 2860307 12021 170 2803014 13038 0
1459947798029349 172 2857005 14124 170 2801628 13296 0
1459947798088114 172 2853961 15825 169 2799070 14614 0
1459947798146453 173 2852435 15994 169 2796712 15645 0
1459947798208651 177 2852435 15994 173 2796712 15645 1
1459947798268103 175 2853588 15807 170 2795818 15245 0
1459947798329875 176 2855931 16732 172 2797554 15654 0
1459947798389461 175 2856811 16235 172 2799155 15907 0
1459947798450124 176 2858902 16894 171 2799351 14844 0
1459947798509964 175 2859550 16171 171 2799531 13850 0
1459947798571192 175 2860147 15458 171 2799697 12920 0
1459947798628409 173 2858138 16102 170 2798570 12948 0
1459947798688147 173 2856285 16551 170 2797531 12893 0
1459947798749745 175 2857137 16043 171 2797853 12182 0
1459947798808617 175 2857923 15513 171 2798150 11504 0
1459947798870539 175 2858647 14969 171 2798424 10858 0
1459947798932108 176 2860595 15595 171 2798677 10242 0
1459947798991770 175 2861111 14851 172 2800190 10836 0
1459947799051622 174 2860306 14431 171 2800305 10095 0
1459947799111425 174 2859564 13986 172 2801691 10583 0
1459947799171199 174 2858880 13523 171 2801688 9757 0
1459947799229422 172 2858880 13523 168 2801688 9757 1
1459947799290073 175 2859530 13065 171 2801686 8995 0
1459947799351221 176 2861409 13776 172 2802964 9470 0
1459947799409720 174 2860581 13461 170 2801582 10003 0
1459947799467657 173 2858538 14292 170 2800308 10395 0
1459947799525443 172 2858538 14292 168 2800308 10395 1
1459947799585468 175 2859214 13798 171 2800413 9679 0
1459947799643904 174 2858557 13324 170 2799230 10011 0
1459947799703767 174 2857952 12840 170 2798140 10232 0
1459947799762230 174 2857952 12840 169 2798140 10232 1
1459947799822104 174 2857394 12349 170 2797135 10358 0
1459947799879293 173 2857394 12349 169 2797135 10358 1
1459947799936897 173 2857394 12349 169 2797135 10358 1
1459947799995279 174 2857394 12349 169 2797135 10358 1
1459947800054086 174 2856880 11857 170 2796208 10401 0
1459947800112907 173 2856880 11857 169 2796208 10401 1
1459947800171768 174 2856880 11857 169 2796208 10401 1
1459947800229606 174 2856880 11857 169 2796208 10401 1
1459947800284963 173 2856880 11857 168 2796208 10401 1
1459947800343516 173 2856880 11857 169 2796208 10401 1
1459947800404418 174 2856880 11857 169 2796208 10401 1
1459947800466015 176 2858966 12853 172 2797914 11160 0
1459947800525377 174 2858329 12434 171 2798206 10558 0
1459947800584534 174 2857742 12003 170 2797196 10663 0
1459947800645843 176 2859760 12926 172 2798825 11330 0
1459947800705411 174 2859061 12560 171 2799046 10648 0
1459947800763128 173 2859061 12560 169 2799046 10648 1
1459947800821031 173 2857136 13351 170 2797970 10807 0
1459947800881415 176 2859202 14211 172 2799538 11408 0
1459947800941849 175 2859826 13676 171 2799704 10669 0
1459947801000448 175 2860402 13138 170 2798577 10873 0
1459947801060140 174 2859653 12801 170 2797538 10980 0
1459947801119896 175 2860242 12343 171 2797860 10419 0
1459947801177884 176 2862065 13059 171 2798157 9878 0
1459947801237853 175 2862466 12407 171 2798430 9358 0
1459947801297167 174 2861555 12275 170 2797402 9573 0
1459947801355096 174 2860716 12089 170 2796454 9697 0
1459947801415469 178 2860716 12089 172 2796454 9697 1
>>>>>>> 587ddc4f3682fe26eb61ef3e7dd1f587b73479b7
=======
version https://git-lfs.github.com/spec/v1
oid sha256:0ed56d8cb8aa50b0ac01664ebe49816bffaf8ca3337a604c138d16a11792df4e
size 21262
>>>>>>> 70238e08249cac7bd497cf178abe20b08de7a63b
