<<<<<<< HEAD
<<<<<<< HEAD
<<<<<<< HEAD
=======
<<<<<<< HEAD
<<<<<<< HEAD
=======
<<<<<<< HEAD
>>>>>>> ddf0ce1
<<<<<<< HEAD
<<<<<<< HEAD
<<<<<<< HEAD
<<<<<<< HEAD
<<<<<<< HEAD
<<<<<<< HEAD
=======
>>>>>>> 2cf6812
<<<<<<< HEAD
version https://git-lfs.github.com/spec/v1
oid sha256:7b28256218cb09bc1124cf1c739ba0692d86d3f0f04fb57beff6b89197071686
size 20676
=======
version https://git-lfs.github.com/spec/v1
oid sha256:ccafdaa53e6aa0a5fef0c43d962b2820b8eb4ffa133ae1b9f441cb3f8344f520
size 19500
>>>>>>> dd1805f
=======
version https://git-lfs.github.com/spec/v1
oid sha256:ccafdaa53e6aa0a5fef0c43d962b2820b8eb4ffa133ae1b9f441cb3f8344f520
size 19500
>>>>>>> 38e2d40
=======
>>>>>>> dfa5db5e... Fixing logs
version https://git-lfs.github.com/spec/v1
oid sha256:ccafdaa53e6aa0a5fef0c43d962b2820b8eb4ffa133ae1b9f441cb3f8344f520
size 19500
=======
=======
>>>>>>> ae7b143... Fixing logs
=======
>>>>>>> ae7b1437... Fixing logs
1459947780475942 176 157 
1459947780937527 175 157 
1459947781417075 177 158 
1459947781924475 177 158 
1459947782393011 175 156 
1459947782854643 175 157 
1459947783321786 176 158 
1459947783824550 186 166 
1459947784338175 189 168 
1459947784801009 175 156 
1459947785265021 174 156 
1459947785734681 175 156 
1459947786209479 176 157 
1459947786672055 175 157 
1459947787138801 175 157 
1459947787617157 177 157 
1459947788090190 176 157 
1459947788553223 175 157 
1459947789017636 175 157 
1459947789479770 175 157 
1459947789933961 174 157 
1459947790395944 176 157 
1459947790863446 176 157 
1459947791324690 176 157 
1459947791788888 175 156 
1459947792253173 176 157 
1459947792715871 175 156 
1459947793194642 176 156 
1459947793654127 175 156 
1459947794102933 174 156 
1459947794554566 174 157 
1459947795020385 174 157 
1459947795498185 175 158 
1459947795967533 174 157 
1459947796438830 175 157 
1459947796892668 174 157 
1459947797349363 174 156 
1459947797808694 174 157 
1459947798285554 176 158 
1459947798765936 176 157 
1459947799256873 177 157 
1459947799723007 175 155 
1459947800193150 176 156 
1459947800664124 175 156 
1459947801126923 175 156 
1459947801590842 176 156 
1459947802048327 175 156 
1459947802522686 177 158 
1459947802997876 176 156 
1459947803477765 176 156 
1459947803943131 175 156 
1459947804418718 175 156 
1459947804888408 175 156 
1459947805350830 175 157 
1459947805820611 174 156 
1459947806290764 176 157 
1459947806773365 176 157 
1459947807246718 177 159 
1459947807736685 177 157 
1459947808213222 176 156 
1459947808688865 176 157 
1459947809160204 175 155 
1459947809623190 174 156 
1459947810100299 176 157 
1459947810622058 176 158 
1459947811109604 177 157 
1459947811576414 176 156 
1459947812058254 176 156 
1459947812528358 175 156 
1459947813016342 177 157 
1459947813496036 177 157 
1459947813968818 177 157 
1459947814459578 180 161 
1459947815014939 195 172 
1459947815522789 181 161 
1459947816008639 177 157 
1459947816483065 176 157 
1459947816976162 178 158 
1459947817452566 177 158 
1459947817930188 176 157 
1459947818415542 178 158 
1459947818899625 177 158 
1459947819387788 177 158 
1459947819868093 177 157 
1459947820361595 178 157 
1459947820847432 178 158 
1459947821324366 177 156 
1459947821789781 175 155 
1459947822250484 176 156 
1459947822706517 175 156 
1459947823172723 176 156 
1459947823630048 175 156 
1459947824101665 177 158 
1459947824560569 176 156 
1459947825013584 175 156 
1459947825482403 176 156 
1459947825947810 176 157 
1459947826419592 176 157 
1459947826867750 173 155 
1459947827317068 174 155 
1459947827779593 176 156 
1459947828243471 175 156 
1459947828712137 176 157 
1459947829180123 176 156 
1459947829631689 175 156 
1459947830070636 174 155 
1459947830511460 175 157 
1459947830986660 177 157 
1459947831477242 177 157 
1459947831959789 177 156 
1459947832423755 175 156 
1459947832903774 175 156 
1459947833374320 175 156 
1459947833838044 175 155 
1459947834315350 176 155 
1459947834802776 176 157 
1459947835286839 178 158 
1459947835769139 177 157 
1459947836234854 176 156 
1459947836692686 176 157 
1459947837143066 175 157 
1459947837605514 176 157 
1459947838070017 175 157 
1459947838538049 176 157 
1459947839014891 176 156 
1459947839479622 176 157 
1459947839950197 177 158 
1459947840403916 174 157 
1459947840870560 175 157 
1459947841329492 177 157 
1459947841779024 176 156 
1459947842231661 177 156 
1459947842689640 177 156 
1459947843147743 176 158 
1459947843613946 177 159 
1459947846092160 189 167 
1459947846547564 176 157 
1459947847004997 176 158 
1459947847463772 176 158 
1459947847925147 176 157 
1459947848388434 176 157 
1459947848851540 176 156 
1459947849336282 178 159 
1459947849820486 178 158 
1459947850300670 178 158 
1459947850747181 173 156 
1459947851226109 177 157 
1459947851706392 177 158 
1459947852189479 178 158 
1459947852674235 179 158 
1459947853154103 177 157 
1459947853615022 176 156 
1459947854089824 177 158 
1459947854562150 177 158 
1459947855027401 176 156 
1459947855461686 168 150 
1459947855915045 172 154 
1459947856397584 178 159 
1459947856861957 175 156 
1459947857279596 166 149 
1459947857744681 176 158 
1459947858206842 175 156 
1459947858673047 176 157 
1459947859143339 177 158 
1459947859605534 176 158 
1459947860077715 177 158 
1459947860545001 176 157 
1459947861018936 178 158 
1459947861496335 177 157 
1459947861965971 176 157 
1459947862435479 176 157 
1459947862902028 176 157 
1459947863375299 177 157 
1459947863847614 176 157 
1459947864329373 177 159 
1459947864805840 177 159 
1459947865262255 175 157 
1459947865739005 176 157 
1459947866198823 175 157 
1459947866660132 176 157 
1459947867098761 174 156 
1459947867551552 175 157 
1459947868019861 176 158 
1459947868626621 177 158 
1459947869092044 175 157 
1459947869565864 176 157 
1459947870032710 176 157 
1459947870494491 177 157 
1459947870957444 175 156 
1459947871420619 176 156 
1459947871880135 175 155 
1459947872360088 177 157 
1459947872819240 175 156 
1459947873292837 176 157 
1459947873765994 176 157 
1459947874229178 175 156 
1459947874702406 175 156 
1459947875176629 176 157 
1459947875650331 177 156 
1459947876111223 176 156 
1459947879011420 179 159 
1459947879471035 176 156 
1459947879937042 175 157 
1459947880410008 176 157 
1459947880873977 176 156 
1459947881340360 176 156 
1459947881814282 176 156 
1459947882288880 177 157 
1459947882770096 177 158 
1459947883226409 176 158 
1459947883699123 176 157 
1459947884175044 176 158 
1459947884643741 176 157 
1459947885104752 175 156 
1459947885567032 175 157 
1459947886045362 175 157 
1459947886509769 175 157 
1459947886979757 176 157 
1459947887434838 176 156 
1459947887904625 177 157 
1459947888378658 177 157 
1459947888858098 177 157 
1459947889327181 176 157 
1459947889794495 176 157 
1459947890276160 177 157 
1459947890740527 176 157 
1459947891202776 176 157 
1459947891679397 179 158 
1459947892161172 178 158 
1459947892628401 177 157 
1459947893097095 176 157 
1459947893564750 178 158 
1459947894018204 177 157 
1459947894484512 177 157 
1459947894945724 176 157 
1459947895405386 176 156 
1459947895867353 176 157 
1459947896328086 177 157 
1459947896777720 175 157 
1459947897230285 176 157 
1459947897693548 177 157 
1459947898146928 175 156 
1459947898622165 178 157 
1459947899088706 177 156 
1459947899553048 177 156 
1459947900021274 176 155 
1459947900484351 177 156 
1459947900933751 176 156 
1459947901393527 176 157 
1459947901857222 177 156 
1459947902321574 176 156 
1459947902785146 176 157 
1459947903236136 175 156 
1459947903713571 178 157 
1459947904180604 177 157 
1459947904656668 177 157 
1459947905133088 178 157 
1459947905602840 177 157 
1459947906071311 176 156 
1459947906544501 178 157 
1459947907050507 188 165 
1459947907536675 183 161 
1459947908049531 176 156 
1459947908505411 175 157 
1459947908966915 175 156 
1459947909430534 177 158 
1459947909895870 177 157 
1459947910356246 177 157 
1459947910805809 176 156 
1459947911263061 177 156 
1459947911730147 177 158 
1459947912198926 178 158 
1459947912655808 176 157 
1459947913105482 176 157 
1459947913566192 177 157 
1459947914022723 177 157 
1459947914482379 176 157 
1459947914944126 177 157 
1459947915395262 176 157 
1459947915853417 175 157 
1459947916319526 177 157 
1459947916767195 176 156 
1459947917213355 176 157 
1459947917672889 177 157 
1459947918132668 175 156 
1459947918581222 174 156 
1459947919066603 179 159 
1459947919528783 175 156 
1459947919997497 176 157 
1459947920447510 175 156 
1459947920899727 176 156 
1459947921361415 175 156 
1459947921815518 176 157 
1459947922284803 176 157 
1459947922754738 176 157 
1459947923230696 178 157 
1459947923687412 175 156 
1459947924139686 175 156 
1459947924605470 176 157 
1459947925065045 175 156 
1459947925534003 176 156 
1459947925990369 175 157 
1459947926452144 175 157 
1459947926919023 175 157 
1459947927375635 175 156 
1459947927833265 175 156 
1459947928283328 175 156 
1459947928754455 176 155 
1459947929221266 176 156 
1459947929661834 173 155 
1459947930101517 174 155 
1459947930553701 175 157 
1459947930993545 174 156 
1459947931435458 174 156 
1459947931886752 175 156 
1459947932346277 175 156 
1459947932802797 175 155 
1459947933262106 175 155 
1459947933709068 174 155 
1459947934168386 175 155 
1459947934635059 174 156 
1459947935083406 174 155 
1459947935529682 174 154 
1459947935980677 174 156 
1459947936447272 176 156 
1459947936911704 176 155 
1459947937386350 178 157 
1459947937910600 191 169 
1459947938379401 176 157 
1459947938843210 175 156 
1459947939305802 175 156 
1459947939765501 175 155 
1459947942252570 177 157 
1459947942703444 175 154 
1459947943156549 174 155 
1459947943617908 176 155 
1459947944082374 177 156 
1459947944548874 178 157 
1459947945000657 174 155 
1459947945458396 175 156 
1459947945921080 175 155 
1459947946393223 176 155 
1459947946852966 176 156 
1459947947312683 175 155 
1459947947762422 175 155 
1459947948218364 176 156 
1459947948700593 182 161 
1459947949144942 174 155 
1459947949608293 175 155 
1459947950062700 174 155 
1459947950517935 174 154 
1459947950968604 174 154 
1459947951410820 174 154 
1459947951850299 174 154 
1459947952292081 173 154 
1459947952747180 175 154 
1459947953195469 174 154 
1459947953641157 174 154 
1459947954100780 175 156 
1459947954558730 175 156 
1459947955024080 175 156 
1459947955495588 176 155 
1459947955969900 177 156 
1459947956436850 176 156 
1459947956900477 175 156 
1459947957365651 176 156 
1459947957826231 175 155 
1459947958243629 165 148 
1459947958695481 175 156 
1459947959147367 173 154 
1459947959609704 175 155 
1459947960072906 175 155 
1459947960538954 175 155 
1459947960993812 174 156 
1459947961456387 175 156 
1459947961826890 164 144 
1459947962193302 170 142 
1459947962566540 176 139 
1459947962938280 177 138 
1459947963320788 179 138 
1459947963692054 179 138 
1459947964075537 181 138 
1459947964447959 179 137 
1459947964826731 181 137 
1459947965205415 181 137 
1459947965582257 182 137 
1459947965954671 182 137 
1459947966325947 183 138 
1459947966698578 182 138 
1459947967073183 183 137 
1459947967445198 183 137 
1459947967811881 183 137 
1459947968215377 191 144 
1459947968649294 197 148 
1459947969045719 187 142 
1459947969419933 182 137 
1459947969785264 181 137 
1459947970165084 184 137 
1459947970530776 184 137 
1459947970900145 185 137 
1459947971275314 184 138 
1459947971647561 184 138 
1459947972022192 184 137 
1459947974156888 185 138 
1459947974529341 184 136 
1459947974902244 185 137 
1459947975259837 182 135 
1459947975631583 184 137 
1459947976008582 185 137 
1459947976383760 186 138 
1459947976753177 185 137 
1459947977132056 185 137 
1459947977514352 187 137 
1459947977892333 185 137 
1459947978275977 187 137 
1459947978661748 187 137 
1459947979028958 186 137 
1459947979408690 186 137 
1459947979788678 187 138 
1459947980153841 185 137 
1459947980532567 187 137 
1459947980896068 186 137 
1459947981273744 188 138 
1459947981653057 187 137 
1459947982030579 187 137 
1459947982405790 188 137 
1459947982774427 186 135 
1459947983148235 188 138 
1459947983529165 188 138 
1459947983915045 188 137 
1459947984296542 187 137 
1459947984667955 187 137 
1459947985042051 188 137 
1459947985414716 188 137 
1459947985793669 189 138 
1459947986177721 189 138 
1459947986557282 189 137 
1459947986930239 188 137 
1459947987314403 189 137 
1459947987696069 188 136 
1459947988074403 189 137 
1459947988456803 189 137 
1459947988816267 187 137 
1459947989187664 188 137 
1459947989560203 188 137 
1459947989932905 188 137 
1459947990299830 187 136 
1459947990674629 187 136 
1459947991046994 187 136 
1459947991419118 187 136 
1459947991786175 185 134 
1459947992160866 187 136 
1459947992550756 188 137 
1459947992933375 188 136 
1459947993302290 188 136 
1459947993687500 188 136 
1459947994053700 187 135 
1459947994423134 186 134 
1459947994785927 186 135 
1459947995153696 186 135 
1459947995539123 188 137 
1459947995919664 187 136 
1459947996299470 188 136 
1459947996675417 188 136 
1459947997042661 187 136 
1459947997422338 188 137 
1459947997807694 187 137 
1459947998190585 188 136 
1459947998567530 187 135 
1459947998940118 188 137 
1459947999368828 201 147 
1459947999790920 200 145 
1459948000179933 192 140 
1459948000543693 186 136 
1459948000906975 188 137 
1459948001272471 188 137 
1459948001631647 187 136 
1459948001995968 186 135 
1459948002360533 185 134 
1459948002744421 190 138 
1459948003120090 189 137 
1459948003497562 189 137 
1459948003866505 189 138 
1459948004229984 189 138 
1459948007936624 189 138 
1459948008292390 185 135 
1459948008653865 187 136 
1459948009024784 188 137 
1459948009409007 190 137 
1459948009789245 189 137 
1459948010163640 189 137 
1459948010528304 189 138 
1459948010889353 187 136 
1459948011265520 189 138 
1459948011642834 189 138 
1459948012022822 189 137 
1459948012397920 189 137 
1459948012785300 189 137 
1459948013172852 189 137 
1459948013554572 189 137 
1459948013936907 190 138 
1459948014314953 190 138 
1459948014685811 189 138 
1459948015055435 189 137 
1459948015431129 189 137 
1459948015799224 188 136 
1459948016174782 189 136 
1459948016552159 190 136 
1459948016938194 191 137 
1459948017303352 188 136 
1459948017675012 190 137 
1459948018056869 189 138 
1459948018439978 189 138 
1459948018826986 189 138 
1459948019192026 186 136 
1459948019574964 190 138 
1459948019952088 189 137 
1459948020338464 191 138 
1459948020727348 191 138 
1459948021109081 190 138 
1459948021493263 191 139 
1459948021866304 189 138 
1459948022242213 189 138 
1459948022610381 189 137 
1459948022991068 189 138 
1459948023375612 191 137 
1459948023751232 190 138 
1459948024124652 189 137 
1459948024514686 190 137 
1459948024893652 190 138 
1459948025270534 190 138 
1459948025644329 190 138 
1459948026023619 190 137 
1459948026403068 190 138 
1459948026768734 189 137 
1459948027134794 190 137 
1459948027509173 189 137 
1459948027903251 191 138 
1459948028282279 190 136 
1459948028668381 190 138 
1459948029068284 192 138 
1459948029447932 190 137 
1459948029831322 191 137 
1459948030276460 205 150 
1459948030690678 201 146 
1459948031072092 191 138 
1459948031463681 191 138 
1459948031851282 191 137 
1459948032231762 191 137 
1459948032615683 191 136 
1459948032997453 192 137 
1459948033377167 192 137 
1459948033756496 191 137 
1459948034135910 190 137 
1459948034519630 191 138 
1459948034900958 191 137 
1459948035286977 191 137 
1459948035666714 190 136 
1459948036041843 190 137 
1459948036421116 191 138 
1459948036810416 192 138 
1459948037184034 190 137 
1459948037561930 191 137 
1459948037956577 191 137 
1459948038331237 191 137 
1459948041822297 191 138 
1459948042201181 190 137 
1459948042587150 191 138 
1459948042969295 190 137 
1459948043356002 191 137 
1459948043723705 188 135 
1459948044090980 189 137 
1459948044441871 188 136 
1459948044793936 187 135 
1459948045158607 187 135 
1459948045522453 188 136 
1459948045889665 189 136 
1459948046250706 188 136 
1459948046607943 189 136 
1459948046986612 190 137 
1459948047364606 191 137 
1459948047734521 189 136 
1459948048112599 190 137 
1459948048493804 190 137 
1459948048862666 190 137 
1459948049236552 189 136 
1459948049600098 188 135 
1459948049970865 188 135 
1459948050351956 190 137 
1459948050721547 190 136 
1459948051082953 188 136 
1459948051456733 190 136 
1459948051839975 190 137 
1459948052220319 190 136 
1459948052605298 190 137 
1459948052990228 190 136 
1459948053373171 190 136 
1459948053760475 190 136 
1459948054130940 189 136 
1459948054505754 189 136 
1459948054882483 190 136 
1459948055250825 190 137 
1459948055621820 190 136 
1459948056005697 191 137 
1459948056395125 191 137 
1459948056791385 191 138 
1459948057173448 191 138 
1459948057556277 189 136 
1459948057939195 189 137 
1459948058308386 189 136 
1459948058669662 188 136 
1459948059040987 190 136 
1459948059406779 190 137 
1459948059768751 189 136 
1459948060151693 191 137 
1459948060533539 191 137 
1459948060928566 197 142 
1459948061353637 203 147 
1459948061767242 200 144 
1459948062145860 190 137 
1459948062510373 189 136 
1459948062885459 189 136 
1459948063262677 190 136 
1459948063634844 189 136 
1459948064019606 191 138 
1459948064516913 179 159 
1459948064986552 176 157 
1459948065459065 175 156 
1459948065935890 174 155 
1459948066408774 175 157 
1459948066872946 175 156 
1459948067338440 176 156 
1459948067815566 176 157 
1459948068287555 175 156 
1459948068752370 175 156 
1459948069221280 175 155 
1459948069686027 174 155 
1459948070165473 175 155 
1459948070648600 175 156 
1459948071196945 175 156 
1459948071662993 174 155 
1459948072140298 177 157 
1459948077278103 177 158 
1459948077753560 175 157 
1459948078228811 176 156 
1459948078695873 175 156 
1459948079180911 176 157 
1459948079661926 177 157 
1459948080149074 176 156 
1459948080620959 175 156 
1459948081096072 175 157 
1459948081572469 177 157 
1459948082063747 178 159 
1459948082550416 178 158 
1459948083033212 176 157 
1459948083497871 174 155 
1459948083981910 174 156 
1459948084462441 177 158 
1459948084953787 177 158 
1459948085445637 177 158 
1459948085934406 176 156 
1459948086413959 176 157 
1459948086885206 175 157 
1459948087356970 175 157 
1459948087815483 174 156 
1459948088277444 174 155 
1459948088739845 175 156 
1459948089217205 176 156 
1459948089684378 174 155 
1459948090163513 176 156 
1459948090631404 176 157 
1459948091094767 176 156 
1459948091575727 177 157 
1459948092117609 193 170 
1459948092624685 186 164 
1459948093105812 177 156 
1459948093581672 176 156 
1459948094046909 177 155 
1459948094526272 176 156 
1459948094998793 176 157 
1459948095471033 176 157 
1459948095940142 176 156 
1459948096395248 176 155 
1459948096854236 176 156 
1459948097314939 177 156 
1459948097783791 177 156 
1459948098255573 177 157 
1459948098724627 176 157 
1459948099189484 176 156 
1459948099669600 177 156 
1459948100151180 177 157 
1459948100623480 176 157 
1459948101078973 175 156 
1459948101544816 175 156 
1459948102021639 177 157 
1459948102492986 176 157 
1459948102973439 177 157 
1459948103445235 177 157 
1459948103905063 176 156 
1459948104379635 176 156 
1459948104882880 184 163 
1459948105386078 187 165 
1459948105852595 178 158 
1459948106316933 176 157 
1459948106776424 177 157 
1459948107228261 175 156 
1459948107699637 176 157 
1459948108174392 176 157 
1459948108642751 175 155 
1459948109128430 177 156 
1459948109594477 176 156 
1459948110052319 176 156 
1459948110511698 174 155 
1459948110955761 173 155 
1459948111424229 174 156 
1459948111900194 175 157 
1459948112373270 175 157 
1459948112845077 174 157 
1459948113316539 173 155 
1459948113790488 175 156 
1459948114263736 176 156 
1459948114734805 175 156 
1459948115208618 174 155 
1459948115672947 174 156 
1459948116147442 174 156 
1459948116622289 175 156 
1459948117088258 175 155 
1459948117571289 177 158 
1459948118056062 176 157 
1459948118526539 174 156 
1459948119006446 176 157 
1459948119481816 176 157 
1459948119965010 177 157 
1459948120458936 176 157 
1459948120936108 174 156 
1459948121435622 176 157 
1459948121939337 178 158 
1459948122430875 177 158 
1459948122989894 192 171 
1459948123474334 178 158 
1459948123959799 177 157 
1459948124445916 178 158 
1459948124940819 177 158 
1459948125428363 177 158 
1459948125918265 177 158 
1459948126400488 176 158 
1459948126881060 176 157 
1459948127357441 177 157 
1459948127813919 174 154 
1459948128322107 179 157 
<<<<<<< HEAD
<<<<<<< HEAD
>>>>>>> 700ac3ff... Updated directory structure
=======
<<<<<<< HEAD
<<<<<<< HEAD
<<<<<<< HEAD
<<<<<<< HEAD
>>>>>>> 3f8e119
=======
version https://git-lfs.github.com/spec/v1
oid sha256:6884daadfaf3032cb74f25a32e0cfb37b13dd66c65302a8e2f385562e9daff33
size 19700
>>>>>>> f48ecf8
=======
>>>>>>> 587ddc4f3682fe26eb61ef3e7dd1f587b73479b7
>>>>>>> dd1805f
=======
version https://git-lfs.github.com/spec/v1
oid sha256:6884daadfaf3032cb74f25a32e0cfb37b13dd66c65302a8e2f385562e9daff33
size 19700
>>>>>>> 349884c
=======
>>>>>>> 587ddc4f3682fe26eb61ef3e7dd1f587b73479b7
<<<<<<< HEAD
<<<<<<< HEAD
>>>>>>> 38e2d40
=======
>>>>>>> ddf0ce1
=======
>>>>>>> 2cf6812
=======
version https://git-lfs.github.com/spec/v1
oid sha256:6884daadfaf3032cb74f25a32e0cfb37b13dd66c65302a8e2f385562e9daff33
size 19700
<<<<<<< HEAD
>>>>>>> 8d79f4c
=======
>>>>>>> 587ddc4f3682fe26eb61ef3e7dd1f587b73479b7
>>>>>>> c5a382b
=======
>>>>>>> 70238e08249cac7bd497cf178abe20b08de7a63b
<<<<<<< HEAD
>>>>>>> ddf0ce1
=======
>>>>>>> 2cf6812
=======
>>>>>>> ae7b143... Fixing logs
>>>>>>> dfa5db5e... Fixing logs
=======
>>>>>>> ae7b1437... Fixing logs
