<<<<<<< HEAD
=======
<<<<<<< HEAD
<<<<<<< HEAD
<<<<<<< HEAD
=======
<<<<<<< HEAD
>>>>>>> ddf0ce1
<<<<<<< HEAD
<<<<<<< HEAD
<<<<<<< HEAD
<<<<<<< HEAD
<<<<<<< HEAD
<<<<<<< HEAD
=======
>>>>>>> 2cf6812
<<<<<<< HEAD
version https://git-lfs.github.com/spec/v1
oid sha256:b1bfad7355dd4b072678d0b588d80234a5663d11f9790774bf502f21f77a95b5
size 81426
=======
version https://git-lfs.github.com/spec/v1
oid sha256:291546d7cb7d5c8aeb2b082c826034c9c68bcb0268179ef13d775a101828c5a9
size 78000
>>>>>>> dd1805f
=======
version https://git-lfs.github.com/spec/v1
oid sha256:291546d7cb7d5c8aeb2b082c826034c9c68bcb0268179ef13d775a101828c5a9
size 78000
>>>>>>> 38e2d40
=======
version https://git-lfs.github.com/spec/v1
oid sha256:291546d7cb7d5c8aeb2b082c826034c9c68bcb0268179ef13d775a101828c5a9
size 78000
>>>>>>> c5a382b
=======
=======
>>>>>>> ae7b143... Fixing logs
>>>>>>> dfa5db5e... Fixing logs
1459947780115777 165 150 
1459947780237592 167 151 
1459947780359647 166 151 
1459947780475942 166 150 
1459947780588883 163 149 
1459947780702605 165 150 
1459947780821884 167 150 
1459947780937527 164 149 
1459947781058549 168 152 
1459947781176373 167 150 
1459947781296272 166 150 
1459947781417075 168 152 
1459947781538068 169 152 
1459947781655867 166 151 
1459947781771440 167 151 
1459947781924475 167 152 
1459947782039227 165 150 
1459947782155418 165 149 
1459947782274866 166 151 
1459947782393011 166 151 
1459947782512003 167 152 
1459947782625612 164 149 
1459947782739885 164 150 
1459947782854643 166 151 
1459947782970997 166 152 
1459947783093063 168 152 
1459947783206510 165 151 
1459947783321786 166 151 
1459947783437533 165 151 
1459947783567282 176 160 
1459947783700818 181 164 
1459947783824550 175 159 
1459947783951195 176 159 
1459947784081715 180 162 
1459947784215563 180 163 
1459947784338175 171 156 
1459947784451206 164 149 
1459947784568921 165 150 
1459947784684266 165 151 
1459947784801009 165 150 
1459947784915953 163 148 
1459947785028285 162 148 
1459947785144790 165 150 
1459947785265021 166 150 
1459947785385024 167 151 
1459947785499314 165 150 
1459947785615446 164 148 
1459947785734681 166 150 
1459947785852986 165 150 
1459947785969419 165 150 
1459947786095503 168 152 
1459947786209479 164 150 
1459947786326763 167 151 
1459947786437484 163 150 
1459947786552344 164 149 
1459947786672055 165 150 
1459947786792499 167 151 
1459947786907111 165 149 
1459947787023651 164 150 
1459947787138801 164 150 
1459947787256298 166 151 
1459947787376532 166 150 
1459947787495123 166 151 
1459947787617157 168 151 
1459947787737401 166 151 
1459947787855152 166 150 
1459947787968090 163 149 
1459947788090190 168 152 
1459947788206294 165 150 
1459947788321724 166 150 
1459947788437040 166 150 
1459947788553223 165 150 
1459947788668100 165 149 
1459947788785278 166 150 
1459947788900373 165 150 
1459947789017636 166 150 
1459947789132312 166 151 
1459947789246555 166 150 
1459947789364592 166 150 
1459947789479770 166 151 
1459947789594573 165 151 
1459947789706212 165 150 
1459947789816733 161 149 
1459947789933961 166 151 
1459947790049353 166 151 
1459947790162551 165 150 
1459947790278096 166 152 
1459947790395944 165 151 
1459947790512842 165 149 
1459947790627052 165 150 
1459947790742426 166 150 
1459947790863446 168 152 
1459947790980687 166 150 
1459947791096322 167 151 
1459947791208602 164 150 
1459947791324690 167 151 
1459947791439587 164 150 
1459947791555679 164 149 
1459947791672964 166 151 
1459947791788888 166 151 
1459947791904347 167 151 
1459947792019518 166 151 
1459947792138440 168 151 
1459947792253173 164 149 
1459947792372529 166 151 
1459947792487365 165 150 
1459947792599097 164 149 
1459947792715871 166 150 
1459947792835910 167 151 
1459947792957455 166 150 
1459947793077133 165 149 
1459947793194642 166 150 
1459947793317308 168 151 
1459947793429994 163 148 
1459947793540354 163 148 
1459947793654127 165 149 
1459947793769184 164 149 
1459947793881636 164 150 
1459947793992981 164 149 
1459947794102933 164 149 
1459947794214059 165 150 
1459947794330773 165 151 
1459947794440143 164 150 
1459947794554566 165 151 
1459947794673139 165 151 
1459947794784891 164 150 
1459947794901931 165 150 
1459947795020385 165 151 
1459947795137593 165 150 
1459947795255238 164 150 
1459947795376644 167 152 
1459947795498185 165 151 
1459947795617815 165 151 
1459947795735421 164 150 
1459947795850982 163 150 
1459947795967533 164 151 
1459947796085692 166 151 
1459947796203890 165 150 
1459947796323126 166 152 
1459947796438830 166 150 
1459947796554470 165 151 
1459947796662494 159 146 
1459947796777327 165 151 
1459947796892668 164 151 
1459947797000215 160 147 
1459947797119042 164 149 
1459947797232777 164 150 
1459947797349363 165 150 
1459947797459999 164 149 
1459947797572343 163 149 
1459947797692133 167 151 
1459947797808694 165 151 
1459947797927437 167 151 
1459947798048318 165 151 
1459947798167587 166 150 
1459947798285554 166 150 
1459947798408372 167 152 
1459947798527642 166 150 
1459947798646044 164 150 
1459947798765936 165 149 
1459947798887701 166 149 
1459947799009594 167 151 
1459947799134047 168 151 
1459947799256873 168 151 
1459947799374235 166 150 
1459947799490243 165 149 
1459947799603913 164 147 
1459947799723007 167 150 
1459947799839288 166 150 
1459947799954710 165 149 
1459947800071417 165 149 
1459947800193150 167 150 
1459947800309796 166 150 
1459947800427523 165 149 
1459947800545230 165 150 
1459947800664124 165 150 
1459947800779072 165 149 
1459947800896761 165 149 
1459947801014197 167 150 
1459947801126923 164 149 
1459947801242360 166 150 
1459947801358411 164 148 
1459947801476030 169 152 
1459947801590842 165 150 
1459947801706797 165 150 
1459947801819545 165 150 
1459947801929705 164 149 
1459947802048327 166 151 
1459947802167565 167 151 
1459947802290247 167 150 
1459947802406814 166 150 
1459947802522686 167 151 
1459947802635330 165 150 
1459947802756303 167 150 
1459947802875363 166 150 
1459947802997876 168 151 
1459947803118646 167 151 
1459947803244958 169 153 
1459947803363796 166 150 
1459947803477765 163 148 
1459947803593731 165 149 
1459947803716670 167 151 
1459947803834339 167 150 
1459947803943131 160 147 
1459947804061474 166 150 
1459947804177510 164 149 
1459947804296957 166 150 
1459947804418718 166 151 
1459947804541679 167 150 
1459947804660837 164 149 
1459947804775812 165 150 
1459947804888408 164 149 
1459947805002841 163 149 
1459947805116034 165 151 
1459947805233814 165 150 
1459947805350830 165 150 
1459947805468782 165 150 
1459947805585563 164 149 
1459947805700647 164 149 
1459947805820611 165 151 
1459947805936524 166 150 
1459947806053590 166 150 
1459947806170970 165 150 
1459947806290764 166 151 
1459947806411291 167 152 
1459947806531453 166 150 
1459947806652242 166 150 
1459947806773365 165 150 
1459947806888681 167 151 
1459947807007218 166 151 
1459947807129321 167 152 
1459947807246718 166 151 
1459947807363572 165 149 
1459947807488433 168 151 
1459947807611859 167 151 
1459947807736685 168 151 
1459947807855377 164 149 
1459947807976126 167 150 
1459947808093711 165 150 
1459947808213222 168 151 
1459947808331573 166 150 
1459947808450218 167 151 
1459947808569351 166 150 
1459947808688865 166 150 
1459947808803964 164 149 
1459947808920871 165 149 
1459947809041581 166 150 
1459947809160204 165 149 
1459947809276138 163 148 
1459947809385489 161 147 
1459947809500246 165 149 
1459947809623190 167 151 
1459947809742601 167 151 
1459947809864508 167 151 
1459947809982641 165 150 
1459947810100299 164 150 
1459947810214459 165 150 
1459947810383149 165 150 
1459947810500936 167 151 
1459947810622058 167 151 
1459947810744054 167 151 
1459947810865961 167 151 
1459947810988332 166 150 
1459947811109604 167 150 
1459947811226439 166 149 
1459947811345170 166 148 
1459947811459472 165 150 
1459947811576414 165 149 
1459947811701603 168 151 
1459947811817093 164 148 
1459947811938336 166 150 
1459947812058254 167 150 
1459947812179088 167 150 
1459947812296113 165 149 
1459947812414430 167 151 
1459947812528358 163 148 
1459947812647347 166 150 
1459947812769937 167 151 
1459947812893816 169 152 
1459947813016342 167 151 
1459947813134421 166 150 
1459947813249548 164 149 
1459947813373006 168 151 
1459947813496036 167 151 
1459947813614376 167 150 
1459947813736576 167 151 
1459947813852212 166 150 
1459947813968818 167 151 
1459947814085942 166 151 
1459947814203719 165 151 
1459947814325197 167 152 
1459947814459578 180 162 
1459947814596011 182 164 
1459947814735139 182 163 
1459947814874644 183 164 
1459947815014939 183 165 
1459947815148532 179 162 
1459947815278718 172 155 
1459947815399429 166 150 
1459947815522789 167 151 
1459947815643846 166 150 
1459947815761906 165 149 
1459947815886009 168 151 
1459947816008639 167 151 
1459947816130431 167 151 
1459947816243297 164 148 
1459947816360696 166 149 
1459947816483065 168 151 
1459947816609171 168 151 
1459947816732523 168 152 
1459947816854453 168 151 
1459947816976162 167 151 
1459947817097435 167 151 
1459947817213943 166 151 
1459947817333263 167 151 
1459947817452566 168 152 
1459947817571156 166 151 
1459947817688527 165 150 
1459947817810682 168 151 
1459947817930188 167 151 
1459947818052318 168 152 
1459947818171303 167 151 
1459947818292039 168 151 
1459947818415542 170 151 
1459947818541862 168 152 
1459947818658212 164 150 
1459947818778280 166 150 
1459947818899625 168 152 
1459947819023030 167 151 
1459947819143589 167 150 
1459947819268166 168 151 
1459947819387788 167 151 
1459947819504948 165 150 
1459947819623741 166 150 
1459947819745313 168 151 
1459947819868093 169 151 
1459947819991080 167 150 
1459947820114821 168 151 
1459947820236129 168 151 
1459947820361595 168 151 
1459947820481644 167 151 
1459947820604629 169 152 
1459947820726277 168 151 
1459947820847432 168 151 
1459947820969156 168 151 
1459947821084555 164 147 
1459947821203726 167 150 
1459947821324366 168 150 
1459947821441844 165 148 
1459947821560715 165 149 
1459947821675253 163 147 
1459947821789781 166 149 
1459947821906540 166 149 
1459947822018919 165 148 
1459947822133829 164 149 
1459947822250484 167 150 
1459947822365485 166 150 
1459947822479239 164 149 
1459947822592235 167 150 
1459947822706517 165 149 
1459947822824377 167 150 
1459947822941682 167 151 
1459947823057964 165 150 
1459947823172723 167 150 
1459947823288379 165 149 
1459947823404595 166 151 
1459947823516539 165 150 
1459947823630048 164 149 
1459947823745662 166 151 
1459947823864281 167 151 
1459947823982641 168 152 
1459947824101665 167 152 
1459947824219167 169 152 
1459947824331892 164 149 
1459947824446630 164 149 
1459947824560569 165 149 
1459947824678794 166 151 
1459947824787988 164 149 
1459947824897704 163 148 
1459947825013584 167 151 
1459947825128439 165 150 
1459947825246109 167 150 
1459947825365251 167 151 
1459947825482403 165 150 
1459947825597528 166 150 
1459947825712317 164 149 
1459947825828512 166 150 
1459947825947810 167 151 
1459947826068320 167 150 
1459947826184389 165 150 
1459947826301317 166 150 
1459947826419592 166 150 
1459947826531290 165 149 
1459947826647793 164 149 
1459947826749999 158 144 
1459947826867750 165 148 
1459947826976842 163 147 
1459947827087580 164 148 
1459947827200520 165 149 
1459947827317068 165 149 
1459947827432769 165 149 
1459947827548132 164 149 
1459947827663795 166 150 
1459947827779593 167 149 
1459947827893256 165 150 
1459947828009873 165 149 
1459947828126026 165 149 
1459947828243471 164 148 
1459947828361679 166 151 
1459947828476073 165 149 
1459947828594752 165 149 
1459947828712137 167 151 
1459947828828929 165 150 
1459947828945145 166 150 
1459947829063571 166 150 
1459947829180123 167 150 
1459947829295215 168 151 
1459947829406448 165 150 
1459947829518549 165 149 
1459947829631689 164 149 
1459947829740959 164 149 
1459947829852046 164 148 
1459947829962072 164 149 
1459947830070636 162 147 
1459947830178834 165 149 
1459947830294426 167 151 
1459947830400345 163 148 
1459947830511460 165 149 
1459947830630814 167 151 
1459947830746803 165 150 
1459947830865701 168 151 
1459947830986660 167 150 
1459947831110525 167 151 
1459947831234399 167 150 
1459947831359513 168 152 
1459947831477242 166 149 
1459947831599386 167 150 
1459947831720193 167 149 
1459947831841629 167 151 
1459947831959789 166 150 
1459947832079652 166 150 
1459947832196663 165 149 
1459947832311066 164 148 
1459947832423755 161 147 
1459947832541234 164 148 
1459947832661515 165 149 
1459947832784937 167 151 
1459947832903774 166 150 
1459947833017314 163 148 
1459947833137393 166 151 
1459947833254713 165 150 
1459947833374320 166 150 
1459947833493186 165 149 
1459947833607379 165 149 
1459947833726418 167 150 
1459947833838044 163 147 
1459947833959170 166 149 
1459947834078563 165 148 
1459947834195031 165 148 
1459947834315350 167 150 
1459947834438353 167 150 
1459947834555787 166 150 
1459947834678758 167 151 
1459947834802776 167 152 
1459947834924747 169 152 
1459947835044834 168 151 
1459947835166906 168 151 
1459947835286839 166 150 
1459947835412815 167 151 
1459947835536045 168 151 
1459947835654184 166 150 
1459947835769139 166 150 
1459947835888079 167 150 
1459947836008146 167 151 
1459947836124096 166 151 
1459947836234854 163 148 
1459947836345277 164 149 
1459947836463020 166 151 
1459947836579258 166 150 
1459947836692686 167 151 
1459947836806539 165 150 
1459947836919202 164 150 
1459947837030074 165 149 
1459947837143066 165 150 
1459947837255715 164 150 
1459947837372198 167 151 
1459947837490805 168 151 
1459947837605514 166 149 
1459947837726345 167 151 
1459947837838916 164 150 
1459947837953903 165 150 
1459947838070017 165 149 
1459947838184548 167 151 
1459947838301589 166 150 
1459947838420684 165 150 
1459947838538049 166 149 
1459947838658173 165 149 
1459947838773492 165 148 
1459947838894172 167 151 
1459947839014891 167 151 
1459947839131018 165 149 
1459947839247093 167 151 
1459947839360780 165 150 
1459947839479622 167 152 
1459947839597926 168 152 
1459947839713741 165 149 
1459947839827571 166 150 
1459947839950197 169 152 
1459947840063524 165 150 
1459947840175559 164 150 
1459947840293074 166 151 
1459947840403916 162 150 
1459947840516949 163 149 
1459947840637512 168 152 
1459947840758230 167 151 
1459947840870560 162 147 
1459947840988687 167 151 
1459947841103291 167 151 
1459947841217593 167 150 
1459947841329492 166 151 
1459947841443261 167 150 
1459947841551450 163 147 
1459947841666904 167 151 
1459947841779024 166 149 
1459947841889567 164 148 
1459947842006526 168 151 
1459947842124001 169 150 
1459947842231661 164 148 
1459947842345721 167 150 
1459947842459395 166 148 
1459947842571077 166 149 
1459947842689640 169 151 
1459947842801030 166 151 
1459947842916927 167 151 
1459947843033362 167 152 
1459947843147743 166 151 
1459947843261858 165 151 
1459947843377695 167 153 
1459947843497862 168 152 
1459947843613946 168 153 
1459947845712991 180 161 
1459947845843912 180 162 
1459947845974249 180 162 
1459947846092160 171 155 
1459947846210338 167 152 
1459947846320296 164 150 
1459947846434125 166 150 
1459947846547564 166 151 
1459947846661113 166 151 
1459947846773149 166 150 
1459947846892169 167 152 
1459947847004997 164 151 
1459947847122168 167 153 
1459947847238214 165 151 
1459947847349599 164 150 
1459947847463772 166 151 
1459947847579736 166 151 
1459947847697543 167 152 
1459947847809045 165 150 
1459947847925147 166 150 
1459947848037467 164 149 
1459947848154374 167 151 
1459947848274933 167 151 
1459947848388434 165 150 
1459947848504845 166 150 
1459947848619957 165 150 
1459947848731462 164 149 
1459947848851540 166 150 
1459947848972561 167 151 
1459947849094561 168 152 
1459947849217887 169 153 
1459947849336282 168 152 
1459947849457447 167 152 
1459947849578605 167 151 
1459947849699834 169 152 
1459947849820486 167 152 
1459947849944296 170 153 
1459947850062539 167 151 
1459947850183231 168 152 
1459947850300670 167 151 
1459947850406301 156 143 
1459947850517451 163 150 
1459947850632062 166 151 
1459947850747181 165 150 
1459947850863111 164 149 
1459947850985913 168 152 
1459947851104411 167 152 
1459947851226109 168 151 
1459947851347322 167 152 
1459947851471177 168 152 
1459947851587149 165 151 
1459947851706392 168 152 
1459947851826467 168 151 
1459947851945506 168 151 
1459947852066862 168 151 
1459947852189479 169 152 
1459947852309653 168 151 
1459947852433667 169 152 
1459947852552686 169 153 
1459947852674235 168 152 
1459947852791431 166 151 
1459947852910750 168 151 
1459947853032176 168 152 
1459947853154103 168 151 
1459947853273521 168 152 
1459947853388311 167 151 
1459947853501854 166 149 
1459947853615022 165 149 
1459947853734619 168 151 
1459947853852655 167 151 
1459947853973137 168 152 
1459947854089824 166 151 
1459947854211515 168 151 
1459947854326162 166 150 
1459947854442561 167 151 
1459947854562150 168 151 
1459947854682226 169 152 
1459947854798636 166 150 
1459947854914993 166 150 
1459947855027401 164 148 
1459947855139597 162 148 
1459947855251044 159 145 
1459947855356274 157 143 
1459947855461686 156 142 
1459947855562781 152 139 
1459947855671220 157 143 
1459947855793975 168 152 
1459947855915045 169 152 
1459947856034195 167 153 
1459947856157132 168 152 
1459947856279578 168 152 
1459947856397584 167 152 
1459947856516713 167 151 
1459947856632003 166 151 
1459947856747309 163 149 
1459947856861957 164 148 
1459947856971879 160 145 
1459947857074740 156 142 
1459947857174134 153 139 
1459947857279596 158 144 
1459947857394877 166 150 
1459947857512662 167 152 
1459947857628491 165 150 
1459947857744681 166 151 
1459947857857293 164 149 
1459947857974135 166 150 
1459947858092837 165 149 
1459947858206842 164 148 
1459947858324039 166 150 
1459947858442278 168 151 
1459947858559123 167 151 
1459947858673047 165 151 
1459947858791781 167 152 
1459947858909543 168 153 
1459947859026312 166 152 
1459947859143339 167 152 
1459947859259957 167 152 
1459947859376570 166 151 
1459947859493826 167 152 
1459947859605534 165 151 
1459947859722117 167 152 
1459947859839034 166 150 
1459947859959908 168 151 
1459947860077715 168 151 
1459947860199368 167 151 
1459947860314399 168 152 
1459947860428994 166 150 
1459947860545001 165 150 
1459947860665315 167 151 
1459947860781270 166 151 
1459947860899154 167 151 
1459947861018936 168 152 
1459947861137858 166 150 
1459947861255740 166 149 
1459947861374378 168 151 
1459947861496335 168 151 
1459947861615216 166 151 
1459947861728550 164 149 
1459947861849612 167 152 
1459947861965971 167 151 
1459947862086741 166 151 
1459947862202955 167 151 
1459947862320158 167 151 
1459947862435479 165 150 
1459947862554978 167 150 
1459947862672037 167 151 
1459947862784053 165 149 
1459947862902028 167 151 
1459947863020054 167 151 
1459947863137215 167 151 
1459947863255924 167 152 
1459947863375299 167 151 
1459947863493495 167 151 
1459947863611629 167 151 
1459947863729044 166 150 
1459947863847614 167 152 
1459947863965157 166 151 
1459947864088152 167 152 
1459947864209854 168 152 
1459947864329373 166 152 
1459947864444768 167 152 
1459947864566799 168 152 
1459947864692892 168 153 
1459947864805840 164 150 
1459947864917993 165 151 
1459947865032391 164 149 
1459947865145520 165 150 
1459947865262255 167 151 
1459947865381688 166 152 
1459947865501686 167 152 
1459947865618742 165 150 
1459947865739005 166 151 
1459947865852573 161 148 
1459947865963924 163 148 
1459947866081922 167 152 
1459947866198823 167 152 
1459947866319019 167 151 
1459947866434242 164 149 
1459947866549265 167 151 
1459947866660132 165 150 
1459947866771181 164 150 
1459947866884852 166 151 
1459947866992362 162 149 
1459947867098761 162 147 
1459947867213290 167 151 
1459947867323572 165 150 
1459947867435145 164 150 
1459947867551552 165 150 
1459947867672989 167 152 
1459947867791526 166 151 
1459947867904226 165 150 
1459947868019861 167 150 
1459947868268892 168 152 
1459947868388782 167 152 
1459947868507845 167 152 
1459947868626621 166 151 
1459947868747458 167 152 
1459947868862182 164 149 
1459947868976645 166 151 
1459947869092044 164 149 
1459947869208748 165 150 
1459947869326315 165 151 
1459947869442322 166 150 
1459947869565864 167 152 
1459947869686901 167 151 
1459947869802300 166 150 
1459947869915564 165 150 
1459947870032710 167 151 
1459947870147471 165 150 
1459947870262333 167 151 
1459947870380279 167 151 
1459947870494491 166 150 
1459947870605672 164 149 
1459947870722868 165 150 
1459947870838705 166 150 
1459947870957444 167 150 
1459947871074167 165 150 
1459947871191040 167 151 
1459947871308236 167 150 
1459947871420619 165 148 
1459947871531647 163 148 
1459947871647419 165 149 
1459947871763430 165 149 
1459947871880135 166 149 
1459947871999391 166 150 
1459947872119488 166 151 
1459947872242515 168 151 
1459947872360088 166 150 
1459947872478812 168 151 
1459947872591055 164 149 
1459947872706719 165 149 
1459947872819240 163 146 
1459947872938034 167 151 
1459947873054055 165 148 
1459947873172479 167 150 
1459947873292837 168 151 
1459947873414067 167 151 
1459947873532063 164 149 
1459947873645985 165 150 
1459947873765994 167 150 
1459947873878803 164 149 
1459947873994554 165 149 
1459947874112632 166 151 
1459947874229178 166 150 
1459947874348750 166 150 
1459947874466301 165 149 
1459947874581194 163 148 
1459947874702406 166 151 
1459947874821328 167 150 
1459947874936894 166 150 
1459947875056672 168 151 
1459947875176629 166 151 
1459947875296688 167 150 
1459947875416277 167 150 
1459947875535513 166 149 
1459947875650331 166 150 
1459947875767764 168 151 
1459947875879982 165 149 
1459947875996944 166 149 
1459947876111223 166 150 
1459947878665893 174 156 
1459947878783041 167 151 
1459947878891895 162 147 
1459947879011420 167 150 
1459947879125410 166 149 
1459947879245185 167 151 
1459947879355119 163 147 
1459947879471035 165 150 
1459947879590307 166 150 
1459947879707586 168 151 
1459947879823144 165 151 
1459947879937042 164 149 
1459947880058273 168 152 
1459947880175105 167 152 
1459947880294978 165 150 
1459947880410008 166 150 
1459947880526571 166 151 
1459947880643586 166 150 
1459947880758666 166 150 
1459947880873977 165 149 
1459947880986024 164 149 
1459947881104579 167 151 
1459947881221484 167 150 
1459947881340360 167 150 
1459947881458795 167 150 
1459947881578526 166 150 
1459947881696488 166 150 
1459947881814282 166 150 
1459947881934493 167 151 
1459947882051622 166 151 
1459947882172044 166 151 
1459947882288880 168 151 
1459947882408720 167 150 
1459947882532471 168 152 
1459947882648138 166 151 
1459947882770096 167 152 
1459947882888317 167 152 
1459947883003685 165 151 
1459947883113385 164 149 
1459947883226409 165 149 
1459947883344812 167 151 
1459947883462063 165 148 
1459947883583261 168 152 
1459947883699123 166 150 
1459947883816605 166 150 
1459947883930585 165 150 
1459947884050940 168 152 
1459947884175044 169 153 
1459947884288744 166 151 
1459947884403893 165 150 
1459947884523527 166 151 
1459947884643741 166 150 
1459947884757562 163 148 
1459947884876855 166 149 
1459947884990582 166 149 
1459947885104752 165 150 
1459947885216010 165 150 
1459947885331437 165 149 
1459947885446661 165 150 
1459947885567032 166 152 
1459947885687895 166 151 
1459947885808341 166 151 
1459947885928132 166 150 
1459947886045362 164 149 
1459947886161068 165 150 
1459947886279576 166 151 
1459947886397659 165 149 
1459947886509769 164 149 
1459947886629172 165 150 
1459947886745689 167 151 
1459947886861912 166 150 
1459947886979757 166 151 
1459947887095500 165 150 
1459947887209594 165 148 
1459947887324748 167 150 
1459947887434838 164 149 
1459947887548448 165 149 
1459947887663526 165 149 
1459947887784982 168 151 
1459947887904625 167 151 
1459947888019492 164 148 
1459947888140681 167 151 
1459947888259838 167 151 
1459947888378658 167 151 
1459947888496714 167 151 
1459947888615473 168 150 
1459947888737190 167 151 
1459947888858098 167 150 
1459947888981619 167 151 
1459947889100800 167 151 
1459947889215537 164 149 
1459947889327181 164 149 
1459947889441294 165 150 
1459947889562357 167 152 
1459947889675479 164 150 
1459947889794495 166 150 
1459947889913484 165 149 
1459947890033809 167 152 
1459947890156057 168 151 
1459947890276160 167 151 
1459947890392296 166 150 
1459947890508848 167 150 
1459947890623849 165 150 
1459947890740527 167 150 
1459947890859290 167 151 
1459947890975710 166 150 
1459947891090983 166 150 
1459947891202776 164 149 
1459947891313228 164 149 
1459947891430345 166 150 
1459947891552719 168 151 
1459947891679397 175 157 
1459947891800993 170 153 
1459947891922440 168 152 
1459947892043340 169 152 
1459947892161172 167 150 
1459947892278102 168 151 
1459947892397321 168 152 
1459947892515030 166 150 
1459947892628401 166 151 
1459947892746575 166 151 
1459947892864795 166 150 
1459947892980517 165 149 
1459947893097095 167 151 
1459947893214846 167 151 
1459947893330643 168 151 
1459947893443857 166 149 
1459947893564750 169 152 
1459947893678104 166 151 
1459947893791685 167 150 
1459947893905625 166 151 
1459947894018204 166 150 
1459947894136841 168 151 
1459947894254478 167 151 
1459947894369862 167 151 
1459947894484512 166 151 
1459947894600156 167 151 
1459947894715736 167 151 
1459947894828754 164 149 
1459947894945724 166 150 
1459947895066654 168 151 
1459947895182711 166 150 
1459947895296800 166 150 
1459947895405386 164 149 
1459947895521130 167 151 
1459947895633391 163 148 
1459947895751134 168 151 
1459947895867353 166 151 
1459947895985187 166 150 
1459947896103490 167 150 
1459947896218025 167 151 
1459947896328086 165 150 
1459947896439908 166 150 
1459947896554877 165 150 
1459947896666216 165 149 
1459947896777720 164 149 
1459947896888540 165 150 
1459947897004070 166 151 
1459947897115133 165 149 
1459947897230285 167 151 
1459947897340990 165 149 
1459947897460741 168 151 
1459947897577751 167 150 
1459947897693548 167 151 
1459947897803949 165 149 
1459947897917601 165 149 
1459947898029815 164 148 
1459947898146928 166 149 
1459947898264894 168 151 
1459947898381239 168 151 
1459947898503302 169 151 
1459947898622165 167 150 
1459947898738652 167 150 
1459947898858478 167 150 
1459947898974397 166 149 
1459947899088706 166 149 
1459947899207225 167 149 
1459947899322644 166 150 
1459947899438074 167 150 
1459947899553048 166 149 
1459947899673214 168 150 
1459947899793078 168 150 
1459947899904966 164 148 
1459947900021274 166 149 
1459947900137702 166 149 
1459947900250802 167 150 
1459947900365389 167 149 
1459947900484351 168 151 
1459947900597588 165 149 
1459947900705086 163 147 
1459947900820271 169 151 
1459947900933751 167 151 
1459947901049547 167 151 
1459947901164197 167 151 
1459947901280681 167 150 
1459947901393527 165 150 
1459947901510736 167 150 
1459947901628106 167 151 
1459947901745485 167 151 
1459947901857222 166 149 
1459947901967361 163 148 
1459947902082849 166 150 
1459947902200115 166 150 
1459947902321574 167 150 
1459947902434699 166 150 
1459947902551016 167 151 
1459947902664383 165 149 
1459947902785146 167 151 
1459947902891619 162 148 
1459947903005705 165 149 
1459947903119886 165 149 
1459947903236136 166 150 
1459947903352689 169 151 
1459947903471821 168 151 
1459947903593536 168 151 
1459947903713571 168 151 
1459947903831564 168 152 
1459947903950558 166 150 
1459947904067367 168 151 
1459947904180604 164 149 
1459947904299386 167 151 
1459947904416610 166 151 
1459947904537601 168 152 
1459947904656668 168 151 
1459947904778172 168 152 
1459947904898666 168 151 
1459947905013930 166 150 
1459947905133088 168 151 
1459947905246615 164 149 
1459947905364398 167 151 
1459947905483056 168 151 
1459947905602840 167 151 
1459947905717627 165 149 
1459947905836166 166 150 
1459947905955416 166 150 
1459947906071311 166 150 
1459947906190985 167 150 
1459947906309393 168 151 
1459947906423021 167 150 
1459947906544501 168 151 
1459947906660097 167 150 
1459947906783319 175 156 
1459947906915074 180 161 
1459947907050507 183 162 
1459947907185257 183 162 
1459947907308058 173 154 
1459947907421785 164 148 
1459947907536675 167 150 
1459947907654120 167 149 
1459947907770058 167 150 
1459947907887871 167 150 
1459947908049531 165 150 
1459947908158417 163 148 
1459947908271909 166 150 
1459947908387652 166 150 
1459947908505411 166 150 
1459947908618506 163 149 
1459947908733935 165 150 
1459947908852270 166 149 
1459947908966915 165 150 
1459947909081891 166 151 
1459947909194996 166 150 
1459947909310956 168 151 
1459947909430534 167 151 
1459947909547919 165 149 
1459947909662659 166 150 
1459947909776730 166 151 
1459947909895870 168 151 
1459947910007689 165 150 
1459947910125444 166 150 
1459947910243164 168 152 
1459947910356246 168 150 
1459947910470786 167 150 
1459947910580977 165 149 
1459947910694418 167 150 
1459947910805809 165 149 
1459947910920699 167 150 
1459947911036688 167 150 
1459947911148964 165 149 
1459947911263061 167 150 
1459947911379437 167 151 
1459947911495233 167 151 
1459947911610920 167 151 
1459947911730147 168 152 
1459947911846406 168 152 
1459947911965753 169 153 
1459947912080981 166 150 
1459947912198926 167 151 
1459947912316365 167 151 
1459947912427683 166 150 
1459947912540150 165 150 
1459947912655808 167 151 
1459947912767340 165 150 
1459947912881942 168 152 
1459947912995326 166 150 
1459947913105482 164 149 
1459947913221947 166 150 
1459947913335626 167 151 
1459947913449550 168 151 
1459947913566192 165 150 
1459947913679509 166 150 
1459947913793171 166 149 
1459947913909014 167 151 
1459947914022723 166 150 
1459947914139198 166 149 
1459947914252186 164 149 
1459947914369704 167 151 
1459947914482379 165 149 
1459947914597989 167 151 
1459947914717702 168 152 
1459947914828958 166 150 
1459947914944126 167 150 
1459947915055590 166 150 
1459947915168508 166 150 
1459947915279041 165 150 
1459947915395262 168 151 
1459947915510444 166 150 
1459947915625672 166 151 
1459947915738765 165 149 
1459947915853417 165 149 
1459947915968543 167 150 
1459947916084645 166 149 
1459947916202757 167 151 
1459947916319526 168 152 
1459947916431516 166 150 
1459947916544238 167 150 
1459947916654930 167 150 
1459947916767195 165 149 
1459947916883320 168 151 
1459947916996427 166 150 
1459947917100609 163 148 
1459947917213355 165 150 
1459947917323167 165 149 
1459947917439063 168 152 
1459947917556051 167 151 
1459947917672889 168 151 
1459947917790526 166 151 
1459947917904771 167 151 
1459947918019385 165 149 
1459947918132668 164 149 
1459947918239019 161 147 
1459947918349643 164 149 
1459947918465906 165 150 
1459947918581222 164 150 
1459947918701268 166 151 
1459947918820397 167 150 
1459947918939323 166 150 
1459947919066603 177 159 
1459947919178377 164 149 
1459947919295052 166 151 
1459947919409944 164 148 
1459947919528783 167 150 
1459947919645682 167 151 
1459947919765115 166 151 
1459947919878941 165 149 
1459947919997497 166 150 
1459947920109043 164 149 
1459947920222166 167 150 
1459947920332729 164 149 
1459947920447510 166 150 
1459947920563605 167 151 
1459947920679821 167 150 
1459947920786619 162 147 
1459947920899727 165 149 
1459947921015268 166 150 
1459947921130334 166 150 
1459947921243388 165 149 
1459947921361415 166 150 
1459947921473935 166 151 
1459947921586054 165 150 
1459947921701625 167 151 
1459947921815518 165 150 
1459947921930291 166 151 
1459947922048046 168 151 
1459947922165616 165 150 
1459947922284803 167 150 
1459947922400507 166 150 
1459947922517066 166 150 
1459947922633070 166 150 
1459947922754738 168 151 
1459947922874281 167 151 
1459947922994292 168 151 
1459947923111869 168 150 
1459947923230696 168 151 
1459947923345973 166 149 
1459947923458348 164 148 
1459947923572736 166 150 
1459947923687412 166 149 
1459947923797377 165 149 
1459947923909748 165 150 
1459947924024554 166 150 
1459947924139686 164 149 
1459947924255466 165 150 
1459947924369985 165 149 
1459947924486883 166 151 
1459947924605470 166 150 
1459947924721622 166 150 
1459947924837039 165 149 
1459947924950745 166 151 
1459947925065045 165 150 
1459947925184471 167 150 
1459947925300482 166 151 
1459947925416402 165 149 
1459947925534003 166 150 
1459947925649482 166 150 
1459947925758560 164 149 
1459947925872533 165 150 
1459947925990369 166 151 
1459947926101655 164 149 
1459947926218378 166 150 
1459947926333599 166 150 
1459947926452144 166 150 
1459947926568748 165 149 
1459947926685869 166 150 
1459947926804160 165 151 
1459947926919023 165 150 
1459947927036088 167 150 
1459947927146844 163 148 
1459947927265549 168 151 
1459947927375635 163 149 
1459947927492952 166 150 
1459947927602989 165 148 
1459947927719948 165 149 
1459947927833265 165 149 
1459947927942846 165 149 
1459947928054377 164 149 
1459947928170816 167 149 
1459947928283328 164 149 
1459947928400796 165 148 
1459947928517447 166 150 
1459947928635980 167 150 
1459947928754455 167 150 
1459947928874826 168 152 
1459947928993936 167 150 
1459947929108683 165 149 
1459947929221266 165 148 
1459947929334430 163 149 
1459947929444162 163 148 
1459947929552712 164 148 
1459947929661834 164 148 
1459947929772525 164 149 
1459947929884283 165 150 
1459947929994556 165 150 
1459947930101517 162 147 
1459947930215962 166 151 
1459947930330175 166 151 
1459947930439662 165 149 
1459947930553701 165 150 
1459947930661876 163 149 
1459947930767409 163 148 
1459947930877906 165 150 
1459947930993545 166 151 
1459947931102196 161 147 
1459947931214206 166 150 
1459947931324430 165 150 
1459947931435458 165 150 
1459947931548491 165 149 
1459947931657092 165 149 
1459947931772137 165 150 
1459947931886752 165 149 
1459947932002067 165 150 
1459947932113054 164 150 
1459947932230916 167 151 
1459947932346277 165 149 
1459947932459608 165 150 
1459947932573845 166 150 
1459947932690491 165 149 
1459947932802797 165 149 
1459947932917197 165 149 
1459947933031352 166 149 
1459947933146654 165 149 
1459947933262106 167 150 
1459947933374199 165 149 
1459947933486102 164 148 
1459947933597580 165 149 
1459947933709068 163 147 
1459947933821214 164 148 
1459947933939512 166 149 
1459947934052988 165 149 
1459947934168386 165 149 
1459947934287137 166 150 
1459947934402552 164 149 
1459947934518621 166 150 
1459947934635059 165 150 
1459947934743927 163 147 
1459947934857236 165 148 
1459947934971848 166 149 
1459947935083406 165 148 
1459947935196722 166 148 
1459947935306298 164 147 
1459947935417709 164 147 
1459947935529682 165 149 
1459947935642002 165 150 
1459947935752712 164 149 
1459947935866974 164 149 
1459947935980677 165 150 
1459947936097510 166 150 
1459947936214940 166 150 
1459947936328192 165 149 
1459947936447272 167 151 
1459947936563316 166 149 
1459947936678752 165 149 
1459947936793886 167 150 
1459947936911704 165 148 
1459947937026002 165 149 
1459947937145986 167 150 
1459947937263674 165 149 
1459947937386350 173 156 
1459947937520892 182 162 
1459947937651657 179 161 
1459947937785482 182 162 
1459947937910600 176 159 
1459947938032927 168 151 
1459947938147274 165 149 
1459947938265499 167 151 
1459947938379401 166 150 
1459947938499424 167 150 
1459947938614039 165 150 
1459947938729152 166 150 
1459947938843210 165 150 
1459947938959414 166 149 
1459947939076218 165 150 
1459947939193998 166 150 
1459947939305802 164 148 
1459947939414296 162 148 
1459947939529739 165 148 
1459947939648633 166 149 
1459947939765501 165 149 
1459947939878800 164 148 
1459947942022381 168 151 
1459947942136919 166 150 
1459947942252570 166 150 
1459947942360876 163 147 
1459947942479982 166 149 
1459947942591298 166 148 
1459947942703444 164 148 
1459947942815483 164 148 
1459947942925489 164 148 
1459947943039364 166 148 
1459947943156549 167 150 
1459947943272720 167 149 
1459947943386302 167 150 
1459947943502651 167 149 
1459947943617908 166 149 
1459947943733622 167 150 
1459947943847866 166 149 
1459947943966252 166 150 
1459947944082374 168 151 
1459947944200711 169 153 
1459947944316455 167 150 
1459947944430368 166 148 
1459947944548874 167 151 
1459947944662855 164 148 
1459947944775961 165 148 
1459947944887856 164 149 
1459947945000657 165 149 
1459947945114612 166 150 
1459947945229388 167 150 
1459947945344097 164 149 
1459947945458396 166 151 
1459947945571364 165 149 
1459947945690391 166 150 
1459947945808608 165 150 
1459947945921080 162 146 
1459947946038928 165 148 
1459947946158319 167 150 
1459947946276122 167 149 
1459947946393223 167 150 
1459947946511439 167 150 
1459947946621405 163 147 
1459947946736800 167 150 
1459947946852966 165 149 
1459947946973938 167 150 
1459947947087851 162 146 
1459947947201306 166 149 
1459947947312683 164 148 
1459947947425824 165 148 
1459947947534590 164 148 
1459947947648052 164 148 
1459947947762422 166 149 
1459947947875159 166 150 
1459947947987065 164 149 
1459947948100445 166 150 
1459947948218364 167 151 
1459947948337663 167 150 
1459947948458572 172 155 
1459947948586237 179 160 
1459947948700593 166 150 
1459947948818122 167 150 
1459947948928631 163 147 
1459947949034043 162 147 
1459947949144942 164 148 
1459947949261079 166 149 
1459947949380396 166 149 
1459947949497154 165 149 
1459947949608293 164 148 
1459947949723030 166 149 
1459947949837242 163 147 
1459947949952636 165 149 
1459947950062700 163 148 
1459947950178129 164 148 
1459947950293122 165 149 
1459947950406350 165 148 
1459947950517935 163 147 
1459947950631592 165 148 
1459947950745058 165 148 
1459947950856585 163 148 
1459947950968604 165 149 
1459947951079622 166 150 
1459947951192692 165 149 
1459947951303366 165 148 
1459947951410820 163 147 
1459947951520214 165 148 
1459947951624984 161 146 
1459947951737006 165 149 
1459947951850299 165 149 
1459947951964780 166 149 
1459947952071874 162 147 
1459947952180169 164 148 
1459947952292081 165 149 
1459947952403375 165 149 
1459947952517113 166 148 
1459947952632154 165 149 
1459947952747180 166 149 
1459947952859437 165 148 
1459947952972899 164 148 
1459947953085127 165 149 
1459947953195469 163 148 
1459947953307335 166 149 
1459947953416089 163 148 
1459947953530264 164 148 
1459947953641157 164 148 
1459947953755179 164 149 
1459947953870972 165 149 
1459947953988608 165 150 
1459947954100780 163 148 
1459947954218669 166 150 
1459947954336607 167 150 
1459947954446337 163 148 
1459947954558730 163 148 
1459947954671817 165 150 
1459947954793063 167 150 
1459947954907676 165 149 
1459947955024080 164 147 
1459947955137304 164 148 
1459947955252898 166 149 
1459947955373504 166 150 
1459947955495588 166 150 
1459947955617852 167 150 
1459947955735631 166 150 
1459947955855016 168 151 
1459947955969900 165 149 
1459947956087610 166 150 
1459947956208295 167 150 
1459947956326188 166 151 
1459947956436850 163 148 
1459947956551088 164 148 
1459947956668235 164 148 
1459947956787887 168 151 
1459947956900477 163 148 
1459947957012520 163 148 
1459947957128460 166 149 
1459947957251162 167 150 
1459947957365651 166 150 
1459947957478694 163 146 
1459947957593865 164 149 
1459947957709861 165 150 
1459947957826231 165 149 
1459947957939966 164 149 
1459947958059511 168 151 
1459947958165946 157 142 
1459947958243629 127 117 
1459947958354805 164 148 
1459947958466247 165 149 
1459947958579574 165 149 
1459947958695481 165 149 
1459947958810745 163 148 
1459947958921370 164 148 
1459947959031933 162 147 
1459947959147367 164 148 
1459947959264457 166 149 
1459947959378399 165 149 
1459947959495166 165 148 
1459947959609704 165 148 
1459947959722792 165 148 
1459947959838499 164 149 
1459947959955524 165 148 
1459947960072906 165 149 
1459947960187062 165 149 
1459947960304614 166 149 
1459947960421835 166 149 
1459947960538954 166 149 
1459947960652973 165 149 
1459947960767478 165 149 
1459947960879738 163 149 
1459947960993812 164 150 
1459947961113143 167 151 
1459947961228467 165 149 
1459947961343611 163 149 
1459947961456387 164 150 
1459947961550754 154 133 
1459947961642404 155 139 
1459947961735068 154 139 
1459947961826890 154 140 
1459947961919489 154 139 
1459947962012944 160 137 
1459947962102787 163 134 
1459947962193302 164 133 
1459947962283222 166 133 
1459947962375721 167 134 
1459947962471107 168 135 
1459947962566540 169 133 
1459947962659078 166 132 
1459947962750996 168 133 
1459947962845084 169 132 
1459947962938280 169 133 
1459947963034876 171 133 
1459947963132528 170 133 
1459947963227475 170 133 
1459947963320788 169 132 
1459947963410496 169 132 
1459947963504544 170 132 
1459947963598157 170 132 
1459947963692054 171 132 
1459947963787856 172 133 
1459947963882992 173 133 
1459947963978099 172 133 
1459947964075537 173 133 
1459947964170556 171 131 
1459947964269250 173 133 
1459947964361046 170 131 
1459947964447959 168 130 
1459947964544570 173 132 
1459947964640361 173 132 
1459947964734097 172 131 
1459947964826731 173 132 
1459947964923039 173 132 
1459947965018103 173 132 
1459947965112151 172 131 
1459947965205415 172 132 
1459947965302553 174 133 
1459947965393594 171 131 
1459947965488410 173 132 
1459947965582257 172 131 
1459947965674357 172 131 
1459947965765453 172 130 
1459947965862692 174 132 
1459947965954671 173 131 
1459947966049237 174 132 
1459947966145145 174 132 
1459947966233443 171 130 
1459947966325947 174 133 
1459947966421007 174 133 
1459947966513964 174 132 
1459947966608283 175 132 
1459947966698578 171 130 
1459947966792191 174 132 
1459947966885141 173 132 
1459947966980179 175 133 
1459947967073183 174 131 
1459947967169171 175 132 
1459947967261674 175 133 
1459947967354650 173 131 
1459947967445198 173 132 
1459947967541393 174 132 
1459947967630562 173 131 
1459947967719070 173 131 
1459947967811881 175 132 
1459947967905234 173 132 
1459947967999753 176 133 
1459947968103963 185 141 
1459947968215377 188 143 
1459947968321582 187 143 
1459947968428654 186 142 
1459947968541845 187 142 
1459947968649294 187 142 
1459947968754154 183 140 
1459947968857047 179 137 
1459947968953670 176 133 
1459947969045719 172 132 
1459947969140429 174 132 
1459947969235830 172 131 
1459947969332987 175 132 
1459947969419933 170 129 
1459947969507766 171 129 
1459947969600312 172 131 
1459947969693175 173 131 
1459947969785264 173 131 
1459947969880912 175 132 
1459947969977640 176 133 
1459947970070324 173 131 
1459947970165084 176 132 
1459947970254607 174 130 
1459947970347235 175 132 
1459947970438277 175 131 
1459947970530776 174 130 
1459947970624919 176 132 
1459947970719304 176 132 
1459947970810541 176 131 
1459947970900145 174 131 
1459947970991241 174 132 
1459947971084694 176 132 
1459947971180766 177 133 
1459947971275314 175 132 
1459947971368633 176 133 
1459947971460441 174 131 
1459947971556534 176 132 
1459947971647561 174 132 
1459947971739300 174 131 
1459947971833545 175 131 
1459947971928553 175 132 
1459947972022192 174 131 
1459947972119006 176 133 
1459947972212300 174 131 
1459947972310467 176 133 
1459947974156888 174 131 
1459947974251240 174 131 
1459947974344860 174 131 
1459947974435794 174 131 
1459947974529341 175 131 
1459947974620105 174 131 
1459947974717019 176 132 
1459947974810886 175 132 
1459947974902244 175 131 
1459947974994211 175 131 
1459947975079750 170 129 
1459947975169953 172 129 
1459947975259837 174 130 
1459947975352414 174 131 
1459947975447326 175 132 
1459947975539938 176 132 
1459947975631583 175 131 
1459947975724446 175 132 
1459947975817682 175 130 
1459947975912638 176 132 
1459947976008582 177 132 
1459947976102132 177 133 
1459947976196772 177 133 
1459947976289922 177 131 
1459947976383760 177 132 
1459947976476299 176 131 
1459947976568394 175 131 
1459947976657549 175 132 
1459947976753177 176 132 
1459947976845614 176 131 
1459947976942009 177 132 
1459947977038287 177 132 
1459947977132056 176 131 
1459947977229027 178 133 
1459947977322084 177 131 
1459947977415670 176 131 
1459947977514352 178 132 
1459947977610558 176 132 
1459947977704026 176 131 
1459947977795762 174 130 
1459947977892333 177 131 
1459947977988409 177 132 
1459947978085575 177 132 
1459947978182220 178 131 
1459947978275977 177 132 
1459947978370375 176 132 
1459947978468653 177 132 
1459947978566292 178 132 
1459947978661748 176 131 
1459947978755709 176 132 
1459947978844602 174 129 
1459947978935108 175 131 
1459947979028958 176 131 
1459947979124333 177 132 
1459947979223084 178 133 
1459947979318554 176 131 
1459947979408690 174 130 
1459947979502134 176 131 
1459947979600798 177 132 
1459947979696243 176 133 
1459947979788678 177 132 
1459947979878444 175 130 
1459947979969929 176 132 
1459947980063184 176 132 
1459947980153841 176 132 
1459947980250328 177 133 
1459947980344321 177 132 
1459947980436847 178 132 
1459947980532567 178 132 
1459947980625984 177 131 
1459947980715189 176 131 
1459947980800836 174 130 
1459947980896068 178 133 
1459947980988614 178 133 
1459947981081664 177 132 
1459947981178964 178 132 
1459947981273744 177 131 
1459947981370384 179 133 
1459947981464105 176 130 
1459947981558238 177 132 
1459947981653057 178 131 
1459947981744366 176 131 
1459947981838723 177 131 
1459947981934683 179 133 
1459947982030579 179 133 
1459947982124511 177 131 
1459947982218810 178 132 
1459947982312770 179 132 
1459947982405790 178 131 
1459947982498546 177 131 
1459947982596024 177 131 
1459947982678836 168 123 
1459947982774427 180 132 
1459947982869350 178 132 
1459947982961771 177 132 
1459947983054560 178 133 
1459947983148235 178 132 
1459947983244454 180 133 
1459947983340233 179 133 
1459947983434252 178 132 
1459947983529165 177 132 
1459947983625519 178 131 
1459947983719765 177 132 
1459947983817683 179 133 
1459947983915045 179 132 
1459947984014951 180 133 
1459947984107893 174 130 
1459947984202116 177 132 
1459947984296542 177 131 
1459947984385485 174 130 
1459947984477657 177 131 
1459947984574551 178 132 
1459947984667955 176 130 
1459947984761109 178 131 
1459947984855238 178 132 
1459947984950400 178 132 
1459947985042051 176 131 
1459947985131126 177 130 
1459947985225638 177 132 
1459947985318195 178 131 
1459947985414716 179 132 
1459947985512839 179 133 
1459947985610139 180 133 
1459947985704317 178 132 
1459947985793669 178 131 
1459947985891524 179 133 
1459947985988464 178 132 
1459947986080205 179 133 
1459947986177721 180 132 
1459947986273114 178 132 
1459947986366564 179 132 
1459947986462194 178 132 
1459947986557282 178 132 
1459947986650796 178 131 
1459947986743533 178 131 
1459947986834082 177 131 
1459947986930239 177 131 
1459947987025747 179 132 
1459947987121819 179 131 
1459947987218675 179 131 
1459947987314403 179 132 
1459947987407045 176 130 
1459947987503750 179 132 
1459947987597869 179 131 
1459947987696069 179 132 
1459947987791076 178 132 
1459947987885907 178 131 
1459947987979464 179 132 
1459947988074403 178 131 
1459947988171493 179 132 
1459947988268117 180 133 
1459947988363309 179 132 
1459947988456803 178 131 
1459947988551284 178 131 
1459947988640550 178 132 
1459947988731332 176 130 
1459947988816267 176 131 
1459947988910404 178 131 
1459947989002588 179 131 
1459947989095041 178 132 
1459947989187664 177 131 
1459947989278837 178 132 
1459947989373174 179 132 
1459947989468072 178 132 
1459947989560203 178 131 
1459947989653462 178 131 
1459947989746235 178 131 
1459947989839048 178 131 
1459947989932905 179 132 
1459947990026503 178 131 
1459947990121074 179 132 
1459947990209122 175 128 
1459947990299830 176 130 
1459947990391551 177 130 
1459947990486599 177 131 
1459947990580809 178 131 
1459947990674629 177 130 
1459947990765796 176 130 
1459947990860771 178 131 
1459947990953588 176 130 
1459947991046994 177 130 
1459947991140917 178 131 
1459947991232264 177 132 
1459947991326298 177 131 
1459947991419118 177 130 
1459947991512990 175 129 
1459947991604994 176 129 
1459947991695960 174 128 
1459947991786175 175 130 
1459947991873854 174 128 
1459947991969351 176 130 
1459947992064631 178 132 
1459947992160866 179 132 
1459947992262610 180 133 
1459947992362153 179 133 
1459947992458503 178 131 
1459947992550756 176 129 
1459947992646372 177 130 
1459947992743377 179 131 
1459947992837627 177 130 
1459947992933375 177 131 
1459947993027976 178 131 
1459947993120899 177 130 
1459947993210323 177 131 
1459947993302290 177 130 
1459947993399525 179 131 
1459947993498677 178 131 
1459947993591905 178 130 
1459947993687500 178 131 
1459947993779291 177 130 
1459947993868451 175 129 
1459947993959075 177 129 
1459947994053700 177 130 
1459947994144137 176 129 
1459947994238009 177 130 
1459947994333135 177 130 
1459947994423134 176 128 
1459947994514179 176 130 
1459947994600380 174 128 
1459947994692300 177 130 
1459947994785927 178 130 
1459947994879790 177 130 
1459947994972275 177 131 
1459947995064908 176 129 
1459947995153696 174 129 
1459947995245571 176 130 
1459947995341742 178 132 
1459947995441241 178 132 
1459947995539123 179 132 
1459947995632260 176 130 
1459947995727267 179 131 
1459947995820525 177 130 
1459947995919664 178 132 
1459947996015830 178 131 
1459947996111145 178 131 
1459947996207247 178 131 
1459947996299470 177 131 
1459947996394368 178 131 
1459947996487872 179 131 
1459947996581508 178 130 
1459947996675417 177 130 
1459947996765517 176 130 
1459947996856814 176 130 
1459947996951879 178 131 
1459947997042661 178 130 
1459947997131737 175 130 
1459947997227606 178 130 
1459947997325242 178 132 
1459947997422338 179 131 
1459947997515645 176 130 
1459947997613230 178 132 
1459947997711731 177 131 
1459947997807694 178 131 
1459947997904462 178 130 
1459947998000394 178 131 
1459947998094623 178 132 
1459947998190585 178 131 
1459947998286251 177 131 
1459947998380457 177 131 
1459947998475046 178 131 
1459947998567530 176 130 
1459947998657836 175 129 
1459947998750261 176 130 
1459947998844381 177 130 
1459947998940118 181 134 
1459947999046218 189 140 
1459947999153916 190 141 
1459947999263105 190 141 
1459947999368828 189 140 
1459947999475565 190 140 
1459947999582800 189 140 
1459947999687814 188 139 
1459947999790920 187 139 
1459947999893829 185 137 
1459947999992554 183 136 
1459948000087262 179 132 
1459948000179933 177 131 
1459948000267450 172 130 
1459948000358189 176 131 
1459948000452980 180 132 
1459948000543693 178 130 
1459948000635190 178 132 
1459948000728310 178 131 
1459948000816923 178 130 
1459948000906975 177 131 
1459948000995153 178 131 
1459948001088728 179 132 
1459948001180438 178 132 
1459948001272471 178 131 
1459948001361566 178 131 
1459948001453718 178 132 
1459948001542958 177 130 
1459948001631647 176 130 
1459948001722924 177 130 
1459948001811537 175 129 
1459948001904302 178 132 
1459948001995968 175 129 
1459948002088243 175 129 
1459948002178758 175 129 
1459948002270726 175 129 
1459948002360533 175 129 
1459948002452401 178 131 
1459948002548185 178 133 
1459948002643958 180 133 
1459948002744421 181 133 
1459948002841361 178 133 
1459948002933766 178 131 
1459948003029184 179 132 
1459948003120090 178 132 
1459948003213855 179 132 
1459948003309145 179 131 
1459948003405363 180 132 
1459948003497562 178 132 
1459948003589302 179 132 
1459948003684507 180 133 
1459948003777174 178 131 
1459948003866505 179 131 
1459948003950762 176 130 
1459948004042927 178 132 
1459948004138855 181 134 
1459948004229984 179 133 
1459948004420361 177 132 
1459948004514138 178 132 
1459948004610498 179 132 
1459948007936624 180 132 
1459948008031393 178 132 
1459948008114047 168 123 
1459948008205679 177 131 
1459948008292390 175 129 
1459948008383726 178 131 
1459948008473690 176 130 
1459948008561511 176 131 
1459948008653865 178 133 
1459948008743820 178 131 
1459948008834062 177 131 
1459948008929654 178 131 
1459948009024784 179 132 
1459948009119832 179 131 
1459948009215795 180 132 
1459948009313487 180 133 
1459948009409007 178 131 
1459948009504784 179 132 
1459948009603026 180 132 
1459948009697501 179 132 
1459948009789245 178 130 
1459948009883206 179 131 
1459948009976820 178 131 
1459948010070563 179 132 
1459948010163640 179 132 
1459948010249341 178 131 
1459948010337509 177 131 
1459948010433001 179 133 
1459948010528304 178 132 
1459948010622538 178 131 
1459948010712387 177 131 
1459948010800985 177 131 
1459948010889353 176 131 
1459948010984221 179 132 
1459948011080406 180 133 
1459948011172123 179 132 
1459948011265520 179 133 
1459948011362679 180 132 
1459948011457315 180 133 
1459948011550802 178 132 
1459948011642834 178 131 
1459948011738164 179 132 
1459948011833593 179 132 
1459948011928001 178 131 
1459948012022822 178 132 
1459948012116188 178 131 
1459948012211325 180 132 
1459948012306215 180 132 
1459948012397920 177 131 
1459948012493931 180 132 
1459948012590374 179 131 
1459948012686248 179 131 
1459948012785300 180 133 
1459948012884993 180 132 
1459948012983934 179 131 
1459948013079338 179 131 
1459948013172852 178 131 
1459948013268658 178 131 
1459948013366077 180 133 
1459948013457842 178 131 
1459948013554572 179 131 
1459948013651554 180 133 
1459948013745090 180 132 
1459948013839429 180 131 
1459948013936907 180 132 
1459948014032951 180 132 
1459948014128389 180 132 
1459948014220022 180 132 
1459948014314953 178 132 
1459948014408758 180 132 
1459948014500670 179 131 
1459948014595032 179 132 
1459948014685811 178 132 
1459948014779909 180 132 
1459948014870043 177 131 
1459948014963021 180 132 
1459948015055435 178 131 
1459948015150402 181 133 
1459948015244192 178 131 
1459948015336124 179 131 
1459948015431129 179 132 
1459948015522975 178 131 
1459948015613356 177 130 
1459948015699965 176 130 
1459948015799224 181 132 
1459948015892425 179 130 
1459948015990486 179 131 
1459948016083745 179 131 
1459948016174782 179 131 
1459948016268077 179 131 
1459948016361311 180 132 
1459948016455308 180 131 
1459948016552159 179 130 
1459948016653803 181 132 
1459948016752093 180 131 
1459948016844986 179 131 
1459948016938194 179 132 
1459948017028818 177 129 
1459948017119141 180 131 
1459948017212351 176 131 
1459948017303352 177 130 
1459948017396145 178 130 
1459948017488187 180 133 
1459948017581814 179 133 
1459948017675012 179 132 
1459948017765661 178 132 
1459948017862204 179 133 
1459948017959810 180 133 
1459948018056869 180 133 
1459948018150302 178 132 
1459948018246118 179 133 
1459948018342618 180 132 
1459948018439978 180 132 
1459948018540129 180 133 
1459948018637110 178 132 
1459948018732051 178 131 
1459948018826986 178 132 
1459948018922520 179 132 
1459948019014813 177 131 
1459948019097719 171 128 
1459948019192026 179 132 
1459948019287084 180 133 
1459948019384663 179 133 
1459948019481192 180 133 
1459948019574964 178 131 
1459948019663736 175 129 
1459948019758908 179 132 
1459948019854985 179 131 
1459948019952088 181 133 
1459948020049312 180 133 
1459948020142858 179 132 
1459948020242138 181 133 
1459948020338464 181 132 
1459948020437081 180 133 
1459948020532102 178 131 
1459948020630811 181 133 
1459948020727348 181 133 
1459948020822303 180 133 
1459948020916238 179 132 
1459948021013140 181 134 
1459948021109081 179 132 
1459948021204148 179 132 
1459948021303094 180 133 
1459948021400108 180 133 
1459948021493263 181 134 
1459948021584294 177 130 
1459948021676740 179 132 
1459948021771132 179 132 
1459948021866304 179 132 
1459948021960744 179 133 
1459948022054839 179 132 
1459948022148644 179 133 
1459948022242213 180 132 
1459948022330682 177 131 
1459948022423965 178 132 
1459948022516081 179 132 
1459948022610381 179 133 
1459948022706694 179 132 
1459948022803714 180 133 
1459948022896997 177 132 
1459948022991068 178 132 
1459948023089879 180 133 
1459948023183719 180 132 
1459948023277326 179 132 
1459948023375612 181 132 
1459948023468980 178 131 
1459948023559677 178 131 
1459948023656163 181 134 
1459948023751232 179 132 
1459948023845942 178 131 
1459948023939392 178 131 
1459948024031315 177 130 
1459948024124652 180 132 
1459948024222650 180 132 
1459948024318681 180 132 
1459948024416368 180 132 
1459948024514686 180 133 
1459948024608890 179 131 
1459948024704131 180 133 
1459948024798252 181 133 
1459948024893652 180 133 
1459948024986911 179 132 
1459948025082666 181 133 
1459948025177997 179 132 
1459948025270534 178 133 
1459948025363486 179 132 
1459948025452102 178 131 
1459948025548056 179 131 
1459948025644329 181 133 
1459948025740250 181 133 
1459948025834625 179 132 
1459948025927828 180 131 
1459948026023619 179 131 
1459948026120607 181 133 
1459948026219284 181 133 
1459948026310649 180 133 
1459948026403068 178 132 
1459948026493237 178 132 
1459948026583718 178 131 
1459948026673845 178 131 
1459948026768734 179 132 
1459948026856203 177 130 
1459948026952006 179 132 
1459948027042090 179 131 
1459948027134794 179 132 
1459948027225784 177 130 
1459948027315938 178 131 
1459948027409771 179 131 
1459948027509173 181 133 
1459948027609675 181 133 
1459948027707138 180 133 
1459948027806102 180 133 
1459948027903251 180 131 
1459948027995056 178 130 
1459948028092642 180 131 
1459948028189942 180 131 
1459948028282279 180 131 
1459948028377341 180 132 
1459948028471947 179 131 
1459948028572635 181 132 
1459948028668381 180 133 
1459948028770969 182 133 
1459948028873742 181 132 
1459948028970949 181 132 
1459948029068284 181 132 
1459948029164700 181 132 
1459948029259816 180 132 
1459948029350656 178 130 
1459948029447932 180 132 
1459948029544488 180 132 
1459948029639984 180 131 
1459948029736368 180 133 
1459948029831322 180 132 
1459948029939468 192 141 
1459948030050092 193 143 
1459948030161818 193 143 
1459948030276460 195 144 
1459948030390128 194 143 
1459948030498921 191 141 
1459948030596188 187 138 
1459948030690678 182 133 
1459948030783645 179 132 
1459948030876873 180 132 
1459948030975113 180 132 
1459948031072092 181 133 
1459948031170226 182 133 
1459948031268254 182 133 
1459948031361929 179 132 
1459948031463681 181 132 
1459948031559758 180 130 
1459948031654756 181 131 
1459948031754598 181 132 
1459948031851282 181 133 
1459948031946971 181 132 
1459948032038880 179 131 
1459948032133299 180 132 
1459948032231762 181 132 
1459948032326176 181 132 
1459948032422096 181 131 
1459948032517160 181 132 
1459948032615683 181 131 
1459948032711627 181 132 
1459948032808648 182 132 
1459948032904789 182 131 
1459948032997453 180 131 
1459948033092890 180 131 
1459948033189133 182 132 
1459948033283818 181 132 
1459948033377167 181 131 
1459948033471844 180 131 
1459948033568305 180 131 
1459948033664680 181 133 
1459948033756496 180 131 
1459948033850427 179 131 
1459948033946120 181 132 
1459948034043148 181 132 
1459948034135910 179 131 
1459948034232706 182 133 
1459948034330241 181 133 
1459948034423873 180 133 
1459948034519630 180 132 
1459948034616249 181 133 
1459948034712633 180 132 
1459948034810742 181 133 
1459948034900958 176 128 
1459948034998149 180 132 
1459948035093732 181 132 
1459948035188275 178 130 
1459948035286977 182 133 
1459948035380445 179 131 
1459948035472642 179 131 
1459948035570066 179 130 
1459948035666714 180 131 
1459948035763158 179 131 
1459948035855459 179 131 
1459948035949273 179 131 
1459948036041843 179 132 
1459948036135884 179 131 
1459948036230235 180 133 
1459948036325960 180 133 
1459948036421116 180 132 
1459948036518399 181 132 
1459948036613902 181 132 
1459948036713322 182 134 
1459948036810416 180 132 
1459948036903932 179 131 
1459948036996146 179 131 
1459948037089292 180 130 
1459948037184034 180 132 
1459948037283017 182 132 
1459948037375122 180 132 
1459948037465693 179 131 
1459948037561930 181 132 
1459948037660429 182 132 
1459948037757614 181 133 
1459948037845708 177 130 
1459948037956577 179 131 
1459948038050481 180 131 
1459948038144837 181 133 
1459948038241530 182 133 
1459948038331237 180 132 
1459948038425937 180 132 
1459948038522896 180 133 
1459948038616281 179 131 
1459948041822297 183 135 
1459948041907506 172 126 
1459948042005822 181 132 
1459948042102721 180 133 
1459948042201181 182 133 
1459948042297005 180 132 
1459948042396471 181 133 
1459948042490273 180 132 
1459948042587150 179 132 
1459948042680788 178 131 
1459948042778277 180 131 
1459948042873865 179 132 
1459948042969295 180 131 
1459948043067712 181 132 
1459948043164921 180 132 
1459948043261657 180 133 
1459948043356002 179 131 
1459948043448176 177 129 
1459948043539536 178 131 
1459948043633504 177 130 
1459948043723705 178 131 
1459948043817220 179 131 
1459948043909409 180 132 
1459948043999326 177 131 
1459948044090980 179 131 
1459948044179147 177 130 
1459948044269379 178 131 
1459948044359285 178 131 
1459948044441871 175 129 
1459948044525504 175 129 
1459948044616447 177 130 
1459948044703567 176 130 
1459948044793936 177 130 
1459948044884715 178 131 
1459948044975311 176 129 
1459948045063462 176 130 
1459948045158607 178 131 
1459948045248293 177 130 
1459948045339920 179 131 
1459948045432608 178 132 
1459948045522453 177 131 
1459948045614565 178 131 
1459948045706224 179 131 
1459948045799001 179 131 
1459948045889665 178 132 
1459948045977584 176 129 
1459948046063971 175 128 
1459948046157729 179 132 
1459948046250706 178 131 
1459948046342594 180 131 
1459948046434363 179 131 
1459948046521685 177 130 
1459948046607943 176 130 
1459948046699466 179 132 
1459948046796057 180 132 
1459948046889848 179 132 
1459948046986612 180 131 
1459948047080916 181 133 
1459948047176235 179 132 
1459948047270352 180 132 
1459948047364606 180 132 
1459948047458718 179 132 
1459948047552342 178 130 
1459948047646313 180 131 
1459948047734521 177 129 
1459948047828397 179 131 
1459948047923295 180 132 
1459948048017476 179 131 
1459948048112599 180 131 
1459948048210240 181 132 
1459948048302924 179 131 
1459948048396852 180 131 
1459948048493804 180 132 
1459948048584902 179 132 
1459948048673785 178 130 
1459948048770036 180 132 
1459948048862666 179 131 
1459948048957574 180 132 
1459948049051529 178 131 
1459948049140825 178 130 
1459948049236552 180 131 
1459948049328384 178 130 
1459948049418909 178 130 
1459948049507861 177 129 
1459948049600098 178 130 
1459948049691334 176 129 
1459948049781812 178 130 
1459948049876538 178 130 
1459948049970865 177 130 
1459948050064260 178 131 
1459948050155424 177 130 
1459948050254836 182 133 
1459948050351956 180 132 
1459948050445528 180 131 
1459948050537865 179 131 
1459948050631979 179 131 
1459948050721547 178 131 
1459948050814022 178 131 
1459948050902452 176 129 
1459948050990575 175 128 
1459948051082953 177 130 
1459948051177746 179 131 
1459948051267651 177 130 
1459948051363314 180 132 
1459948051456733 179 131 
1459948051552934 180 131 
1459948051648083 179 131 
1459948051743008 179 131 
1459948051839975 179 131 
1459948051936023 180 131 
1459948052027657 178 130 
1459948052121950 179 131 
1459948052220319 180 132 
1459948052316854 180 132 
1459948052413844 179 131 
1459948052505054 178 131 
1459948052605298 180 131 
1459948052699403 179 131 
1459948052797001 180 132 
1459948052893499 178 130 
1459948052990228 180 130 
1459948053081540 177 128 
1459948053176461 178 130 
1459948053275429 180 132 
1459948053373171 180 131 
1459948053471557 180 131 
1459948053569383 179 131 
1459948053666617 180 131 
1459948053760475 178 130 
1459948053853860 179 130 
1459948053947401 178 130 
1459948054038015 178 130 
1459948054130940 180 132 
1459948054223227 178 131 
1459948054315263 179 131 
1459948054411204 179 130 
1459948054505754 180 131 
1459948054601133 179 130 
1459948054698644 180 132 
1459948054788210 179 131 
1459948054882483 179 131 
1459948054977445 180 132 
1459948055067562 178 130 
1459948055158952 178 131 
1459948055250825 179 131 
1459948055339856 177 130 
1459948055431368 177 130 
1459948055527751 181 132 
1459948055621820 180 132 
1459948055719230 180 131 
1459948055812612 180 132 
1459948055911469 181 133 
1459948056005697 180 131 
1459948056102983 179 132 
1459948056198787 180 131 
1459948056295767 180 132 
1459948056395125 180 132 
1459948056492891 180 132 
1459948056594164 181 134 
1459948056693939 180 131 
1459948056791385 179 132 
1459948056886495 179 131 
1459948056980362 178 131 
1459948057077749 181 133 
1459948057173448 180 132 
1459948057271250 180 132 
1459948057363546 177 130 
1459948057460360 180 131 
1459948057556277 178 130 
1459948057651133 178 131 
1459948057747136 179 132 
1459948057841825 179 131 
1459948057939195 180 132 
1459948058034290 179 131 
1459948058124894 179 131 
1459948058217713 178 130 
1459948058308386 178 130 
1459948058401425 178 131 
1459948058492306 178 131 
1459948058582779 174 128 
1459948058669662 177 129 
1459948058761515 179 130 
1459948058854159 178 130 
1459948058944716 176 129 
1459948059040987 179 131 
1459948059129653 178 131 
1459948059220707 179 130 
1459948059310488 177 130 
1459948059406779 180 132 
1459948059497453 177 131 
1459948059584970 177 130 
1459948059676289 179 130 
1459948059768751 179 131 
1459948059864531 180 132 
1459948059961458 180 131 
1459948060055661 180 132 
1459948060151693 180 131 
1459948060243620 180 132 
1459948060344395 181 133 
1459948060439541 181 133 
1459948060533539 179 130 
1459948060625684 178 131 
1459948060714554 179 131 
1459948060819827 190 140 
1459948060928566 192 142 
1459948061035729 192 141 
1459948061140497 190 141 
1459948061246726 190 140 
1459948061353637 191 141 
1459948061462021 192 141 
1459948061568350 190 140 
1459948061667937 187 137 
1459948061767242 185 135 
1459948061861846 179 132 
1459948061954171 179 132 
1459948062047471 178 131 
1459948062145860 180 132 
1459948062237253 178 130 
1459948062325723 177 129 
1459948062420313 178 130 
1459948062510373 178 130 
1459948062610198 180 132 
1459948062702123 179 131 
1459948062793470 179 130 
1459948062885459 176 129 
1459948062982624 180 132 
1459948063077344 180 131 
1459948063169281 178 131 
1459948063262677 178 129 
1459948063356870 179 131 
1459948063447868 178 130 
1459948063541319 178 131 
1459948063634844 178 130 
1459948063730123 179 130 
1459948063826566 179 132 
1459948063921521 180 132 
1459948064019606 182 133 
1459948064144305 171 155 
1459948064271271 170 153 
1459948064391940 167 150 
1459948064516913 167 150 
1459948064639739 169 152 
1459948064754888 165 150 
1459948064872231 164 149 
1459948064986552 164 150 
1459948065103319 165 149 
1459948065216927 165 149 
1459948065337626 165 149 
1459948065459065 167 151 
1459948065576688 164 149 
1459948065694871 164 148 
1459948065816048 165 150 
1459948065935890 164 149 
1459948066053203 165 148 
1459948066172324 164 150 
1459948066293160 166 151 
1459948066408774 164 149 
1459948066519989 164 149 
1459948066636222 164 149 
1459948066753694 166 149 
1459948066872946 166 150 
1459948066990521 166 149 
1459948067108650 167 150 
1459948067227318 167 151 
1459948067338440 162 148 
1459948067450840 162 148 
1459948067570158 165 150 
1459948067692828 166 151 
1459948067815566 169 152 
1459948067932069 164 149 
1459948068052862 165 150 
1459948068171338 165 150 
1459948068287555 164 149 
1459948068401184 164 149 
1459948068516653 164 149 
1459948068637505 166 150 
1459948068752370 165 149 
1459948068869714 165 150 
1459948068988666 165 149 
1459948069104078 162 147 
1459948069221280 164 148 
1459948069336690 163 148 
1459948069453853 165 149 
1459948069568026 163 148 
1459948069686027 165 150 
1459948069797916 162 146 
1459948069920095 167 150 
1459948070040508 163 148 
1459948070165473 166 149 
1459948070288930 166 149 
1459948070410159 165 149 
1459948070526174 163 148 
1459948070648600 164 148 
1459948070838629 166 150 
1459948070962367 166 150 
1459948071079840 163 148 
1459948071196945 163 148 
1459948071311770 163 147 
1459948071432050 165 150 
1459948071547656 163 147 
1459948071662993 164 148 
1459948071778055 163 148 
1459948071894254 165 149 
1459948072018167 167 151 
1459948072140298 168 152 
1459948072253852 161 146 
1459948077046413 169 152 
1459948077160967 163 149 
1459948077278103 166 151 
1459948077396585 164 149 
1459948077514849 166 150 
1459948077635636 166 151 
1459948077753560 166 150 
1459948077872295 166 149 
1459948077991816 165 150 
1459948078111405 165 150 
1459948078228811 165 149 
1459948078350963 167 151 
1459948078465610 164 149 
1459948078578552 161 148 
1459948078695873 164 149 
1459948078818050 166 150 
1459948078943145 167 150 
1459948079063159 166 151 
1459948079180911 166 150 
1459948079302829 167 151 
1459948079421026 166 150 
1459948079541076 165 149 
1459948079661926 168 151 
1459948079786265 167 151 
1459948079908383 167 150 
1459948080028868 164 148 
1459948080149074 166 150 
1459948080270841 165 149 
1459948080388504 165 150 
1459948080507526 166 150 
1459948080620959 165 149 
1459948080738866 165 150 
1459948080848854 162 148 
1459948080971971 167 151 
1459948081096072 167 151 
1459948081214967 167 151 
1459948081331384 166 150 
1459948081452386 167 151 
1459948081572469 167 151 
1459948081693227 167 151 
1459948081814305 168 152 
1459948081935626 168 152 
1459948082063747 170 153 
1459948082183628 167 151 
1459948082306624 168 152 
1459948082426327 167 152 
1459948082550416 169 151 
1459948082672358 166 152 
1459948082792770 165 150 
1459948082910701 166 151 
1459948083033212 167 151 
1459948083145704 162 147 
1459948083259551 162 147 
1459948083380867 166 149 
1459948083497871 165 150 
1459948083619477 166 150 
1459948083743247 165 149 
1459948083864277 164 150 
1459948083981910 162 149 
1459948084097678 164 151 
1459948084216626 167 151 
1459948084338968 167 152 
1459948084462441 168 152 
1459948084579299 164 150 
1459948084699882 167 151 
1459948084829569 168 152 
1459948084953787 167 151 
1459948085077691 167 151 
1459948085198587 166 151 
1459948085317493 165 150 
1459948085445637 168 152 
1459948085572109 168 151 
1459948085691532 165 149 
1459948085811420 165 149 
1459948085934406 166 150 
1459948086056864 168 152 
1459948086178620 166 150 
1459948086295454 164 148 
1459948086413959 165 150 
1459948086529164 165 150 
1459948086645837 165 149 
1459948086762030 163 149 
1459948086885206 167 151 
1459948087003138 165 150 
1459948087121616 164 149 
1459948087237242 163 148 
1459948087356970 167 151 
1459948087475335 166 150 
1459948087592190 165 149 
1459948087705907 164 148 
1459948087815483 162 148 
1459948087924754 162 146 
1459948088037703 163 147 
1459948088157455 167 151 
1459948088277444 167 150 
1459948088392533 166 150 
1459948088505219 165 148 
1459948088619624 165 149 
1459948088739845 167 151 
1459948088860293 168 151 
1459948088982392 167 150 
1459948089098226 165 149 
1459948089217205 166 149 
1459948089335439 165 150 
1459948089449299 164 148 
1459948089562858 162 146 
1459948089684378 167 150 
1459948089799575 164 149 
1459948089921793 166 151 
1459948090043251 167 150 
1459948090163513 166 150 
1459948090281469 166 151 
1459948090397102 165 150 
1459948090514167 166 149 
1459948090631404 166 150 
1459948090743212 163 147 
1459948090858864 165 149 
1459948090973107 165 150 
1459948091094767 167 151 
1459948091215682 167 150 
1459948091336320 166 150 
1459948091454474 166 149 
1459948091575727 168 152 
1459948091707767 178 160 
1459948091847083 183 163 
1459948091982473 182 163 
1459948092117609 182 163 
1459948092251442 181 162 
1459948092387542 181 162 
1459948092504944 167 151 
1459948092624685 167 151 
1459948092745055 167 150 
1459948092865951 167 150 
1459948092987066 167 151 
1459948093105812 166 149 
1459948093226466 167 150 
1459948093347567 166 150 
1459948093466421 167 150 
1459948093581672 163 148 
1459948093702662 166 149 
1459948093817192 166 148 
1459948093934482 167 149 
1459948094046909 165 148 
1459948094164333 166 149 
1459948094282369 166 149 
1459948094404847 166 149 
1459948094526272 166 150 
1459948094645227 167 150 
1459948094761972 164 149 
1459948094877663 164 149 
1459948094998793 167 151 
1459948095117121 164 150 
1459948095233616 167 151 
1459948095353348 167 151 
1459948095471033 167 150 
1459948095585651 165 149 
1459948095702671 165 150 
1459948095821992 166 151 
1459948095940142 166 149 
1459948096051305 166 149 
1459948096165054 166 149 
1459948096283939 166 149 
1459948096395248 165 148 
1459948096509142 163 147 
1459948096625124 167 150 
1459948096741692 167 150 
1459948096854236 166 149 
1459948096964482 164 148 
1459948097082480 168 152 
1459948097202383 169 151 
1459948097314939 164 148 
1459948097432502 167 150 
1459948097547853 166 150 
1459948097666045 167 151 
1459948097783791 167 150 
1459948097902227 168 152 
1459948098019894 167 151 
1459948098135262 165 149 
1459948098255573 167 151 
1459948098375537 167 150 
1459948098490278 166 150 
1459948098608272 165 149 
1459948098724627 166 151 
1459948098838650 164 148 
1459948098957971 166 150 
1459948099076734 167 150 
1459948099189484 163 148 
1459948099309775 167 150 
1459948099432105 168 150 
1459948099549545 165 149 
1459948099669600 167 151 
1459948099790559 167 150 
1459948099913151 168 150 
1459948100032528 167 150 
1459948100151180 166 150 
1459948100269413 166 150 
1459948100386255 165 150 
1459948100505271 165 149 
1459948100623480 166 150 
1459948100737350 164 149 
1459948100847244 162 148 
1459948100962068 166 150 
1459948101078973 166 151 
1459948101198436 167 151 
1459948101313384 165 150 
1459948101425944 162 147 
1459948101544816 166 149 
1459948101660676 166 150 
1459948101780560 167 151 
1459948101904094 168 152 
1459948102021639 166 150 
1459948102138874 166 150 
1459948102252615 165 150 
1459948102370581 165 150 
1459948102492986 169 152 
1459948102611828 168 151 
1459948102730316 167 149 
1459948102853570 168 151 
1459948102973439 167 151 
1459948103087671 164 148 
1459948103204870 165 149 
1459948103324713 167 151 
1459948103445235 168 152 
1459948103562085 167 150 
1459948103677647 165 149 
1459948103788260 163 148 
1459948103905063 167 150 
1459948104021507 165 149 
1459948104140094 166 150 
1459948104257761 165 149 
1459948104379635 168 153 
1459948104507955 172 155 
1459948104633533 173 156 
1459948104755005 172 155 
1459948104882880 176 159 
1459948105009154 177 158 
1459948105135749 175 158 
1459948105258125 175 158 
1459948105386078 177 159 
1459948105507907 173 157 
1459948105620018 165 149 
1459948105736007 167 150 
1459948105852595 166 149 
1459948105969609 165 149 
1459948106084762 166 150 
1459948106201941 166 151 
1459948106316933 166 150 
1459948106432888 165 149 
1459948106553541 171 153 
1459948106667841 167 150 
1459948106776424 164 149 
1459948106890690 166 149 
1459948107001304 165 150 
1459948107114976 166 150 
1459948107228261 165 149 
1459948107347415 166 151 
1459948107462374 164 149 
1459948107581159 166 151 
1459948107699637 166 151 
1459948107822742 168 152 
1459948107942888 166 150 
1459948108058464 164 149 
1459948108174392 164 149 
1459948108291865 165 149 
1459948108406353 165 149 
1459948108522797 166 149 
1459948108642751 166 149 
1459948108764145 167 150 
1459948108886250 167 150 
1459948109006442 168 150 
1459948109128430 167 150 
1459948109246206 165 149 
1459948109363717 167 150 
1459948109474029 161 147 
1459948109594477 167 150 
1459948109711182 166 149 
1459948109825561 164 149 
1459948109939879 167 151 
1459948110052319 165 150 
1459948110171554 166 151 
1459948110286959 165 149 
1459948110398693 161 147 
1459948110511698 165 148 
1459948110626291 165 149 
1459948110736992 163 148 
1459948110844490 163 148 
1459948110955761 161 147 
1459948111068555 162 148 
1459948111186823 165 149 
1459948111303291 164 150 
1459948111424229 166 151 
1459948111539217 162 148 
1459948111660810 167 151 
1459948111777755 165 150 
1459948111900194 166 151 
1459948112013915 163 149 
1459948112129109 164 150 
1459948112246589 165 151 
1459948112373270 168 152 
1459948112492503 166 151 
1459948112604923 162 148 
1459948112725035 164 150 
1459948112845077 165 151 
1459948112970099 167 151 
1459948113086543 164 148 
1459948113203904 163 148 
1459948113316539 161 146 
1459948113435216 165 150 
1459948113555173 166 150 
1459948113673017 165 148 
1459948113790488 164 148 
1459948113910369 164 148 
1459948114029770 167 149 
1459948114145117 166 149 
1459948114263736 165 150 
1459948114378565 165 149 
1459948114496907 166 150 
1459948114616679 166 150 
1459948114734805 166 149 
1459948114854276 164 148 
1459948114974332 166 149 
1459948115092717 163 148 
1459948115208618 163 147 
1459948115323803 165 149 
1459948115444260 165 149 
1459948115557223 163 148 
1459948115672947 163 148 
1459948115794970 167 150 
1459948115913075 163 149 
1459948116028634 164 149 
1459948116147442 164 149 
1459948116267208 165 150 
1459948116386643 165 149 
1459948116506340 166 150 
1459948116622289 163 148 
1459948116737928 164 148 
1459948116852279 164 148 
1459948116969424 166 150 
1459948117088258 166 149 
1459948117212374 166 151 
1459948117332590 166 152 
1459948117453312 167 151 
1459948117571289 165 150 
1459948117693252 167 151 
1459948117813285 165 150 
1459948117935981 165 150 
1459948118056062 166 150 
1459948118174880 164 149 
1459948118289688 164 149 
1459948118407002 164 149 
1459948118526539 165 151 
1459948118643008 163 149 
1459948118762705 167 151 
1459948118884032 165 151 
1459948119006446 167 151 
1459948119127262 166 150 
1459948119244642 166 150 
1459948119365213 167 150 
1459948119481816 165 150 
1459948119601791 165 149 
1459948119723751 167 151 
1459948119844351 167 151 
1459948119965010 167 151 
1459948120086867 166 150 
1459948120208889 166 150 
1459948120330976 166 151 
1459948120458936 167 152 
1459948120579306 164 149 
1459948120705395 167 151 
1459948120819817 161 147 
1459948120936108 162 147 
1459948121061693 165 150 
1459948121185942 166 150 
1459948121312095 166 151 
1459948121435622 166 150 
1459948121560997 167 151 
1459948121684410 168 151 
1459948121811080 168 152 
1459948121939337 169 153 
1459948122066973 168 152 
1459948122189698 167 151 
1459948122312293 167 152 
1459948122430875 164 150 
1459948122570333 180 163 
1459948122713035 183 164 
1459948122854267 182 164 
1459948122989894 178 162 
1459948123115156 170 153 
1459948123236036 166 150 
1459948123357901 167 151 
1459948123474334 166 150 
1459948123590586 166 151 
1459948123713382 166 151 
1459948123838997 169 152 
1459948123959799 165 149 
1459948124079141 168 153 
1459948124203658 171 153 
1459948124323605 165 150 
1459948124445916 166 150 
1459948124565168 166 150 
1459948124686664 166 151 
1459948124813535 168 152 
1459948124940819 168 152 
1459948125064712 166 152 
1459948125186682 166 151 
1459948125309622 167 152 
1459948125428363 166 151 
1459948125550130 165 150 
1459948125671820 166 150 
1459948125795983 167 152 
1459948125918265 168 152 
1459948126040642 167 152 
1459948126158866 166 151 
1459948126280715 165 151 
1459948126400488 167 152 
1459948126520030 166 151 
1459948126640995 167 152 
1459948126763244 166 151 
1459948126881060 165 149 
1459948126998150 165 150 
1459948127120796 167 151 
1459948127237579 165 149 
1459948127357441 167 150 
1459948127468868 164 147 
1459948127582553 162 146 
1459948127695821 164 148 
1459948127813919 165 149 
1459948127939083 168 149 
1459948128067106 169 151 
1459948128189901 166 149 
1459948128322107 169 152 
<<<<<<< HEAD
=======
<<<<<<< HEAD
<<<<<<< HEAD
<<<<<<< HEAD
<<<<<<< HEAD
>>>>>>> 3f8e119
=======
version https://git-lfs.github.com/spec/v1
oid sha256:78a77f94a086fa2ff406738fa559d1ac62a367f3af1c83ede8d0690b94c99d9e
size 78200
>>>>>>> f48ecf8
=======
>>>>>>> 587ddc4f3682fe26eb61ef3e7dd1f587b73479b7
>>>>>>> dd1805f
=======
version https://git-lfs.github.com/spec/v1
oid sha256:78a77f94a086fa2ff406738fa559d1ac62a367f3af1c83ede8d0690b94c99d9e
size 78200
>>>>>>> 349884c
=======
>>>>>>> 587ddc4f3682fe26eb61ef3e7dd1f587b73479b7
<<<<<<< HEAD
<<<<<<< HEAD
>>>>>>> 38e2d40
=======
>>>>>>> ddf0ce1
=======
>>>>>>> 2cf6812
=======
version https://git-lfs.github.com/spec/v1
oid sha256:78a77f94a086fa2ff406738fa559d1ac62a367f3af1c83ede8d0690b94c99d9e
size 78200
<<<<<<< HEAD
>>>>>>> 8d79f4c
=======
>>>>>>> 587ddc4f3682fe26eb61ef3e7dd1f587b73479b7
>>>>>>> c5a382b
=======
>>>>>>> 70238e08249cac7bd497cf178abe20b08de7a63b
<<<<<<< HEAD
>>>>>>> ddf0ce1
=======
>>>>>>> 2cf6812
=======
>>>>>>> ae7b143... Fixing logs
>>>>>>> dfa5db5e... Fixing logs
