1459947780236776 186 3047424 0 183 2998272 0 0
1459947780472744 185 3046144 1180 182 2996992 1180 0
1459947780704450 185 3044964 2174 182 2995812 2174 0
1459947780942317 185 3043876 3006 183 2996004 2181 0
1459947781184105 188 3046713 5386 184 2997461 3353 0
1459947781424639 186 3046768 5016 183 2997524 3149 0
1459947781661670 187 3048099 5851 184 2998862 4135 0
1459947781936726 187 3049326 6524 184 3000095 4948 0
1459947782172911 185 3047897 7330 183 2999952 4692 0
1459947782413553 186 3047860 6791 184 3001100 5384 0
1459947782651876 186 3047825 6291 183 3000879 5166 0
1459947782891308 186 3047793 5827 185 3003235 6934 0
1459947783132131 187 3049044 6524 185 3005407 8394 0
1459947783368071 186 3048917 6130 184 3006129 8404 0
1459947783609577 189 3052640 9083 187 3010635 11901 0
1459947783855122 191 3058632 13897 189 3017349 17160 0
1459947784102216 191 3064156 17903 188 3022258 20345 0
1459947784350621 191 3069248 21199 188 3026784 22927 0
1459947784586952 185 3066263 22293 183 3024556 23188 0
1459947784825143 186 3064791 21907 183 3022502 23268 0
1459947785060165 185 3062154 22625 182 3019329 24375 0
1459947785298704 186 3061003 21917 183 3017683 23986 0
1459947785538296 186 3059942 21181 183 3016166 23509 0
1459947785783908 186 3058964 20427 183 3014768 22960 0
1459947786025158 187 3059342 19179 183 3013479 22354 0
1459947786267738 187 3059690 18001 184 3013570 20691 0
1459947786502828 186 3058731 17477 182 3011094 21355 0
1459947786746109 187 3059127 16476 184 3011372 19942 0
1459947786980092 187 3059492 15525 183 3010348 19327 0
1459947787215867 187 3059829 14622 183 3009404 18686 0
1459947787458412 187 3060139 13765 184 3009814 17604 0
1459947787707150 188 3061705 14133 183 3008912 17059 0
1459947787951596 187 3061869 13179 183 3008080 16492 0
1459947788197256 187 3062020 12288 183 3007313 15909 0
1459947788434640 186 3060879 12379 181 3004046 17677 0
1459947788674300 186 3059827 12379 182 3002314 17890 0
1459947788912981 186 3058858 12304 182 3000718 17963 0
1459947789150523 187 3059244 11698 182 2999246 17915 0
1459947789391858 186 3058320 11635 182 2997889 17765 0
1459947789630011 185 3056188 12690 182 2996638 17529 0
1459947789867974 185 3054223 13509 181 2994205 18401 0
1459947790105765 187 3054971 13143 182 2993242 17850 0
1459947790343512 186 3054381 12659 181 2991074 18452 0
1459947790580702 186 3053837 12171 182 2990356 17671 0
1459947790819485 187 3054615 11938 184 2992254 18040 0
1459947791055646 186 3054053 11522 182 2991444 17376 0
1459947791293704 186 3053535 11098 183 2991977 16509 0
1459947791531435 186 3053057 10670 182 2991188 15945 0
1459947791774065 188 3055176 11790 183 2991741 15209 0
1459947792014759 187 3055850 11489 183 2992251 14490 0
1459947792255651 186 3055191 11197 182 2991441 14103 0
1459947792495789 186 3054584 10881 182 2990694 13688 0
1459947792734759 186 3054024 10545 182 2990006 13252 0
1459947792978642 186 3053508 10196 182 2989371 12800 0
1459947793221580 186 3053032 9837 181 2987506 13518 0
1459947793459889 185 3051313 10651 182 2987067 12865 0
1459947793698213 185 3049729 11278 181 2985382 13411 0
1459947793938123 187 3050828 11410 182 2985109 12614 0
1459947794172273 186 3050562 10763 182 2984857 11859 0
1459947794408050 186 3050316 10147 182 2984625 11145 0
1459947794647468 185 3048810 10742 183 2985691 11256 0
1459947794888221 186 3048701 10001 183 2986673 11282 0
1459947795129450 186 3048601 9310 183 2987579 11235 0
1459947795367245 186 3048509 8666 183 2988414 11127 0
1459947795608387 186 3048424 8066 184 2990464 12147 0
1459947795848859 186 3048345 7506 184 2992354 12940 0
1459947796090140 187 3049553 8032 184 2994096 13535 0
1459947796327624 187 3050666 8430 184 2995702 13957 0
1459947796560496 186 3050412 8004 183 2995902 13051 0
1459947796787604 183 3046338 11133 180 2992247 15400 0
1459947797012000 182 3041302 14904 180 2988877 17302 0
1459947797249655 185 3040500 14478 182 2988330 16453 0
1459947797480120 184 3038480 15207 181 2986546 16810 0
1459947797714035 184 3036618 15733 181 2984902 17011 0
1459947797945733 184 3034902 16084 180 2982106 18259 0
1459947798183071 184 3033320 16285 181 2980808 18027 0
1459947798424497 187 3035701 17207 183 2982172 17875 0
1459947798663093 185 3035336 16197 182 2982149 16498 0
1459947798907596 186 3036280 15801 182 2982128 15227 0
1459947799146364 185 3035870 14943 182 2982109 14054 0
1459947799385751 185 3035492 14122 181 2980811 14151 0
1459947799620582 185 3035144 13338 181 2979615 14147 0
1459947799855533 185 3034823 12590 180 2977232 15237 0
1459947800088737 184 3033247 13058 180 2975035 16070 0
1459947800319509 185 3033074 12195 180 2973010 16680 0
1459947800560433 185 3032915 11388 181 2972423 15916 0
1459947800797371 185 3032768 10633 182 2973162 15353 0
1459947801036176 186 3033913 10857 181 2972563 14704 0
1459947801272875 186 3034968 10981 181 2972011 14063 0
1459947801511469 186 3035941 11020 182 2972782 13675 0
1459947801752851 186 3036838 10986 181 2972213 13130 0
1459947801987640 186 3037665 10889 181 2971688 12587 0
1459947802232209 187 3039707 11920 182 2972484 12337 0
1459947802470940 186 3040309 11543 182 2973218 12050 0
1459947802704655 185 3039584 11308 181 2972615 11663 0
1459947802945458 186 3040196 10988 182 2973339 11418 0
1459947803191636 187 3042040 11829 182 2974006 11140 0
1459947803429472 185 3041180 11696 181 2973341 10881 0
1459947803666160 185 3040387 11512 181 2972728 10594 0
1459947803900258 185 3039656 11285 181 2972163 10286 0
1459947804140676 185 3038982 11023 182 2972922 10182 0
1459947804377757 185 3038361 10732 182 2973622 10031 0
1459947804618256 186 3039069 10545 183 2975547 11022 0
1459947804852663 185 3038441 10299 182 2976042 10616 0
1459947805087006 186 3039142 10141 183 2977778 11387 0
1459947805321276 185 3038509 9931 181 2976819 11380 0
1459947805558830 185 3037925 9692 183 2978495 12035 0
1459947805799460 186 3038667 9618 183 2980040 12518 0
1459947806035478 185 3038071 9415 182 2980184 11673 0
1459947806276034 186 3038801 9352 182 2980317 10883 0
1459947806520855 188 3042034 11602 184 2982999 12505 0
1459947806765615 187 3043735 12263 182 2982912 11608 0
1459947807001957 187 3045303 12749 183 2984112 11807 0
1459947807244229 187 3046748 13084 183 2985218 11903 0
1459947807488642 187 3048080 13289 183 2986237 11913 0
1459947807738578 188 3050588 14562 183 2987177 11848 0
1459947807982960 186 3050340 13651 182 2986763 11302 0
1459947808225266 187 3051392 13554 183 2987662 11247 0
1459947808467197 187 3052362 13389 184 2989770 12312 0
1459947808707856 186 3051976 12697 182 2989154 11917 0
1459947808949294 186 3051620 12032 183 2989866 11641 0
1459947809195878 187 3052572 11969 182 2989242 11305 0
1459947809431937 185 3050889 12583 182 2988667 10950 0
1459947809681824 188 3053178 13709 184 2990697 11965 0
1459947809933037 188 3055288 14582 184 2992568 12755 0
1459947810178137 187 3055953 14055 183 2993013 12168 0
1459947810471693 187 3056566 13521 184 2994703 12775 0
1459947810712527 186 3055851 13122 183 2994981 12033 0
1459947810955976 187 3056472 12669 184 2996518 12509 0
1459947811197470 186 3055765 12330 182 2995375 12584 0
1459947811439639 187 3056393 11945 182 2994321 12571 0
1459947811685040 187 3056972 11545 182 2993349 12483 0
1459947811930219 186 3056226 11330 181 2991173 13512 0
1459947812174145 187 3056818 10990 182 2990447 13124 0
1459947812420183 187 3057364 10634 182 2989778 12714 0
1459947812663272 186 3056587 10518 182 2989161 12288 0
1459947812914609 187 3057151 10216 183 2989872 11984 0
1459947813158278 187 3057671 9896 183 2990528 11652 0
1459947813396124 185 3055590 11039 181 2988573 12543 0
1459947813638392 186 3054952 10764 182 2988050 12044 0
1459947813877032 186 3054363 10465 182 2987568 11546 0
1459947814114106 186 3053820 10146 182 2987124 11052 0
1459947814357219 187 3054600 10072 183 2987994 10990 0
1459947814616558 194 3064279 18208 190 2997756 19131 0
1459947814872649 194 3073202 25011 190 3006756 25933 0
1459947815133765 194 3081428 30640 191 3016333 32734 0
1459947815376752 187 3080051 29514 183 3014921 31476 0
1459947815619192 186 3077502 29557 182 3012340 31395 0
1459947815860076 186 3075152 29413 184 3012520 29108 0
1459947816104034 186 3072985 29111 183 3011406 27859 0
1459947816339692 185 3069708 29856 181 3007819 28987 0
1459947816582705 186 3067967 29127 183 3007073 27409 0
1459947816825542 186 3066362 28330 183 3006385 25900 0
1459947817065977 187 3066162 26299 182 3004471 25640 0
1459947817305073 186 3064698 25593 182 3002706 25262 0
1459947817544895 186 3063348 24837 182 3001079 24787 0
1459947817781335 186 3062103 24042 182 2999579 24232 0
1459947818021418 186 3060956 23220 182 2998196 23612 0
1459947818262012 186 3059898 22379 183 2998201 21772 0
1459947818511479 187 3060203 20911 184 2999486 21256 0
1459947818752279 186 3059204 20197 183 2999391 19682 0
1459947818995960 186 3058283 19467 183 2999303 18224 0
1459947819239874 186 3057434 18728 183 2999222 16874 0
1459947819482802 187 3057931 17723 183 2999147 15623 0
1459947819725339 187 3058390 16761 183 2999078 14464 0
1459947819972302 188 3060093 17021 183 2999015 13392 0
1459947820222363 188 3061663 17138 184 3000236 13471 0
1459947820469901 187 3061830 15953 184 3001362 13456 0
1459947820717520 188 3063264 16028 185 3003680 14541 0
1459947820959430 186 3062026 15915 183 3003257 13793 0
1459947821197724 185 3059605 16902 181 3000307 15433 0
1459947821440772 187 3059933 15883 183 3000148 14373 0
1459947821680139 186 3058955 15542 182 2998721 14565 0
1459947821918165 186 3058054 15157 181 2996125 15819 0
1459947822147882 184 3054663 17097 181 2993732 16788 0
1459947822384771 186 3054097 16282 182 2992806 16328 0
1459947822617138 185 3052295 16669 182 2991953 15838 0
1459947822854938 186 3051914 15716 182 2991166 15324 0
1459947823092964 186 3051563 14811 184 2993001 15817 0
1459947823329886 186 3051239 13951 182 2992132 15381 0
1459947823564373 185 3049660 14315 182 2991331 14916 0
1459947823801710 185 3048205 14537 182 2990593 14430 0
1459947824044495 187 3049423 14524 183 2991192 13855 0
1459947824284004 188 3051826 15605 183 2991745 13281 0
1459947824523094 186 3051482 14702 182 2990974 12952 0
1459947824762278 186 3051164 13845 183 2991544 12465 0
1459947824994470 186 3050871 13032 182 2990789 12186 0
1459947825231912 186 3050601 12261 182 2990093 11874 0
1459947825473448 186 3050352 11531 183 2990731 11535 0
1459947825708822 186 3050123 10840 182 2990040 11269 0
1459947825943109 185 3048632 11367 182 2989403 10975 0
1459947826179951 186 3048537 10564 183 2990095 10755 0
1459947826420114 185 3047170 10998 183 2990733 10502 0
1459947826658684 186 3047189 10156 182 2990041 10317 0
1459947826892450 185 3045927 10525 180 2986844 12457 0
1459947827126740 186 3046043 9809 182 2986456 11839 0
1459947827364992 186 3046150 9141 182 2986099 11242 0
1459947827604124 186 3046249 8517 183 2987050 11239 0
1459947827840381 185 3045060 8946 182 2986646 10731 0
1459947828072189 185 3043964 9256 182 2986274 10234 0
1459947828305950 184 3041674 10642 181 2984651 10929 0
1459947828543908 186 3042123 10224 183 2985715 11056 0
1459947828784053 187 3043817 10986 184 2987976 12276 0
1459947829024355 187 3045378 11566 183 2988780 12057 0
1459947829264711 187 3046817 11989 182 2988241 11611 0
1459947829500930 186 3046864 11095 182 2987744 11160 0
1459947829734946 186 3046907 10268 182 2987286 10709 0
1459947829967925 185 3045667 10607 181 2985584 11440 0
1459947830200145 185 3044524 10831 180 2982735 13172 0
1459947830432252 185 3043470 10955 181 2981388 13382 0
1459947830676213 187 3045058 11563 183 2982707 13552 0
1459947830916481 187 3046522 12009 183 2983923 13614 0
1459947831165520 186 3046592 11135 182 2983764 12696 0
1459947831408308 186 3046657 10324 182 2983617 11839 0
1459947831652213 186 3046716 9572 182 2983481 11038 0
1459947831897556 187 3048051 10055 183 2984636 11240 0
1459947832138023 186 3048002 9314 183 2985701 11343 0
1459947832377319 186 3047956 8627 182 2985403 10730 0
1459947832617609 185 3046634 9171 182 2985128 10144 0
1459947832862040 187 3047975 9690 183 2986154 10297 0
1459947833105838 186 3047931 8971 183 2987100 10364 0
1459947833350888 186 3047891 8306 183 2987972 10358 0
1459947833592836 186 3047854 7690 183 2988776 10289 0
1459947833833453 185 3046540 8299 182 2988237 9981 0
1459947834076205 186 3046609 7713 183 2989020 9923 0
1459947834320936 187 3047952 8348 183 2989742 9813 0
1459947834564944 186 3047910 7732 183 2990408 9660 0
1459947834811972 187 3049152 8272 183 2991022 9471 0
1459947835052745 187 3050297 8680 182 2990308 9388 0
1459947835299265 187 3051352 8974 183 2990930 9227 0
1459947835550005 187 3052325 9169 184 2992783 10214 0
1459947835793342 186 3051942 8804 182 2991931 10200 0
1459947836033187 186 3051589 8441 182 2991146 10126 0
1459947836269258 186 3051263 8080 183 2991702 9847 0
1459947836514234 187 3052243 8351 184 2993495 10730 0
1459947836751952 187 3053146 8530 183 2993868 10235 0
1459947836991973 186 3052698 8275 183 2994212 9752 0
1459947837226234 186 3052285 8007 183 2994529 9282 0
1459947837464561 186 3051905 7731 183 2994821 8825 0
1459947837705981 186 3051554 7449 182 2993810 9066 0
1459947837942758 186 3051231 7164 182 2992878 9215 0
1459947838180424 187 3052213 7509 183 2993299 8883 0
1459947838424482 187 3053118 7757 183 2993687 8547 0
1459947838666254 186 3052673 7560 183 2994045 8209 0
1459947838906957 187 3053542 7771 184 2995655 9051 0
1459947839146712 187 3054344 7902 183 2995859 8531 0
1459947839378316 185 3052523 8962 182 2994767 8870 0
1459947839620236 187 3053404 9073 183 2995040 8429 0
1459947839851788 185 3051656 9974 182 2994012 8717 0
1459947840087231 186 3051325 9498 183 2994344 8341 0
1459947840318409 186 3051020 9035 183 2994650 7971 0
1459947840546909 183 3046899 12127 180 2991092 10627 0
1459947840786451 187 3048220 12396 184 2992932 11493 0
1459947841020519 186 3048157 11484 182 2992069 11390 0
1459947841249469 186 3048099 10638 182 2991273 11233 0
1459947841484928 187 3049326 10937 183 2991819 10859 0
1459947841716901 186 3049177 10218 182 2991043 10725 0
1459947841950447 187 3050320 10472 182 2990327 10546 0
1459947842190370 188 3052653 11804 183 2990947 10294 0
1459947842423081 187 3053524 11684 181 2988959 11321 0
1459947842663362 188 3055607 12691 182 2988406 10945 0
1459947842902175 188 3057527 13469 184 2990456 11979 0
1459947843143644 188 3059297 14048 185 2993626 13965 0
1459947843385619 187 3059649 13274 183 2993988 13207 0
1459947843627687 188 3061253 13715 184 2995602 13663 0
1459947845850618 195 3061253 13715 190 2995602 13663 1
1459947846089260 190 3065292 16367 186 2999650 16327 0
1459947846319002 186 3063896 16374 182 2998262 16330 0
1459947846554142 187 3063889 15100 183 2998262 15054 0
1459947846791727 188 3065162 15094 184 2999542 15057 0
1459947847027506 187 3065056 14011 184 3000722 14968 0
1459947847264421 188 3066238 14006 185 3003090 15981 0
1459947847501204 187 3066048 13086 184 3003993 15565 0
1459947847734483 187 3065873 12224 183 3003546 14760 0
1459947847969362 186 3064431 12597 182 3001853 15165 0
1459947848210789 188 3065662 12747 184 3002853 14902 0
1459947848451955 187 3065517 11884 183 3002495 14066 0
1459947848689281 186 3064103 12258 181 2999605 15631 0
1459947848935071 188 3065359 12458 183 2999500 14504 0
1459947849185693 189 3067797 13732 184 3000684 14461 0
1459947849433658 189 3070045 14731 184 3001775 14337 0
1459947849682552 188 3070837 14310 184 3002781 14143 0
1459947849927894 189 3072847 15045 184 3003708 13893 0
1459947850171357 189 3074700 15578 184 3004563 13595 0
1459947850404425 185 3071289 17504 181 3001511 15345 0
1459947850638184 186 3069424 17854 182 2999977 15559 0
1459947850877758 187 3068985 16863 182 2998563 15645 0
1459947851120697 187 3068580 15917 182 2997260 15622 0
1459947851368130 188 3069487 15509 184 2998619 15653 0
1459947851609900 187 3069043 14705 183 2998591 14454 0
1459947851851534 189 3071194 15538 184 2999846 14481 0
1459947852096711 189 3073176 16152 184 3001003 14415 0
1459947852345168 189 3075004 16575 184 3002069 14271 0
1459947852591821 190 3077969 18013 185 3004332 15242 0
1459947852833175 189 3079422 17945 184 3005138 14794 0
1459947853072185 188 3079482 16598 183 3004601 14132 0
1459947853308277 187 3078257 16429 183 3004106 13482 0
1459947853539080 187 3077128 16185 182 3002370 14028 0
1459947853775054 187 3076087 15879 183 3002049 13227 0
1459947854015737 188 3076407 14933 184 3003033 13101 0
1459947854256397 187 3075422 14673 183 3002661 12419 0
1459947854490080 186 3073234 15542 183 3002318 11764 0
1459947854727777 188 3073777 14828 183 3002001 11135 0
1459947854966141 187 3072998 14386 182 3000429 11713 0
1459947855196322 184 3068440 17463 180 2996420 14492 0
1459947855422438 181 3060398 23511 177 2988884 20305 0
1459947855646484 179 3050424 30868 176 2980657 26301 0
1459947855889524 188 3052749 30599 184 2983313 26694 0
1459947856130018 188 3054892 30184 184 2985761 26865 0
1459947856368171 187 3055588 28467 183 2986738 25667 0
1459947856604653 186 3054950 26830 182 2986359 24010 0
1459947856840858 186 3054362 25275 182 2986009 22455 0
1459947857065673 182 3048699 28519 179 2981847 24536 0
1459947857285865 181 3042199 32281 178 2976730 27336 0
1459947857523839 187 3043887 31315 183 2978412 26751 0
1459947857760753 187 3045443 30302 184 2981243 27271 0
1459947857995234 186 3045597 28076 183 2982573 26366 0
1459947858230610 186 3045739 26013 182 2982519 24355 0
1459947858468939 187 3047150 25281 182 2982469 22497 0
1459947858707615 186 3047171 23324 182 2982423 20780 0
1459947858953521 188 3049750 23879 184 2984941 21477 0
1459947859196188 188 3052128 24205 184 2987262 21939 0
1459947859435761 187 3053040 23154 183 2988122 21017 0
1459947859672287 186 3052601 21749 182 2987634 19823 0
1459947859910973 187 3053476 20856 183 2988465 19040 0
1459947860147360 187 3054283 19970 182 2987951 18025 0
1459947860378931 186 3053747 18902 182 2987477 17052 0
1459947860615772 186 3053253 17880 182 2987040 16121 0
1459947860849438 186 3052797 16902 183 2987917 15669 0
1459947861084743 186 3052377 15967 182 2987445 14878 0
1459947861318485 186 3051990 15075 182 2987010 14115 0
1459947861558939 186 3051633 14225 182 2986609 13380 0
1459947861794329 185 3050024 14596 182 2986240 12674 0
1459947862038102 188 3052380 15627 184 2988460 13729 0
1459947862276467 187 3053272 15229 182 2987946 13129 0
1459947862516658 186 3052815 14460 183 2988752 12846 0
1459947862751180 186 3052393 13718 183 2989495 12527 0
1459947862988585 186 3052004 13003 183 2990180 12180 0
1459947863223586 186 3051646 12316 183 2990812 11810 0
1459947863460895 187 3052596 12228 183 2991394 11424 0
1459947863697272 187 3053471 12079 183 2991931 11026 0
1459947863932622 186 3052998 11570 183 2992426 10620 0
1459947864171697 187 3053842 11444 183 2992882 10211 0
1459947864408759 186 3053340 11011 183 2993303 9801 0
1459947864649789 188 3055437 12083 185 2996251 11752 0
1459947864883114 187 3056090 11741 183 2996408 10978 0
1459947865115466 186 3055412 11447 183 2996553 10254 0
1459947865349913 187 3056067 11156 184 2997967 10755 0
1459947865587001 186 3055391 10906 183 2997990 9936 0
1459947865826612 186 3054768 10626 183 2998012 9179 0
1459947866062124 186 3054194 10323 183 2998032 8479 0
1459947866301391 187 3054945 10208 185 3000610 10193 0
1459947866534475 185 3053077 11131 182 2999147 10744 0
1459947866760876 186 3052635 10668 182 2997798 11146 0
1459947866990137 185 3050947 11389 181 2995275 12600 0
1459947867216346 186 3050671 10752 183 2995509 11830 0
1459947867447979 186 3050417 10145 182 2994444 11885 0
1459947867685008 186 3050183 9567 183 2994743 11231 0
1459947867913927 185 3048687 10197 182 2993738 11278 0
1459947868276935 186 3048588 9490 182 2992812 11249 0
1459947868516142 187 3049777 9844 183 2993238 10763 0
1459947868756199 187 3050873 10084 183 2993631 10284 0
1459947868993563 187 3051883 10227 184 2995273 10994 0
1459947869228691 185 3050254 10929 182 2994227 11098 0
1459947869462557 186 3050032 10278 183 2994543 10521 0
1459947869703641 187 3051108 10467 184 2996114 11147 0
1459947869940820 187 3052100 10563 183 2996282 10431 0
1459947870180515 187 3053014 10580 183 2996437 9759 0
1459947870416740 187 3053857 10530 184 2997860 10308 0
1459947870653880 186 3053354 10170 182 2996612 10652 0
1459947870890852 186 3052890 9802 183 2996741 9938 0
1459947871134142 187 3053742 9822 183 2996860 9271 0
1459947871374546 187 3054528 9779 183 2996970 8647 0
1459947871613082 185 3052693 10706 182 2995791 9057 0
1459947871852545 186 3052281 10248 183 2995984 8527 0
1459947872078314 191 3052281 10248 177 2995984 8527 1
1459947872307675 192 3052281 10248 177 2995984 8527 1
1459947872530545 190 3052281 10248 176 2995984 8527 1
1459947872752768 190 3052281 10248 175 2995984 8527 1
1459947872980437 191 3052281 10248 176 2995984 8527 1
1459947873207534 191 3052281 10248 176 2995984 8527 1
1459947873434429 190 3052281 10248 178 2995984 8527 1
1459947873655464 189 3052281 10248 177 2995984 8527 1
1459947873876701 190 3052281 10248 177 2995984 8527 1
1459947874103198 191 3052281 10248 177 2995984 8527 1
1459947874330450 192 3052281 10248 177 2995984 8527 1
1459947874555561 190 3052281 10248 176 2995984 8527 1
1459947874782520 191 3052281 10248 176 2995984 8527 1
1459947875007426 191 3052281 10248 177 2995984 8527 1
1459947875230285 190 3052281 10248 176 2995984 8527 1
1459947875451755 190 3052281 10248 176 2995984 8527 1
1459947875674592 191 3052281 10248 175 2995984 8527 1
1459947875894440 190 3052281 10248 177 2995984 8527 1
1459947876115469 189 3052281 10248 177 2995984 8527 1
1459947878774615 194 3052281 10248 180 2995984 8527 1
1459947878992084 189 3052281 10248 175 2995984 8527 1
1459947879217265 191 3052281 10248 176 2995984 8527 1
1459947879432670 188 3052281 10248 174 2995984 8527 1
1459947879654407 190 3052281 10248 176 2995984 8527 1
1459947879870673 190 3052281 10248 176 2995984 8527 1
1459947880094136 191 3052281 10248 177 2995984 8527 1
1459947880313835 189 3052281 10248 175 2995984 8527 1
1459947880533739 190 3052281 10248 176 2995984 8527 1
1459947880755332 189 3052281 10248 177 2995984 8527 1
1459947880972089 188 3052281 10248 176 2995984 8527 1
1459947881192634 189 3052281 10248 176 2995984 8527 1
1459947881415775 189 3052281 10248 176 2995984 8527 1
1459947881642381 190 3052281 10248 177 2995984 8527 1
1459947881870279 189 3052281 10248 176 2995984 8527 1
1459947882095517 191 3052281 10248 177 2995984 8527 1
1459947882320637 191 3052281 10248 177 2995984 8527 1
1459947882551622 191 3052281 10248 178 2995984 8527 1
1459947882778830 191 3052281 10248 178 2995984 8527 1
1459947883000124 190 3052281 10248 176 2995984 8527 1
1459947883217912 189 3052281 10248 177 2995984 8527 1
1459947883444100 190 3052281 10248 176 2995984 8527 1
1459947883672650 191 3052281 10248 178 2995984 8527 1
1459947883901016 191 3052281 10248 177 2995984 8527 1
1459947884132862 192 3052281 10248 178 2995984 8527 1
1459947884359967 191 3052281 10248 178 2995984 8527 1
1459947884592865 190 3052281 10248 177 2995984 8527 1
1459947884820442 190 3052281 10248 175 2995984 8527 1
1459947885047096 190 3052281 10248 176 2995984 8527 1
1459947885269509 191 3052281 10248 176 2995984 8527 1
1459947885491451 191 3052281 10248 177 2995984 8527 1
1459947885718281 189 3055741 12637 179 2991042 12415 0
1459947885945975 189 3055741 12637 176 2991042 12415 1
1459947886168561 190 3055741 12637 176 2991042 12415 1
1459947886393387 190 3060211 15770 177 2983926 18004 0
1459947886615537 190 3064332 18336 176 2976086 23823 0
1459947886835700 190 3068131 20405 176 2968859 28623 0
1459947887054318 189 3070353 20858 176 2962196 32527 0
1459947887274130 190 3073681 22296 175 2954774 36826 0
1459947887494880 191 3078029 24562 176 2949212 39075 0
1459947887722167 191 3082037 26338 177 2945364 39568 0
1459947887950930 191 3085732 27687 178 2943097 38565 0
1459947888181110 190 3087859 27484 179 2942287 36298 0
1459947888402563 190 3089820 27143 177 2938980 36509 0
1459947888628489 191 3092907 27868 176 2934652 37645 0
1459947888853043 190 3094473 27134 176 2930662 38380 0
1459947889083935 191 3097197 27525 177 2928264 37591 0
1459947889302036 190 3098428 26509 176 2924773 37871 0
1459947889526054 191 3100843 26663 177 2922835 36698 0
1459947889757682 191 3103069 26631 177 2921048 35476 0
1459947889986914 191 3105121 26442 176 2918121 35402 0
1459947890219526 192 3108293 27300 177 2916702 33943 0
1459947890444185 190 3108657 25503 177 2915394 32496 0
1459947890666646 189 3107713 24380 176 2912908 32247 0
1459947890897748 192 3110682 25212 177 2911897 30658 0
1459947891122859 191 3112139 24586 176 2909685 30301 0
1459947891343161 190 3112203 22724 176 2907645 29812 0
1459947891573442 191 3113542 22182 176 2905765 29214 0
1459947891805727 194 3118616 25127 178 2906592 27693 0
1459947892034437 191 3119454 23935 177 2906074 26006 0
1459947892259929 192 3121506 23957 177 2905596 24413 0
1459947892487272 192 3123398 23829 176 2903876 24090 0
1459947892714673 191 3123862 22395 177 2903570 22488 0
1459947892940830 190 3123010 21430 177 2903288 20990 0
1459947893169559 191 3123504 20211 178 2904308 20290 0
1459947893391269 191 3123960 19052 177 2903968 19016 0
1459947893619838 192 3125660 19130 177 2903655 17818 0
1459947893838513 191 3125947 17900 176 2902086 17870 0
1459947894062891 191 3126212 16745 176 2900640 17805 0
1459947894285467 191 3126456 15661 176 2899307 17641 0
1459947894509273 191 3126681 14645 177 2899358 16309 0
1459947894736199 192 3128169 14871 177 2899405 15077 0
1459947894957070 190 3126980 14804 175 2896888 16218 0
1459947895181917 191 3127164 13817 176 2895848 15908 0
1459947895402110 190 3126054 13759 175 2893609 16728 0
1459947895625573 190 3125031 13627 176 2892825 16142 0
1459947895858934 192 3126647 14052 177 2893383 15394 0
1459947896093784 192 3128137 14328 177 2893897 14665 0
1459947896313613 191 3128231 13294 176 2893091 14261 0
1459947896537978 191 3128317 12335 177 2893628 13641 0
1459947896762009 191 3128397 11444 176 2892843 13298 0
1459947896981984 190 3127190 11660 175 2890839 14105 0
1459947897201830 191 3127358 10904 176 2890272 13525 0
1459947897427058 193 3130073 12555 177 2891029 13166 0
1459947897655365 193 3132576 13881 177 2891727 12780 0
1459947897877125 190 3131043 14208 177 2892370 12374 0
1459947898098767 190 3129630 14400 177 2892963 11954 0
1459947898321167 191 3129607 13295 176 2892230 11695 0
1459947898552384 192 3130866 13417 178 2894114 12518 0
1459947898779274 192 3132027 13438 177 2894571 11961 0
1459947899010053 192 3133097 13374 177 2894992 11414 0
1459947899237211 192 3134083 13238 177 2895380 10880 0
1459947899459254 192 3134992 13041 176 2894458 10879 0
1459947899686253 192 3135830 12795 177 2894888 10425 0
1459947899911236 192 3136603 12507 176 2894004 10424 0
1459947900134201 191 3136035 12051 175 2891909 11539 0
1459947900353254 190 3134232 12770 177 2892538 11217 0
1459947900577778 191 3133850 12124 178 2894398 12055 0
1459947900796617 191 3133497 11500 176 2893553 11891 0
1459947901021865 192 3134452 11481 177 2894054 11424 0
1459947901243718 191 3134052 10951 176 2893236 11285 0
1459947901465491 191 3133684 10434 177 2893761 10887 0
1459947901691402 191 3133344 9930 176 2892965 10768 0
1459947901914194 191 3133031 9442 176 2892232 10601 0
1459947902133521 189 3130182 11329 175 2890276 11574 0
1459947902355847 191 3130116 10503 176 2889753 11150 0
1459947902580916 191 3130055 9737 178 2891831 12193 0
1459947902805215 190 3128719 10207 179 2895026 14186 0
1459947903024338 189 3126207 11723 176 2894132 13901 0
1459947903249546 191 3126452 11032 177 2894587 13234 0
1459947903473748 192 3127957 11558 177 2895007 12587 0
1459947903700825 192 3129345 11934 178 2896674 13140 0
1459947903927302 193 3131904 13361 178 2898211 13530 0
1459947904152013 192 3132984 13312 177 2898348 12598 0
1459947904380956 192 3133979 13189 178 2899754 12909 0
1459947904606158 192 3134896 13004 177 2899770 11915 0
1459947904838022 193 3137022 13948 178 2901065 12178 0
1459947905064050 191 3136422 13410 177 2900979 11304 0
1459947905289094 190 3134589 14051 179 2903460 12707 0
1459947905514453 191 3134179 13330 177 2903187 11965 0
1459947905736945 191 3133801 12636 176 2901655 12441 0
1459947905957346 190 3132172 13148 177 2901523 11590 0
1459947906185695 192 3133231 13096 178 2902681 11752 0
1459947906414535 192 3134207 12972 177 2902469 11028 0
1459947906642715 191 3133827 12308 177 2902273 10346 0
1459947906876038 196 3139876 16923 181 2907212 14091 0
1459947907120037 198 3148013 23101 183 2914326 19548 0
1459947907351707 195 3151674 24671 179 2915764 19345 0
1459947907573333 191 3149929 24351 176 2913249 20150 0
1459947907802817 190 3147040 25110 178 2913491 18798 0
1459947908072690 190 3144377 25602 176 2911154 19482 0
1459947908291831 190 3141922 25863 176 2909000 19944 0
1459947908517276 190 3139659 25927 176 2907014 20215 0
1459947908743911 190 3137573 25823 175 2903903 21502 0
1459947908973314 191 3136930 24397 176 2902315 21285 0
1459947909198755 191 3136337 23036 177 2902131 19790 0
1459947909428504 193 3138350 23092 177 2901962 18398 0
1459947909659421 192 3138926 21818 176 2900526 18283 0
1459947909888692 192 3139457 20602 176 2899202 18074 0
1459947910116798 190 3137386 20900 178 2900541 17896 0
1459947910340100 191 3136757 19846 178 2901776 17635 0
1459947910564866 191 3136177 18828 177 2901634 16387 0
1459947910789992 192 3136923 18044 177 2901503 15225 0
1459947911015142 192 3137610 17268 177 2901383 14145 0
1459947911237666 191 3136964 16513 176 2899992 14320 0
1459947911463396 192 3137648 15853 177 2899990 13202 0
1459947911692867 192 3138279 15195 178 2901268 13348 0
1459947911916084 192 3138860 14543 177 2901166 12398 0
1459947912144075 192 3139396 13900 178 2902352 12522 0
1459947912371705 192 3139890 13270 177 2902165 11714 0
1459947912592548 190 3137786 14172 178 2903273 11819 0
1459947912813529 190 3135846 14851 178 2904294 11837 0
1459947913035334 191 3135338 14158 177 2903956 11223 0
1459947913255899 190 3133589 14662 176 2902364 11813 0
1459947913478393 192 3134537 14390 177 2902176 11062 0
1459947913704497 191 3134131 13638 177 2902003 10355 0
1459947913926336 191 3133757 12916 176 2900564 10872 0
1459947914149449 191 3133412 12223 177 2900517 10064 0
1459947914371961 191 3133094 11560 178 2901754 10417 0
1459947914594065 192 3134081 11565 177 2901614 9731 0
1459947914818804 192 3134990 11499 177 2901485 9088 0
1459947915040762 191 3134548 11006 178 2902646 9448 0
1459947915258459 190 3132861 11700 177 2902436 8901 0
1459947915481037 191 3132586 11038 177 2902243 8382 0
1459947915700762 190 3131052 11588 176 2900785 9070 0
1459947915925350 192 3132198 11739 177 2900721 8419 0
1459947916149112 190 3130695 12206 177 2900662 7815 0
1459947916375110 192 3131869 12334 177 2900607 7253 0
1459947916599524 192 3132951 12368 177 2900557 6732 0
1459947916821660 191 3132669 11660 177 2900510 6248 0
1459947917040678 191 3132409 10988 177 2900467 5797 0
1459947917260260 191 3132169 10349 177 2900428 5379 0
1459947917488849 192 3133228 10516 178 2901672 6104 0
1459947917720245 192 3134204 10594 179 2904098 7864 0
1459947917948266 191 3133824 10116 178 2905055 8131 0
1459947918166184 189 3130914 12007 176 2903377 9041 0
1459947918384467 190 3129511 12361 176 2901830 9759 0
1459947918610528 191 3129497 11406 177 2901684 9130 0
1459947918838283 192 3130765 11682 178 2902829 9472 0
1459947919070890 195 3135773 15386 180 2906445 12065 0
1459947919290327 190 3133990 15825 176 2904658 12768 0
1459947919514664 191 3133627 14922 176 2903011 13287 0
1459947919745728 192 3134572 14627 177 2902773 12467 0
1459947919971612 191 3134163 13860 177 2902553 11694 0
1459947920190642 190 3132506 14304 177 2902351 10966 0
1459947920412555 191 3132258 13413 177 2902164 10280 0
1459947920637509 192 3133310 13335 177 2901992 9634 0
1459947920855862 190 3131720 13758 175 2899273 11386 0
1459947921076755 190 3130254 14034 176 2898047 11625 0
1459947921299889 191 3130182 13002 176 2896917 11757 0
1459947921522404 191 3130116 12046 176 2895875 11798 0
1459947921746691 191 3130055 11159 176 2894914 11761 0
1459947921971411 192 3131279 11415 177 2895308 11206 0
1459947922200349 191 3131127 10662 178 2896952 11845 0
1459947922429935 192 3132267 10880 178 2898467 12316 0
1459947922662251 192 3133318 10999 178 2899864 12641 0
1459947922894260 192 3134287 11032 178 2901152 12840 0
1459947923124387 193 3136460 12174 178 2902339 12930 0
1459947923351058 191 3135904 11734 177 2902153 12089 0
1459947923575528 191 3135391 11289 176 2900702 12481 0
1459947923798202 191 3134918 10842 176 2899364 12737 0
1459947924023002 191 3134482 10395 177 2899411 11784 0
1459947924249333 190 3132800 11132 177 2899454 10903 0
1459947924478113 192 3133810 11193 177 2899494 10088 0
1459947924708875 191 3133461 10639 177 2899531 9333 0
1459947924936446 190 3131859 11283 178 2900845 9814 0
1459947925158565 190 3130382 11762 176 2899496 10290 0
1459947925389633 192 3131580 11948 177 2899532 9520 0
1459947925615797 191 3131405 11175 176 2898286 9924 0
1459947925836836 190 3129963 11629 177 2898417 9269 0
1459947926063740 191 3129914 10764 177 2898538 8655 0
1459947926291446 192 3131149 11061 178 2899929 9261 0
1459947926515298 190 3129727 11505 176 2898652 9714 0
1459947926736284 190 3128417 11813 176 2897474 10040 0
1459947926962455 190 3127209 12003 176 2896388 10255 0
1459947927190185 190 3126095 12091 178 2897947 10890 0
1459947927418712 190 3125068 12091 178 2899384 11364 0
1459947927640053 190 3124122 12018 176 2898149 11613 0
1459947927861313 190 3123249 11882 175 2895731 12933 0
1459947928081192 189 3121165 12874 175 2893502 13976 0
1459947928303042 190 3120523 12458 176 2892727 13598 0
1459947928526470 189 3118652 13208 174 2889452 15553 0
1459947928753211 191 3119487 12946 176 2888993 14759 0
1459947928981406 191 3120257 12643 177 2889850 14395 0
1459947929203267 190 3119686 12180 176 2889360 13721 0
1459947929425350 189 3117880 12892 176 2888908 13064 0
1459947929648408 190 3117495 12238 177 2889772 12839 0
1459947929869800 190 3117140 11607 178 2891848 13749 0
1459947930089440 189 3115533 12181 176 2891202 13269 0
1459947930315041 191 3116611 12223 177 2891886 12863 0
1459947930540840 192 3118885 13365 177 2892517 12440 0
1459947930777543 186 3113302 17466 182 2899499 17904 0
1459947931017743 187 3109435 19665 182 2905935 22438 0
1459947931253227 186 3104590 22594 181 2910588 24975 0
1459947931489924 187 3101403 23765 183 2917438 29338 0
1459947931719530 185 3095905 26975 181 2921193 30506 0
1459947931960332 186 3092117 28358 182 2925934 32493 0
1459947932195475 186 3088625 29360 183 2931585 35163 0
1459947932435783 186 3085406 30033 182 2935514 36037 0
1459947932677031 186 3082438 30421 182 2939136 36561 0
1459947932917828 187 3080982 29385 183 2943756 37963 0
1459947933160630 187 3079640 28325 183 2948015 38923 0
1459947933402941 187 3078403 27252 182 2950661 38321 0
1459947933645334 186 3075982 27353 182 2953100 37576 0
1459947933884200 187 3075030 26092 181 2954069 35533 0
1459947934127627 187 3074153 24861 182 2956242 34759 0
1459947934375171 187 3073344 23663 183 2959525 35070 0
1459947934623237 188 3073879 22307 183 2962552 35120 0
1459947934858711 185 3070532 23649 181 2962782 32588 0
1459947935097687 187 3070006 22285 182 2964274 31418 0
1459947935331845 186 3068241 22169 182 2965650 30231 0
1459947935569889 186 3066614 21936 182 2966918 29038 0
1459947935809042 186 3065114 21604 183 2969367 29027 0
1459947936045271 186 3063731 21189 182 2970345 27660 0
1459947936282564 185 3061177 21887 182 2971246 26330 0
1459947936521929 186 3060102 21167 182 2972077 25038 0
1459947936762667 187 3060391 19779 182 2972843 23787 0
1459947937006152 186 3059377 19166 182 2973549 22579 0
1459947937252462 187 3059723 17987 183 2975480 22595 0
1459947937502177 192 3066442 22775 187 2982380 27190 0
1459947937760434 194 3075196 29065 190 2992581 34469 0
1459947938012214 190 3078146 29513 186 2996865 35725 0
1459947938253318 187 3077025 28239 183 2996974 33034 0
1459947938494528 186 3074712 28163 182 2995795 31539 0
1459947938734387 186 3072580 27927 182 2994708 30076 0
1459947938972451 187 3071894 26376 182 2993706 28649 0
1459947939215069 187 3071262 24897 182 2992782 27261 0
1459947939444549 185 3068119 25847 181 2990650 27095 0
1459947939681545 185 3065222 26497 180 2987405 27969 0
1459947939921487 186 3063831 25707 182 2986973 26180 0
1459947942184864 187 3063829 23699 184 2989135 26127 0
1459947942419374 186 3062547 23028 182 2988568 24606 0
1459947942653433 186 3061365 22317 182 2988046 23164 0
1459947942886347 185 3058995 22756 180 2985004 24157 0
1459947943124811 186 3058091 21811 181 2983480 23673 0
1459947943368698 188 3059817 21698 182 2983355 21937 0
1459947943610318 187 3060128 20289 182 2983240 20328 0
1459947943851811 187 3060415 18968 183 2984414 19821 0
1459947944091820 186 3059400 18421 182 2984216 18453 0
1459947944333422 188 3061024 18478 184 2986594 19203 0
1459947944575829 187 3061241 17234 182 2986226 18040 0
1459947944813224 186 3060161 16882 182 2985887 16942 0
1459947945046813 186 3059165 16480 182 2985574 15905 0
1459947945288217 188 3060807 16706 182 2985286 14927 0
1459947945526161 187 3061041 15616 182 2985020 14004 0
1459947945765551 187 3061257 14595 182 2984775 13134 0
1459947946000313 185 3058896 15630 181 2983269 13494 0
1459947946242345 187 3059279 14761 181 2981881 13718 0
1459947946475880 186 3058352 14460 180 2979321 15005 0
1459947946710586 186 3057498 14117 181 2978241 14827 0
1459947946949678 186 3056710 13739 183 2979805 15110 0
1459947947187233 186 3055984 13333 182 2979967 14079 0
1459947947417469 186 3055315 12907 181 2978837 14020 0
1459947947657901 187 3055978 12509 182 2979075 13143 0
1459947947891536 185 3054029 13327 181 2978014 13093 0
1459947948122245 185 3052232 13940 182 2978316 12349 0
1459947948361836 186 3051856 13196 183 2979875 12821 0
1459947948604732 191 3057909 17745 187 2986432 17864 0
1459947948840824 186 3057089 17113 183 2987357 17320 0
1459947949066207 184 3053773 18832 180 2984369 18719 0
1459947949295430 185 3051996 18997 181 2982895 18614 0
1459947949536180 186 3051638 17841 181 2981536 18411 0
1459947949773033 186 3051308 16750 182 2981563 16997 0
1459947950007295 184 3048444 18080 181 2980308 16825 0
1459947950239549 185 3047084 17920 181 2979151 16576 0
1459947950471645 185 3045830 17675 180 2976804 17443 0
1459947950704538 185 3044674 17359 181 2975921 16893 0
1459947950934078 184 3042328 18163 180 2973827 17503 0
1459947951162400 185 3041446 17556 181 2973176 16734 0
1459947951389663 184 3039353 18113 180 2971296 17158 0
1459947951614092 183 3036143 19655 179 2968283 18594 0
1459947951843871 185 3035744 18486 180 2966785 18521 0
1459947952074864 184 3034096 18559 180 2965404 18346 0
1459947952304950 185 3033857 17329 180 2964131 18084 0
1459947952540136 186 3034916 16952 181 2964238 16769 0
1459947952775102 185 3034613 15906 180 2963056 16546 0
1459947953004972 185 3034333 14920 180 2961967 16256 0
1459947953240196 184 3032795 15171 180 2960963 15911 0
1459947953469757 184 3031377 15291 180 2960037 15519 0
1459947953704538 185 3031350 14120 182 2961744 15879 0
1459947953936378 184 3030045 14218 181 2962037 14908 0
1459947954164800 184 3028842 14215 181 2962307 13992 0
1459947954396690 185 3029013 13262 181 2962556 13128 0
1459947954627155 184 3027891 13258 181 2962786 12314 0
1459947954866971 185 3028137 12448 183 2965558 13906 0
1459947955104522 185 3028363 11684 181 2965553 12822 0
1459947955344356 186 3029852 12143 182 2966829 12996 0
1459947955586455 186 3031224 12459 182 2968005 13064 0
1459947955826249 186 3032489 12651 183 2970369 14222 0
1459947956061497 185 3032375 11766 182 2971268 13939 0
1459947956299727 186 3033550 11929 183 2973377 14794 0
1459947956533798 185 3033353 11177 182 2974041 14251 0
1459947956771208 185 3033172 10469 181 2973374 13751 0
1459947957006761 185 3033005 9804 181 2972759 13242 0
1459947957244165 186 3034131 10076 182 2973472 12864 0
1459947957474964 184 3032609 10690 181 2972849 12432 0
1459947957717730 186 3033766 10921 183 2974835 13291 0
1459947957956807 186 3034833 11050 182 2975386 12759 0
1459947958183697 183 3031976 12819 179 2972053 14833 0
1459947958401713 178 3031976 12819 174 2972053 14833 1
1459947958636506 186 3033182 12929 181 2971541 14145 0
1459947958875777 185 3033014 12072 183 2973629 14964 0
1459947959113733 186 3034139 12165 182 2974274 14388 0
1459947959352876 186 3035176 12170 182 2974868 13811 0
1459947959589346 185 3034852 11516 182 2975416 13237 0
1459947959828058 187 3037114 12701 182 2975921 12668 0
1459947960070854 188 3040479 14810 183 2977667 13287 0
1459947960308361 186 3041021 14152 182 2977996 12552 0
1459947960551555 187 3042801 14687 182 2978300 11851 0
1459947960792864 187 3044442 15051 183 2979860 12363 0
1459947961029113 185 3043394 14840 182 2980018 11543 0
1459947961271572 187 3044988 15150 183 2981444 11955 0
1459947961510876 186 3045178 14141 182 2981478 11053 0
1459947961747525 185 3044073 14054 182 2981510 10218 0
1459947961988570 187 3045614 14377 182 2981539 9446 0
1459947962217922 186 3045755 13383 182 2981566 8733 0
