1459947780236776 186 183 
1459947780472744 185 182 
1459947780704450 185 182 
1459947780942317 185 183 
1459947781184105 188 184 
1459947781424639 186 183 
1459947781661670 187 184 
1459947781936726 187 184 
1459947782172911 185 183 
1459947782413553 186 184 
1459947782651876 186 183 
1459947782891308 186 185 
1459947783132131 187 185 
1459947783368071 186 184 
1459947783609577 189 187 
1459947783855122 191 189 
1459947784102216 191 188 
1459947784350621 191 188 
1459947784586952 185 183 
1459947784825143 186 183 
1459947785060165 185 182 
1459947785298704 186 183 
1459947785538296 186 183 
1459947785783908 186 183 
1459947786025158 187 183 
1459947786267738 187 184 
1459947786502828 186 182 
1459947786746109 187 184 
1459947786980092 187 183 
1459947787215867 187 183 
1459947787458412 187 184 
1459947787707150 188 183 
1459947787951596 187 183 
1459947788197256 187 183 
1459947788434640 186 181 
1459947788674300 186 182 
1459947788912981 186 182 
1459947789150523 187 182 
1459947789391858 186 182 
1459947789630011 185 182 
1459947789867974 185 181 
1459947790105765 187 182 
1459947790343512 186 181 
1459947790580702 186 182 
1459947790819485 187 184 
1459947791055646 186 182 
1459947791293704 186 183 
1459947791531435 186 182 
1459947791774065 188 183 
1459947792014759 187 183 
1459947792255651 186 182 
1459947792495789 186 182 
1459947792734759 186 182 
1459947792978642 186 182 
1459947793221580 186 181 
1459947793459889 185 182 
1459947793698213 185 181 
1459947793938123 187 182 
1459947794172273 186 182 
1459947794408050 186 182 
1459947794647468 185 183 
1459947794888221 186 183 
1459947795129450 186 183 
1459947795367245 186 183 
1459947795608387 186 184 
1459947795848859 186 184 
1459947796090140 187 184 
1459947796327624 187 184 
1459947796560496 186 183 
1459947796787604 183 180 
1459947797012000 182 180 
1459947797249655 185 182 
1459947797480120 184 181 
1459947797714035 184 181 
1459947797945733 184 180 
1459947798183071 184 181 
1459947798424497 187 183 
1459947798663093 185 182 
1459947798907596 186 182 
1459947799146364 185 182 
1459947799385751 185 181 
1459947799620582 185 181 
1459947799855533 185 180 
1459947800088737 184 180 
1459947800319509 185 180 
1459947800560433 185 181 
1459947800797371 185 182 
1459947801036176 186 181 
1459947801272875 186 181 
1459947801511469 186 182 
1459947801752851 186 181 
1459947801987640 186 181 
1459947802232209 187 182 
1459947802470940 186 182 
1459947802704655 185 181 
1459947802945458 186 182 
1459947803191636 187 182 
1459947803429472 185 181 
1459947803666160 185 181 
1459947803900258 185 181 
1459947804140676 185 182 
1459947804377757 185 182 
1459947804618256 186 183 
1459947804852663 185 182 
1459947805087006 186 183 
1459947805321276 185 181 
1459947805558830 185 183 
1459947805799460 186 183 
1459947806035478 185 182 
1459947806276034 186 182 
1459947806520855 188 184 
1459947806765615 187 182 
1459947807001957 187 183 
1459947807244229 187 183 
1459947807488642 187 183 
1459947807738578 188 183 
1459947807982960 186 182 
1459947808225266 187 183 
1459947808467197 187 184 
1459947808707856 186 182 
1459947808949294 186 183 
1459947809195878 187 182 
1459947809431937 185 182 
1459947809681824 188 184 
1459947809933037 188 184 
1459947810178137 187 183 
1459947810471693 187 184 
1459947810712527 186 183 
1459947810955976 187 184 
1459947811197470 186 182 
1459947811439639 187 182 
1459947811685040 187 182 
1459947811930219 186 181 
1459947812174145 187 182 
1459947812420183 187 182 
1459947812663272 186 182 
1459947812914609 187 183 
1459947813158278 187 183 
1459947813396124 185 181 
1459947813638392 186 182 
1459947813877032 186 182 
1459947814114106 186 182 
1459947814357219 187 183 
1459947814616558 194 190 
1459947814872649 194 190 
1459947815133765 194 191 
1459947815376752 187 183 
1459947815619192 186 182 
1459947815860076 186 184 
1459947816104034 186 183 
1459947816339692 185 181 
1459947816582705 186 183 
1459947816825542 186 183 
1459947817065977 187 182 
1459947817305073 186 182 
1459947817544895 186 182 
1459947817781335 186 182 
1459947818021418 186 182 
1459947818262012 186 183 
1459947818511479 187 184 
1459947818752279 186 183 
1459947818995960 186 183 
1459947819239874 186 183 
1459947819482802 187 183 
1459947819725339 187 183 
1459947819972302 188 183 
1459947820222363 188 184 
1459947820469901 187 184 
1459947820717520 188 185 
1459947820959430 186 183 
1459947821197724 185 181 
1459947821440772 187 183 
1459947821680139 186 182 
1459947821918165 186 181 
1459947822147882 184 181 
1459947822384771 186 182 
1459947822617138 185 182 
1459947822854938 186 182 
1459947823092964 186 184 
1459947823329886 186 182 
1459947823564373 185 182 
1459947823801710 185 182 
1459947824044495 187 183 
1459947824284004 188 183 
1459947824523094 186 182 
1459947824762278 186 183 
1459947824994470 186 182 
1459947825231912 186 182 
1459947825473448 186 183 
1459947825708822 186 182 
1459947825943109 185 182 
1459947826179951 186 183 
1459947826420114 185 183 
1459947826658684 186 182 
1459947826892450 185 180 
1459947827126740 186 182 
1459947827364992 186 182 
1459947827604124 186 183 
1459947827840381 185 182 
1459947828072189 185 182 
1459947828305950 184 181 
1459947828543908 186 183 
1459947828784053 187 184 
1459947829024355 187 183 
1459947829264711 187 182 
1459947829500930 186 182 
1459947829734946 186 182 
1459947829967925 185 181 
1459947830200145 185 180 
1459947830432252 185 181 
1459947830676213 187 183 
1459947830916481 187 183 
1459947831165520 186 182 
1459947831408308 186 182 
1459947831652213 186 182 
1459947831897556 187 183 
1459947832138023 186 183 
1459947832377319 186 182 
1459947832617609 185 182 
1459947832862040 187 183 
1459947833105838 186 183 
1459947833350888 186 183 
1459947833592836 186 183 
1459947833833453 185 182 
1459947834076205 186 183 
1459947834320936 187 183 
1459947834564944 186 183 
1459947834811972 187 183 
1459947835052745 187 182 
1459947835299265 187 183 
1459947835550005 187 184 
1459947835793342 186 182 
1459947836033187 186 182 
1459947836269258 186 183 
1459947836514234 187 184 
1459947836751952 187 183 
1459947836991973 186 183 
1459947837226234 186 183 
1459947837464561 186 183 
1459947837705981 186 182 
1459947837942758 186 182 
1459947838180424 187 183 
1459947838424482 187 183 
1459947838666254 186 183 
1459947838906957 187 184 
1459947839146712 187 183 
1459947839378316 185 182 
1459947839620236 187 183 
1459947839851788 185 182 
1459947840087231 186 183 
1459947840318409 186 183 
1459947840546909 183 180 
1459947840786451 187 184 
1459947841020519 186 182 
1459947841249469 186 182 
1459947841484928 187 183 
1459947841716901 186 182 
1459947841950447 187 182 
1459947842190370 188 183 
1459947842423081 187 181 
1459947842663362 188 182 
1459947842902175 188 184 
1459947843143644 188 185 
1459947843385619 187 183 
1459947843627687 188 184 
1459947845850618 195 190 
1459947846089260 190 186 
1459947846319002 186 182 
1459947846554142 187 183 
1459947846791727 188 184 
1459947847027506 187 184 
1459947847264421 188 185 
1459947847501204 187 184 
1459947847734483 187 183 
1459947847969362 186 182 
1459947848210789 188 184 
1459947848451955 187 183 
1459947848689281 186 181 
1459947848935071 188 183 
1459947849185693 189 184 
1459947849433658 189 184 
1459947849682552 188 184 
1459947849927894 189 184 
1459947850171357 189 184 
1459947850404425 185 181 
1459947850638184 186 182 
1459947850877758 187 182 
1459947851120697 187 182 
1459947851368130 188 184 
1459947851609900 187 183 
1459947851851534 189 184 
1459947852096711 189 184 
1459947852345168 189 184 
1459947852591821 190 185 
1459947852833175 189 184 
1459947853072185 188 183 
1459947853308277 187 183 
1459947853539080 187 182 
1459947853775054 187 183 
1459947854015737 188 184 
1459947854256397 187 183 
1459947854490080 186 183 
1459947854727777 188 183 
1459947854966141 187 182 
1459947855196322 184 180 
1459947855422438 181 177 
1459947855646484 179 176 
1459947855889524 188 184 
1459947856130018 188 184 
1459947856368171 187 183 
1459947856604653 186 182 
1459947856840858 186 182 
1459947857065673 182 179 
1459947857285865 181 178 
1459947857523839 187 183 
1459947857760753 187 184 
1459947857995234 186 183 
1459947858230610 186 182 
1459947858468939 187 182 
1459947858707615 186 182 
1459947858953521 188 184 
1459947859196188 188 184 
1459947859435761 187 183 
1459947859672287 186 182 
1459947859910973 187 183 
1459947860147360 187 182 
1459947860378931 186 182 
1459947860615772 186 182 
1459947860849438 186 183 
1459947861084743 186 182 
1459947861318485 186 182 
1459947861558939 186 182 
1459947861794329 185 182 
1459947862038102 188 184 
1459947862276467 187 182 
1459947862516658 186 183 
1459947862751180 186 183 
1459947862988585 186 183 
1459947863223586 186 183 
1459947863460895 187 183 
1459947863697272 187 183 
1459947863932622 186 183 
1459947864171697 187 183 
1459947864408759 186 183 
1459947864649789 188 185 
1459947864883114 187 183 
1459947865115466 186 183 
1459947865349913 187 184 
1459947865587001 186 183 
1459947865826612 186 183 
1459947866062124 186 183 
1459947866301391 187 185 
1459947866534475 185 182 
1459947866760876 186 182 
1459947866990137 185 181 
1459947867216346 186 183 
1459947867447979 186 182 
1459947867685008 186 183 
1459947867913927 185 182 
1459947868276935 186 182 
1459947868516142 187 183 
1459947868756199 187 183 
1459947868993563 187 184 
1459947869228691 185 182 
1459947869462557 186 183 
1459947869703641 187 184 
1459947869940820 187 183 
1459947870180515 187 183 
1459947870416740 187 184 
1459947870653880 186 182 
1459947870890852 186 183 
1459947871134142 187 183 
1459947871374546 187 183 
1459947871613082 185 182 
1459947871852545 186 183 
1459947872078314 191 177 
1459947872307675 192 177 
1459947872530545 190 176 
1459947872752768 190 175 
1459947872980437 191 176 
1459947873207534 191 176 
1459947873434429 190 178 
1459947873655464 189 177 
1459947873876701 190 177 
1459947874103198 191 177 
1459947874330450 192 177 
1459947874555561 190 176 
1459947874782520 191 176 
1459947875007426 191 177 
1459947875230285 190 176 
1459947875451755 190 176 
1459947875674592 191 175 
1459947875894440 190 177 
1459947876115469 189 177 
1459947878774615 194 180 
1459947878992084 189 175 
1459947879217265 191 176 
1459947879432670 188 174 
1459947879654407 190 176 
1459947879870673 190 176 
1459947880094136 191 177 
1459947880313835 189 175 
1459947880533739 190 176 
1459947880755332 189 177 
1459947880972089 188 176 
1459947881192634 189 176 
1459947881415775 189 176 
1459947881642381 190 177 
1459947881870279 189 176 
1459947882095517 191 177 
1459947882320637 191 177 
1459947882551622 191 178 
1459947882778830 191 178 
1459947883000124 190 176 
1459947883217912 189 177 
1459947883444100 190 176 
1459947883672650 191 178 
1459947883901016 191 177 
1459947884132862 192 178 
1459947884359967 191 178 
1459947884592865 190 177 
1459947884820442 190 175 
1459947885047096 190 176 
1459947885269509 191 176 
1459947885491451 191 177 
1459947885718281 189 179 
1459947885945975 189 176 
1459947886168561 190 176 
1459947886393387 190 177 
1459947886615537 190 176 
1459947886835700 190 176 
1459947887054318 189 176 
1459947887274130 190 175 
1459947887494880 191 176 
1459947887722167 191 177 
1459947887950930 191 178 
1459947888181110 190 179 
1459947888402563 190 177 
1459947888628489 191 176 
1459947888853043 190 176 
1459947889083935 191 177 
1459947889302036 190 176 
1459947889526054 191 177 
1459947889757682 191 177 
1459947889986914 191 176 
1459947890219526 192 177 
1459947890444185 190 177 
1459947890666646 189 176 
1459947890897748 192 177 
1459947891122859 191 176 
1459947891343161 190 176 
1459947891573442 191 176 
1459947891805727 194 178 
1459947892034437 191 177 
1459947892259929 192 177 
1459947892487272 192 176 
1459947892714673 191 177 
1459947892940830 190 177 
1459947893169559 191 178 
1459947893391269 191 177 
1459947893619838 192 177 
1459947893838513 191 176 
1459947894062891 191 176 
1459947894285467 191 176 
1459947894509273 191 177 
1459947894736199 192 177 
1459947894957070 190 175 
1459947895181917 191 176 
1459947895402110 190 175 
1459947895625573 190 176 
1459947895858934 192 177 
1459947896093784 192 177 
1459947896313613 191 176 
1459947896537978 191 177 
1459947896762009 191 176 
1459947896981984 190 175 
1459947897201830 191 176 
1459947897427058 193 177 
1459947897655365 193 177 
1459947897877125 190 177 
1459947898098767 190 177 
1459947898321167 191 176 
1459947898552384 192 178 
1459947898779274 192 177 
1459947899010053 192 177 
1459947899237211 192 177 
1459947899459254 192 176 
1459947899686253 192 177 
1459947899911236 192 176 
1459947900134201 191 175 
1459947900353254 190 177 
1459947900577778 191 178 
1459947900796617 191 176 
1459947901021865 192 177 
1459947901243718 191 176 
1459947901465491 191 177 
1459947901691402 191 176 
1459947901914194 191 176 
1459947902133521 189 175 
1459947902355847 191 176 
1459947902580916 191 178 
1459947902805215 190 179 
1459947903024338 189 176 
1459947903249546 191 177 
1459947903473748 192 177 
1459947903700825 192 178 
1459947903927302 193 178 
1459947904152013 192 177 
1459947904380956 192 178 
1459947904606158 192 177 
1459947904838022 193 178 
1459947905064050 191 177 
1459947905289094 190 179 
1459947905514453 191 177 
1459947905736945 191 176 
1459947905957346 190 177 
1459947906185695 192 178 
1459947906414535 192 177 
1459947906642715 191 177 
1459947906876038 196 181 
1459947907120037 198 183 
1459947907351707 195 179 
1459947907573333 191 176 
1459947907802817 190 178 
1459947908072690 190 176 
1459947908291831 190 176 
1459947908517276 190 176 
1459947908743911 190 175 
1459947908973314 191 176 
1459947909198755 191 177 
1459947909428504 193 177 
1459947909659421 192 176 
1459947909888692 192 176 
1459947910116798 190 178 
1459947910340100 191 178 
1459947910564866 191 177 
1459947910789992 192 177 
1459947911015142 192 177 
1459947911237666 191 176 
1459947911463396 192 177 
1459947911692867 192 178 
1459947911916084 192 177 
1459947912144075 192 178 
1459947912371705 192 177 
1459947912592548 190 178 
1459947912813529 190 178 
1459947913035334 191 177 
1459947913255899 190 176 
1459947913478393 192 177 
1459947913704497 191 177 
1459947913926336 191 176 
1459947914149449 191 177 
1459947914371961 191 178 
1459947914594065 192 177 
1459947914818804 192 177 
1459947915040762 191 178 
1459947915258459 190 177 
1459947915481037 191 177 
1459947915700762 190 176 
1459947915925350 192 177 
1459947916149112 190 177 
1459947916375110 192 177 
1459947916599524 192 177 
1459947916821660 191 177 
1459947917040678 191 177 
1459947917260260 191 177 
1459947917488849 192 178 
1459947917720245 192 179 
1459947917948266 191 178 
1459947918166184 189 176 
1459947918384467 190 176 
1459947918610528 191 177 
1459947918838283 192 178 
1459947919070890 195 180 
1459947919290327 190 176 
1459947919514664 191 176 
1459947919745728 192 177 
1459947919971612 191 177 
1459947920190642 190 177 
1459947920412555 191 177 
1459947920637509 192 177 
1459947920855862 190 175 
1459947921076755 190 176 
1459947921299889 191 176 
1459947921522404 191 176 
1459947921746691 191 176 
1459947921971411 192 177 
1459947922200349 191 178 
1459947922429935 192 178 
1459947922662251 192 178 
1459947922894260 192 178 
1459947923124387 193 178 
1459947923351058 191 177 
1459947923575528 191 176 
1459947923798202 191 176 
1459947924023002 191 177 
1459947924249333 190 177 
1459947924478113 192 177 
1459947924708875 191 177 
1459947924936446 190 178 
1459947925158565 190 176 
1459947925389633 192 177 
1459947925615797 191 176 
1459947925836836 190 177 
1459947926063740 191 177 
1459947926291446 192 178 
1459947926515298 190 176 
1459947926736284 190 176 
1459947926962455 190 176 
1459947927190185 190 178 
1459947927418712 190 178 
1459947927640053 190 176 
1459947927861313 190 175 
1459947928081192 189 175 
1459947928303042 190 176 
1459947928526470 189 174 
1459947928753211 191 176 
1459947928981406 191 177 
1459947929203267 190 176 
1459947929425350 189 176 
1459947929648408 190 177 
1459947929869800 190 178 
1459947930089440 189 176 
1459947930315041 191 177 
1459947930540840 192 177 
1459947930777543 186 182 
1459947931017743 187 182 
1459947931253227 186 181 
1459947931489924 187 183 
1459947931719530 185 181 
1459947931960332 186 182 
1459947932195475 186 183 
1459947932435783 186 182 
1459947932677031 186 182 
1459947932917828 187 183 
1459947933160630 187 183 
1459947933402941 187 182 
1459947933645334 186 182 
1459947933884200 187 181 
1459947934127627 187 182 
1459947934375171 187 183 
1459947934623237 188 183 
1459947934858711 185 181 
1459947935097687 187 182 
1459947935331845 186 182 
1459947935569889 186 182 
1459947935809042 186 183 
1459947936045271 186 182 
1459947936282564 185 182 
1459947936521929 186 182 
1459947936762667 187 182 
1459947937006152 186 182 
1459947937252462 187 183 
1459947937502177 192 187 
1459947937760434 194 190 
1459947938012214 190 186 
1459947938253318 187 183 
1459947938494528 186 182 
1459947938734387 186 182 
1459947938972451 187 182 
1459947939215069 187 182 
1459947939444549 185 181 
1459947939681545 185 180 
1459947939921487 186 182 
1459947942184864 187 184 
1459947942419374 186 182 
1459947942653433 186 182 
1459947942886347 185 180 
1459947943124811 186 181 
1459947943368698 188 182 
1459947943610318 187 182 
1459947943851811 187 183 
1459947944091820 186 182 
1459947944333422 188 184 
1459947944575829 187 182 
1459947944813224 186 182 
1459947945046813 186 182 
1459947945288217 188 182 
1459947945526161 187 182 
1459947945765551 187 182 
1459947946000313 185 181 
1459947946242345 187 181 
1459947946475880 186 180 
1459947946710586 186 181 
1459947946949678 186 183 
1459947947187233 186 182 
1459947947417469 186 181 
1459947947657901 187 182 
1459947947891536 185 181 
1459947948122245 185 182 
1459947948361836 186 183 
1459947948604732 191 187 
1459947948840824 186 183 
1459947949066207 184 180 
1459947949295430 185 181 
1459947949536180 186 181 
1459947949773033 186 182 
1459947950007295 184 181 
1459947950239549 185 181 
1459947950471645 185 180 
1459947950704538 185 181 
1459947950934078 184 180 
1459947951162400 185 181 
1459947951389663 184 180 
1459947951614092 183 179 
1459947951843871 185 180 
1459947952074864 184 180 
1459947952304950 185 180 
1459947952540136 186 181 
1459947952775102 185 180 
1459947953004972 185 180 
1459947953240196 184 180 
1459947953469757 184 180 
1459947953704538 185 182 
1459947953936378 184 181 
1459947954164800 184 181 
1459947954396690 185 181 
1459947954627155 184 181 
1459947954866971 185 183 
1459947955104522 185 181 
1459947955344356 186 182 
1459947955586455 186 182 
1459947955826249 186 183 
1459947956061497 185 182 
1459947956299727 186 183 
1459947956533798 185 182 
1459947956771208 185 181 
1459947957006761 185 181 
1459947957244165 186 182 
1459947957474964 184 181 
1459947957717730 186 183 
1459947957956807 186 182 
1459947958183697 183 179 
1459947958401713 178 174 
1459947958636506 186 181 
1459947958875777 185 183 
1459947959113733 186 182 
1459947959352876 186 182 
1459947959589346 185 182 
1459947959828058 187 182 
1459947960070854 188 183 
1459947960308361 186 182 
1459947960551555 187 182 
1459947960792864 187 183 
1459947961029113 185 182 
1459947961271572 187 183 
1459947961510876 186 182 
1459947961747525 185 182 
1459947961988570 187 182 
1459947962217922 186 182 
