<<<<<<< HEAD
version https://git-lfs.github.com/spec/v1
oid sha256:1cd82bab55d3040c05afadb868d61301d7604acecfa82a7dba3dabc267aceadd
size 9984
=======
1459947780058037 174 171 
1459947780116397 175 172 
1459947780176066 176 172 
1459947780236776 175 172 
1459947780295438 173 171 
1459947780355029 174 171 
1459947780412878 173 171 
1459947780472744 176 172 
1459947780530469 173 170 
1459947780588764 174 171 
1459947780646661 173 170 
1459947780704450 175 172 
1459947780763067 175 172 
1459947780823625 175 172 
1459947780882628 173 170 
1459947780942317 175 172 
1459947781004466 176 173 
1459947781065088 177 173 
1459947781125360 176 172 
1459947781184105 175 172 
1459947781244012 175 172 
1459947781305065 177 173 
1459947781366350 176 173 
1459947781424639 174 171 
1459947781484534 177 174 
1459947781543852 176 174 
1459947781602064 174 171 
1459947781661670 175 172 
1459947781721384 177 173 
1459947781781377 176 173 
1459947781876555 176 173 
1459947781936726 175 174 
1459947781995520 174 172 
1459947782053765 174 170 
1459947782113015 175 173 
1459947782172911 175 173 
1459947782233448 175 172 
1459947782293867 176 173 
1459947782353632 176 173 
1459947782413553 175 172 
1459947782475970 177 174 
1459947782536022 175 172 
1459947782593883 175 172 
1459947782651876 175 171 
1459947782711560 175 173 
1459947782773684 176 173 
1459947782832349 176 174 
1459947782891308 176 173 
1459947782950717 176 173 
1459947783013630 177 175 
1459947783074230 176 173 
1459947783132131 175 172 
1459947783191250 175 173 
1459947783248182 175 172 
1459947783308309 176 173 
1459947783368071 176 173 
1459947783425390 173 171 
1459947783484795 176 173 
1459947783546682 181 179 
1459947783609577 181 179 
1459947783670708 180 178 
1459947783732491 180 177 
1459947783793290 180 177 
1459947783855122 179 176 
1459947783917619 179 177 
1459947783978642 179 177 
1459947784038739 180 176 
1459947784102216 182 178 
1459947784163414 180 177 
1459947784228800 183 179 
1459947784290005 179 175 
1459947784350621 177 174 
1459947784408795 174 172 
1459947784466956 174 171 
1459947784527996 176 173 
1459947784586952 174 172 
1459947784646731 175 173 
1459947784705667 175 173 
1459947784765505 175 172 
1459947784825143 175 172 
1459947784883760 175 172 
1459947784944618 175 172 
1459947785003681 175 172 
1459947785060165 172 169 
1459947785118543 174 171 
1459947785177819 176 173 
1459947785237837 175 172 
1459947785298704 176 173 
1459947785359750 177 173 
1459947785419575 175 172 
1459947785478485 175 172 
1459947785538296 173 170 
1459947785599821 175 171 
1459947785660827 176 172 
1459947785720777 175 173 
1459947785783908 176 173 
1459947785843944 176 172 
1459947785903722 175 172 
1459947785963494 176 171 
1459947786025158 177 175 
1459947786087963 177 174 
1459947786149892 177 174 
1459947786207993 173 170 
1459947786267738 176 172 
1459947786327763 176 172 
1459947786385731 174 171 
1459947786444117 174 171 
1459947786502828 176 172 
1459947786563899 177 173 
1459947786624322 176 173 
1459947786684910 177 173 
1459947786746109 176 172 
1459947786806410 177 173 
1459947786864665 175 171 
1459947786921560 175 171 
1459947786980092 175 171 
1459947787040091 175 172 
1459947787100358 177 172 
1459947787156743 174 171 
1459947787215867 177 172 
1459947787277635 176 173 
1459947787336937 175 172 
1459947787397308 175 172 
1459947787458412 176 172 
1459947787522139 177 173 
1459947787583861 177 173 
1459947787644328 176 172 
1459947787707150 177 172 
1459947787770796 177 174 
1459947787831712 175 172 
1459947787892326 176 172 
1459947787951596 174 170 
1459947788012532 176 172 
1459947788075623 177 173 
1459947788137136 176 172 
1459947788197256 174 170 
1459947788257385 175 170 
1459947788315903 175 170 
1459947788374135 175 171 
1459947788434640 176 171 
1459947788493985 174 170 
1459947788554229 175 171 
1459947788614012 176 171 
1459947788674300 176 172 
1459947788732707 174 169 
1459947788793383 175 173 
1459947788852292 174 171 
1459947788912981 176 172 
1459947788973159 176 171 
1459947789031393 175 171 
1459947789092175 176 172 
1459947789150523 173 169 
1459947789209733 176 171 
1459947789270867 176 171 
1459947789331658 176 171 
1459947789391858 175 172 
1459947789453923 177 173 
1459947789513232 174 170 
1459947789571120 174 170 
1459947789630011 173 170 
1459947789690745 176 172 
1459947789746565 171 168 
1459947789807792 175 171 
1459947789867974 176 170 
1459947789928827 177 172 
1459947789988965 176 172 
1459947790046377 175 170 
1459947790105765 176 172 
1459947790164360 174 170 
1459947790223622 174 170 
1459947790283381 177 172 
1459947790343512 174 171 
1459947790402557 175 173 
1459947790462017 175 171 
1459947790521797 175 171 
1459947790580702 175 171 
1459947790640275 175 172 
1459947790698014 175 171 
1459947790759025 177 173 
1459947790819485 176 174 
1459947790878956 175 172 
1459947790937800 175 171 
1459947790997953 176 173 
1459947791055646 174 171 
1459947791114674 175 172 
1459947791173533 174 170 
1459947791233405 177 174 
1459947791293704 177 173 
1459947791352820 175 172 
1459947791412669 175 171 
1459947791472561 174 171 
1459947791531435 174 171 
1459947791580175 161 150 
1459947791629242 164 157 
1459947791678324 164 156 
1459947791725959 163 156 
1459947791774025 163 156 
1459947791821891 168 154 
1459947791870686 172 152 
1459947791919193 174 151 
1459947791968377 175 150 
1459947792014867 173 149 
1459947792063720 176 149 
1459947792112731 177 150 
1459947792161472 176 149 
1459947792207455 174 147 
1459947792255754 176 148 
1459947792304639 177 148 
1459947792352238 177 149 
1459947792400114 177 148 
1459947792448628 177 149 
1459947792495771 176 148 
1459947792542912 177 148 
1459947792590403 177 147 
1459947792637770 177 148 
1459947792686347 178 150 
1459947792735165 179 149 
1459947792783916 180 149 
1459947792832762 180 149 
1459947792880954 177 148 
1459947792930833 178 149 
1459947792978926 177 147 
1459947793029110 180 148 
1459947793077040 176 144 
1459947793125774 180 148 
1459947793173632 179 148 
1459947793221554 179 147 
1459947793269595 178 148 
1459947793318050 180 149 
1459947793366460 179 148 
1459947793411922 178 146 
1459947793460162 179 148 
1459947793507223 178 147 
1459947793554178 179 145 
1459947793600513 179 147 
1459947793649863 180 149 
1459947793698191 179 146 
1459947793747627 181 149 
1459947793795148 181 149 
1459947793843285 182 148 
1459947793889515 180 148 
1459947793937923 180 148 
1459947793983402 181 147 
1459947794029957 180 147 
1459947794076507 180 147 
1459947794122919 181 148 
1459947794171723 182 149 
1459947794217794 181 147 
1459947794267167 182 149 
1459947794315719 182 149 
1459947794361429 179 146 
1459947794407381 181 148 
1459947794454913 182 149 
1459947794502216 181 148 
1459947794550070 180 148 
1459947794597528 179 148 
1459947794647069 182 149 
1459947794694102 180 147 
1459947794742385 181 148 
1459947794790561 182 148 
1459947794840391 182 149 
1459947794887896 182 149 
1459947794934917 182 149 
1459947794983959 182 148 
1459947795032579 182 150 
1459947795081572 182 148 
1459947795129040 182 148 
1459947795176961 182 148 
1459947795224436 182 148 
1459947795272511 181 148 
1459947795319495 181 148 
1459947795366634 182 148 
1459947795414365 182 149 
1459947795464719 182 150 
1459947795514236 183 149 
1459947795562413 182 149 
1459947795608143 180 148 
1459947795656604 182 150 
1459947795704212 181 149 
1459947795753803 182 149 
1459947795802323 183 149 
1459947795848582 181 148 
1459947795897758 182 149 
1459947795946442 184 150 
1459947795994444 184 150 
1459947796041810 183 149 
1459947796090183 183 150 
1459947796138853 184 150 
1459947796187253 183 149 
1459947796233655 182 148 
1459947796280392 182 149 
1459947796328059 184 151 
1459947796374238 183 148 
1459947796420511 183 149 
1459947796466549 182 148 
1459947796513256 182 148 
1459947796561179 183 149 
1459947796606505 180 146 
1459947796650143 179 145 
1459947796695690 181 147 
1459947796741978 181 147 
1459947796788391 182 148 
1459947796834113 181 148 
1459947796879211 180 146 
1459947796923816 181 147 
1459947796966348 177 144 
1459947797012865 181 147 
1459947797060564 181 147 
1459947797109364 183 150 
1459947797155282 181 147 
1459947797203401 183 149 
1459947797250602 181 148 
1459947797298004 182 147 
1459947797344116 182 147 
1459947797390988 183 148 
1459947797435582 181 146 
1459947797480456 180 145 
1459947797526628 181 148 
1459947797572838 182 147 
1459947797619266 182 147 
1459947797678368 174 170 
1459947797737655 174 171 
1459947797795237 173 169 
1459947797852527 173 169 
1459947797910993 174 170 
1459947797969670 173 170 
1459947798029349 172 170 
1459947798088114 172 169 
1459947798146453 173 169 
1459947798208651 177 173 
1459947798268103 175 170 
1459947798329875 176 172 
1459947798389461 175 172 
1459947798450124 176 171 
1459947798509964 175 171 
1459947798571192 175 171 
1459947798628409 173 170 
1459947798688147 173 170 
1459947798749745 175 171 
1459947798808617 175 171 
1459947798870539 175 171 
1459947798932108 176 171 
1459947798991770 175 172 
1459947799051622 174 171 
1459947799111425 174 172 
1459947799171199 174 171 
1459947799229422 172 168 
1459947799290073 175 171 
1459947799351221 176 172 
1459947799409720 174 170 
1459947799467657 173 170 
1459947799525443 172 168 
1459947799585468 175 171 
1459947799643904 174 170 
1459947799703767 174 170 
1459947799762230 174 169 
1459947799822104 174 170 
1459947799879293 173 169 
1459947799936897 173 169 
1459947799995279 174 169 
1459947800054086 174 170 
1459947800112907 173 169 
1459947800171768 174 169 
1459947800229606 174 169 
1459947800284963 173 168 
1459947800343516 173 169 
1459947800404418 174 169 
1459947800466015 176 172 
1459947800525377 174 171 
1459947800584534 174 170 
1459947800645843 176 172 
1459947800705411 174 171 
1459947800763128 173 169 
1459947800821031 173 170 
1459947800881415 176 172 
1459947800941849 175 171 
1459947801000448 175 170 
1459947801060140 174 170 
1459947801119896 175 171 
1459947801177884 176 171 
1459947801237853 175 171 
1459947801297167 174 170 
1459947801355096 174 170 
1459947801415469 178 172 
>>>>>>> 587ddc4f3682fe26eb61ef3e7dd1f587b73479b7
