<<<<<<< HEAD
=======
<<<<<<< HEAD
<<<<<<< HEAD
<<<<<<< HEAD
=======
<<<<<<< HEAD
>>>>>>> ddf0ce1
<<<<<<< HEAD
<<<<<<< HEAD
<<<<<<< HEAD
<<<<<<< HEAD
<<<<<<< HEAD
<<<<<<< HEAD
=======
>>>>>>> 2cf6812
<<<<<<< HEAD
version https://git-lfs.github.com/spec/v1
oid sha256:d18e52cc49e01f4621f02cf2cb84d2082b1dde3f711fe5193461e4821b985119
size 21162
=======
version https://git-lfs.github.com/spec/v1
oid sha256:4d336fa275161688b0569cdffc03bd654651b255d1384ef4ee6d16c1ba226175
size 19968
>>>>>>> dd1805f
=======
version https://git-lfs.github.com/spec/v1
oid sha256:4d336fa275161688b0569cdffc03bd654651b255d1384ef4ee6d16c1ba226175
size 19968
>>>>>>> 38e2d40
=======
version https://git-lfs.github.com/spec/v1
oid sha256:4d336fa275161688b0569cdffc03bd654651b255d1384ef4ee6d16c1ba226175
size 19968
>>>>>>> c5a382b
=======
=======
>>>>>>> ae7b143... Fixing logs
>>>>>>> dfa5db5e... Fixing logs
1459947780029788 168 165 
1459947780058037 168 164 
1459947780087841 169 167 
1459947780116397 167 163 
1459947780145488 169 166 
1459947780176066 170 166 
1459947780205468 167 164 
1459947780236776 170 167 
1459947780266326 166 164 
1459947780295438 166 163 
1459947780325082 168 164 
1459947780355029 167 164 
1459947780384290 166 163 
1459947780412878 166 164 
1459947780443221 169 166 
1459947780472744 168 165 
1459947780501804 166 163 
1459947780530469 166 164 
1459947780559593 167 165 
1459947780588764 168 165 
1459947780618036 168 164 
1459947780646661 165 163 
1459947780674926 167 163 
1459947780704450 169 167 
1459947780733478 167 164 
1459947780763067 168 165 
1459947780792507 168 163 
1459947780823625 170 167 
1459947780853193 168 166 
1459947780882628 164 161 
1459947780912058 168 166 
1459947780942317 169 165 
1459947780972491 169 165 
1459947781004466 170 167 
1459947781034109 170 166 
1459947781065088 171 168 
1459947781095429 171 166 
1459947781125360 168 165 
1459947781155232 169 165 
1459947781184105 168 164 
1459947781213113 167 164 
1459947781244012 169 166 
1459947781274206 170 166 
1459947781305065 170 167 
1459947781335958 170 167 
1459947781366350 169 166 
1459947781394634 166 163 
1459947781424639 169 166 
1459947781454418 170 166 
1459947781484534 171 167 
1459947781514418 169 167 
1459947781543852 169 167 
1459947781572178 166 164 
1459947781602064 168 165 
1459947781632359 169 166 
1459947781661670 168 165 
1459947781691473 169 166 
1459947781721384 170 167 
1459947781750800 169 166 
1459947781781377 169 167 
1459947781844850 169 166 
1459947781876555 171 167 
1459947781906920 168 167 
1459947781936726 168 167 
1459947781965942 167 165 
1459947781995520 169 165 
1459947782024911 168 165 
1459947782053765 166 162 
1459947782084042 170 167 
1459947782113015 168 165 
1459947782141381 167 164 
1459947782172911 170 167 
1459947782202706 167 164 
1459947782233448 170 167 
1459947782264285 170 167 
1459947782293867 168 165 
1459947782323213 169 166 
1459947782353632 169 166 
1459947782382867 168 166 
1459947782413553 169 166 
1459947782443688 170 166 
1459947782475970 171 168 
1459947782506239 170 167 
1459947782536022 168 164 
1459947782566339 169 167 
1459947782593883 166 164 
1459947782622348 167 164 
1459947782651876 168 164 
1459947782682095 169 166 
1459947782711560 167 165 
1459947782743345 169 167 
1459947782773684 169 166 
1459947782802443 170 167 
1459947782832349 169 167 
1459947782861899 171 168 
1459947782891308 167 165 
1459947782921706 170 167 
1459947782950717 169 167 
1459947782982326 170 167 
1459947783013630 171 168 
1459947783043706 170 167 
1459947783074230 169 166 
1459947783103500 169 166 
1459947783132131 167 164 
1459947783161543 167 164 
1459947783191250 169 167 
1459947783220178 169 165 
1459947783248182 166 164 
1459947783278946 170 167 
1459947783308309 168 165 
1459947783338285 170 167 
1459947783368071 169 165 
1459947783395594 166 164 
1459947783425390 167 165 
1459947783454674 169 166 
1459947783484795 170 166 
1459947783516231 175 172 
1459947783546682 173 171 
1459947783577697 174 172 
1459947783609577 175 172 
1459947783640287 172 170 
1459947783670708 174 172 
1459947783702582 175 172 
1459947783732491 170 167 
1459947783762582 173 171 
1459947783793290 173 170 
1459947783824668 172 169 
1459947783855122 172 169 
1459947783886892 173 171 
1459947783917619 172 168 
1459947783948641 173 171 
1459947783978642 172 170 
1459947784008510 171 168 
1459947784038739 174 170 
1459947784070926 177 172 
1459947784102216 174 171 
1459947784133199 174 170 
1459947784163414 172 169 
1459947784196799 177 173 
1459947784228800 174 170 
1459947784260256 173 169 
1459947784290005 170 168 
1459947784320043 170 168 
1459947784350621 170 167 
1459947784380402 168 165 
1459947784408795 166 164 
1459947784437140 166 164 
1459947784466956 168 165 
1459947784496952 170 166 
1459947784527996 171 166 
1459947784557646 168 165 
1459947784586952 168 165 
1459947784616564 168 165 
1459947784646731 169 167 
1459947784676924 169 166 
1459947784705667 167 165 
1459947784734800 167 163 
1459947784765505 169 166 
1459947784794878 168 165 
1459947784825143 169 166 
1459947784854910 168 165 
1459947784883760 168 164 
1459947784914130 167 165 
1459947784944618 169 166 
1459947784974237 167 165 
1459947785003681 168 165 
1459947785030694 162 159 
1459947785060165 167 164 
1459947785089558 166 163 
1459947785118543 167 165 
1459947785148355 169 166 
1459947785177819 168 166 
1459947785208406 169 166 
1459947785237837 168 165 
1459947785269153 170 166 
1459947785298704 168 165 
1459947785329069 170 166 
1459947785359750 171 166 
1459947785389764 168 165 
1459947785419575 168 165 
1459947785448503 167 165 
1459947785478485 169 167 
1459947785507054 164 161 
1459947785538296 170 167 
1459947785569403 169 164 
1459947785599821 169 165 
1459947785629637 167 163 
1459947785660827 171 167 
1459947785690905 168 166 
1459947785720777 168 165 
1459947785751451 167 164 
1459947785783908 171 168 
1459947785813941 168 165 
1459947785843944 168 165 
1459947785874043 168 165 
1459947785903722 169 165 
1459947785932645 167 164 
1459947785963494 170 166 
1459947785994004 170 167 
1459947786025158 170 168 
1459947786057034 170 168 
1459947786087963 170 167 
1459947786119075 170 167 
1459947786149892 169 166 
1459947786179211 166 162 
1459947786207993 167 164 
1459947786237635 168 165 
1459947786267738 171 167 
1459947786297787 170 166 
1459947786327763 169 164 
1459947786357245 170 167 
1459947786385731 165 163 
1459947786415897 169 165 
1459947786444117 165 162 
1459947786473509 169 165 
1459947786502828 169 165 
1459947786533216 169 164 
1459947786563899 171 167 
1459947786594146 169 166 
1459947786624322 170 167 
1459947786656190 171 166 
1459947786684910 169 166 
1459947786715398 169 165 
1459947786746109 169 166 
1459947786776149 170 167 
1459947786806410 170 166 
1459947786835239 168 164 
1459947786864665 168 165 
1459947786892519 167 163 
1459947786921560 169 165 
1459947786950672 169 164 
1459947786980092 168 165 
1459947787010031 169 165 
1459947787040091 169 166 
1459947787070270 170 165 
1459947787100358 170 166 
1459947787128474 168 166 
1459947787156743 167 163 
1459947787186881 170 165 
1459947787215867 169 165 
1459947787246247 170 167 
1459947787277635 170 166 
1459947787307149 168 166 
1459947787336937 169 165 
1459947787367681 170 167 
1459947787397308 166 163 
1459947787427809 167 165 
1459947787458412 170 166 
1459947787490034 171 167 
1459947787522139 171 166 
1459947787552947 170 165 
1459947787583861 171 167 
1459947787613801 169 166 
1459947787644328 169 165 
1459947787675643 170 165 
1459947787707150 169 165 
1459947787738403 170 167 
1459947787770796 170 167 
1459947787802619 169 166 
1459947787831712 167 164 
1459947787862314 170 166 
1459947787892326 168 165 
1459947787921085 166 162 
1459947787951596 169 165 
1459947787981205 167 163 
1459947788012532 171 167 
1459947788043726 170 166 
1459947788075623 172 168 
1459947788105535 166 163 
1459947788137136 172 167 
1459947788166958 167 163 
1459947788197256 167 163 
1459947788228014 168 163 
1459947788257385 168 163 
1459947788287334 170 165 
1459947788315903 166 162 
1459947788345721 168 164 
1459947788374135 168 164 
1459947788404404 168 163 
1459947788434640 169 165 
1459947788464634 168 162 
1459947788493985 166 163 
1459947788523569 168 162 
1459947788554229 169 165 
1459947788585245 171 166 
1459947788614012 167 163 
1459947788644146 170 165 
1459947788674300 170 166 
1459947788703596 167 163 
1459947788732707 166 162 
1459947788763812 170 167 
1459947788793383 167 164 
1459947788823517 168 164 
1459947788852292 166 164 
1459947788883103 169 165 
1459947788912981 169 165 
1459947788943703 169 165 
1459947788973159 169 164 
1459947789002794 169 165 
1459947789031393 167 162 
1459947789061813 169 165 
1459947789092175 169 165 
1459947789120831 166 162 
1459947789150523 167 163 
1459947789179798 169 165 
1459947789209733 170 165 
1459947789239498 168 164 
1459947789270867 170 166 
1459947789302045 170 166 
1459947789331658 167 163 
1459947789361071 167 163 
1459947789391858 169 166 
1459947789423014 171 166 
1459947789453923 170 165 
1459947789483836 169 164 
1459947789513232 166 162 
1459947789541855 166 162 
1459947789571120 167 164 
1459947789601520 169 165 
1459947789630011 166 163 
1459947789660869 170 166 
1459947789690745 170 166 
1459947789719059 163 160 
1459947789746565 165 162 
1459947789777637 169 165 
1459947789807792 168 164 
1459947789837766 168 164 
1459947789867974 169 164 
1459947789898407 170 167 
1459947789928827 170 164 
1459947789959256 169 165 
1459947789988965 169 165 
1459947790017822 168 164 
1459947790046377 167 163 
1459947790076181 170 167 
1459947790105765 169 165 
1459947790135296 168 164 
1459947790164360 167 162 
1459947790193091 167 163 
1459947790223622 169 165 
1459947790253219 169 165 
1459947790283381 171 166 
1459947790313079 168 164 
1459947790343512 168 165 
1459947790372254 169 166 
1459947790402557 169 167 
1459947790432752 168 166 
1459947790462017 168 163 
1459947790492455 168 166 
1459947790521797 168 163 
1459947790551142 169 165 
1459947790580702 169 165 
1459947790609692 168 165 
1459947790640275 169 165 
1459947790668812 167 164 
1459947790698014 169 166 
1459947790727620 169 165 
1459947790759025 170 166 
1459947790789821 170 167 
1459947790819485 170 167 
1459947790850167 170 166 
1459947790878956 167 164 
1459947790908117 168 164 
1459947790937800 168 165 
1459947790968446 170 166 
1459947790997953 169 166 
1459947791027353 168 164 
1459947791055646 167 164 
1459947791085130 168 165 
1459947791114674 169 165 
1459947791144231 168 164 
1459947791173533 167 164 
1459947791203614 171 167 
1459947791233405 169 167 
1459947791264310 170 167 
1459947791293704 170 165 
1459947791323704 169 165 
1459947791352820 168 165 
1459947791383137 169 166 
1459947791412669 167 163 
1459947791442347 168 165 
1459947791472561 168 164 
1459947791501771 168 164 
1459947791531435 167 164 
1459947791556006 154 142 
1459947791580175 156 146 
1459947791604057 157 150 
1459947791629242 158 150 
1459947791653825 157 150 
1459947791678324 158 151 
1459947791701115 156 149 
1459947791725959 158 150 
1459947791750252 158 151 
1459947791774025 157 149 
1459947791797688 158 150 
1459947791821891 163 146 
1459947791846564 166 146 
1459947791870686 166 146 
1459947791894842 167 146 
1459947791919193 168 144 
1459947791943596 168 144 
1459947791968377 170 145 
1459947791991658 168 143 
1459947792014867 167 143 
1459947792039484 169 143 
1459947792063720 172 145 
1459947792087656 171 144 
1459947792112731 172 146 
1459947792137587 171 144 
1459947792161472 170 143 
1459947792185557 169 142 
1459947792207455 167 140 
1459947792230588 170 141 
1459947792255754 172 145 
1459947792280641 171 143 
1459947792304639 171 142 
1459947792328231 170 142 
1459947792352238 173 145 
1459947792375731 171 142 
1459947792400114 172 143 
1459947792424106 170 143 
1459947792448628 173 145 
1459947792471572 170 142 
1459947792495771 172 144 
1459947792519279 171 141 
1459947792542912 171 142 
1459947792566761 172 142 
1459947792590403 170 142 
1459947792613531 169 141 
1459947792637770 172 143 
1459947792662026 172 145 
1459947792686347 173 144 
1459947792710665 171 142 
1459947792735165 174 143 
1459947792759200 172 142 
1459947792783916 174 145 
1459947792808681 174 144 
1459947792832762 174 144 
1459947792858055 173 144 
1459947792880954 169 140 
1459947792906211 173 144 
1459947792930833 172 143 
1459947792955689 173 143 
1459947792978926 170 140 
1459947793004118 174 143 
1459947793029110 173 142 
1459947793050818 165 134 
1459947793077040 175 144 
1459947793102384 174 144 
1459947793125774 173 141 
1459947793150227 174 143 
1459947793173632 173 142 
1459947793198313 174 143 
1459947793221554 172 140 
1459947793245245 169 139 
1459947793269595 175 144 
1459947793293473 173 143 
1459947793318050 176 144 
1459947793342006 173 143 
1459947793366460 173 142 
1459947793389282 172 142 
1459947793411922 171 139 
1459947793436194 173 142 
1459947793460162 173 143 
1459947793483022 171 141 
1459947793507223 174 142 
1459947793531238 174 140 
1459947793554178 171 139 
1459947793577804 174 143 
1459947793600513 172 141 
1459947793624886 175 144 
1459947793649863 174 142 
1459947793673386 174 141 
1459947793698191 173 141 
1459947793723065 176 143 
1459947793747627 174 143 
1459947793771447 175 142 
1459947793795148 175 144 
1459947793819182 176 143 
1459947793843285 175 143 
1459947793866355 174 142 
1459947793889515 174 143 
1459947793914199 175 143 
1459947793937923 172 141 
1459947793960343 174 140 
1459947793983402 174 142 
1459947794006663 173 141 
1459947794029957 174 141 
1459947794053375 174 142 
1459947794076507 174 140 
1459947794100801 175 143 
1459947794122919 173 141 
1459947794147594 176 144 
1459947794171723 176 143 
1459947794195208 175 143 
1459947794217794 174 140 
1459947794242199 177 144 
1459947794267167 176 143 
1459947794291631 176 144 
1459947794315719 176 143 
1459947794337684 170 138 
1459947794361429 175 143 
1459947794383965 175 142 
1459947794407381 174 142 
1459947794431187 175 144 
1459947794454913 175 144 
1459947794477702 173 141 
1459947794502216 176 144 
1459947794526149 173 141 
1459947794550070 175 142 
1459947794573360 173 142 
1459947794597528 173 142 
1459947794622073 176 144 
1459947794647069 176 144 
1459947794671020 175 142 
1459947794694102 174 141 
1459947794717775 174 142 
1459947794742385 175 143 
1459947794766617 175 142 
1459947794790561 175 142 
1459947794815554 176 143 
1459947794840391 176 144 
1459947794864100 176 143 
1459947794887896 175 143 
1459947794911302 175 143 
1459947794934917 175 143 
1459947794960001 176 143 
1459947794983959 175 142 
1459947795009012 177 145 
1459947795032579 174 143 
1459947795056826 177 142 
1459947795081572 176 143 
1459947795105692 176 142 
1459947795129040 175 141 
1459947795152421 176 142 
1459947795176961 176 143 
1459947795201024 176 143 
1459947795224436 174 141 
1459947795247234 174 143 
1459947795272511 176 142 
1459947795295271 174 141 
1459947795319495 177 143 
1459947795343843 176 143 
1459947795366634 174 141 
1459947795390103 176 143 
1459947795414365 176 143 
1459947795438665 176 143 
1459947795464719 177 145 
1459947795489218 176 144 
1459947795514236 177 144 
1459947795537839 175 142 
1459947795562413 176 144 
1459947795585132 175 142 
1459947795608143 174 142 
1459947795632455 176 145 
1459947795656604 176 144 
1459947795680081 175 143 
1459947795704212 176 143 
1459947795729496 174 141 
1459947795753803 177 144 
1459947795777263 175 141 
1459947795802323 177 144 
1459947795824684 172 140 
1459947795848582 177 144 
1459947795873076 176 143 
1459947795897758 176 144 
1459947795921637 177 144 
1459947795946442 178 145 
1459947795970544 178 144 
1459947795994444 177 145 
1459947796017838 175 142 
1459947796041810 178 145 
1459947796065700 176 142 
1459947796090183 177 146 
1459947796114738 177 144 
1459947796138853 178 145 
1459947796163298 177 144 
1459947796187253 175 143 
1459947796210037 175 142 
1459947796233655 175 142 
1459947796257479 176 144 
1459947796280392 175 143 
1459947796304911 179 146 
1459947796328059 176 143 
1459947796351680 177 144 
1459947796374238 176 142 
1459947796397501 175 143 
1459947796420511 177 143 
1459947796442991 174 141 
1459947796466549 177 144 
1459947796489597 175 142 
1459947796513256 177 143 
1459947796537267 177 143 
1459947796561179 177 143 
1459947796585277 176 142 
1459947796606505 172 139 
1459947796628356 173 140 
1459947796650143 172 139 
1459947796672262 173 139 
1459947796695690 176 143 
1459947796718597 175 141 
1459947796741978 175 141 
1459947796764491 174 141 
1459947796788391 176 143 
1459947796811482 177 143 
1459947796834113 175 142 
1459947796856811 174 141 
1459947796879211 173 139 
1459947796901846 175 141 
1459947796923816 174 141 
1459947796944243 167 134 
1459947796966348 175 142 
1459947796989260 174 140 
1459947797012865 176 142 
1459947797037046 177 143 
1459947797060564 174 142 
1459947797084270 176 143 
1459947797109364 178 144 
1459947797132301 174 140 
1459947797155282 176 143 
1459947797180250 177 144 
1459947797203401 176 142 
1459947797227149 174 141 
1459947797250602 176 143 
1459947797273805 175 140 
1459947797298004 176 142 
1459947797321741 177 143 
1459947797344116 174 139 
1459947797368441 177 143 
1459947797390988 175 141 
1459947797412816 173 138 
1459947797435582 176 142 
1459947797457659 173 139 
1459947797480456 174 140 
1459947797502325 171 139 
1459947797526628 176 144 
1459947797549334 175 141 
1459947797572838 176 142 
1459947797595981 174 141 
1459947797619266 176 140 
1459947797648667 168 164 
1459947797678368 167 163 
1459947797708805 168 164 
1459947797737655 168 164 
1459947797766007 165 162 
1459947797795237 166 163 
1459947797823916 166 164 
1459947797852527 165 161 
1459947797882147 167 164 
1459947797910993 166 163 
1459947797940948 168 164 
1459947797969670 165 163 
1459947797999440 166 164 
1459947798029349 166 164 
1459947798058654 166 162 
1459947798088114 166 162 
1459947798117238 167 163 
1459947798146453 166 162 
1459947798177529 169 165 
1459947798208651 171 168 
1459947798238916 169 165 
1459947798268103 167 162 
1459947798299730 170 166 
1459947798329875 169 165 
1459947798359792 168 165 
1459947798389461 168 164 
1459947798419216 170 166 
1459947798450124 168 164 
1459947798479785 168 164 
1459947798509964 169 165 
1459947798540287 169 165 
1459947798571192 168 165 
1459947798598696 165 161 
1459947798628409 168 164 
1459947798657992 167 164 
1459947798688147 167 163 
1459947798719131 169 165 
1459947798749745 169 165 
1459947798778299 167 164 
1459947798808617 168 165 
1459947798838765 168 164 
1459947798870539 169 165 
1459947798901894 169 165 
1459947798932108 169 164 
1459947798962319 170 167 
1459947798991770 167 164 
1459947799022118 169 165 
1459947799051622 167 163 
1459947799081946 168 165 
1459947799111425 168 164 
1459947799140830 167 163 
1459947799171199 169 166 
1459947799199993 164 161 
1459947799229422 168 162 
1459947799259289 168 165 
1459947799290073 168 164 
1459947799320807 171 167 
1459947799351221 168 164 
1459947799380487 168 163 
1459947799409720 168 165 
1459947799439041 166 164 
1459947799467657 166 162 
1459947799497846 169 165 
1459947799525443 162 159 
1459947799555184 169 165 
1459947799585468 169 165 
1459947799615142 169 165 
1459947799643904 165 162 
1459947799673800 168 164 
1459947799703767 168 163 
1459947799733109 167 163 
1459947799762230 167 162 
1459947799792778 168 164 
1459947799822104 167 164 
1459947799850624 167 163 
1459947799879293 164 161 
1459947799908230 166 162 
1459947799936897 166 163 
1459947799965684 166 161 
1459947799995279 169 163 
1459947800024821 167 163 
1459947800054086 168 164 
1459947800082838 166 163 
1459947800112907 167 163 
1459947800141566 165 161 
1459947800171768 169 165 
1459947800200464 166 161 
1459947800229606 168 164 
1459947800257298 165 160 
1459947800284963 167 162 
1459947800313914 166 162 
1459947800343516 167 163 
1459947800373018 167 162 
1459947800404418 168 164 
1459947800435605 169 165 
1459947800466015 169 165 
1459947800496331 167 163 
1459947800525377 168 165 
1459947800555133 168 164 
1459947800584534 167 164 
1459947800615325 170 165 
1459947800645843 168 165 
1459947800674962 166 163 
1459947800705411 169 166 
1459947800733602 166 163 
1459947800763128 167 163 
1459947800792041 166 164 
1459947800821031 167 164 
1459947800851436 170 165 
1459947800881415 169 166 
1459947800911922 169 164 
1459947800941849 169 165 
1459947800971358 168 163 
1459947801000448 169 165 
1459947801030770 168 164 
1459947801060140 167 163 
1459947801091125 170 166 
1459947801119896 166 162 
1459947801148294 168 164 
1459947801177884 171 166 
1459947801208042 169 164 
1459947801237853 168 164 
1459947801267646 168 165 
1459947801297167 168 164 
1459947801325915 168 164 
1459947801355096 167 163 
1459947801384291 168 163 
1459947801415469 173 168 
<<<<<<< HEAD
=======
<<<<<<< HEAD
<<<<<<< HEAD
<<<<<<< HEAD
<<<<<<< HEAD
>>>>>>> 3f8e119
=======
version https://git-lfs.github.com/spec/v1
oid sha256:487af90afaceeb210c023a303c91a4a65e7702b90191efffc1e08d44bddf58e6
size 20168
>>>>>>> f48ecf8
=======
>>>>>>> 587ddc4f3682fe26eb61ef3e7dd1f587b73479b7
>>>>>>> dd1805f
=======
version https://git-lfs.github.com/spec/v1
oid sha256:487af90afaceeb210c023a303c91a4a65e7702b90191efffc1e08d44bddf58e6
size 20168
>>>>>>> 349884c
=======
>>>>>>> 587ddc4f3682fe26eb61ef3e7dd1f587b73479b7
<<<<<<< HEAD
<<<<<<< HEAD
>>>>>>> 38e2d40
=======
>>>>>>> ddf0ce1
=======
>>>>>>> 2cf6812
=======
version https://git-lfs.github.com/spec/v1
oid sha256:487af90afaceeb210c023a303c91a4a65e7702b90191efffc1e08d44bddf58e6
size 20168
<<<<<<< HEAD
>>>>>>> 8d79f4c
=======
>>>>>>> 587ddc4f3682fe26eb61ef3e7dd1f587b73479b7
>>>>>>> c5a382b
=======
>>>>>>> 70238e08249cac7bd497cf178abe20b08de7a63b
<<<<<<< HEAD
>>>>>>> ddf0ce1
=======
>>>>>>> 2cf6812
=======
>>>>>>> ae7b143... Fixing logs
>>>>>>> dfa5db5e... Fixing logs
