<<<<<<< HEAD
=======
<<<<<<< HEAD
<<<<<<< HEAD
<<<<<<< HEAD
=======
<<<<<<< HEAD
>>>>>>> ddf0ce1
<<<<<<< HEAD
<<<<<<< HEAD
<<<<<<< HEAD
<<<<<<< HEAD
<<<<<<< HEAD
<<<<<<< HEAD
=======
>>>>>>> 2cf6812
<<<<<<< HEAD
version https://git-lfs.github.com/spec/v1
oid sha256:666a43d8ce703305105c8fc414e536b872ab681d2e5d5196359c18a08f02e487
size 83370
=======
version https://git-lfs.github.com/spec/v1
oid sha256:61a2a51993db9e3766cbe82150ab54a9660ef4368094f594ded08a9f89ab364e
size 79872
>>>>>>> dd1805f
=======
version https://git-lfs.github.com/spec/v1
oid sha256:61a2a51993db9e3766cbe82150ab54a9660ef4368094f594ded08a9f89ab364e
size 79872
>>>>>>> 38e2d40
=======
version https://git-lfs.github.com/spec/v1
oid sha256:61a2a51993db9e3766cbe82150ab54a9660ef4368094f594ded08a9f89ab364e
size 79872
>>>>>>> c5a382b
=======
=======
>>>>>>> ae7b143... Fixing logs
>>>>>>> dfa5db5e... Fixing logs
1459947780007845 153 151 
1459947780015588 152 150 
1459947780022646 150 148 
1459947780029788 151 147 
1459947780037241 154 149 
1459947780044149 152 147 
1459947780050805 149 146 
1459947780058037 150 148 
1459947780065323 152 151 
1459947780072978 153 150 
1459947780080486 155 152 
1459947780087841 152 149 
1459947780094807 150 146 
1459947780102413 154 152 
1459947780109584 148 145 
1459947780116397 148 146 
1459947780123591 152 150 
1459947780130671 150 146 
1459947780137366 151 147 
1459947780145488 157 154 
1459947780153039 155 151 
1459947780160834 155 152 
1459947780168150 151 148 
1459947780176066 155 151 
1459947780183115 148 144 
1459947780190499 149 147 
1459947780197909 154 152 
1459947780205468 153 149 
1459947780213216 153 150 
1459947780221153 154 153 
1459947780228895 153 149 
1459947780236776 156 153 
1459947780244924 155 151 
1459947780251858 148 146 
1459947780258957 150 147 
1459947780266326 151 149 
1459947780273885 150 148 
1459947780281222 151 150 
1459947780288475 148 144 
1459947780295438 150 147 
1459947780302956 150 147 
1459947780310437 152 151 
1459947780317732 151 147 
1459947780325082 152 149 
1459947780333003 150 147 
1459947780340640 150 148 
1459947780348429 154 152 
1459947780355029 146 144 
1459947780362930 152 149 
1459947780369869 150 147 
1459947780376625 149 146 
1459947780384290 151 149 
1459947780391947 154 152 
1459947780399387 154 153 
1459947780406076 147 145 
1459947780412878 145 144 
1459947780420058 150 147 
1459947780427610 153 148 
1459947780434925 152 149 
1459947780443221 157 153 
1459947780450828 153 149 
1459947780458195 152 149 
1459947780465606 153 151 
1459947780472744 150 147 
1459947780480378 155 153 
1459947780487975 153 150 
1459947780494854 146 144 
1459947780501804 145 142 
1459947780509280 149 147 
1459947780516529 152 150 
1459947780523727 150 148 
1459947780530469 148 145 
1459947780537453 152 150 
1459947780545136 152 149 
1459947780552505 152 150 
1459947780559593 149 145 
1459947780567307 154 152 
1459947780574506 153 149 
1459947780581707 151 149 
1459947780588764 148 145 
1459947780595764 148 144 
1459947780603382 154 150 
1459947780610570 151 149 
1459947780618036 151 146 
1459947780625043 149 146 
1459947780632194 150 147 
1459947780639223 149 147 
1459947780646661 149 147 
1459947780653081 146 144 
1459947780660159 150 147 
1459947780667670 153 149 
1459947780674926 152 147 
1459947780682410 152 151 
1459947780689607 152 150 
1459947780697083 153 149 
1459947780704450 152 150 
1459947780711896 152 149 
1459947780719011 147 145 
1459947780726681 154 151 
1459947780733478 149 146 
1459947780741166 152 149 
1459947780748257 151 148 
1459947780755784 152 149 
1459947780763067 154 152 
1459947780770263 150 146 
1459947780777425 151 146 
1459947780785186 154 150 
1459947780792507 151 148 
1459947780800553 155 152 
1459947780808249 153 150 
1459947780815929 154 151 
1459947780823625 151 149 
1459947780830843 152 148 
1459947780838176 152 149 
1459947780845886 154 151 
1459947780853193 151 149 
1459947780860537 148 146 
1459947780868327 150 148 
1459947780875752 152 149 
1459947780882628 143 138 
1459947780890545 153 151 
1459947780897957 154 150 
1459947780904526 146 144 
1459947780912058 155 152 
1459947780919970 155 150 
1459947780927267 150 148 
1459947780934870 154 150 
1459947780942317 152 149 
1459947780949834 151 149 
1459947780957278 149 146 
1459947780964629 151 149 
1459947780972491 155 152 
1459947780980509 153 150 
1459947780988738 156 155 
1459947780996757 153 151 
1459947781004466 153 151 
1459947781011933 155 151 
1459947781019142 152 147 
1459947781026862 154 152 
1459947781034109 152 150 
1459947781041889 154 152 
1459947781050035 154 152 
1459947781057686 154 152 
1459947781065088 156 153 
1459947781072671 154 149 
1459947781080541 156 153 
1459947781088061 155 153 
1459947781095429 151 147 
1459947781103617 156 153 
1459947781110385 148 145 
1459947781118109 153 150 
1459947781125360 150 148 
1459947781133308 154 149 
1459947781140583 151 148 
1459947781147900 152 149 
1459947781155232 152 149 
1459947781162441 151 146 
1459947781169567 152 149 
1459947781177154 152 149 
1459947781184105 150 147 
1459947781191752 154 151 
1459947781198353 149 147 
1459947781205496 148 144 
1459947781213113 150 148 
1459947781220820 152 149 
1459947781227983 151 149 
1459947781235819 156 152 
1459947781244012 153 151 
1459947781251873 156 152 
1459947781259576 155 151 
1459947781266471 151 148 
1459947781274206 154 150 
1459947781281603 152 149 
1459947781289563 155 151 
1459947781297670 156 153 
1459947781305065 155 150 
1459947781312850 155 153 
1459947781320588 155 153 
1459947781328663 157 153 
1459947781335958 149 146 
1459947781344445 156 153 
1459947781351784 153 152 
1459947781359189 153 150 
1459947781366350 148 146 
1459947781372709 143 140 
1459947781379911 149 147 
1459947781387853 155 152 
1459947781394634 149 146 
1459947781402894 156 154 
1459947781410634 153 151 
1459947781417881 149 146 
1459947781424639 151 148 
1459947781431915 153 151 
1459947781439481 156 152 
1459947781446976 153 150 
1459947781454418 152 148 
1459947781462033 157 154 
1459947781469218 152 148 
1459947781476583 154 151 
1459947781484534 155 152 
1459947781491975 151 148 
1459947781499621 153 151 
1459947781507040 153 151 
1459947781514418 153 151 
1459947781522062 155 152 
1459947781529284 150 147 
1459947781536359 153 150 
1459947781543852 151 149 
1459947781551069 148 146 
1459947781557623 148 146 
1459947781564648 150 146 
1459947781572178 151 148 
1459947781579515 151 148 
1459947781587333 153 151 
1459947781594656 154 149 
1459947781602064 150 148 
1459947781610048 157 154 
1459947781617137 151 147 
1459947781624279 147 146 
1459947781632359 156 153 
1459947781640182 155 151 
1459947781647388 150 146 
1459947781654260 149 146 
1459947781661670 154 150 
1459947781669148 154 150 
1459947781676562 154 150 
1459947781684193 150 147 
1459947781691473 152 149 
1459947781698697 152 149 
1459947781706035 152 150 
1459947781713402 155 152 
1459947781721384 155 151 
1459947781728963 153 150 
1459947781736055 150 147 
1459947781743770 155 152 
1459947781750800 151 149 
1459947781758356 154 152 
1459947781766170 155 152 
1459947781773493 150 147 
1459947781781377 156 152 
1459947781788767 150 149 
1459947781829518 152 151 
1459947781836917 152 147 
1459947781844850 154 150 
1459947781853017 156 153 
1459947781861098 156 152 
1459947781868891 152 150 
1459947781876555 153 151 
1459947781883625 149 147 
1459947781891540 154 152 
1459947781899138 153 150 
1459947781906920 152 152 
1459947781914184 153 150 
1459947781921436 151 149 
1459947781929380 155 153 
1459947781936726 151 150 
1459947781943829 149 148 
1459947781951268 147 144 
1459947781959057 155 152 
1459947781965942 150 148 
1459947781973009 151 149 
1459947781981015 153 151 
1459947781988462 147 145 
1459947781995520 153 148 
1459947782002926 152 149 
1459947782010386 152 149 
1459947782017700 151 149 
1459947782024911 151 150 
1459947782031761 148 145 
1459947782038745 147 144 
1459947782046351 153 149 
1459947782053765 151 148 
1459947782061205 153 149 
1459947782069163 155 152 
1459947782076356 152 148 
1459947782084042 157 155 
1459947782090972 149 146 
1459947782098240 151 149 
1459947782105310 151 149 
1459947782113015 155 150 
1459947782120629 154 151 
1459947782126912 147 144 
1459947782133721 148 143 
1459947782141381 153 152 
1459947782148992 152 149 
1459947782157225 156 154 
1459947782165268 156 153 
1459947782172911 152 149 
1459947782180770 152 149 
1459947782188645 153 148 
1459947782196523 154 151 
1459947782202706 144 142 
1459947782209883 152 149 
1459947782217740 155 152 
1459947782225704 156 153 
1459947782233448 154 151 
1459947782240918 153 150 
1459947782248649 153 151 
1459947782256682 155 153 
1459947782264285 151 148 
1459947782271699 150 147 
1459947782278471 147 145 
1459947782286694 155 153 
1459947782293867 153 149 
1459947782301300 151 149 
1459947782309144 156 152 
1459947782316346 152 150 
1459947782323213 152 148 
1459947782330327 149 146 
1459947782337809 154 152 
1459947782345602 153 150 
1459947782353632 157 155 
1459947782361186 153 150 
1459947782368784 152 150 
1459947782375495 149 147 
1459947782382867 153 150 
1459947782390942 157 155 
1459947782398509 150 146 
1459947782405890 151 149 
1459947782413553 154 152 
1459947782421297 155 153 
1459947782428761 155 151 
1459947782436287 153 148 
1459947782443688 151 149 
1459947782451131 149 147 
1459947782459298 154 152 
1459947782467829 159 155 
1459947782475970 155 153 
1459947782483664 152 150 
1459947782490706 150 147 
1459947782498257 155 152 
1459947782506239 155 152 
1459947782513655 151 147 
1459947782521228 153 151 
1459947782528910 152 146 
1459947782536022 152 149 
1459947782543580 155 153 
1459947782551151 151 149 
1459947782558957 155 153 
1459947782566339 151 148 
1459947782573148 148 142 
1459947782580366 154 152 
1459947782587291 149 148 
1459947782593883 149 146 
1459947782600856 149 146 
1459947782607745 150 148 
1459947782614808 153 150 
1459947782622348 151 148 
1459947782629884 151 147 
1459947782637724 155 152 
1459947782644366 147 144 
1459947782651876 154 150 
1459947782659384 152 149 
1459947782667194 154 151 
1459947782675177 156 153 
1459947782682095 151 147 
1459947782689643 150 148 
1459947782696943 151 149 
1459947782704351 151 149 
1459947782711560 152 149 
1459947782720001 154 151 
1459947782728360 154 152 
1459947782736010 153 150 
1459947782743345 153 151 
1459947782750772 153 149 
1459947782758730 152 150 
1459947782765871 149 146 
1459947782773684 155 152 
1459947782780851 154 151 
1459947782788077 154 152 
1459947782795167 152 151 
1459947782802443 152 149 
1459947782809473 150 149 
1459947782816995 153 150 
1459947782824682 155 152 
1459947782832349 153 152 
1459947782839851 156 153 
1459947782847238 153 151 
1459947782854550 153 150 
1459947782861899 156 152 
1459947782868903 151 148 
1459947782876395 151 150 
1459947782883727 150 147 
1459947782891308 150 149 
1459947782898791 153 149 
1459947782906157 152 150 
1459947782914289 157 154 
1459947782921706 152 149 
1459947782929109 151 148 
1459947782936252 154 151 
1459947782943200 153 151 
1459947782950717 154 150 
1459947782958723 153 150 
1459947782966700 152 150 
1459947782974302 154 151 
1459947782982326 153 149 
1459947782990081 155 153 
1459947782997538 152 150 
1459947783005728 156 154 
1459947783013630 155 151 
1459947783021291 154 150 
1459947783028717 153 149 
1459947783036358 154 153 
1459947783043706 152 150 
1459947783051055 152 149 
1459947783058863 154 151 
1459947783066529 156 152 
1459947783074230 152 149 
1459947783082014 157 154 
1459947783088831 149 146 
1459947783096282 153 150 
1459947783103500 153 150 
1459947783110583 152 148 
1459947783117777 152 149 
1459947783125037 148 147 
1459947783132131 148 146 
1459947783139559 151 148 
1459947783147123 152 149 
1459947783154071 148 145 
1459947783161543 151 148 
1459947783169424 154 152 
1459947783176559 153 151 
1459947783184100 153 149 
1459947783191250 151 148 
1459947783198142 152 149 
1459947783205445 152 151 
1459947783213037 153 150 
1459947783220178 149 145 
1459947783227370 154 152 
1459947783234001 148 146 
1459947783240813 148 144 
1459947783248182 149 147 
1459947783255605 150 148 
1459947783263299 155 152 
1459947783271111 156 154 
1459947783278946 153 149 
1459947783286038 151 146 
1459947783293548 154 151 
1459947783301250 156 152 
1459947783308309 149 149 
1459947783315281 151 148 
1459947783322696 150 149 
1459947783330864 156 154 
1459947783338285 156 153 
1459947783345996 152 151 
1459947783353329 151 147 
1459947783360542 151 149 
1459947783368071 153 151 
1459947783374726 148 145 
1459947783381901 150 149 
1459947783388647 148 147 
1459947783395594 149 147 
1459947783402990 150 148 
1459947783410791 153 150 
1459947783418144 148 148 
1459947783425390 150 148 
1459947783432548 152 149 
1459947783440394 154 152 
1459947783447657 152 149 
1459947783454674 151 149 
1459947783461985 153 150 
1459947783469680 154 151 
1459947783477209 152 149 
1459947783484795 155 151 
1459947783492801 159 156 
1459947783500574 156 151 
1459947783508483 158 156 
1459947783516231 158 155 
1459947783524226 158 155 
1459947783531979 157 155 
1459947783539361 154 152 
1459947783546682 153 152 
1459947783554079 153 152 
1459947783562196 157 155 
1459947783569943 157 156 
1459947783577697 158 156 
1459947783585840 158 156 
1459947783594163 162 158 
1459947783601594 150 146 
1459947783609577 159 156 
1459947783617504 157 154 
1459947783625010 155 152 
1459947783632265 152 150 
1459947783640287 158 155 
1459947783648297 159 155 
1459947783655607 154 152 
1459947783663183 155 154 
1459947783670708 157 155 
1459947783678757 157 157 
1459947783686832 157 154 
1459947783694846 160 156 
1459947783702582 157 154 
1459947783710458 159 156 
1459947783717770 151 149 
1459947783725338 153 149 
1459947783732491 151 148 
1459947783740094 156 153 
1459947783747481 153 152 
1459947783755146 157 155 
1459947783762582 156 153 
1459947783770149 154 150 
1459947783778010 155 152 
1459947783785520 154 152 
1459947783793290 158 157 
1459947783800823 153 150 
1459947783808834 158 154 
1459947783816310 155 152 
1459947783824668 156 153 
1459947783832173 156 152 
1459947783840105 156 153 
1459947783847447 154 151 
1459947783855122 157 155 
1459947783862214 151 148 
1459947783870285 157 154 
1459947783878969 160 158 
1459947783886892 155 153 
1459947783894525 154 152 
1459947783901886 154 151 
1459947783909938 156 152 
1459947783917619 154 152 
1459947783925826 159 157 
1459947783933344 156 154 
1459947783941029 155 154 
1459947783948641 153 150 
1459947783956502 158 156 
1459947783964412 155 154 
1459947783971012 146 143 
1459947783978642 157 155 
1459947783985835 154 151 
1459947783993575 157 154 
1459947784000857 151 147 
1459947784008510 157 154 
1459947784016549 160 158 
1459947784024427 157 154 
1459947784031182 152 148 
1459947784038739 154 150 
1459947784047518 164 159 
1459947784055959 162 157 
1459947784063493 157 153 
1459947784070926 154 149 
1459947784079086 158 155 
1459947784086830 154 152 
1459947784093963 152 149 
1459947784102216 159 156 
1459947784109472 152 150 
1459947784117230 157 153 
1459947784125096 158 155 
1459947784133199 160 156 
1459947784140697 157 152 
1459947784148457 155 152 
1459947784156047 157 154 
1459947784163414 152 149 
1459947784172173 162 157 
1459947784180588 161 158 
1459947784188653 159 156 
1459947784196799 160 155 
1459947784204411 155 152 
1459947784212959 161 157 
1459947784221070 155 152 
1459947784228800 156 152 
1459947784236411 154 149 
1459947784244177 158 154 
1459947784251790 155 154 
1459947784260256 158 155 
1459947784268614 155 154 
1459947784276462 157 156 
1459947784283749 154 150 
1459947784290005 143 143 
1459947784297378 151 149 
1459947784305344 157 155 
1459947784312795 156 152 
1459947784320043 148 146 
1459947784327452 151 147 
1459947784335037 154 151 
1459947784343233 160 159 
1459947784350621 149 145 
1459947784357749 149 147 
1459947784364960 151 147 
1459947784372881 157 153 
1459947784380402 151 148 
1459947784387727 150 148 
1459947784394997 155 151 
1459947784402064 147 144 
1459947784408795 145 144 
1459947784415706 148 146 
1459947784423122 150 146 
1459947784430012 150 147 
1459947784437140 149 147 
1459947784444833 153 150 
1459947784451942 149 148 
1459947784458948 146 144 
1459947784466956 155 151 
1459947784474390 153 150 
1459947784481624 150 148 
1459947784489372 155 151 
1459947784496952 153 149 
1459947784504955 154 149 
1459947784512671 151 148 
1459947784520505 157 152 
1459947784527996 154 151 
1459947784535454 152 149 
1459947784542655 150 147 
1459947784550394 154 150 
1459947784557646 152 149 
1459947784565197 150 148 
1459947784572205 151 147 
1459947784580090 156 152 
1459947784586952 150 147 
1459947784594625 155 151 
1459947784602195 153 150 
1459947784609013 147 145 
1459947784616564 154 150 
1459947784624119 152 150 
1459947784631750 156 154 
1459947784639001 151 150 
1459947784646731 154 151 
1459947784654672 155 152 
1459947784661885 149 146 
1459947784669727 157 153 
1459947784676924 151 149 
1459947784684536 153 149 
1459947784691857 150 147 
1459947784698742 148 145 
1459947784705667 152 151 
1459947784712235 148 144 
1459947784719154 146 143 
1459947784726965 153 150 
1459947784734800 155 151 
1459947784742540 153 149 
1459947784750103 151 147 
1459947784757999 155 152 
1459947784765505 151 149 
1459947784773461 158 154 
1459947784780926 152 148 
1459947784787599 147 145 
1459947784794878 149 147 
1459947784802282 152 151 
1459947784810070 154 151 
1459947784817818 153 149 
1459947784825143 150 147 
1459947784831825 140 137 
1459947784839504 153 150 
1459947784847524 157 154 
1459947784854910 153 150 
1459947784861438 147 144 
1459947784868520 153 149 
1459947784875949 150 147 
1459947784883760 154 150 
1459947784891883 154 151 
1459947784899863 152 150 
1459947784906899 147 144 
1459947784914130 152 149 
1459947784921914 157 153 
1459947784929901 153 151 
1459947784936886 148 146 
1459947784944618 154 152 
1459947784951506 152 148 
1459947784958796 148 145 
1459947784966382 150 148 
1459947784974237 154 151 
1459947784981747 155 150 
1459947784989201 153 150 
1459947784996925 152 149 
1459947785003681 148 145 
1459947785010798 150 147 
1459947785018019 150 146 
1459947785024677 146 144 
1459947785030694 136 133 
1459947785038233 150 146 
1459947785045516 151 149 
1459947785052153 145 143 
1459947785060165 158 155 
1459947785067865 152 149 
1459947785074818 147 145 
1459947785082075 150 146 
1459947785089558 153 150 
1459947785097349 154 152 
1459947785104925 153 151 
1459947785111454 147 144 
1459947785118543 150 148 
1459947785126081 154 152 
1459947785133946 157 154 
1459947785141094 151 146 
1459947785148355 149 145 
1459947785155704 152 150 
1459947785163463 153 150 
1459947785170306 150 147 
1459947785177819 152 150 
1459947785185657 153 150 
1459947785193542 156 153 
1459947785200852 150 147 
1459947785208406 154 152 
1459947785215741 154 150 
1459947785223094 153 151 
1459947785230326 151 148 
1459947785237837 153 150 
1459947785246191 155 149 
1459947785253859 154 151 
1459947785261596 155 152 
1459947785269153 153 150 
1459947785277242 154 151 
1459947785285030 154 151 
1459947785292249 151 149 
1459947785298704 144 142 
1459947785305922 153 150 
1459947785313704 158 154 
1459947785321603 153 148 
1459947785329069 151 149 
1459947785336419 154 150 
1459947785344476 156 154 
1459947785352238 158 152 
1459947785359750 150 147 
1459947785366812 149 147 
1459947785374703 153 149 
1459947785382628 154 151 
1459947785389764 151 146 
1459947785397404 154 151 
1459947785405060 152 149 
1459947785411890 149 147 
1459947785419575 155 151 
1459947785426937 151 148 
1459947785433965 152 149 
1459947785441408 153 149 
1459947785448503 150 148 
1459947785456143 157 154 
1459947785463462 152 151 
1459947785471280 155 152 
1459947785478485 151 147 
1459947785485882 151 148 
1459947785492411 136 133 
1459947785500204 155 152 
1459947785507054 146 143 
1459947785514689 153 149 
1459947785522864 156 154 
1459947785530740 156 153 
1459947785538296 151 148 
1459947785545989 150 145 
1459947785553992 155 151 
1459947785561916 157 153 
1459947785569403 151 147 
1459947785577578 156 152 
1459947785584911 153 149 
1459947785592354 150 145 
1459947785599821 153 150 
1459947785606337 146 143 
1459947785614694 156 152 
1459947785622452 152 150 
1459947785629637 149 144 
1459947785636979 154 152 
1459947785645334 159 155 
1459947785652948 154 148 
1459947785660827 153 150 
1459947785669056 157 153 
1459947785677078 156 154 
1459947785683930 149 145 
1459947785690905 148 145 
1459947785698361 152 150 
1459947785705744 151 146 
1459947785713160 151 148 
1459947785720777 152 150 
1459947785728828 154 150 
1459947785735951 150 146 
1459947785743917 153 150 
1459947785751451 148 145 
1459947785759799 157 154 
1459947785767671 153 148 
1459947785775837 157 153 
1459947785783908 156 153 
1459947785792035 156 153 
1459947785799320 151 147 
1459947785806503 151 149 
1459947785813941 152 148 
1459947785821037 150 146 
1459947785828793 152 148 
1459947785836213 153 151 
1459947785843944 154 151 
1459947785851615 156 153 
1459947785859443 152 150 
1459947785866480 149 146 
1459947785874043 153 149 
1459947785881576 153 150 
1459947785888817 153 149 
1459947785896346 152 149 
1459947785903722 152 149 
1459947785911268 154 151 
1459947785918285 149 147 
1459947785925772 153 150 
1459947785932645 149 144 
1459947785940527 156 152 
1459947785948369 154 150 
1459947785955785 152 148 
1459947785963494 154 151 
1459947785970555 151 147 
1459947785978460 155 151 
1459947785986506 157 154 
1459947785994004 152 150 
1459947786001825 153 152 
1459947786009270 152 149 
1459947786017051 156 154 
1459947786025158 156 154 
1459947786032626 150 147 
1459947786040570 155 153 
1459947786048507 155 152 
1459947786057034 158 156 
1459947786065106 154 153 
1459947786072456 153 149 
1459947786080000 156 153 
1459947786087963 153 150 
1459947786096335 158 154 
1459947786104054 152 149 
1459947786111434 154 152 
1459947786119075 151 149 
1459947786126581 152 149 
1459947786134519 155 152 
1459947786141739 149 147 
1459947786149892 156 153 
1459947786156705 146 143 
1459947786164496 153 150 
1459947786172381 156 153 
1459947786179211 145 143 
1459947786185634 144 143 
1459947786192968 150 148 
1459947786200400 152 147 
1459947786207993 154 151 
1459947786215137 152 150 
1459947786222572 152 149 
1459947786229783 151 147 
1459947786237635 153 151 
1459947786245413 158 154 
1459947786252848 153 148 
1459947786260385 153 151 
1459947786267738 151 149 
1459947786275261 154 150 
1459947786282962 156 151 
1459947786290384 151 149 
1459947786297787 154 151 
1459947786305426 154 151 
1459947786312578 149 144 
1459947786320453 156 152 
1459947786327763 152 148 
1459947786335614 155 152 
1459947786342551 149 146 
1459947786349790 154 151 
1459947786357245 154 152 
1459947786364943 151 150 
1459947786371034 143 141 
1459947786378009 150 147 
1459947786385731 154 151 
1459947786393014 151 147 
1459947786400935 155 153 
1459947786408386 152 149 
1459947786415897 153 148 
1459947786422915 150 146 
1459947786429982 149 145 
1459947786437292 152 148 
1459947786444117 145 142 
1459947786451756 154 150 
1459947786459220 152 150 
1459947786466437 149 147 
1459947786473509 154 150 
1459947786480703 152 148 
1459947786488314 153 151 
1459947786495887 155 151 
1459947786502828 150 147 
1459947786510725 154 149 
1459947786517962 150 146 
1459947786525583 152 147 
1459947786533216 155 151 
1459947786540824 155 152 
1459947786548053 154 150 
1459947786555687 153 149 
1459947786563899 158 155 
1459947786571581 153 151 
1459947786579686 157 154 
1459947786587284 154 150 
1459947786594146 149 146 
1459947786601556 154 153 
1459947786609199 153 150 
1459947786616682 152 149 
1459947786624322 153 150 
1459947786632108 153 150 
1459947786639827 156 150 
1459947786648204 156 151 
1459947786656190 157 152 
1459947786663554 150 147 
1459947786670504 151 148 
1459947786677381 152 150 
1459947786684910 155 153 
1459947786692783 156 152 
1459947786700590 154 150 
1459947786708378 154 150 
1459947786715398 150 145 
1459947786723102 153 151 
1459947786730462 152 149 
1459947786738093 154 149 
1459947786746109 154 151 
1459947786753685 155 152 
1459947786761114 153 150 
1459947786768957 153 150 
1459947786776149 153 150 
1459947786783814 155 152 
1459947786791748 156 151 
1459947786799438 154 150 
1459947786806410 150 148 
1459947786813294 151 147 
1459947786820692 152 149 
1459947786827986 152 149 
1459947786835239 152 148 
1459947786842364 150 147 
1459947786849299 151 147 
1459947786856836 153 149 
1459947786864665 157 154 
1459947786871993 152 148 
1459947786878566 148 145 
1459947786885666 151 148 
1459947786892519 150 145 
1459947786899861 153 150 
1459947786907050 151 146 
1459947786914140 152 149 
1459947786921560 155 151 
1459947786928997 151 146 
1459947786935983 153 150 
1459947786943621 155 151 
1459947786950672 151 147 
1459947786957981 152 150 
1459947786965847 155 151 
1459947786972786 151 147 
1459947786980092 150 147 
1459947786987784 153 150 
1459947786995427 156 153 
1459947787002707 150 145 
1459947787010031 150 147 
1459947787017730 154 151 
1459947787024765 149 147 
1459947787032347 156 153 
1459947787040091 152 149 
1459947787047633 155 149 
1459947787055522 155 150 
1459947787063184 154 149 
1459947787070270 150 146 
1459947787077890 154 151 
1459947787085225 151 149 
1459947787093026 154 149 
1459947787100358 153 150 
1459947787107576 154 152 
1459947787114508 150 147 
1459947787121485 150 149 
1459947787128474 152 148 
1459947787135405 153 150 
1459947787141875 149 146 
1459947787149227 150 147 
1459947787156743 151 148 
1459947787164581 155 152 
1459947787172211 154 151 
1459947787179403 151 148 
1459947787186881 154 148 
1459947787194372 152 147 
1459947787201332 153 150 
1459947787208318 150 147 
1459947787215867 155 151 
1459947787223541 153 152 
1459947787230713 153 150 
1459947787238655 156 152 
1459947787246247 154 150 
1459947787254107 154 149 
1459947787262242 155 151 
1459947787270104 153 149 
1459947787277635 154 151 
1459947787285181 151 149 
1459947787292161 147 145 
1459947787299825 157 154 
1459947787307149 152 149 
1459947787315117 156 153 
1459947787321989 149 145 
1459947787329072 150 146 
1459947787336937 155 152 
1459947787344630 153 148 
1459947787352555 158 155 
1459947787360153 152 149 
1459947787367681 152 149 
1459947787374438 146 142 
1459947787382226 151 148 
1459947787389639 149 146 
1459947787397308 153 151 
1459947787404585 150 146 
1459947787412343 150 145 
1459947787419885 153 150 
1459947787427809 153 151 
1459947787435616 155 151 
1459947787443227 153 151 
1459947787450912 153 149 
1459947787458412 153 149 
1459947787466923 159 156 
1459947787474544 153 147 
1459947787482361 154 151 
1459947787490034 154 150 
1459947787498292 153 148 
1459947787506257 157 153 
1459947787513718 152 149 
1459947787522139 156 151 
1459947787530002 153 149 
1459947787537685 154 148 
1459947787545508 154 151 
1459947787552947 155 151 
1459947787560649 155 152 
1459947787568112 153 150 
1459947787575721 154 150 
1459947787583861 156 153 
1459947787591310 151 147 
1459947787599001 154 152 
1459947787606733 155 151 
1459947787613801 152 149 
1459947787621357 153 150 
1459947787628738 151 149 
1459947787636334 155 152 
1459947787644328 152 150 
1459947787652392 157 154 
1459947787660129 153 150 
1459947787667897 151 146 
1459947787675643 156 152 
1459947787683644 152 150 
1459947787690904 149 147 
1459947787699208 155 152 
1459947787707150 152 148 
1459947787714918 154 151 
1459947787723013 153 151 
1459947787730755 155 151 
1459947787738403 153 149 
1459947787746448 153 150 
1459947787753806 151 149 
1459947787762286 155 153 
1459947787770796 157 152 
1459947787779115 155 152 
1459947787787298 155 152 
1459947787794787 149 145 
1459947787802619 154 151 
1459947787809209 143 139 
1459947787816555 154 150 
1459947787824198 155 151 
1459947787831712 153 151 
1459947787839962 156 153 
1459947787847143 152 149 
1459947787854691 152 149 
1459947787862314 153 150 
1459947787869294 147 143 
1459947787876807 153 150 
1459947787884317 151 149 
1459947787892326 153 150 
1459947787899876 154 151 
1459947787907488 153 150 
1459947787913895 143 139 
1459947787921085 147 145 
1459947787928673 153 149 
1459947787936278 154 150 
1459947787943693 149 146 
1459947787951596 156 152 
1459947787959050 149 147 
1459947787966276 150 146 
1459947787973315 149 146 
1459947787981205 156 150 
1459947787989197 157 153 
1459947787997502 155 151 
1459947788005417 154 151 
1459947788012532 151 147 
1459947788020473 155 152 
1459947788027993 150 147 
1459947788036275 156 153 
1459947788043726 153 150 
1459947788051934 157 154 
1459947788059818 156 153 
1459947788067889 154 151 
1459947788075623 153 150 
1459947788083477 155 151 
1459947788090936 151 147 
1459947788097944 146 143 
1459947788105535 152 149 
1459947788112887 154 151 
1459947788120401 153 149 
1459947788128665 157 153 
1459947788137136 156 152 
1459947788145088 154 149 
1459947788152184 146 143 
1459947788159799 154 150 
1459947788166958 150 146 
1459947788174234 152 146 
1459947788181845 150 147 
1459947788189676 152 149 
1459947788197256 150 146 
1459947788204582 152 149 
1459947788212229 150 145 
1459947788220322 153 151 
1459947788228014 153 147 
1459947788235571 155 151 
1459947788242924 152 148 
1459947788250171 150 146 
1459947788257385 148 144 
1459947788264904 153 150 
1459947788272384 154 151 
1459947788279631 151 146 
1459947788287334 155 151 
1459947788294591 149 144 
1459947788301520 150 147 
1459947788308657 153 148 
1459947788315903 149 146 
1459947788323179 150 147 
1459947788330098 148 145 
1459947788338014 156 150 
1459947788345721 154 151 
1459947788353069 151 148 
1459947788359823 148 145 
1459947788367553 155 152 
1459947788374135 148 143 
1459947788382167 156 152 
1459947788389740 153 150 
1459947788397353 153 149 
1459947788404404 148 143 
1459947788411978 156 150 
1459947788419344 152 148 
1459947788426612 149 146 
1459947788434640 154 151 
1459947788441974 150 146 
1459947788450139 156 150 
1459947788457296 151 148 
1459947788464634 147 144 
1459947788471840 151 148 
1459947788478756 147 144 
1459947788486394 151 146 
1459947788493985 151 148 
1459947788500910 147 142 
1459947788508518 152 149 
1459947788516257 153 149 
1459947788523569 151 147 
1459947788531753 154 150 
1459947788539609 152 147 
1459947788546953 151 149 
1459947788554229 152 148 
1459947788561835 157 153 
1459947788569559 153 148 
1459947788576913 150 147 
1459947788585245 156 152 
1459947788592322 149 144 
1459947788599829 153 148 
1459947788607083 151 148 
1459947788614012 146 144 
1459947788621883 155 153 
1459947788629112 151 146 
1459947788636781 156 153 
1459947788644146 150 146 
1459947788651731 154 151 
1459947788659138 153 149 
1459947788666408 151 146 
1459947788674300 156 152 
1459947788682038 153 148 
1459947788689524 153 150 
1459947788696808 150 147 
1459947788703596 145 140 
1459947788711588 156 153 
1459947788718184 145 141 
1459947788725766 152 149 
1459947788732707 144 139 
1459947788740223 154 149 
1459947788748649 155 154 
1459947788756105 151 150 
1459947788763812 155 152 
1459947788771438 152 148 
1459947788778742 152 149 
1459947788785775 146 143 
1459947788793383 153 150 
1459947788801258 154 151 
1459947788808644 149 145 
1459947788816501 155 152 
1459947788823517 150 147 
1459947788829721 141 140 
1459947788837079 153 148 
1459947788844713 153 150 
1459947788852292 153 150 
1459947788860678 156 154 
1459947788868122 151 148 
1459947788875332 151 147 
1459947788883103 154 150 
1459947788890737 154 151 
1459947788898190 152 149 
1459947788905245 149 147 
1459947788912981 154 150 
1459947788921036 155 151 
1459947788928402 154 150 
1459947788935656 153 150 
1459947788943703 151 148 
1459947788950766 150 145 
1459947788957618 147 144 
1459947788965460 155 151 
1459947788973159 154 152 
1459947788980667 153 149 
1459947788988277 152 148 
1459947788995524 152 148 
1459947789002794 153 150 
1459947789011097 154 150 
1459947789017870 148 144 
1459947789024487 149 145 
1459947789031393 150 146 
1459947789039225 155 149 
1459947789046077 149 146 
1459947789053412 152 147 
1459947789061813 158 155 
1459947789069497 153 150 
1459947789077617 158 154 
1459947789084829 151 148 
1459947789092175 150 146 
1459947789099746 151 148 
1459947789106782 149 145 
1459947789113787 150 146 
1459947789120831 150 146 
1459947789128701 153 150 
1459947789136496 155 151 
1459947789143331 148 143 
1459947789150523 151 145 
1459947789157516 153 148 
1459947789165215 154 151 
1459947789172597 153 149 
1459947789179798 153 149 
1459947789187110 151 148 
1459947789194754 155 150 
1459947789202273 154 150 
1459947789209733 152 150 
1459947789217339 154 150 
1459947789225079 154 150 
1459947789232445 152 148 
1459947789239498 147 144 
1459947789247181 152 148 
1459947789255009 157 152 
1459947789262356 151 147 
1459947789270867 157 154 
1459947789278522 153 148 
1459947789286618 157 154 
1459947789294322 154 150 
1459947789302045 154 150 
1459947789309133 148 144 
1459947789316293 147 145 
1459947789324001 153 149 
1459947789331658 155 152 
1459947789338890 149 146 
1459947789346665 154 150 
1459947789353944 152 149 
1459947789361071 150 146 
1459947789368915 153 149 
1459947789376547 153 149 
1459947789384442 153 150 
1459947789391858 151 148 
1459947789399828 154 151 
1459947789407197 154 150 
1459947789415075 153 149 
1459947789423014 156 152 
1459947789430344 153 149 
1459947789438280 156 151 
1459947789446632 157 153 
1459947789453923 149 146 
1459947789461337 153 149 
1459947789469227 154 149 
1459947789476356 153 150 
1459947789483836 150 147 
1459947789490927 147 144 
1459947789498408 150 147 
1459947789505187 147 144 
1459947789513232 156 153 
1459947789521083 153 149 
1459947789527877 142 140 
1459947789534599 147 144 
1459947789541855 152 149 
1459947789548765 148 144 
1459947789556315 153 149 
1459947789563331 149 147 
1459947789571120 154 150 
1459947789578711 151 148 
1459947789585892 152 148 
1459947789594014 156 151 
1459947789601520 150 147 
1459947789608326 148 144 
1459947789615915 150 148 
1459947789623358 151 149 
1459947789630011 145 143 
1459947789637556 155 151 
1459947789645561 155 151 
1459947789652717 152 148 
1459947789660869 156 151 
1459947789668340 155 151 
1459947789675570 153 148 
1459947789683041 153 150 
1459947789690745 155 153 
1459947789697940 152 148 
1459947789705655 153 148 
1459947789712370 145 143 
1459947789719059 141 139 
1459947789726462 151 148 
1459947789732712 141 137 
1459947789739280 146 143 
1459947789746565 154 151 
1459947789754618 155 151 
1459947789762558 153 149 
1459947789770007 149 145 
1459947789777637 154 152 
1459947789785239 151 148 
1459947789792177 148 144 
1459947789800181 154 150 
1459947789807792 151 149 
1459947789815488 153 150 
1459947789822955 152 149 
1459947789830027 148 144 
1459947789837766 155 150 
1459947789845515 153 150 
1459947789852692 151 147 
1459947789860283 154 150 
1459947789867974 153 148 
1459947789875848 157 153 
1459947789883754 154 152 
1459947789890996 153 150 
1459947789898407 153 150 
1459947789906141 154 150 
1459947789913458 153 147 
1459947789921169 155 150 
1459947789928827 151 148 
1459947789936072 150 146 
1459947789943908 155 152 
1459947789951549 154 150 
1459947789959256 154 151 
1459947789966567 151 148 
1459947789973852 151 146 
1459947789981402 155 150 
1459947789988965 155 152 
1459947789995811 150 147 
1459947790003400 154 151 
1459947790010569 152 148 
1459947790017822 152 148 
1459947790025072 152 149 
1459947790032779 151 148 
1459947790039459 148 146 
1459947790046377 150 146 
1459947790054083 155 152 
1459947790061830 158 154 
1459947790068696 148 145 
1459947790076181 154 151 
1459947790083812 152 149 
1459947790090643 150 146 
1459947790097647 153 150 
1459947790105765 156 152 
1459947790112936 149 144 
1459947790120643 153 149 
1459947790127763 152 149 
1459947790135296 155 151 
1459947790142614 150 146 
1459947790150242 153 149 
1459947790157507 151 146 
1459947790164360 147 144 
1459947790172168 155 150 
1459947790179280 150 147 
1459947790186490 149 147 
1459947790193091 148 146 
1459947790201318 157 152 
1459947790208448 149 147 
1459947790215874 151 147 
1459947790223622 153 149 
1459947790231219 154 151 
1459947790239038 155 152 
1459947790246380 150 148 
1459947790253219 149 145 
1459947790260802 155 150 
1459947790268429 154 149 
1459947790275820 154 150 
1459947790283381 154 151 
1459947790290512 149 146 
1459947790298145 154 151 
1459947790305439 149 145 
1459947790313079 153 150 
1459947790320573 151 148 
1459947790328405 153 148 
1459947790335765 152 149 
1459947790343512 153 151 
1459947790350789 152 150 
1459947790358317 156 154 
1459947790365126 150 147 
1459947790372254 153 149 
1459947790379951 154 151 
1459947790386870 150 148 
1459947790394881 156 153 
1459947790402557 154 150 
1459947790410547 156 154 
1459947790417726 150 147 
1459947790425359 152 151 
1459947790432752 152 149 
1459947790440415 153 149 
1459947790447780 152 148 
1459947790455016 149 143 
1459947790462017 151 148 
1459947790469408 150 146 
1459947790476934 150 147 
1459947790484718 155 154 
1459947790492455 153 150 
1459947790499785 150 145 
1459947790507353 152 147 
1459947790514918 154 151 
1459947790521797 148 144 
1459947790529137 153 148 
1459947790536710 154 151 
1459947790544145 151 148 
1459947790551142 151 146 
1459947790558441 152 147 
1459947790565541 150 146 
1459947790572964 152 148 
1459947790580702 154 152 
1459947790587772 149 146 
1459947790595538 152 151 
1459947790602667 153 150 
1459947790609692 148 146 
1459947790617188 151 147 
1459947790624964 154 153 
1459947790632821 153 149 
1459947790640275 153 149 
1459947790647404 152 147 
1459947790654729 153 149 
1459947790662149 154 151 
1459947790668812 147 145 
1459947790675695 151 147 
1459947790683217 152 150 
1459947790690687 153 150 
1459947790698014 155 152 
1459947790704987 152 150 
1459947790712494 154 148 
1459947790720138 155 150 
1459947790727620 151 147 
1459947790735455 154 151 
1459947790743388 154 151 
1459947790750841 150 147 
1459947790759025 156 152 
1459947790767156 154 149 
1459947790774989 155 152 
1459947790782636 153 150 
1459947790789821 152 150 
1459947790797404 156 153 
1459947790804767 153 149 
1459947790812303 155 152 
1459947790819485 151 149 
1459947790827048 152 149 
1459947790834801 155 153 
1459947790842477 153 149 
1459947790850167 152 149 
1459947790857363 148 145 
1459947790864438 150 148 
1459947790871749 154 151 
1459947790878956 150 148 
1459947790886318 152 149 
1459947790893553 150 147 
1459947790900895 152 148 
1459947790908117 153 149 
1459947790915348 150 147 
1459947790922986 155 151 
1459947790930284 151 148 
1459947790937800 152 150 
1459947790945928 158 155 
1459947790953199 150 145 
1459947790960769 153 150 
1459947790968446 153 150 
1459947790975850 153 150 
1459947790983480 152 150 
1459947790990955 151 148 
1459947790997953 150 149 
1459947791005936 154 151 
1459947791012969 148 144 
1459947791020175 152 148 
1459947791027353 149 146 
1459947791034641 151 149 
1459947791041812 152 150 
1459947791048747 151 148 
1459947791055646 147 146 
1459947791062911 153 150 
1459947791070409 153 150 
1459947791077810 151 148 
1459947791085130 151 148 
1459947791092829 153 149 
1459947791100080 153 151 
1459947791107213 148 146 
1459947791114674 151 149 
1459947791122367 154 152 
1459947791129787 152 148 
1459947791137222 154 149 
1459947791144231 146 144 
1459947791151320 149 145 
1459947791158990 154 151 
1459947791166187 150 146 
1459947791173533 152 148 
1459947791181350 156 152 
1459947791188478 153 149 
1459947791195805 155 151 
1459947791203614 155 152 
1459947791211104 151 149 
1459947791218863 156 155 
1459947791226145 152 150 
1459947791233405 153 149 
1459947791240707 152 149 
1459947791248833 154 151 
1459947791256811 156 154 
1459947791264310 153 151 
1459947791272354 157 154 
1459947791279495 152 149 
1459947791286719 151 148 
1459947791293704 152 146 
1459947791301384 155 150 
1459947791309036 155 152 
1459947791316870 155 152 
1459947791323704 149 146 
1459947791331823 156 154 
1459947791338541 150 147 
1459947791345567 147 145 
1459947791352820 153 149 
1459947791360422 151 149 
1459947791368609 158 154 
1459947791375919 153 151 
1459947791383137 151 147 
1459947791390635 150 146 
1459947791397838 151 147 
1459947791405492 154 151 
1459947791412669 150 146 
1459947791420226 153 151 
1459947791427546 152 149 
1459947791435027 150 147 
1459947791442347 151 146 
1459947791449907 152 148 
1459947791457525 150 146 
1459947791465266 153 150 
1459947791472561 153 148 
1459947791479529 148 146 
1459947791486905 153 149 
1459947791494285 153 149 
1459947791501771 152 150 
1459947791509718 154 152 
1459947791516998 148 144 
1459947791524290 154 151 
1459947791531435 147 143 
1459947791537368 139 129 
1459947791543908 141 131 
1459947791550049 141 129 
1459947791556006 140 128 
1459947791561932 140 129 
1459947791568356 142 131 
1459947791574360 140 130 
1459947791580175 144 137 
1459947791586273 143 137 
1459947791592198 145 138 
1459947791598430 143 137 
1459947791604057 139 133 
1459947791610320 144 137 
1459947791616670 144 136 
1459947791622696 143 134 
1459947791629242 145 137 
1459947791635160 143 136 
1459947791641449 145 138 
1459947791647682 142 136 
1459947791653825 142 134 
1459947791659772 145 138 
1459947791666254 145 139 
1459947791672215 143 136 
1459947791678324 144 137 
1459947791684020 141 134 
1459947791689904 141 138 
1459947791695313 142 137 
1459947791701115 141 135 
1459947791707034 143 137 
1459947791713105 144 133 
1459947791719667 145 138 
1459947791725959 142 138 
1459947791732495 146 139 
1459947791738820 145 139 
1459947791744505 141 136 
1459947791750252 140 134 
1459947791756165 145 139 
1459947791762104 142 135 
1459947791768420 143 137 
1459947791774025 140 133 
1459947791780116 141 135 
1459947791786305 142 136 
1459947791791882 142 136 
1459947791797688 148 136 
1459947791804232 150 135 
1459947791810562 152 136 
1459947791816172 148 131 
1459947791821891 148 130 
1459947791827685 150 131 
1459947791833712 153 133 
1459947791840132 153 135 
1459947791846564 152 133 
1459947791852311 152 134 
1459947791858134 150 130 
1459947791864423 154 133 
1459947791870686 152 132 
1459947791876259 151 130 
1459947791882800 155 134 
1459947791888684 153 132 
1459947791894842 152 132 
1459947791900867 152 129 
1459947791906745 153 129 
1459947791913211 158 135 
1459947791919193 153 130 
1459947791925217 154 131 
1459947791931293 155 131 
1459947791937373 152 130 
1459947791943596 155 131 
1459947791950001 156 132 
1459947791956025 154 132 
1459947791961968 155 130 
1459947791968377 158 133 
1459947791974450 155 131 
1459947791980481 154 130 
1459947791986544 154 130 
1459947791991658 153 128 
1459947791996447 144 121 
1459947792002592 155 132 
1459947792008744 156 132 
1459947792014867 155 131 
1459947792021039 156 130 
1459947792027508 156 132 
1459947792033365 154 128 
1459947792039484 155 129 
1459947792046216 160 135 
1459947792052101 158 132 
1459947792057587 155 129 
1459947792063720 158 132 
1459947792069725 155 132 
1459947792075379 152 127 
1459947792081650 160 135 
1459947792087656 157 130 
1459947792093275 154 128 
1459947792099709 158 133 
1459947792106514 162 136 
1459947792112731 158 133 
1459947792118364 155 128 
1459947792124752 156 131 
1459947792131241 156 130 
1459947792137587 158 133 
1459947792143566 158 132 
1459947792149619 157 130 
1459947792155160 152 125 
1459947792161472 158 132 
1459947792168084 157 131 
1459947792173571 152 125 
1459947792179933 157 130 
1459947792185557 154 128 
1459947792191253 153 127 
1459947792196807 154 129 
1459947792202097 154 125 
1459947792207455 150 124 
1459947792213234 154 126 
1459947792219446 159 130 
1459947792225131 155 128 
1459947792230588 155 128 
1459947792237300 161 134 
1459947792243297 157 130 
1459947792249332 155 128 
1459947792255754 160 134 
1459947792261933 158 130 
1459947792268388 157 130 
1459947792274250 156 129 
1459947792280641 160 133 
1459947792286855 159 130 
1459947792292881 156 129 
1459947792298710 155 129 
1459947792304639 156 129 
1459947792310529 157 131 
1459947792316710 159 131 
1459947792322760 157 129 
1459947792328231 153 125 
1459947792334308 161 134 
1459947792340101 157 130 
1459947792345801 153 127 
1459947792352238 163 136 
1459947792358974 159 132 
1459947792364924 158 129 
1459947792370540 156 129 
1459947792375731 153 126 
1459947792381601 156 130 
1459947792387486 156 130 
1459947792394067 162 132 
1459947792400114 157 129 
1459947792405778 157 130 
1459947792411689 156 128 
1459947792417919 159 132 
1459947792424106 157 130 
1459947792430348 159 132 
1459947792436703 160 133 
1459947792442791 158 130 
1459947792448628 158 131 
1459947792454244 156 129 
1459947792459773 154 127 
1459947792465432 155 126 
1459947792471572 159 131 
1459947792477647 158 129 
1459947792483937 158 129 
1459947792489748 159 130 
1459947792495771 158 132 
1459947792501141 154 125 
1459947792507237 160 131 
1459947792513558 160 131 
1459947792519279 155 126 
1459947792524869 152 125 
1459947792530737 157 129 
1459947792536536 157 127 
1459947792542912 160 132 
1459947792548987 159 130 
1459947792555372 160 132 
1459947792561152 155 126 
1459947792566761 157 129 
1459947792572820 157 129 
1459947792578784 158 130 
1459947792584287 153 127 
1459947792590403 157 129 
1459947792595945 153 125 
1459947792601531 156 128 
1459947792607175 156 128 
1459947792613531 158 132 
1459947792619659 160 132 
1459947792625693 158 129 
1459947792631380 155 126 
1459947792637770 159 133 
1459947792644237 160 131 
1459947792650325 159 133 
1459947792655839 155 129 
1459947792662026 159 133 
1459947792668389 161 132 
1459947792674084 158 131 
1459947792680220 161 133 
1459947792686347 160 130 
1459947792692080 156 128 
1459947792697833 153 125 
1459947792704191 161 131 
1459947792710665 159 131 
1459947792716916 162 132 
1459947792723052 159 129 
1459947792729382 160 130 
1459947792735165 158 130 
1459947792741220 158 129 
1459947792746776 158 129 
1459947792752671 156 128 
1459947792759200 161 132 
1459947792765446 160 132 
1459947792771182 158 129 
1459947792777530 161 133 
1459947792783916 161 131 
1459947792790003 160 132 
1459947792796149 162 132 
1459947792802473 160 131 
1459947792808681 159 129 
1459947792815231 163 133 
1459947792821262 159 129 
1459947792826956 158 130 
1459947792832762 158 130 
1459947792838709 157 130 
1459947792844609 157 129 
1459947792851269 162 133 
1459947792858055 162 133 
1459947792863804 157 129 
1459947792869928 159 130 
1459947792874689 141 114 
1459947792880954 158 130 
1459947792887128 157 129 
1459947792893369 159 129 
1459947792899838 161 132 
1459947792906211 159 131 
1459947792912043 158 130 
1459947792917826 159 130 
1459947792924326 159 130 
1459947792930833 158 129 
1459947792936987 158 129 
1459947792943459 160 132 
1459947792949970 162 132 
1459947792955689 156 127 
1459947792961345 157 127 
1459947792967454 159 131 
1459947792973541 159 128 
1459947792978926 152 123 
1459947792985142 157 125 
1459947792991240 162 133 
1459947792997914 162 133 
1459947793004118 158 127 
1459947793010377 159 130 
1459947793016523 157 127 
1459947793022968 159 130 
1459947793029110 158 130 
1459947793035255 159 130 
1459947793041490 160 130 
1459947793046745 151 120 
1459947793050818 132 103 
1459947793057149 159 129 
1459947793063518 160 131 
1459947793070295 161 132 
1459947793077040 162 134 
1459947793083693 161 131 
1459947793089664 159 129 
1459947793095942 158 129 
1459947793102384 162 133 
1459947793107929 158 127 
1459947793113669 156 125 
1459947793119581 160 129 
1459947793125774 161 130 
1459947793131714 159 130 
1459947793137860 160 130 
1459947793144115 162 131 
1459947793150227 161 129 
1459947793155540 155 125 
1459947793161991 161 131 
1459947793167875 158 128 
1459947793173632 158 129 
1459947793179492 158 130 
1459947793185786 163 132 
1459947793191714 159 128 
1459947793198313 161 131 
1459947793204429 160 129 
1459947793210387 157 126 
1459947793216325 158 128 
1459947793221554 155 125 
1459947793226379 143 114 
1459947793232667 161 131 
1459947793238691 158 128 
1459947793245245 159 130 
1459947793251494 160 130 
1459947793257840 161 131 
1459947793264311 161 132 
1459947793269595 160 130 
1459947793275971 163 132 
1459947793282206 161 131 
1459947793287964 157 128 
1459947793293473 154 126 
1459947793300046 164 134 
1459947793305877 159 129 
1459947793311644 157 128 
1459947793318050 163 133 
1459947793324218 160 132 
1459947793330083 158 128 
1459947793336324 161 131 
1459947793342006 157 128 
1459947793347792 155 128 
1459947793353996 160 130 
1459947793360251 161 132 
1459947793366460 160 129 
1459947793372180 159 128 
1459947793377365 155 126 
1459947793383895 161 132 
1459947793389282 156 127 
1459947793395556 160 129 
1459947793401209 157 129 
1459947793407048 157 125 
1459947793411922 148 117 
1459947793418142 161 130 
1459947793424061 157 128 
1459947793429965 158 127 
1459947793436194 163 132 
1459947793441664 158 129 
1459947793447481 158 128 
1459947793453647 160 132 
1459947793460162 162 131 
1459947793465559 155 125 
1459947793470583 154 125 
1459947793476688 160 131 
1459947793483022 161 132 
1459947793489135 159 129 
1459947793495154 163 130 
1459947793500850 158 129 
1459947793507223 161 132 
1459947793513821 162 132 
1459947793519677 159 127 
1459947793525228 156 124 
1459947793531238 161 127 
1459947793537156 157 127 
1459947793542316 152 120 
1459947793548132 158 128 
1459947793554178 160 128 
1459947793560128 160 128 
1459947793565916 159 129 
1459947793572091 163 132 
1459947793577804 158 128 
1459947793583093 155 125 
1459947793589136 161 132 
1459947793594866 158 128 
1459947793600513 159 127 
1459947793606317 160 130 
1459947793612758 161 132 
1459947793618742 159 132 
1459947793624886 162 130 
1459947793631214 161 130 
1459947793637353 160 128 
1459947793643796 162 133 
1459947793649863 160 128 
1459947793656026 160 128 
1459947793661779 159 129 
1459947793667467 156 125 
1459947793673386 161 131 
1459947793679777 159 129 
1459947793686084 159 129 
1459947793692271 160 129 
1459947793698191 158 128 
1459947793704551 163 133 
1459947793710483 158 128 
1459947793716334 161 128 
1459947793723065 164 132 
1459947793729478 161 132 
1459947793735063 158 128 
1459947793741673 166 135 
1459947793747627 157 125 
1459947793753555 159 128 
1459947793759621 161 129 
1459947793765525 159 129 
1459947793771447 160 130 
1459947793777496 161 132 
1459947793783812 163 133 
1459947793789520 158 127 
1459947793795148 159 129 
1459947793801340 163 131 
1459947793807109 158 127 
1459947793813207 160 129 
1459947793819182 161 132 
1459947793825140 161 130 
1459947793831144 161 130 
1459947793837534 162 133 
1459947793843285 158 128 
1459947793849220 159 129 
1459947793854787 160 129 
1459947793860827 161 130 
1459947793866355 159 127 
1459947793872174 160 129 
1459947793878350 164 134 
1459947793884006 159 128 
1459947793889515 158 128 
1459947793895758 163 132 
1459947793902108 160 130 
1459947793908176 160 130 
1459947793914199 161 130 
1459947793919675 156 124 
1459947793925708 159 127 
1459947793932218 163 134 
1459947793937923 153 122 
1459947793943205 157 124 
1459947793948668 157 125 
1459947793954358 160 128 
1459947793960343 160 128 
1459947793966167 160 128 
1459947793971974 162 133 
1459947793976956 153 122 
1459947793983402 161 130 
1459947793989540 160 129 
1459947793995522 159 127 
1459947794001118 155 127 
1459947794006663 157 128 
1459947794012444 160 126 
1459947794018459 160 128 
1459947794023843 157 125 
1459947794029957 160 130 
1459947794035749 159 129 
1459947794041595 158 128 
1459947794047442 160 129 
1459947794053375 160 128 
1459947794058847 154 124 
1459947794064578 158 125 
1459947794070641 162 130 
1459947794076507 161 129 
1459947794082311 160 129 
1459947794088669 163 132 
1459947794094864 161 129 
1459947794100801 160 130 
1459947794106897 162 132 
1459947794112079 153 122 
1459947794117482 157 126 
1459947794122919 156 125 
1459947794129255 163 131 
1459947794135564 160 129 
1459947794141813 159 131 
1459947794147594 162 129 
1459947794153448 160 128 
1459947794159809 162 131 
1459947794166055 163 132 
1459947794171723 158 127 
1459947794177150 160 128 
1459947794182984 159 129 
1459947794189213 163 131 
1459947794195208 160 129 
1459947794200669 158 127 
1459947794206497 161 129 
1459947794212050 158 124 
1459947794217794 159 127 
1459947794224196 164 133 
1459947794230594 161 130 
1459947794236348 160 128 
1459947794242199 159 128 
1459947794248584 161 131 
1459947794254931 162 131 
1459947794261220 160 129 
1459947794267167 161 129 
1459947794272903 159 128 
1459947794279198 162 131 
1459947794285685 165 135 
1459947794291631 158 129 
1459947794297881 161 130 
1459947794303762 161 130 
1459947794309600 161 131 
1459947794315719 161 130 
1459947794322004 162 130 
1459947794327477 156 125 
1459947794332009 148 116 
1459947794337684 155 126 
1459947794343747 159 128 
1459947794349975 161 129 
1459947794355777 162 131 
1459947794361429 160 129 
1459947794366977 160 128 
1459947794372834 160 129 
1459947794377994 157 127 
1459947794383965 160 130 
1459947794389834 158 126 
1459947794395557 158 127 
1459947794401879 161 132 
1459947794407381 158 128 
1459947794413433 161 130 
1459947794419485 161 130 
1459947794425347 160 131 
1459947794431187 160 129 
1459947794437783 165 134 
1459947794443087 155 125 
1459947794449133 160 130 
1459947794454913 161 131 
1459947794460630 158 129 
1459947794466132 155 125 
1459947794471785 159 127 
1459947794477702 162 130 
1459947794483342 157 128 
1459947794489376 160 128 
1459947794496029 164 133 
1459947794502216 163 132 
1459947794507347 154 126 
1459947794513695 162 131 
1459947794519952 159 128 
1459947794526149 160 130 
1459947794531975 159 129 
1459947794537723 159 127 
1459947794543733 160 129 
1459947794550070 162 131 
1459947794555660 155 125 
1459947794561633 159 129 
1459947794567426 160 129 
1459947794573360 159 130 
1459947794579609 160 130 
1459947794585701 157 127 
1459947794591704 161 130 
1459947794597528 158 128 
1459947794603222 159 128 
1459947794609372 160 130 
1459947794615614 162 132 
1459947794622073 164 133 
1459947794628561 163 133 
1459947794634593 158 127 
1459947794640542 160 128 
1459947794647069 163 133 
1459947794652929 158 127 
1459947794658820 160 126 
1459947794664653 161 129 
1459947794671020 161 131 
1459947794676665 160 130 
1459947794682194 158 126 
1459947794688511 162 130 
1459947794694102 156 125 
1459947794700127 160 129 
1459947794705529 155 125 
1459947794711605 160 128 
1459947794717775 163 131 
1459947794724136 160 130 
1459947794729931 159 127 
1459947794736092 160 130 
1459947794742385 161 132 
1459947794748732 160 130 
1459947794754927 162 130 
1459947794761024 163 131 
1459947794766617 156 125 
1459947794772387 159 127 
1459947794779175 165 133 
1459947794785099 159 128 
1459947794790561 160 127 
1459947794797223 165 134 
1459947794803072 156 124 
1459947794809322 161 129 
1459947794815554 161 131 
1459947794821789 163 131 
1459947794827875 161 130 
1459947794833793 158 128 
1459947794840391 164 132 
1459947794846371 162 130 
1459947794852407 161 131 
1459947794858208 161 130 
1459947794864100 161 129 
1459947794870025 160 128 
1459947794876011 161 130 
1459947794881414 156 126 
1459947794887896 163 132 
1459947794894274 163 133 
1459947794899962 159 127 
1459947794905122 158 127 
1459947794911302 163 131 
1459947794916933 159 130 
1459947794923125 160 129 
1459947794929111 160 129 
1459947794934917 161 129 
1459947794940886 160 128 
1459947794947352 162 133 
1459947794953444 162 129 
1459947794960001 163 130 
1459947794966465 162 130 
1459947794972505 163 131 
1459947794978063 156 124 
1459947794983959 159 129 
1459947794990398 163 132 
1459947794996697 162 132 
1459947795002610 159 130 
1459947795009012 162 131 
1459947795015023 160 130 
1459947795021002 158 128 
1459947795026929 158 128 
1459947795032579 160 129 
1459947795038592 161 128 
1459947795044751 162 129 
1459947795050744 163 130 
1459947795056826 161 129 
1459947795063068 160 128 
1459947795069248 162 130 
1459947795075266 160 130 
1459947795081572 161 130 
1459947795087508 160 128 
1459947795093211 158 125 
1459947795099294 158 128 
1459947795105692 164 134 
1459947795111516 161 127 
1459947795116787 157 127 
1459947795122968 162 130 
1459947795129040 159 129 
1459947795135120 161 130 
1459947795140512 158 126 
1459947795146490 161 127 
1459947795152421 162 131 
1459947795158570 162 131 
1459947795165155 163 132 
1459947795170559 156 125 
1459947795176961 163 132 
1459947795183435 164 132 
1459947795189240 160 129 
1459947795195527 161 131 
1459947795201024 158 126 
1459947795207146 161 128 
1459947795213034 159 127 
1459947795218544 156 125 
1459947795224436 161 130 
1459947795229473 155 125 
1459947795234747 155 125 
1459947795241041 163 133 
1459947795247234 162 132 
1459947795253123 159 127 
1459947795259951 165 132 
1459947795266489 162 129 
1459947795272511 160 129 
1459947795278011 158 126 
1459947795283448 157 126 
1459947795289198 161 129 
1459947795295271 160 128 
1459947795301144 159 128 
1459947795307042 162 130 
1459947795313221 163 131 
1459947795319495 162 130 
1459947795325667 161 130 
1459947795331570 162 131 
1459947795337792 162 129 
1459947795343843 162 130 
1459947795349371 157 126 
1459947795354866 158 126 
1459947795360429 158 127 
1459947795366634 162 130 
1459947795372342 161 129 
1459947795378189 160 129 
1459947795383809 159 128 
1459947795390103 164 133 
1459947795396606 163 131 
1459947795402075 155 123 
1459947795408341 164 132 
1459947795414365 162 131 
1459947795420436 159 129 
1459947795426779 163 131 
1459947795432574 160 129 
1459947795438665 160 128 
1459947795445132 164 133 
1459947795451676 163 131 
1459947795458171 161 131 
1459947795464719 162 132 
1459947795470463 159 129 
1459947795476889 162 131 
1459947795482915 161 130 
1459947795489218 163 132 
1459947795495702 162 131 
1459947795501605 158 129 
1459947795507874 162 130 
1459947795514236 163 129 
1459947795520877 164 132 
1459947795526835 159 128 
1459947795531999 156 125 
1459947795537839 160 129 
1459947795544273 163 132 
1459947795550323 161 131 
1459947795556237 159 128 
1459947795562413 162 131 
1459947795568236 160 128 
1459947795574491 163 132 
1459947795580244 160 129 
1459947795585132 154 124 
1459947795590735 159 127 
1459947795596591 160 129 
1459947795602196 159 128 
1459947795608143 161 133 
1459947795614070 162 132 
1459947795620130 162 132 
1459947795626668 163 133 
1459947795632455 161 129 
1459947795638492 162 132 
1459947795644250 159 129 
1459947795650199 161 130 
1459947795656604 164 131 
1459947795662054 157 125 
1459947795668163 159 128 
1459947795674048 160 129 
1459947795680081 163 132 
1459947795686096 159 128 
1459947795692209 162 128 
1459947795698024 162 130 
1459947795704212 161 131 
1459947795710180 159 127 
1459947795716522 160 129 
1459947795723226 161 130 
1459947795729496 160 127 
1459947795735930 164 133 
1459947795741645 158 127 
1459947795747527 161 130 
1459947795753803 165 132 
1459947795759975 161 128 
1459947795766021 163 128 
1459947795771753 160 128 
1459947795777263 157 126 
1459947795783759 161 130 
1459947795789491 163 130 
1459947795795778 163 132 
1459947795802323 164 132 
1459947795808243 159 128 
1459947795813563 155 125 
1459947795819088 156 124 
1459947795824684 161 129 
1459947795830640 164 132 
1459947795836447 160 130 
1459947795842811 161 129 
1459947795848582 161 130 
1459947795854755 160 127 
1459947795860820 159 129 
1459947795867187 163 133 
1459947795873076 159 127 
1459947795879614 162 130 
1459947795885570 162 130 
1459947795891573 158 128 
1459947795897758 163 132 
1459947795903706 161 130 
1459947795909505 163 131 
1459947795915308 161 129 
1459947795921637 161 130 
1459947795927435 161 129 
1459947795933395 164 132 
1459947795939769 163 132 
1459947795946442 166 133 
1459947795952796 164 133 
1459947795958010 157 124 
1459947795964346 166 135 
1459947795970544 162 130 
1459947795975931 159 128 
1459947795982507 164 136 
1459947795988562 162 131 
1459947795994444 162 129 
1459947796000395 162 131 
1459947796006100 160 129 
1459947796012103 159 127 
1459947796017838 159 129 
1459947796024049 164 133 
1459947796029605 159 127 
1459947796035571 161 130 
1459947796041810 165 132 
1459947796048127 162 130 
1459947796054216 162 130 
1459947796060214 161 129 
1459947796065700 159 126 
1459947796071857 163 132 
1459947796078145 161 132 
1459947796083879 160 129 
1459947796090183 163 134 
1459947796096593 163 130 
1459947796102537 162 132 
1459947796108492 162 130 
1459947796114738 164 132 
1459947796121100 165 134 
1459947796127167 162 131 
1459947796132709 161 130 
1459947796138853 162 132 
1459947796144508 159 128 
1459947796150599 162 131 
1459947796157021 163 131 
1459947796163298 163 131 
1459947796169205 160 128 
1459947796175009 158 126 
1459947796181250 162 131 
1459947796187253 161 132 
1459947796192022 154 123 
1459947796198500 165 134 
1459947796204726 161 131 
1459947796210037 158 126 
1459947796216034 162 129 
1459947796222259 160 129 
1459947796228183 158 127 
1459947796233655 159 129 
1459947796239923 162 132 
1459947796245383 158 129 
1459947796251706 165 133 
1459947796257479 160 128 
1459947796263205 158 127 
1459947796268832 161 129 
1459947796274460 160 129 
1459947796280392 162 130 
1459947796286370 162 130 
1459947796292819 166 134 
1459947796298930 163 131 
1459947796304911 162 132 
1459947796311250 165 134 
1459947796316604 159 126 
1459947796322526 160 130 
1459947796328059 156 127 
1459947796333512 159 127 
1459947796339463 161 130 
1459947796345463 161 130 
1459947796351680 165 133 
1459947796357437 160 129 
1459947796362697 156 125 
1459947796368274 159 127 
1459947796374238 163 131 
1459947796379927 159 129 
1459947796385834 162 132 
1459947796391406 156 125 
1459947796397501 160 128 
1459947796403506 161 128 
1459947796409400 165 132 
1459947796414878 160 129 
1459947796420511 161 130 
1459947796426409 162 129 
1459947796431886 158 129 
1459947796437458 157 125 
1459947796442991 159 128 
1459947796448904 160 129 
1459947796454873 162 131 
1459947796460746 162 130 
1459947796466549 161 128 
1459947796472111 158 127 
1459947796478381 161 129 
1459947796483962 161 130 
1459947796489597 158 128 
1459947796495773 162 131 
1459947796502510 166 132 
1459947796507699 159 125 
1459947796513256 161 129 
1459947796519538 162 129 
1459947796525852 164 132 
1459947796531558 161 130 
1459947796537267 160 128 
1459947796543095 163 132 
1459947796548531 158 126 
1459947796554592 161 130 
1459947796561179 165 132 
1459947796567326 160 129 
1459947796573052 160 128 
1459947796579381 164 133 
1459947796585277 160 129 
1459947796590546 158 127 
1459947796595664 156 124 
1459947796600984 158 127 
1459947796606505 159 126 
1459947796611678 154 121 
1459947796617984 164 133 
1459947796623064 157 125 
1459947796628356 155 125 
1459947796633723 155 124 
1459947796638965 156 125 
1459947796644545 159 128 
1459947796650143 159 128 
1459947796655654 161 129 
1459947796661156 157 125 
1459947796666314 156 122 
1459947796672262 160 128 
1459947796678450 162 130 
1459947796684417 160 129 
1459947796689762 161 130 
1459947796695690 162 128 
1459947796701455 158 127 
1459947796706668 157 125 
1459947796712357 160 128 
1459947796718597 164 132 
1459947796724699 162 131 
1459947796730211 158 126 
1459947796736076 160 127 
1459947796741978 160 127 
1459947796747485 159 128 
1459947796754073 165 135 
1459947796759177 155 123 
1459947796764491 157 125 
1459947796770161 160 127 
1459947796776808 166 133 
1459947796782574 160 130 
1459947796788391 158 128 
1459947796794341 164 132 
1459947796799546 155 122 
1459947796805370 160 128 
1459947796811482 165 132 
1459947796817058 161 129 
1459947796823221 162 130 
1459947796829510 163 130 
1459947796834113 151 121 
1459947796840123 161 129 
1459947796845727 157 126 
1459947796851553 159 129 
1459947796856811 160 127 
1459947796862434 159 128 
1459947796867392 153 121 
1459947796873143 160 126 
1459947796879211 161 129 
1459947796884481 156 125 
1459947796890431 162 131 
1459947796896236 160 129 
1459947796901846 160 127 
1459947796906697 152 119 
1459947796912611 163 133 
1459947796918066 157 127 
1459947796923816 161 128 
1459947796929493 158 126 
1459947796934935 157 125 
1459947796938644 134 103 
1459947796944243 156 126 
1459947796950297 164 132 
1459947796955604 159 127 
1459947796960803 157 127 
1459947796966348 160 128 
1459947796972117 161 131 
1459947796977579 155 123 
1459947796983450 158 125 
1459947796989260 163 130 
1459947796995106 161 129 
1459947797001109 162 130 
1459947797007212 163 131 
1459947797012865 155 124 
1459947797019141 162 131 
1459947797025294 161 129 
1459947797031166 160 129 
1459947797037046 162 130 
1459947797042716 161 127 
1459947797048169 154 124 
1459947797054069 160 130 
1459947797060564 162 131 
1459947797066556 163 132 
1459947797072318 160 129 
1459947797078572 163 131 
1459947797084270 157 125 
1459947797089882 159 128 
1459947797096448 162 132 
1459947797103135 166 135 
1459947797109364 163 130 
1459947797115123 158 127 
1459947797120364 153 122 
1459947797126402 160 127 
1459947797132301 162 128 
1459947797137958 161 129 
1459947797144533 166 135 
1459947797150254 159 128 
1459947797155282 154 121 
1459947797161876 164 133 
1459947797167797 162 129 
1459947797173270 160 127 
1459947797180250 166 134 
1459947797186536 163 131 
1459947797191445 153 120 
1459947797197483 161 131 
1459947797203401 162 131 
1459947797209217 161 127 
1459947797215267 162 131 
1459947797221642 162 132 
1459947797227149 152 121 
1459947797232927 159 128 
1459947797239226 164 133 
1459947797244944 161 130 
1459947797250602 161 130 
1459947797256699 163 131 
1459947797262108 156 123 
1459947797267839 159 125 
1459947797273805 161 128 
1459947797280251 164 132 
1459947797286272 160 129 
1459947797292425 164 133 
1459947797298004 152 121 
1459947797303668 160 127 
1459947797310028 163 130 
1459947797315740 162 130 
1459947797321741 159 127 
1459947797327307 159 126 
1459947797333263 160 126 
1459947797338745 156 125 
1459947797344116 160 126 
1459947797350094 162 129 
1459947797356226 165 131 
1459947797362212 161 129 
1459947797368441 162 131 
1459947797373783 157 124 
1459947797379569 159 128 
1459947797385214 159 127 
1459947797390988 161 129 
1459947797396274 156 124 
1459947797401894 161 128 
1459947797406959 152 119 
1459947797412816 160 128 
1459947797418107 159 127 
1459947797423976 163 132 
1459947797429935 161 130 
1459947797435582 160 128 
1459947797441292 159 128 
1459947797446497 152 119 
1459947797451620 156 123 
1459947797457659 161 129 
1459947797463725 162 129 
1459947797469660 163 131 
1459947797475712 163 131 
1459947797480456 149 117 
1459947797485462 153 121 
1459947797490919 156 125 
1459947797496399 158 128 
1459947797502325 159 128 
1459947797508577 162 133 
1459947797514544 160 128 
1459947797519840 158 126 
1459947797526628 166 135 
1459947797532160 159 127 
1459947797537393 159 126 
1459947797543170 160 127 
1459947797549334 161 128 
1459947797554720 154 123 
1459947797561173 163 130 
1459947797567268 163 132 
1459947797572838 161 128 
1459947797578685 161 129 
1459947797584929 162 131 
1459947797590273 155 123 
1459947797595981 158 127 
1459947797601999 161 127 
1459947797607927 161 127 
1459947797613267 158 125 
1459947797619266 160 128 
1459947797626677 149 144 
1459947797634046 152 146 
1459947797641111 152 149 
1459947797648667 151 149 
1459947797656300 151 147 
1459947797663466 147 144 
1459947797670778 152 150 
1459947797678368 155 151 
1459947797685863 151 149 
1459947797693130 150 146 
1459947797700510 152 148 
1459947797708805 155 151 
1459947797715990 154 150 
1459947797723750 154 151 
1459947797730623 145 141 
1459947797737655 152 149 
1459947797744577 147 144 
1459947797752030 153 150 
1459947797759142 151 148 
1459947797766007 144 142 
1459947797773391 150 148 
1459947797781122 153 149 
1459947797788226 147 144 
1459947797795237 147 143 
1459947797801799 141 139 
1459947797808925 151 148 
1459947797816454 153 150 
1459947797823916 152 149 
1459947797831463 153 149 
1459947797838006 142 138 
1459947797844973 147 144 
1459947797852527 153 150 
1459947797859729 149 145 
1459947797867509 156 153 
1459947797874374 143 141 
1459947797882147 153 149 
1459947797889005 148 145 
1459947797896002 149 146 
1459947797903913 154 151 
1459947797910993 144 142 
1459947797918658 151 146 
1459947797926485 155 152 
1459947797933156 148 146 
1459947797940948 153 149 
1459947797947718 142 139 
1459947797954962 148 147 
1459947797962347 152 151 
1459947797969670 151 149 
1459947797977227 150 148 
1459947797983844 144 142 
1459947797991546 151 149 
1459947797999440 152 150 
1459947798006677 147 146 
1459947798014251 151 148 
1459947798021467 149 147 
1459947798029349 153 150 
1459947798037316 154 150 
1459947798044011 144 141 
1459947798051168 146 142 
1459947798058654 153 149 
1459947798066102 150 148 
1459947798073439 151 148 
1459947798081485 157 153 
1459947798088114 138 135 
1459947798095642 156 152 
1459947798103428 153 149 
1459947798109971 142 137 
1459947798117238 151 149 
1459947798124033 143 141 
1459947798131830 153 150 
1459947798139646 154 151 
1459947798146453 146 142 
1459947798154150 156 152 
1459947798161439 150 147 
1459947798169596 155 151 
1459947798177529 153 148 
1459947798185214 152 148 
1459947798192524 153 150 
1459947798200517 154 152 
1459947798208651 158 153 
1459947798216046 151 146 
1459947798223712 152 149 
1459947798231470 155 150 
1459947798238916 153 150 
1459947798245670 151 145 
1459947798252946 152 148 
1459947798260593 153 150 
1459947798268103 151 147 
1459947798275804 153 149 
1459947798283543 154 149 
1459947798291713 155 152 
1459947798299730 153 151 
1459947798307415 155 152 
1459947798314646 153 148 
1459947798322368 153 149 
1459947798329875 151 147 
1459947798337792 153 151 
1459947798345514 155 153 
1459947798352192 148 145 
1459947798359792 151 148 
1459947798367337 152 149 
1459947798374468 148 145 
1459947798381811 153 149 
1459947798389461 153 148 
1459947798396761 153 149 
1459947798404180 153 150 
1459947798411409 153 148 
1459947798419216 155 151 
1459947798426560 150 146 
1459947798434200 151 147 
1459947798442148 154 150 
1459947798450124 152 148 
1459947798457936 156 152 
1459947798465485 153 148 
1459947798473115 155 150 
1459947798479785 141 139 
1459947798487536 153 150 
1459947798495026 152 149 
1459947798502552 154 150 
1459947798509964 154 149 
1459947798516840 151 146 
1459947798524767 154 150 
1459947798532302 152 149 
1459947798540287 156 151 
1459947798548028 153 151 
1459947798555678 152 148 
1459947798563187 150 146 
1459947798571192 154 150 
1459947798578900 155 151 
1459947798586228 153 150 
1459947798593133 152 149 
1459947798598696 129 127 
1459947798605879 149 146 
1459947798613656 153 150 
1459947798621184 152 148 
1459947798628409 151 148 
1459947798636057 153 150 
1459947798643133 148 144 
1459947798650823 153 151 
1459947798657992 150 148 
1459947798664951 148 144 
1459947798672612 155 151 
1459947798680071 150 146 
1459947798688147 153 148 
1459947798696078 153 148 
1459947798703380 151 146 
1459947798711372 157 155 
1459947798719131 153 149 
1459947798726888 153 148 
1459947798734723 154 149 
1459947798742313 153 148 
1459947798749745 155 152 
1459947798757200 152 149 
1459947798763889 147 143 
1459947798771237 154 150 
1459947798778299 149 146 
1459947798785614 153 149 
1459947798793375 153 150 
1459947798801501 156 152 
1459947798808617 146 143 
1459947798816165 152 148 
1459947798823688 152 148 
1459947798830723 150 147 
1459947798838765 154 152 
1459947798846200 152 148 
1459947798854442 154 151 
1459947798862300 153 149 
1459947798870539 154 150 
1459947798877774 150 147 
1459947798885495 153 148 
1459947798893734 154 148 
1459947798901894 155 153 
1459947798909662 154 151 
1459947798916752 151 146 
1459947798924153 151 146 
1459947798932108 153 148 
1459947798939367 153 152 
1459947798946455 149 146 
1459947798954711 157 153 
1459947798962319 154 150 
1459947798969699 151 148 
1459947798977084 152 150 
1459947798984347 150 147 
1459947798991770 150 146 
1459947798999411 156 154 
1459947799006726 151 147 
1459947799014473 153 150 
1459947799022118 153 148 
1459947799028859 149 145 
1459947799036882 155 153 
1459947799044760 153 151 
1459947799051622 147 142 
1459947799059478 152 149 
1459947799067359 153 150 
1459947799074721 153 150 
1459947799081946 149 146 
1459947799089211 149 147 
1459947799096298 151 147 
1459947799104187 154 149 
1459947799111425 152 150 
1459947799119544 154 149 
1459947799126540 150 146 
1459947799133653 150 147 
1459947799140830 146 144 
1459947799148458 155 151 
1459947799155746 150 147 
1459947799163402 153 150 
1459947799171199 153 151 
1459947799178568 151 148 
1459947799185066 140 137 
1459947799192953 151 149 
1459947799199993 147 144 
1459947799207401 154 151 
1459947799214653 152 147 
1459947799221837 147 143 
1459947799229422 154 149 
1459947799236990 153 151 
1459947799244732 153 151 
1459947799252133 152 149 
1459947799259289 150 147 
1459947799266999 151 147 
1459947799274637 151 147 
1459947799282070 153 149 
1459947799290073 153 150 
1459947799297714 152 149 
1459947799305787 156 152 
1459947799313297 154 150 
1459947799320807 154 150 
1459947799327803 149 145 
1459947799335403 154 150 
1459947799343443 154 151 
1459947799351221 153 149 
1459947799358992 156 151 
1459947799366125 149 144 
1459947799372975 148 143 
1459947799380487 153 149 
1459947799387743 150 146 
1459947799394346 150 148 
1459947799401989 157 152 
1459947799409720 152 148 
1459947799417733 155 153 
1459947799425341 151 146 
1459947799432607 151 149 
1459947799439041 145 143 
1459947799446282 152 148 
1459947799453402 150 145 
1459947799460203 143 139 
1459947799467657 151 148 
1459947799475172 152 148 
1459947799482582 152 148 
1459947799490110 153 150 
1459947799497846 154 150 
1459947799505140 149 146 
1459947799511870 146 143 
1459947799518919 149 146 
1459947799525443 139 136 
1459947799533134 156 150 
1459947799540207 152 148 
1459947799548103 154 150 
1459947799555184 151 147 
1459947799563154 154 148 
1459947799571458 157 155 
1459947799578299 150 147 
1459947799585468 151 146 
1459947799592885 153 147 
1459947799600220 151 148 
1459947799607487 153 150 
1459947799615142 154 148 
1459947799622379 150 148 
1459947799629764 151 147 
1459947799636362 145 143 
1459947799643904 151 146 
1459947799651960 156 153 
1459947799659682 153 149 
1459947799666704 149 145 
1459947799673800 149 145 
1459947799681757 155 150 
1459947799689285 154 150 
1459947799696274 150 145 
1459947799703767 152 148 
1459947799711578 154 150 
1459947799718774 151 146 
1459947799725545 149 145 
1459947799733109 150 145 
1459947799740649 152 148 
1459947799747555 148 143 
1459947799754913 152 148 
1459947799762230 152 147 
1459947799770034 152 149 
1459947799777425 153 149 
1459947799785265 154 151 
1459947799792778 152 145 
1459947799800391 154 148 
1459947799807615 151 147 
1459947799814582 147 145 
1459947799822104 154 151 
1459947799829202 149 145 
1459947799836173 151 147 
1459947799843405 155 150 
1459947799850624 150 146 
1459947799857246 145 141 
1459947799864836 153 149 
1459947799872377 150 146 
1459947799879293 145 143 
1459947799886566 149 146 
1459947799894467 153 149 
1459947799901988 153 149 
1459947799908230 144 139 
1459947799914969 148 143 
1459947799922417 149 147 
1459947799929736 151 148 
1459947799936897 150 148 
1459947799944144 150 146 
1459947799951533 149 146 
1459947799958471 151 148 
1459947799965684 148 144 
1459947799972686 151 146 
1459947799980862 155 150 
1459947799988012 149 145 
1459947799995279 153 149 
1459947800002975 151 149 
1459947800010015 146 142 
1459947800017634 155 151 
1459947800024821 152 148 
1459947800032117 154 149 
1459947800039249 149 145 
1459947800046649 152 148 
1459947800054086 153 150 
1459947800061753 153 149 
1459947800068446 143 141 
1459947800076022 153 149 
1459947800082838 149 146 
1459947800090954 154 151 
1459947800098190 149 146 
1459947800105066 144 141 
1459947800112907 154 151 
1459947800120196 149 145 
1459947800126937 146 140 
1459947800134084 151 148 
1459947800141566 151 149 
1459947800148773 152 148 
1459947800156259 151 148 
1459947800164180 154 150 
1459947800171768 153 149 
1459947800178538 149 145 
1459947800185599 148 146 
1459947800193074 152 148 
1459947800200464 150 145 
1459947800208199 153 147 
1459947800214750 147 142 
1459947800221990 153 149 
1459947800229606 155 151 
1459947800236785 151 145 
1459947800244355 151 148 
1459947800250959 146 141 
1459947800257298 147 143 
1459947800264284 152 147 
1459947800271369 151 147 
1459947800277927 146 144 
1459947800284963 152 147 
1459947800291793 145 140 
1459947800299037 151 148 
1459947800306610 155 151 
1459947800313914 151 144 
1459947800321508 152 149 
1459947800328722 151 148 
1459947800336445 153 149 
1459947800343516 150 144 
1459947800350782 150 146 
1459947800358244 152 148 
1459947800365417 152 148 
1459947800373018 148 143 
1459947800380926 154 151 
1459947800389059 153 150 
1459947800396481 152 148 
1459947800404418 153 146 
1459947800412256 153 149 
1459947800420139 156 152 
1459947800427903 152 147 
1459947800435605 152 148 
1459947800443784 155 150 
1459947800451055 151 148 
1459947800458825 155 151 
1459947800466015 151 148 
1459947800473627 151 148 
1459947800481742 156 152 
1459947800488840 150 145 
1459947800496331 150 146 
1459947800503663 153 149 
1459947800510503 149 146 
1459947800518200 154 151 
1459947800525377 152 149 
1459947800532860 153 150 
1459947800540403 153 149 
1459947800547884 151 146 
1459947800555133 152 147 
1459947800562629 153 149 
1459947800569913 150 148 
1459947800577239 152 149 
1459947800584534 149 146 
1459947800591753 150 146 
1459947800599608 156 151 
1459947800607733 153 149 
1459947800615325 154 150 
1459947800623189 151 149 
1459947800631481 156 152 
1459947800638557 149 147 
1459947800645843 150 147 
1459947800653352 154 150 
1459947800660736 150 147 
1459947800667971 148 145 
1459947800674962 148 144 
1459947800682440 150 148 
1459947800689959 153 150 
1459947800697723 156 152 
1459947800705411 151 148 
1459947800713023 152 150 
1459947800719513 147 143 
1459947800726576 148 144 
1459947800733602 151 149 
1459947800741019 152 149 
1459947800748665 152 148 
1459947800755935 151 148 
1459947800763128 150 146 
1459947800770292 151 149 
1459947800777940 151 147 
1459947800784940 151 148 
1459947800792041 149 146 
1459947800799362 151 147 
1459947800806663 153 150 
1459947800813641 150 145 
1459947800821031 152 149 
1459947800828684 152 148 
1459947800836284 154 150 
1459947800844150 158 154 
1459947800851436 151 148 
1459947800859110 153 149 
1459947800866704 153 151 
1459947800873787 152 147 
1459947800881415 153 150 
1459947800888645 150 146 
1459947800896024 152 146 
1459947800903970 155 151 
1459947800911922 154 150 
1459947800919813 155 152 
1459947800927233 153 149 
1459947800934751 152 148 
1459947800941849 152 147 
1459947800949125 151 145 
1459947800956972 157 152 
1459947800964283 153 148 
1459947800971358 149 144 
1459947800978830 154 151 
1459947800985996 152 148 
1459947800992857 151 146 
1459947801000448 155 151 
1459947801008515 153 148 
1459947801015599 152 149 
1459947801023099 152 149 
1459947801030770 153 148 
1459947801037760 149 145 
1459947801044913 150 146 
1459947801052484 153 149 
1459947801060140 152 149 
1459947801067695 153 150 
1459947801075454 156 152 
1459947801083005 153 149 
1459947801091125 156 151 
1459947801098158 150 147 
1459947801105115 148 144 
1459947801112787 152 149 
1459947801119896 151 147 
1459947801126999 150 146 
1459947801134102 152 147 
1459947801141446 154 150 
1459947801148294 152 149 
1459947801155767 155 151 
1459947801163156 153 149 
1459947801170701 156 152 
1459947801177884 152 147 
1459947801185689 153 150 
1459947801193528 154 150 
1459947801201080 153 149 
1459947801208042 152 147 
1459947801215042 150 145 
1459947801222516 153 149 
1459947801229970 155 151 
1459947801237853 154 151 
1459947801245524 152 150 
1459947801252906 152 147 
1459947801260010 151 146 
1459947801267646 155 151 
1459947801274627 147 142 
1459947801282421 153 150 
1459947801289867 155 152 
1459947801297167 152 149 
1459947801305135 156 153 
1459947801311807 149 145 
1459947801318598 151 146 
1459947801325915 154 151 
1459947801333483 152 146 
1459947801340837 152 148 
1459947801347566 149 145 
1459947801355096 152 148 
1459947801362599 152 148 
1459947801369999 152 148 
1459947801377143 152 148 
1459947801384291 148 144 
1459947801391971 154 149 
1459947801399511 155 151 
1459947801407555 157 152 
1459947801415469 156 152 
<<<<<<< HEAD
=======
<<<<<<< HEAD
<<<<<<< HEAD
<<<<<<< HEAD
<<<<<<< HEAD
>>>>>>> 3f8e119
=======
version https://git-lfs.github.com/spec/v1
oid sha256:08a6ba3520ef3790c452e4b4d1fa313dcb65e292445f57d4ee5526f5027cbdc8
size 80072
>>>>>>> f48ecf8
=======
>>>>>>> 587ddc4f3682fe26eb61ef3e7dd1f587b73479b7
>>>>>>> dd1805f
=======
version https://git-lfs.github.com/spec/v1
oid sha256:08a6ba3520ef3790c452e4b4d1fa313dcb65e292445f57d4ee5526f5027cbdc8
size 80072
>>>>>>> 349884c
=======
>>>>>>> 587ddc4f3682fe26eb61ef3e7dd1f587b73479b7
<<<<<<< HEAD
<<<<<<< HEAD
>>>>>>> 38e2d40
=======
>>>>>>> ddf0ce1
=======
>>>>>>> 2cf6812
=======
version https://git-lfs.github.com/spec/v1
oid sha256:08a6ba3520ef3790c452e4b4d1fa313dcb65e292445f57d4ee5526f5027cbdc8
size 80072
<<<<<<< HEAD
>>>>>>> 8d79f4c
=======
>>>>>>> 587ddc4f3682fe26eb61ef3e7dd1f587b73479b7
>>>>>>> c5a382b
=======
>>>>>>> 70238e08249cac7bd497cf178abe20b08de7a63b
<<<<<<< HEAD
>>>>>>> ddf0ce1
=======
>>>>>>> 2cf6812
=======
>>>>>>> ae7b143... Fixing logs
>>>>>>> dfa5db5e... Fixing logs
