<<<<<<< HEAD
<<<<<<< HEAD
=======
<<<<<<< HEAD
<<<<<<< HEAD
<<<<<<< HEAD
=======
<<<<<<< HEAD
>>>>>>> ddf0ce1
<<<<<<< HEAD
<<<<<<< HEAD
<<<<<<< HEAD
<<<<<<< HEAD
<<<<<<< HEAD
<<<<<<< HEAD
=======
>>>>>>> 2cf6812
<<<<<<< HEAD
version https://git-lfs.github.com/spec/v1
oid sha256:7c8d1a1a381d1ad99ffd72e8f2b4955104b14dd25b4ed2934993a5d2e52e30cc
size 5608
=======
version https://git-lfs.github.com/spec/v1
oid sha256:645f2ee2b03d6215d648478f02a66a2bcd37029d919becb68133ffdf2b562fec
size 4992
>>>>>>> dd1805f
=======
version https://git-lfs.github.com/spec/v1
oid sha256:645f2ee2b03d6215d648478f02a66a2bcd37029d919becb68133ffdf2b562fec
size 4992
>>>>>>> 38e2d40
=======
version https://git-lfs.github.com/spec/v1
oid sha256:645f2ee2b03d6215d648478f02a66a2bcd37029d919becb68133ffdf2b562fec
size 4992
>>>>>>> c5a382b
=======
=======
>>>>>>> ae7b143... Fixing logs
>>>>>>> dfa5db5e... Fixing logs
=======
>>>>>>> ae7b1437... Fixing logs
1459947780116397 180 177 
1459947780236776 181 178 
1459947780355029 179 177 
1459947780472744 180 177 
1459947780588764 179 177 
1459947780704450 180 177 
1459947780823625 181 177 
1459947780942317 180 177 
1459947781065088 183 179 
1459947781184105 182 178 
1459947781305065 181 178 
1459947781424639 181 178 
1459947781543852 182 180 
1459947781661670 180 178 
1459947781781377 182 179 
1459947781936726 181 179 
1459947782053765 180 177 
1459947782172911 181 179 
1459947782293867 181 179 
1459947782413553 181 178 
1459947782536022 182 179 
1459947782651876 180 178 
1459947782773684 181 179 
1459947782891308 182 180 
1459947783013630 182 180 
1459947783132131 181 179 
1459947783248182 181 178 
1459947783368071 182 180 
1459947783484795 180 178 
1459947783609577 187 185 
1459947783732491 186 184 
1459947783855122 186 183 
1459947783978642 185 183 
1459947784102216 186 183 
1459947784228800 187 184 
1459947784350621 183 181 
1459947784466956 179 177 
1459947784586952 181 178 
1459947784705667 181 179 
1459947784825143 180 178 
1459947784944618 180 178 
1459947785060165 179 176 
1459947785177819 180 178 
1459947785298704 182 179 
1459947785419575 181 178 
1459947785538296 180 177 
1459947785660827 181 177 
1459947785783908 181 178 
1459947785903722 181 178 
1459947786025158 182 179 
1459947786149892 182 179 
1459947786267738 181 177 
1459947786385731 181 177 
1459947786502828 180 177 
1459947786624322 182 179 
1459947786746109 182 179 
1459947786864665 182 178 
1459947786980092 181 177 
1459947787100358 182 178 
1459947787215867 181 177 
1459947787336937 181 179 
1459947787458412 181 178 
1459947787583861 183 179 
1459947787707150 182 178 
1459947787831712 182 179 
1459947787951596 181 177 
1459947788075623 182 178 
1459947788197256 181 177 
1459947788315903 181 176 
1459947788434640 181 176 
1459947788554229 180 176 
1459947788674300 182 177 
1459947788793383 180 177 
1459947788912981 181 177 
1459947789031393 181 177 
1459947789150523 181 176 
1459947789270867 182 177 
1459947789391858 181 177 
1459947789513232 181 177 
1459947789630011 179 176 
1459947789746565 180 176 
1459947789867974 181 176 
1459947789988965 182 177 
1459947790105765 182 177 
1459947790223622 180 176 
1459947790343512 181 177 
1459947790462017 181 178 
1459947790580702 181 177 
1459947790698014 181 178 
1459947790819485 182 179 
1459947790937800 181 177 
1459947791055646 181 178 
1459947791173533 180 177 
1459947791293704 182 179 
1459947791412669 181 177 
1459947791531435 180 177 
1459947791629242 168 159 
1459947791725959 169 161 
1459947791821891 172 161 
1459947791919193 178 156 
1459947792014867 180 155 
1459947792112731 182 154 
1459947792207455 180 153 
1459947792304639 181 153 
1459947792400114 183 154 
1459947792495771 182 153 
1459947792590403 182 152 
1459947792686347 183 154 
1459947792783916 185 154 
1459947792880954 184 153 
1459947792978926 183 153 
1459947793077040 183 151 
1459947793173632 185 153 
1459947793269595 184 152 
1459947793366460 185 154 
1459947793460162 184 152 
1459947793554178 184 151 
1459947793649863 185 153 
1459947793747627 186 153 
1459947793843285 187 153 
1459947793937923 185 153 
1459947794029957 186 152 
1459947794122919 186 152 
1459947794217794 187 152 
1459947794315719 187 154 
1459947794407381 186 152 
1459947794502216 186 153 
1459947794597528 185 153 
1459947794694102 187 153 
1459947794790561 187 153 
1459947794887896 187 154 
1459947794983959 187 154 
1459947795081572 187 154 
1459947795176961 188 153 
1459947795272511 187 153 
1459947795366634 187 153 
1459947795464719 188 154 
1459947795562413 188 154 
1459947795656604 187 154 
1459947795753803 187 154 
1459947795848582 187 153 
1459947795946442 188 154 
1459947796041810 189 155 
1459947796138853 189 155 
1459947796233655 188 154 
1459947796328059 188 155 
1459947796420511 188 153 
1459947796513256 188 153 
1459947796606505 187 152 
1459947796695690 185 151 
1459947796788391 187 152 
1459947796879211 186 152 
1459947796966348 184 150 
1459947797060564 187 152 
1459947797155282 188 153 
1459947797250602 187 153 
1459947797344116 188 152 
1459947797435582 187 151 
1459947797526628 186 151 
1459947797619266 187 152 
1459947797737655 180 176 
1459947797852527 178 175 
1459947797969670 179 176 
1459947798088114 178 176 
1459947798208651 181 177 
1459947798329875 181 177 
1459947798450124 181 177 
1459947798571192 181 177 
1459947798688147 179 176 
1459947798808617 181 177 
1459947798932108 181 177 
1459947799051622 180 177 
1459947799171199 180 177 
1459947799290073 179 175 
1459947799409720 181 176 
1459947799525443 178 175 
1459947799643904 180 176 
1459947799762230 180 175 
1459947799879293 179 175 
1459947799995279 179 175 
1459947800112907 179 176 
1459947800229606 179 175 
1459947800343516 179 174 
1459947800466015 181 176 
1459947800584534 180 176 
1459947800705411 180 177 
1459947800821031 179 175 
1459947800941849 181 177 
1459947801060140 180 175 
1459947801177884 181 177 
1459947801297167 180 176 
1459947801415469 181 176 
<<<<<<< HEAD
<<<<<<< HEAD
=======
<<<<<<< HEAD
<<<<<<< HEAD
<<<<<<< HEAD
<<<<<<< HEAD
>>>>>>> 3f8e119
=======
version https://git-lfs.github.com/spec/v1
oid sha256:959c225b4745e39f26b2e16403cdb5bd824a19f8b1cedd54212b9fbc6b9cbc55
size 5191
>>>>>>> f48ecf8
=======
>>>>>>> 587ddc4f3682fe26eb61ef3e7dd1f587b73479b7
>>>>>>> dd1805f
=======
version https://git-lfs.github.com/spec/v1
oid sha256:959c225b4745e39f26b2e16403cdb5bd824a19f8b1cedd54212b9fbc6b9cbc55
size 5191
>>>>>>> 349884c
=======
>>>>>>> 587ddc4f3682fe26eb61ef3e7dd1f587b73479b7
<<<<<<< HEAD
<<<<<<< HEAD
>>>>>>> 38e2d40
=======
>>>>>>> ddf0ce1
=======
>>>>>>> 2cf6812
=======
version https://git-lfs.github.com/spec/v1
oid sha256:959c225b4745e39f26b2e16403cdb5bd824a19f8b1cedd54212b9fbc6b9cbc55
size 5191
<<<<<<< HEAD
>>>>>>> 8d79f4c
=======
>>>>>>> 587ddc4f3682fe26eb61ef3e7dd1f587b73479b7
>>>>>>> c5a382b
=======
>>>>>>> 70238e08249cac7bd497cf178abe20b08de7a63b
<<<<<<< HEAD
>>>>>>> ddf0ce1
=======
>>>>>>> 2cf6812
=======
>>>>>>> ae7b143... Fixing logs
>>>>>>> dfa5db5e... Fixing logs
=======
>>>>>>> ae7b1437... Fixing logs
