<<<<<<< HEAD
<<<<<<< HEAD
=======
<<<<<<< HEAD
<<<<<<< HEAD
<<<<<<< HEAD
=======
<<<<<<< HEAD
>>>>>>> ddf0ce1
<<<<<<< HEAD
<<<<<<< HEAD
<<<<<<< HEAD
<<<<<<< HEAD
<<<<<<< HEAD
<<<<<<< HEAD
=======
>>>>>>> 2cf6812
<<<<<<< HEAD
version https://git-lfs.github.com/spec/v1
oid sha256:6fbf47c8ab04d0a5068832fcbdf51c8ebcd466a7f96c7c98f400f0e47aee9ca9
size 41898
=======
version https://git-lfs.github.com/spec/v1
oid sha256:87f73ca6dd8c72d4c377e0b7b48a23c6487053c59752fae31b3782c1f75f8ebc
size 39936
>>>>>>> dd1805f
=======
version https://git-lfs.github.com/spec/v1
oid sha256:87f73ca6dd8c72d4c377e0b7b48a23c6487053c59752fae31b3782c1f75f8ebc
size 39936
>>>>>>> 38e2d40
=======
version https://git-lfs.github.com/spec/v1
oid sha256:87f73ca6dd8c72d4c377e0b7b48a23c6487053c59752fae31b3782c1f75f8ebc
size 39936
>>>>>>> c5a382b
=======
=======
>>>>>>> ae7b143... Fixing logs
>>>>>>> dfa5db5e... Fixing logs
=======
>>>>>>> ae7b1437... Fixing logs
1459947780015588 161 159 
1459947780029788 159 156 
1459947780044149 162 157 
1459947780058037 158 156 
1459947780072978 161 159 
1459947780087841 163 159 
1459947780102413 161 157 
1459947780116397 157 154 
1459947780130671 160 157 
1459947780145488 162 159 
1459947780160834 163 160 
1459947780176066 161 157 
1459947780190499 157 154 
1459947780205468 162 159 
1459947780221153 162 159 
1459947780236776 163 160 
1459947780251858 160 156 
1459947780266326 159 157 
1459947780281222 159 157 
1459947780295438 158 155 
1459947780310437 160 157 
1459947780325082 160 156 
1459947780340640 159 155 
1459947780355029 160 157 
1459947780369869 159 157 
1459947780384290 159 156 
1459947780399387 162 160 
1459947780412878 155 153 
1459947780427610 160 157 
1459947780443221 163 160 
1459947780458195 161 157 
1459947780472744 161 157 
1459947780487975 163 160 
1459947780501804 154 151 
1459947780516529 159 157 
1459947780530469 158 155 
1459947780545136 160 158 
1459947780559593 159 156 
1459947780574506 162 158 
1459947780588764 158 156 
1459947780603382 160 155 
1459947780618036 160 156 
1459947780632194 158 156 
1459947780646661 158 155 
1459947780660159 156 154 
1459947780674926 161 156 
1459947780689607 161 159 
1459947780704450 161 158 
1459947780719011 158 155 
1459947780733478 160 157 
1459947780748257 160 156 
1459947780763067 162 159 
1459947780777425 159 154 
1459947780792507 161 157 
1459947780808249 163 160 
1459947780823625 161 158 
1459947780838176 161 157 
1459947780853193 161 159 
1459947780868327 158 155 
1459947780882628 155 152 
1459947780897957 162 159 
1459947780912058 159 156 
1459947780927267 160 157 
1459947780942317 162 158 
1459947780957278 159 156 
1459947780972491 162 159 
1459947780988738 163 160 
1459947781004466 161 159 
1459947781019142 162 157 
1459947781034109 162 159 
1459947781050035 162 160 
1459947781065088 163 161 
1459947781080541 164 159 
1459947781095429 162 158 
1459947781110385 161 157 
1459947781125360 160 158 
1459947781140583 162 158 
1459947781155232 161 157 
1459947781169567 160 156 
1459947781184105 160 157 
1459947781198353 161 158 
1459947781213113 158 155 
1459947781227983 161 157 
1459947781244012 163 160 
1459947781259576 164 160 
1459947781274206 161 157 
1459947781289563 162 159 
1459947781305065 164 160 
1459947781320588 164 161 
1459947781335958 161 158 
1459947781351784 163 161 
1459947781366350 159 156 
1459947781379911 156 152 
1459947781394634 160 157 
1459947781410634 163 160 
1459947781424639 159 156 
1459947781439481 163 160 
1459947781454418 161 157 
1459947781469218 163 160 
1459947781484534 163 160 
1459947781499621 161 158 
1459947781514418 162 160 
1459947781529284 161 158 
1459947781543852 161 159 
1459947781557623 157 155 
1459947781572178 159 156 
1459947781587333 161 158 
1459947781602064 160 157 
1459947781617137 163 159 
1459947781632359 160 158 
1459947781647388 161 157 
1459947781661670 160 156 
1459947781676562 163 158 
1459947781691473 160 157 
1459947781706035 161 158 
1459947781721384 164 160 
1459947781736055 160 157 
1459947781750800 162 159 
1459947781766170 162 160 
1459947781781377 162 158 
1459947781829518 160 159 
1459947781844850 162 157 
1459947781861098 165 161 
1459947781876555 161 159 
1459947781891540 160 159 
1459947781906920 161 160 
1459947781921436 161 158 
1459947781936726 161 160 
1459947781951268 157 155 
1459947781965942 161 159 
1459947781981015 161 159 
1459947781995520 160 156 
1459947782010386 160 157 
1459947782024911 160 158 
1459947782038745 156 153 
1459947782053765 161 157 
1459947782069163 162 159 
1459947782084042 163 160 
1459947782098240 159 156 
1459947782113015 161 158 
1459947782126912 160 157 
1459947782141381 159 156 
1459947782157225 163 160 
1459947782172911 162 160 
1459947782188645 161 157 
1459947782202706 157 155 
1459947782217740 162 158 
1459947782233448 164 161 
1459947782248649 161 159 
1459947782264285 162 158 
1459947782278471 157 154 
1459947782293867 163 159 
1459947782309144 162 159 
1459947782323213 161 157 
1459947782337809 160 157 
1459947782353632 163 161 
1459947782368784 161 158 
1459947782382867 160 157 
1459947782398509 161 159 
1459947782413553 161 159 
1459947782428761 163 160 
1459947782443688 161 157 
1459947782459298 161 158 
1459947782475970 166 162 
1459947782490706 160 158 
1459947782506239 164 160 
1459947782521228 160 157 
1459947782536022 160 155 
1459947782551151 162 160 
1459947782566339 162 159 
1459947782580366 159 156 
1459947782593883 158 156 
1459947782607745 158 156 
1459947782622348 161 158 
1459947782637724 162 158 
1459947782651876 159 155 
1459947782667194 161 158 
1459947782682095 162 159 
1459947782696943 159 157 
1459947782711560 159 157 
1459947782728360 162 159 
1459947782743345 161 159 
1459947782758730 161 158 
1459947782773684 161 158 
1459947782788077 163 161 
1459947782802443 161 159 
1459947782816995 159 158 
1459947782832349 163 160 
1459947782847238 163 160 
1459947782861899 163 159 
1459947782876395 160 158 
1459947782891308 158 156 
1459947782906157 162 158 
1459947782921706 163 159 
1459947782936252 161 158 
1459947782950717 162 159 
1459947782966700 161 159 
1459947782982326 162 159 
1459947782997538 162 159 
1459947783013630 164 161 
1459947783028717 162 158 
1459947783043706 161 160 
1459947783058863 161 158 
1459947783074230 163 159 
1459947783088831 162 158 
1459947783103500 161 158 
1459947783117777 161 158 
1459947783132131 157 155 
1459947783147123 160 157 
1459947783161543 158 155 
1459947783176559 162 160 
1459947783191250 161 158 
1459947783205445 161 158 
1459947783220178 160 156 
1459947783234001 160 158 
1459947783248182 157 154 
1459947783263299 162 159 
1459947783278946 163 160 
1459947783293548 161 157 
1459947783308309 161 159 
1459947783322696 159 157 
1459947783338285 165 162 
1459947783353329 160 157 
1459947783368071 161 158 
1459947783381901 158 157 
1459947783395594 157 155 
1459947783410791 160 157 
1459947783425390 158 156 
1459947783440394 161 159 
1459947783454674 160 158 
1459947783469680 161 158 
1459947783484795 162 159 
1459947783500574 166 162 
1459947783516231 167 165 
1459947783531979 166 164 
1459947783546682 163 161 
1459947783562196 164 163 
1459947783577697 167 165 
1459947783594163 170 166 
1459947783609577 164 160 
1459947783625010 165 162 
1459947783640287 164 161 
1459947783655607 166 163 
1459947783670708 165 164 
1459947783686832 166 165 
1459947783702582 168 164 
1459947783717770 164 161 
1459947783732491 161 158 
1459947783747481 163 162 
1459947783762582 166 162 
1459947783778010 164 160 
1459947783793290 165 164 
1459947783808834 164 159 
1459947783824668 164 161 
1459947783840105 164 161 
1459947783855122 165 162 
1459947783870285 163 160 
1459947783886892 167 164 
1459947783901886 163 160 
1459947783917619 164 160 
1459947783933344 166 164 
1459947783948641 163 161 
1459947783964412 166 163 
1459947783978642 162 159 
1459947783993575 164 161 
1459947784008510 163 159 
1459947784024427 168 165 
1459947784038739 162 158 
1459947784055959 172 167 
1459947784070926 164 159 
1459947784086830 166 162 
1459947784102216 164 161 
1459947784117230 164 161 
1459947784133199 168 164 
1459947784148457 165 161 
1459947784163414 164 161 
1459947784180588 170 166 
1459947784196799 168 164 
1459947784212959 167 164 
1459947784228800 165 161 
1459947784244177 165 160 
1459947784260256 165 163 
1459947784276462 165 164 
1459947784290005 157 155 
1459947784305344 163 160 
1459947784320043 162 159 
1459947784335037 161 158 
1459947784350621 163 160 
1459947784364960 159 157 
1459947784380402 162 159 
1459947784394997 162 159 
1459947784408795 155 153 
1459947784423122 158 155 
1459947784437140 158 156 
1459947784451942 160 157 
1459947784466956 160 156 
1459947784481624 160 158 
1459947784496952 163 159 
1459947784512671 161 157 
1459947784527996 164 160 
1459947784542655 159 156 
1459947784557646 161 158 
1459947784572205 159 156 
1459947784586952 161 158 
1459947784602195 163 159 
1459947784616564 159 156 
1459947784631750 162 160 
1459947784646731 161 159 
1459947784661885 160 158 
1459947784676924 162 160 
1459947784691857 159 156 
1459947784705667 158 156 
1459947784719154 156 151 
1459947784734800 163 160 
1459947784750103 161 157 
1459947784765505 162 159 
1459947784780926 163 159 
1459947784794878 157 154 
1459947784810070 162 159 
1459947784825143 160 157 
1459947784839504 155 152 
1459947784854910 163 160 
1459947784868520 159 155 
1459947784883760 161 158 
1459947784899863 161 158 
1459947784914130 158 155 
1459947784929901 163 160 
1459947784944618 160 157 
1459947784958796 159 155 
1459947784974237 160 158 
1459947784989201 163 159 
1459947785003681 158 156 
1459947785018019 158 155 
1459947785030694 150 147 
1459947785045516 158 155 
1459947785060165 160 158 
1459947785074818 158 156 
1459947785089558 160 156 
1459947785104925 162 160 
1459947785118543 157 155 
1459947785133946 164 162 
1459947785148355 159 154 
1459947785163463 161 158 
1459947785177819 160 157 
1459947785193542 163 159 
1459947785208406 161 158 
1459947785223094 162 158 
1459947785237837 160 157 
1459947785253859 163 158 
1459947785269153 162 159 
1459947785285030 163 159 
1459947785298704 157 154 
1459947785313704 164 161 
1459947785329069 161 157 
1459947785344476 164 160 
1459947785359750 162 158 
1459947785374703 160 157 
1459947785389764 161 158 
1459947785405060 161 158 
1459947785419575 160 157 
1459947785433965 160 157 
1459947785448503 160 157 
1459947785463462 162 160 
1459947785478485 161 158 
1459947785492411 153 150 
1459947785507054 159 155 
1459947785522864 163 159 
1459947785538296 161 159 
1459947785553992 161 156 
1459947785569403 162 157 
1459947785584911 162 158 
1459947785599821 159 156 
1459947785614694 159 156 
1459947785629637 160 155 
1459947785645334 165 162 
1459947785660827 162 157 
1459947785677078 164 162 
1459947785690905 157 154 
1459947785705744 160 157 
1459947785720777 160 159 
1459947785735951 160 156 
1459947785751451 159 156 
1459947785767671 163 160 
1459947785783908 165 161 
1459947785799320 162 158 
1459947785813941 160 157 
1459947785828793 160 156 
1459947785843944 162 159 
1459947785859443 162 160 
1459947785874043 159 156 
1459947785888817 161 158 
1459947785903722 161 158 
1459947785918285 160 157 
1459947785932645 159 155 
1459947785948369 164 159 
1459947785963494 162 158 
1459947785978460 162 157 
1459947785994004 164 161 
1459947786009270 161 159 
1459947786025158 164 162 
1459947786040570 161 159 
1459947786057034 165 162 
1459947786072456 162 159 
1459947786087963 163 159 
1459947786104054 164 160 
1459947786119075 161 159 
1459947786134519 162 159 
1459947786149892 162 158 
1459947786164496 158 154 
1459947786179211 159 156 
1459947786192968 155 154 
1459947786207993 162 158 
1459947786222572 160 158 
1459947786237635 160 157 
1459947786252848 164 159 
1459947786267738 161 158 
1459947786282962 164 159 
1459947786297787 160 158 
1459947786312578 161 156 
1459947786327763 163 159 
1459947786342551 161 158 
1459947786357245 162 160 
1459947786371034 155 153 
1459947786385731 160 157 
1459947786400935 162 159 
1459947786415897 161 156 
1459947786429982 158 154 
1459947786444117 157 153 
1459947786459220 162 159 
1459947786473509 160 157 
1459947786488314 161 158 
1459947786502828 161 157 
1459947786517962 161 156 
1459947786533216 162 158 
1459947786548053 162 160 
1459947786563899 163 160 
1459947786579686 163 161 
1459947786594146 160 156 
1459947786609199 162 160 
1459947786624322 162 158 
1459947786639827 163 158 
1459947786656190 164 159 
1459947786670504 159 156 
1459947786684910 162 160 
1459947786700590 164 160 
1459947786715398 160 156 
1459947786730462 161 158 
1459947786746109 163 158 
1459947786761114 163 160 
1459947786776149 162 159 
1459947786791748 164 160 
1459947786806410 160 158 
1459947786820692 160 156 
1459947786835239 161 157 
1459947786849299 159 155 
1459947786864665 164 160 
1459947786878566 159 155 
1459947786892519 159 155 
1459947786907050 160 156 
1459947786921560 163 158 
1459947786935983 160 157 
1459947786950672 162 157 
1459947786965847 162 159 
1459947786980092 159 156 
1459947786995427 163 160 
1459947787010031 159 155 
1459947787024765 160 157 
1459947787040091 162 159 
1459947787055522 164 158 
1459947787070270 160 156 
1459947787085225 162 159 
1459947787100358 162 157 
1459947787114508 160 158 
1459947787128474 160 158 
1459947787141875 160 157 
1459947787156743 159 155 
1459947787172211 164 161 
1459947787186881 161 156 
1459947787201332 162 157 
1459947787215867 161 158 
1459947787230713 162 160 
1459947787246247 163 159 
1459947787262242 163 158 
1459947787277635 162 159 
1459947787292161 158 156 
1459947787307149 162 160 
1459947787321989 162 157 
1459947787336937 161 158 
1459947787352555 164 160 
1459947787367681 161 158 
1459947787382226 157 154 
1459947787397308 160 156 
1459947787412343 159 154 
1459947787427809 161 159 
1459947787443227 162 160 
1459947787458412 161 157 
1459947787474544 164 160 
1459947787490034 163 159 
1459947787506257 164 159 
1459947787522139 162 158 
1459947787537685 162 157 
1459947787552947 162 159 
1459947787568112 162 159 
1459947787583861 164 160 
1459947787599001 161 158 
1459947787613801 162 158 
1459947787628738 160 158 
1459947787644328 162 158 
1459947787660129 164 160 
1459947787675643 162 156 
1459947787690904 160 158 
1459947787707150 163 158 
1459947787723013 162 160 
1459947787738403 163 158 
1459947787753806 161 158 
1459947787770796 165 161 
1459947787787298 164 160 
1459947787802619 160 157 
1459947787816555 157 153 
1459947787831712 163 159 
1459947787847143 163 159 
1459947787862314 161 158 
1459947787876807 160 156 
1459947787892326 161 158 
1459947787907488 162 159 
1459947787921085 154 151 
1459947787936278 162 158 
1459947787951596 161 157 
1459947787966276 159 155 
1459947787981205 160 156 
1459947787997502 165 161 
1459947788012532 161 158 
1459947788027993 162 158 
1459947788043726 163 159 
1459947788059818 165 162 
1459947788075623 162 159 
1459947788090936 161 157 
1459947788105535 158 155 
1459947788120401 162 159 
1459947788137136 165 161 
1459947788152184 158 154 
1459947788166958 161 156 
1459947788181845 160 155 
1459947788197256 159 156 
1459947788212229 160 155 
1459947788228014 161 157 
1459947788242924 163 158 
1459947788257385 158 153 
1459947788272384 162 159 
1459947788287334 162 156 
1459947788301520 158 153 
1459947788315903 160 155 
1459947788330098 157 155 
1459947788345721 164 159 
1459947788359823 158 155 
1459947788374135 161 156 
1459947788389740 163 158 
1459947788404404 159 154 
1459947788419344 163 157 
1459947788434640 160 157 
1459947788450139 161 156 
1459947788464634 158 154 
1459947788478756 158 154 
1459947788493985 159 156 
1459947788508518 158 154 
1459947788523569 161 156 
1459947788539609 162 157 
1459947788554229 160 156 
1459947788569559 164 159 
1459947788585245 161 158 
1459947788599829 160 155 
1459947788614012 158 155 
1459947788629112 162 158 
1459947788644146 162 158 
1459947788659138 162 159 
1459947788674300 162 158 
1459947788689524 161 157 
1459947788703596 156 152 
1459947788718184 159 156 
1459947788732707 157 152 
1459947788748649 163 160 
1459947788763812 162 159 
1459947788778742 161 157 
1459947788793383 158 156 
1459947788808644 161 156 
1459947788823517 161 158 
1459947788837079 155 152 
1459947788852292 162 158 
1459947788868122 162 159 
1459947788883103 161 157 
1459947788898190 162 158 
1459947788912981 161 157 
1459947788928402 163 159 
1459947788943703 161 157 
1459947788957618 157 153 
1459947788973159 164 160 
1459947788988277 161 157 
1459947789002794 161 157 
1459947789017870 160 155 
1459947789031393 158 154 
1459947789046077 160 156 
1459947789061813 164 160 
1459947789077617 164 160 
1459947789092175 159 155 
1459947789106782 158 155 
1459947789120831 158 154 
1459947789136496 162 158 
1459947789150523 158 153 
1459947789165215 161 157 
1459947789179798 161 157 
1459947789194754 162 157 
1459947789209733 162 158 
1459947789225079 162 158 
1459947789239498 158 155 
1459947789255009 163 158 
1459947789270867 162 159 
1459947789286618 163 159 
1459947789302045 163 158 
1459947789316293 156 153 
1459947789331658 163 159 
1459947789346665 160 156 
1459947789361071 159 155 
1459947789376547 162 158 
1459947789391858 160 158 
1459947789407197 163 158 
1459947789423014 163 159 
1459947789438280 163 158 
1459947789453923 161 158 
1459947789469227 162 157 
1459947789483836 160 156 
1459947789498408 157 154 
1459947789513232 160 157 
1459947789527877 157 153 
1459947789541855 159 155 
1459947789556315 159 155 
1459947789571120 159 157 
1459947789585892 160 156 
1459947789601520 162 157 
1459947789615915 157 154 
1459947789630011 157 155 
1459947789645561 163 159 
1459947789660869 162 157 
1459947789675570 163 158 
1459947789690745 162 159 
1459947789705655 161 156 
1459947789719059 151 150 
1459947789732712 154 151 
1459947789746565 159 155 
1459947789762558 163 158 
1459947789777637 160 158 
1459947789792177 158 154 
1459947789807792 162 158 
1459947789822955 161 158 
1459947789837766 160 155 
1459947789852692 161 157 
1459947789867974 163 158 
1459947789883754 164 161 
1459947789898407 161 158 
1459947789913458 162 157 
1459947789928827 161 157 
1459947789943908 161 157 
1459947789959256 163 159 
1459947789973852 159 155 
1459947789988965 164 159 
1459947790003400 161 157 
1459947790017822 161 156 
1459947790032779 161 157 
1459947790046377 157 154 
1459947790061830 166 161 
1459947790076181 159 157 
1459947790090643 160 155 
1459947790105765 163 159 
1459947790120643 160 154 
1459947790135296 162 159 
1459947790150242 160 156 
1459947790164360 158 154 
1459947790179280 161 156 
1459947790193091 158 155 
1459947790208448 162 158 
1459947790223622 161 156 
1459947790239038 163 159 
1459947790253219 158 155 
1459947790268429 163 158 
1459947790283381 163 158 
1459947790298145 161 157 
1459947790313079 159 156 
1459947790328405 161 156 
1459947790343512 161 158 
1459947790358317 163 161 
1459947790372254 160 156 
1459947790386870 161 158 
1459947790402557 163 160 
1459947790417726 162 159 
1459947790432752 160 158 
1459947790447780 162 157 
1459947790462017 159 154 
1459947790476934 158 155 
1459947790492455 162 160 
1459947790507353 160 155 
1459947790521797 160 156 
1459947790536710 162 158 
1459947790551142 160 156 
1459947790565541 160 155 
1459947790580702 162 159 
1459947790595538 159 157 
1459947790609692 159 156 
1459947790624964 161 159 
1459947790640275 162 157 
1459947790654729 161 156 
1459947790668812 159 156 
1459947790683217 160 157 
1459947790698014 162 160 
1459947790712494 162 158 
1459947790727620 161 157 
1459947790743388 162 158 
1459947790759025 162 158 
1459947790774989 163 159 
1459947790789821 161 158 
1459947790804767 163 160 
1459947790819485 162 160 
1459947790834801 162 159 
1459947790850167 161 157 
1459947790864438 158 156 
1459947790878956 161 157 
1459947790893553 159 156 
1459947790908117 162 157 
1459947790922986 161 157 
1459947790937800 160 157 
1459947790953199 162 159 
1459947790968446 162 158 
1459947790983480 161 158 
1459947790997953 160 157 
1459947791012969 160 156 
1459947791027353 160 156 
1459947791041812 161 158 
1459947791055646 157 155 
1459947791070409 162 158 
1459947791085130 160 157 
1459947791100080 162 159 
1459947791114674 159 156 
1459947791129787 162 159 
1459947791144231 159 155 
1459947791158990 160 156 
1459947791173533 159 156 
1459947791188478 163 159 
1459947791203614 163 160 
1459947791218863 162 160 
1459947791233405 161 158 
1459947791248833 161 158 
1459947791264310 163 161 
1459947791279495 163 160 
1459947791293704 161 156 
1459947791309036 163 158 
1459947791323704 161 157 
1459947791338541 162 159 
1459947791352820 159 156 
1459947791368609 163 159 
1459947791383137 160 157 
1459947791397838 160 155 
1459947791412669 160 157 
1459947791427546 161 159 
1459947791442347 159 155 
1459947791457525 160 155 
1459947791472561 161 157 
1459947791486905 159 156 
1459947791501771 161 158 
1459947791516998 159 156 
1459947791531435 159 156 
1459947791543908 147 137 
1459947791556006 148 136 
1459947791568356 148 137 
1459947791580175 149 141 
1459947791592198 151 145 
1459947791604057 148 142 
1459947791616670 151 144 
1459947791629242 151 143 
1459947791641449 151 145 
1459947791653825 149 142 
1459947791666254 152 145 
1459947791678324 151 144 
1459947791689904 148 143 
1459947791701115 150 143 
1459947791713105 151 142 
1459947791725959 151 145 
1459947791738820 153 146 
1459947791750252 148 142 
1459947791762104 151 144 
1459947791774025 149 142 
1459947791786305 148 143 
1459947791797688 153 143 
1459947791810562 158 142 
1459947791821891 155 138 
1459947791833712 159 140 
1459947791846564 160 141 
1459947791858134 158 139 
1459947791870686 161 140 
1459947791882800 160 139 
1459947791894842 160 139 
1459947791906745 160 137 
1459947791919193 163 139 
1459947791931293 162 138 
1459947791943596 161 137 
1459947791956025 162 139 
1459947791968377 164 138 
1459947791980481 162 138 
1459947791991658 161 136 
1459947792002592 157 133 
1459947792014867 163 139 
1459947792027508 163 138 
1459947792039484 162 135 
1459947792052101 166 141 
1459947792063720 163 137 
1459947792075379 161 137 
1459947792087656 166 139 
1459947792099709 163 137 
1459947792112731 167 141 
1459947792124752 163 137 
1459947792137587 164 138 
1459947792149619 164 138 
1459947792161472 163 136 
1459947792173571 162 135 
1459947792185557 163 136 
1459947792196807 161 136 
1459947792207455 159 132 
1459947792219446 164 135 
1459947792230588 162 134 
1459947792243297 166 139 
1459947792255754 165 138 
1459947792268388 164 136 
1459947792280641 165 138 
1459947792292881 165 137 
1459947792304639 163 136 
1459947792316710 166 138 
1459947792328231 162 134 
1459947792340101 167 139 
1459947792352238 165 138 
1459947792364924 166 137 
1459947792375731 162 135 
1459947792387486 164 137 
1459947792400114 167 137 
1459947792411689 164 136 
1459947792424106 165 137 
1459947792436703 167 140 
1459947792448628 166 138 
1459947792459773 162 135 
1459947792471572 165 136 
1459947792483937 165 136 
1459947792495771 166 138 
1459947792507237 164 135 
1459947792519279 166 136 
1459947792530737 163 135 
1459947792542912 166 137 
1459947792555372 167 138 
1459947792566761 163 134 
1459947792578784 165 136 
1459947792590403 163 135 
1459947792601531 161 133 
1459947792613531 164 136 
1459947792625693 166 137 
1459947792637770 165 136 
1459947792650325 167 138 
1459947792662026 164 138 
1459947792674084 167 138 
1459947792686347 167 138 
1459947792697833 162 134 
1459947792710665 167 138 
1459947792723052 168 137 
1459947792735165 167 137 
1459947792746776 164 135 
1459947792759200 166 137 
1459947792771182 166 138 
1459947792783916 168 139 
1459947792796149 169 139 
1459947792808681 166 137 
1459947792821262 168 138 
1459947792832762 166 137 
1459947792844609 164 136 
1459947792858055 169 140 
1459947792869928 166 137 
1459947792880954 158 129 
1459947792893369 165 136 
1459947792906211 167 138 
1459947792917826 166 137 
1459947792930833 166 136 
1459947792943459 166 137 
1459947792955689 166 137 
1459947792967454 166 136 
1459947792978926 162 132 
1459947792991240 167 136 
1459947793004118 167 137 
1459947793016523 166 135 
1459947793029110 167 137 
1459947793041490 167 136 
1459947793050818 148 117 
1459947793063518 167 136 
1459947793077040 169 140 
1459947793089664 168 137 
1459947793102384 168 138 
1459947793113669 165 134 
1459947793125774 168 136 
1459947793137860 166 136 
1459947793150227 169 137 
1459947793161991 166 136 
1459947793173632 166 135 
1459947793185786 168 138 
1459947793198313 167 136 
1459947793210387 166 133 
1459947793221554 164 134 
1459947793232667 160 130 
1459947793245245 165 136 
1459947793257840 168 138 
1459947793269595 168 138 
1459947793282206 170 139 
1459947793293473 164 134 
1459947793305877 169 138 
1459947793318050 168 138 
1459947793330083 166 137 
1459947793342006 167 136 
1459947793353996 165 136 
1459947793366460 168 137 
1459947793377365 164 134 
1459947793389282 166 137 
1459947793401209 166 136 
1459947793411922 161 129 
1459947793424061 165 135 
1459947793436194 167 136 
1459947793447481 165 135 
1459947793460162 169 139 
1459947793470583 161 131 
1459947793483022 168 138 
1459947793495154 168 136 
1459947793507223 167 137 
1459947793519677 168 136 
1459947793531238 167 132 
1459947793542316 163 131 
1459947793554178 166 134 
1459947793565916 167 136 
1459947793577804 167 137 
1459947793589136 165 135 
1459947793600513 166 134 
1459947793612758 168 138 
1459947793624886 168 138 
1459947793637353 168 136 
1459947793649863 169 138 
1459947793661779 168 136 
1459947793673386 166 135 
1459947793686084 166 136 
1459947793698191 166 135 
1459947793710483 168 137 
1459947793723065 170 137 
1459947793735063 167 137 
1459947793747627 169 137 
1459947793759621 168 135 
1459947793771447 168 137 
1459947793783812 170 140 
1459947793795148 166 135 
1459947793807109 168 136 
1459947793819182 169 138 
1459947793831144 168 137 
1459947793843285 168 137 
1459947793854787 168 136 
1459947793866355 167 135 
1459947793878350 169 139 
1459947793889515 166 134 
1459947793902108 169 138 
1459947793914199 168 137 
1459947793925708 165 133 
1459947793937923 165 135 
1459947793948668 166 132 
1459947793960343 167 135 
1459947793971974 169 138 
1459947793983402 165 134 
1459947793995522 167 135 
1459947794006663 164 134 
1459947794018459 167 134 
1459947794029957 167 135 
1459947794041595 166 136 
1459947794053375 168 135 
1459947794064578 164 131 
1459947794076507 169 136 
1459947794088669 169 138 
1459947794100801 168 137 
1459947794112079 165 135 
1459947794122919 165 133 
1459947794135564 169 137 
1459947794147594 168 137 
1459947794159809 168 136 
1459947794171723 168 137 
1459947794182984 168 136 
1459947794195208 169 137 
1459947794206497 167 135 
1459947794217794 166 132 
1459947794230594 171 139 
1459947794242199 168 136 
1459947794254931 169 137 
1459947794267167 168 136 
1459947794279198 167 136 
1459947794291631 170 138 
1459947794303762 169 137 
1459947794315719 168 137 
1459947794327477 167 134 
1459947794337684 159 129 
1459947794349975 167 136 
1459947794361429 169 137 
1459947794372834 168 136 
1459947794383965 167 136 
1459947794395557 166 134 
1459947794407381 168 137 
1459947794419485 168 137 
1459947794431187 168 137 
1459947794443087 168 137 
1459947794454913 168 138 
1459947794466132 164 133 
1459947794477702 169 135 
1459947794489376 166 135 
1459947794502216 171 139 
1459947794513695 166 135 
1459947794526149 166 135 
1459947794537723 167 135 
1459947794550070 169 137 
1459947794561633 165 134 
1459947794573360 168 136 
1459947794585701 166 136 
1459947794597528 167 136 
1459947794609372 168 136 
1459947794622073 170 139 
1459947794634593 169 137 
1459947794647069 169 138 
1459947794658820 167 134 
1459947794671020 169 137 
1459947794682194 167 135 
1459947794694102 166 134 
1459947794705529 165 134 
1459947794717775 169 136 
1459947794729931 167 136 
1459947794742385 169 139 
1459947794754927 169 136 
1459947794766617 168 135 
1459947794779175 170 137 
1459947794790561 167 134 
1459947794803072 168 136 
1459947794815554 169 138 
1459947794827875 170 138 
1459947794840391 169 136 
1459947794852407 169 137 
1459947794864100 169 137 
1459947794876011 168 136 
1459947794887896 167 136 
1459947794899962 168 137 
1459947794911302 168 136 
1459947794923125 167 137 
1459947794934917 168 136 
1459947794947352 168 137 
1459947794960001 170 137 
1459947794972505 170 137 
1459947794983959 166 134 
1459947794996697 170 139 
1459947795009012 169 138 
1459947795021002 167 137 
1459947795032579 167 136 
1459947795044751 169 136 
1459947795056826 170 136 
1459947795069248 169 136 
1459947795081572 169 137 
1459947795093211 167 134 
1459947795105692 169 139 
1459947795116787 167 134 
1459947795129040 169 137 
1459947795140512 168 135 
1459947795152421 170 136 
1459947795165155 171 138 
1459947795176961 167 135 
1459947795189240 170 137 
1459947795201024 167 135 
1459947795213034 168 134 
1459947795224436 166 134 
1459947795234747 163 132 
1459947795247234 170 140 
1459947795259951 170 136 
1459947795272511 169 136 
1459947795283448 165 133 
1459947795295271 168 136 
1459947795307042 169 137 
1459947795319495 170 137 
1459947795331570 169 138 
1459947795343843 170 136 
1459947795354866 166 133 
1459947795366634 168 136 
1459947795378189 168 136 
1459947795390103 169 137 
1459947795402075 167 134 
1459947795414365 171 138 
1459947795426779 169 138 
1459947795438665 168 135 
1459947795451676 171 139 
1459947795464719 170 139 
1459947795476889 169 137 
1459947795489218 169 138 
1459947795501605 169 138 
1459947795514236 170 136 
1459947795526835 170 137 
1459947795537839 166 134 
1459947795550323 170 139 
1459947795562413 168 136 
1459947795574491 169 137 
1459947795585132 165 134 
1459947795596591 167 134 
1459947795608143 168 138 
1459947795620130 170 139 
1459947795632455 170 138 
1459947795644250 168 138 
1459947795656604 171 138 
1459947795668163 166 134 
1459947795680081 170 138 
1459947795692209 168 135 
1459947795704212 169 137 
1459947795716522 167 134 
1459947795729496 168 135 
1459947795741645 169 138 
1459947795753803 170 138 
1459947795766021 170 135 
1459947795777263 165 134 
1459947795789491 170 138 
1459947795802323 171 139 
1459947795813563 165 133 
1459947795824684 166 133 
1459947795836447 170 139 
1459947795848582 169 137 
1459947795860820 167 135 
1459947795873076 170 137 
1459947795885570 170 137 
1459947795897758 169 138 
1459947795909505 170 138 
1459947795921637 169 137 
1459947795933395 170 137 
1459947795946442 172 139 
1459947795958010 169 136 
1459947795970544 172 140 
1459947795982507 170 140 
1459947795994444 170 137 
1459947796006100 169 137 
1459947796017838 167 135 
1459947796029605 169 137 
1459947796041810 171 139 
1459947796054216 170 137 
1459947796065700 168 135 
1459947796078145 171 139 
1459947796090183 170 139 
1459947796102537 170 138 
1459947796114738 171 138 
1459947796127167 171 140 
1459947796138853 169 138 
1459947796150599 168 136 
1459947796163298 171 138 
1459947796175009 167 134 
1459947796187253 169 138 
1459947796198500 168 136 
1459947796210037 168 136 
1459947796222259 169 136 
1459947796233655 167 135 
1459947796245383 168 137 
1459947796257479 171 138 
1459947796268832 168 135 
1459947796280392 169 136 
1459947796292819 173 139 
1459947796304911 171 139 
1459947796316604 170 137 
1459947796328059 167 135 
1459947796339463 168 135 
1459947796351680 171 139 
1459947796362697 167 134 
1459947796374238 169 136 
1459947796385834 169 138 
1459947796397501 166 134 
1459947796409400 172 137 
1459947796420511 168 136 
1459947796431886 169 136 
1459947796442991 166 133 
1459947796454873 169 137 
1459947796466549 170 137 
1459947796478381 168 135 
1459947796489597 167 136 
1459947796502510 172 138 
1459947796513256 168 134 
1459947796525852 171 137 
1459947796537267 169 136 
1459947796548531 168 136 
1459947796561179 171 138 
1459947796573052 168 135 
1459947796585277 170 138 
1459947796595664 165 132 
1459947796606505 166 133 
1459947796617984 167 135 
1459947796628356 164 132 
1459947796638965 163 131 
1459947796650143 167 135 
1459947796661156 167 134 
1459947796672262 166 132 
1459947796684417 169 137 
1459947796695690 169 136 
1459947796706668 166 133 
1459947796718597 170 137 
1459947796730211 168 135 
1459947796741978 168 134 
1459947796754073 170 138 
1459947796764491 164 131 
1459947796776808 171 137 
1459947796788391 166 136 
1459947796799546 168 135 
1459947796811482 171 137 
1459947796823221 169 137 
1459947796834113 165 133 
1459947796845727 167 134 
1459947796856811 168 135 
1459947796867392 164 131 
1459947796879211 169 135 
1459947796890431 167 135 
1459947796901846 168 135 
1459947796912611 166 133 
1459947796923816 167 135 
1459947796934935 166 133 
1459947796944243 154 122 
1459947796955604 169 137 
1459947796966348 167 134 
1459947796977579 165 134 
1459947796989260 168 135 
1459947797001109 169 136 
1459947797012865 167 135 
1459947797025294 170 137 
1459947797037046 169 137 
1459947797048169 166 133 
1459947797060564 169 137 
1459947797072318 169 137 
1459947797084270 168 135 
1459947797096448 169 137 
1459947797109364 173 139 
1459947797120364 164 132 
1459947797132301 169 135 
1459947797144533 172 140 
1459947797155282 165 132 
1459947797167797 170 138 
1459947797180250 171 137 
1459947797191445 167 133 
1459947797203401 170 138 
1459947797215267 169 135 
1459947797227149 165 134 
1459947797239226 169 137 
1459947797250602 169 136 
1459947797262108 168 135 
1459947797273805 168 133 
1459947797286272 170 137 
1459947797298004 166 134 
1459947797310028 170 136 
1459947797321741 169 136 
1459947797333263 167 133 
1459947797344116 167 133 
1459947797356226 171 136 
1459947797368441 169 137 
1459947797379569 166 133 
1459947797390988 169 135 
1459947797401894 167 133 
1459947797412816 164 130 
1459947797423976 169 136 
1459947797435582 169 136 
1459947797446497 164 131 
1459947797457659 167 133 
1459947797469660 170 137 
1459947797480456 164 131 
1459947797490919 162 130 
1459947797502325 167 135 
1459947797514544 169 137 
1459947797526628 170 138 
1459947797537393 167 133 
1459947797549334 169 135 
1459947797561173 167 134 
1459947797572838 170 137 
1459947797584929 170 138 
1459947797595981 165 132 
1459947797607927 170 134 
1459947797619266 168 133 
1459947797634046 160 154 
1459947797648667 160 158 
1459947797663466 157 153 
1459947797678368 162 159 
1459947797693130 159 156 
1459947797708805 162 158 
1459947797723750 162 159 
1459947797737655 158 155 
1459947797752030 158 155 
1459947797766007 156 154 
1459947797781122 160 157 
1459947797795237 156 153 
1459947797808925 155 152 
1459947797823916 161 158 
1459947797838006 157 153 
1459947797852527 158 155 
1459947797867509 162 158 
1459947797882147 157 154 
1459947797896002 157 154 
1459947797910993 158 155 
1459947797926485 161 157 
1459947797940948 160 156 
1459947797954962 154 152 
1459947797969670 160 159 
1459947797983844 155 154 
1459947797999440 160 157 
1459947798014251 158 156 
1459947798029349 160 156 
1459947798044011 158 155 
1459947798058654 158 154 
1459947798073439 159 156 
1459947798088114 156 153 
1459947798103428 163 159 
1459947798117238 156 152 
1459947798131830 157 153 
1459947798146453 159 155 
1459947798161439 161 158 
1459947798177529 162 157 
1459947798192524 162 158 
1459947798208651 165 161 
1459947798223712 160 156 
1459947798238916 162 158 
1459947798252946 159 154 
1459947798268103 160 157 
1459947798283543 162 157 
1459947798299730 163 159 
1459947798314646 163 159 
1459947798329875 160 156 
1459947798345514 162 161 
1459947798359792 158 154 
1459947798374468 159 156 
1459947798389461 162 157 
1459947798404180 162 158 
1459947798419216 163 158 
1459947798434200 159 155 
1459947798450124 162 158 
1459947798465485 164 158 
1459947798479785 157 153 
1459947798495026 161 158 
1459947798509964 162 157 
1459947798524767 161 156 
1459947798540287 163 159 
1459947798555678 161 158 
1459947798571192 161 156 
1459947798586228 162 159 
1459947798598696 150 147 
1459947798613656 160 157 
1459947798628409 160 157 
1459947798643133 159 155 
1459947798657992 160 157 
1459947798672612 160 155 
1459947798688147 159 155 
1459947798703380 160 155 
1459947798719131 163 160 
1459947798734723 161 157 
1459947798749745 162 158 
1459947798763889 158 154 
1459947798778299 160 157 
1459947798793375 162 158 
1459947798808617 160 156 
1459947798823688 160 156 
1459947798838765 160 158 
1459947798854442 162 158 
1459947798870539 162 158 
1459947798885495 160 156 
1459947798901894 164 159 
1459947798916752 161 158 
1459947798932108 160 155 
1459947798946455 160 158 
1459947798962319 164 160 
1459947798977084 160 157 
1459947798991770 158 155 
1459947799006726 162 158 
1459947799022118 162 157 
1459947799036882 160 157 
1459947799051622 159 155 
1459947799067359 161 158 
1459947799081946 160 157 
1459947799096298 159 155 
1459947799111425 161 158 
1459947799126540 161 156 
1459947799140830 157 153 
1459947799155746 161 158 
1459947799171199 161 159 
1459947799185066 155 152 
1459947799199993 158 155 
1459947799214653 162 157 
1459947799229422 159 154 
1459947799244732 162 159 
1459947799259289 160 157 
1459947799274637 159 155 
1459947799290073 162 158 
1459947799305787 162 159 
1459947799320807 163 158 
1459947799335403 160 156 
1459947799351221 162 158 
1459947799366125 162 156 
1459947799380487 159 154 
1459947799394346 159 156 
1459947799409720 163 159 
1459947799425341 161 158 
1459947799439041 156 154 
1459947799453402 159 155 
1459947799467657 156 152 
1459947799482582 160 156 
1459947799497846 162 158 
1459947799511870 156 152 
1459947799525443 152 149 
1459947799540207 162 157 
1459947799555184 161 157 
1459947799571458 164 159 
1459947799585468 159 155 
1459947799600220 161 155 
1459947799615142 162 158 
1459947799629764 159 156 
1459947799643904 157 152 
1459947799659682 162 159 
1459947799673800 158 154 
1459947799689285 163 158 
1459947799703767 159 154 
1459947799718774 161 156 
1459947799733109 158 153 
1459947799747555 159 154 
1459947799762230 161 155 
1459947799777425 161 157 
1459947799792778 161 156 
1459947799807615 161 155 
1459947799822104 159 157 
1459947799836173 159 155 
1459947799850624 161 156 
1459947799864836 157 153 
1459947799879293 156 153 
1459947799894467 159 156 
1459947799908230 157 152 
1459947799922417 157 154 
1459947799936897 159 157 
1459947799951533 158 154 
1459947799965684 158 154 
1459947799980862 161 156 
1459947799995279 159 155 
1459947800010015 157 153 
1459947800024821 162 158 
1459947800039249 159 155 
1459947800054086 162 158 
1459947800068446 156 154 
1459947800082838 160 156 
1459947800098190 160 156 
1459947800112907 158 155 
1459947800126937 156 151 
1459947800141566 160 157 
1459947800156259 160 156 
1459947800171768 162 158 
1459947800185599 157 153 
1459947800200464 160 155 
1459947800214750 158 153 
1459947800229606 163 159 
1459947800244355 159 155 
1459947800257298 155 150 
1459947800271369 160 156 
1459947800284963 158 154 
1459947800299037 156 152 
1459947800313914 161 156 
1459947800328722 160 157 
1459947800343516 159 154 
1459947800358244 160 155 
1459947800373018 159 154 
1459947800389059 162 158 
1459947800404418 160 155 
1459947800420139 163 159 
1459947800435605 161 156 
1459947800451055 162 157 
1459947800466015 162 158 
1459947800481742 162 158 
1459947800496331 158 153 
1459947800510503 159 156 
1459947800525377 161 158 
1459947800540403 162 158 
1459947800555133 160 154 
1459947800569913 160 157 
1459947800584534 160 157 
1459947800599608 162 157 
1459947800615325 162 158 
1459947800631481 162 159 
1459947800645843 158 155 
1459947800660736 160 157 
1459947800674962 157 154 
1459947800689959 160 157 
1459947800705411 162 158 
1459947800719513 158 155 
1459947800733602 158 155 
1459947800748665 160 157 
1459947800763128 159 155 
1459947800777940 160 157 
1459947800792041 158 155 
1459947800806663 160 157 
1459947800821031 159 155 
1459947800836284 162 157 
1459947800851436 163 158 
1459947800866704 162 159 
1459947800881415 161 157 
1459947800896024 159 154 
1459947800911922 163 158 
1459947800927233 162 159 
1459947800941849 161 155 
1459947800956972 163 156 
1459947800971358 158 155 
1459947800985996 162 158 
1459947801000448 161 157 
1459947801015599 161 157 
1459947801030770 161 156 
1459947801044913 157 153 
1459947801060140 161 157 
1459947801075454 163 159 
1459947801091125 162 158 
1459947801105115 158 154 
1459947801119896 160 156 
1459947801134102 160 155 
1459947801148294 161 157 
1459947801163156 163 159 
1459947801177884 162 158 
1459947801193528 162 158 
1459947801208042 162 157 
1459947801222516 159 155 
1459947801237853 163 159 
1459947801252906 161 157 
1459947801267646 161 157 
1459947801282421 159 154 
1459947801297167 162 159 
1459947801311807 161 157 
1459947801325915 161 156 
1459947801340837 160 155 
1459947801355096 159 155 
1459947801369999 161 157 
1459947801384291 159 154 
1459947801399511 164 159 
1459947801415469 166 161 
<<<<<<< HEAD
<<<<<<< HEAD
=======
<<<<<<< HEAD
<<<<<<< HEAD
<<<<<<< HEAD
<<<<<<< HEAD
>>>>>>> 3f8e119
=======
version https://git-lfs.github.com/spec/v1
oid sha256:81a08e290b3862c3985460ce97cfc267c3cf0221f5c66e601fdf85d39356bff7
size 40136
>>>>>>> f48ecf8
=======
>>>>>>> 587ddc4f3682fe26eb61ef3e7dd1f587b73479b7
>>>>>>> dd1805f
=======
version https://git-lfs.github.com/spec/v1
oid sha256:81a08e290b3862c3985460ce97cfc267c3cf0221f5c66e601fdf85d39356bff7
size 40136
>>>>>>> 349884c
=======
>>>>>>> 587ddc4f3682fe26eb61ef3e7dd1f587b73479b7
<<<<<<< HEAD
<<<<<<< HEAD
>>>>>>> 38e2d40
=======
>>>>>>> ddf0ce1
=======
>>>>>>> 2cf6812
=======
version https://git-lfs.github.com/spec/v1
oid sha256:81a08e290b3862c3985460ce97cfc267c3cf0221f5c66e601fdf85d39356bff7
size 40136
<<<<<<< HEAD
>>>>>>> 8d79f4c
=======
>>>>>>> 587ddc4f3682fe26eb61ef3e7dd1f587b73479b7
>>>>>>> c5a382b
=======
>>>>>>> 70238e08249cac7bd497cf178abe20b08de7a63b
<<<<<<< HEAD
>>>>>>> ddf0ce1
=======
>>>>>>> 2cf6812
=======
>>>>>>> ae7b143... Fixing logs
>>>>>>> dfa5db5e... Fixing logs
=======
>>>>>>> ae7b1437... Fixing logs
