log2m,k,n,t,p1len,p1alm,p2len,p2alm,p3len,p3alm,tpr,fpr,fpr1,fpr3
13,0.000,3072,1024,512.0,506,1024,1024,512.0,511,1.000,0.993,0.988,0.998
13,0.125,3072,1024,512.0,495,1024,1024,512.0,511,1.000,0.982,0.967,0.998
13,0.250,3072,1024,512.0,487,1024,1024,512.0,511,1.000,0.975,0.951,0.998
13,0.375,3072,1024,512.0,478,1024,1024,512.0,511,1.000,0.966,0.934,0.998
13,0.500,3072,1024,512.0,476,1024,1024,512.0,511,1.000,0.964,0.930,0.998
13,0.625,3072,1024,512.0,473,1024,1024,512.0,511,1.000,0.961,0.924,0.998
13,0.750,3072,1024,512.0,462,1024,1024,512.0,505,1.000,0.944,0.902,0.986
13,0.875,3072,1024,512.0,459,1024,1024,512.0,505,1.000,0.941,0.896,0.986
13,1.000,3072,1024,512.0,447,1024,1024,512.0,465,1.000,0.891,0.873,0.908
13,1.125,3072,1024,512.0,434,1024,1024,512.0,465,1.000,0.878,0.848,0.908
13,1.250,3072,1024,512.0,403,1024,1024,512.0,483,1.000,0.865,0.787,0.943
13,1.375,3072,1024,512.0,389,1024,1024,512.0,465,1.000,0.834,0.760,0.908
13,1.500,3072,1024,512.0,388,1024,1024,512.0,465,1.000,0.833,0.758,0.908
13,1.625,3072,1024,512.0,374,1024,1024,512.0,465,1.000,0.819,0.730,0.908
13,1.750,3072,1024,512.0,373,1024,1024,512.0,465,1.000,0.818,0.729,0.908
13,1.875,3072,1024,512.0,348,1024,1024,512.0,448,1.000,0.777,0.680,0.875
13,2.000,3072,1024,512.0,348,1024,1024,512.0,424,1.000,0.754,0.680,0.828
13,2.125,3072,1024,512.0,321,1024,1024,512.0,408,1.000,0.712,0.627,0.797
13,2.250,3072,1024,512.0,282,1024,1024,512.0,234,1.000,0.504,0.551,0.457
13,2.375,3072,1024,512.0,187,1024,1024,512.0,206,1.000,0.384,0.365,0.402
13,2.500,3072,1024,512.0,161,1024,1024,512.0,156,1.000,0.310,0.314,0.305
13,2.625,3072,1024,512.0,144,1024,1024,512.0,133,1.000,0.271,0.281,0.260
13,2.750,3072,1024,512.0,107,1024,1024,512.0,117,1.000,0.219,0.209,0.229
13,2.875,3072,1024,512.0,84,1024,1024,512.0,57,1.000,0.138,0.164,0.111
13,3.000,3072,1024,512.0,61,1024,1024,512.0,43,1.000,0.102,0.119,0.084
13,3.125,3072,1024,512.0,42,1024,1024,512.0,36,1.000,0.076,0.082,0.070
13,3.250,3072,1024,512.0,25,1024,1024,512.0,36,1.000,0.060,0.049,0.070
13,3.375,3072,1024,512.0,22,1024,1024,512.0,27,1.000,0.048,0.043,0.053
13,3.500,3072,1024,512.0,19,1024,1024,512.0,18,1.000,0.036,0.037,0.035
13,3.625,3072,1024,512.0,17,1024,1024,512.0,17,1.000,0.033,0.033,0.033
13,3.750,3072,1024,512.0,16,1024,1024,512.0,15,1.000,0.030,0.031,0.029
13,3.875,3072,1024,512.0,12,1024,1024,512.0,8,1.000,0.020,0.023,0.016
13,4.000,3072,1024,512.0,11,1024,1024,512.0,7,1.000,0.018,0.021,0.014
13,4.125,3072,1024,512.0,7,1024,41,512.0,5,0.040,0.012,0.014,0.010
13,4.250,3072,1024,512.0,7,1024,32,512.0,5,0.031,0.012,0.014,0.010
13,4.375,3072,1024,512.0,4,1024,31,512.0,5,0.030,0.009,0.008,0.010
13,4.500,3072,1024,512.0,4,1024,19,512.0,5,0.019,0.009,0.008,0.010
13,4.625,3072,1024,512.0,4,1024,19,512.0,5,0.019,0.009,0.008,0.010
13,4.750,3072,1024,512.0,3,1024,17,512.0,5,0.017,0.008,0.006,0.010
13,4.875,3072,1024,512.0,3,1024,15,512.0,5,0.015,0.008,0.006,0.010
13,5.000,3072,1024,512.0,3,1024,15,512.0,3,0.015,0.006,0.006,0.006
13,5.125,3072,1024,512.0,3,1024,15,512.0,3,0.015,0.006,0.006,0.006
13,5.250,3072,1024,512.0,2,1024,15,512.0,3,0.015,0.005,0.004,0.006
13,5.375,3072,1024,512.0,2,1024,15,512.0,3,0.015,0.005,0.004,0.006
13,5.500,3072,1024,512.0,2,1024,14,512.0,3,0.014,0.005,0.004,0.006
13,5.625,3072,1024,512.0,2,1024,13,512.0,3,0.013,0.005,0.004,0.006
13,5.750,3072,1024,512.0,2,1024,13,512.0,3,0.013,0.005,0.004,0.006
13,5.875,3072,1024,512.0,2,1024,13,512.0,3,0.013,0.005,0.004,0.006
13,6.000,3072,1024,512.0,2,1024,13,512.0,2,0.013,0.004,0.004,0.004
13,6.125,3072,1024,512.0,2,1024,13,512.0,1,0.013,0.003,0.004,0.002
13,6.250,3072,1024,512.0,2,1024,13,512.0,1,0.013,0.003,0.004,0.002
13,6.375,3072,1024,512.0,2,1024,13,512.0,1,0.013,0.003,0.004,0.002
13,6.500,3072,1024,512.0,2,1024,12,512.0,1,0.012,0.003,0.004,0.002
13,6.625,3072,1024,512.0,2,1024,12,512.0,1,0.012,0.003,0.004,0.002
13,6.750,3072,1024,512.0,0,1024,12,512.0,1,0.012,0.001,0.000,0.002
13,6.875,3072,1024,512.0,0,1024,12,512.0,1,0.012,0.001,0.000,0.002
13,7.000,3072,1024,512.0,0,1024,12,512.0,1,0.012,0.001,0.000,0.002
13,7.125,3072,1024,512.0,0,1024,12,512.0,1,0.012,0.001,0.000,0.002
13,7.250,3072,1024,512.0,0,1024,12,512.0,1,0.012,0.001,0.000,0.002
13,7.375,3072,1024,512.0,0,1024,12,512.0,1,0.012,0.001,0.000,0.002
13,7.500,3072,1024,512.0,0,1024,6,512.0,1,0.006,0.001,0.000,0.002
13,7.625,3072,1024,512.0,0,1024,6,512.0,1,0.006,0.001,0.000,0.002
13,7.750,3072,1024,512.0,0,1024,6,512.0,1,0.006,0.001,0.000,0.002
13,7.875,3072,1024,512.0,0,1024,6,512.0,1,0.006,0.001,0.000,0.002
13,8.000,3072,1024,512.0,0,1024,6,512.0,1,0.006,0.001,0.000,0.002
14,0.000,1536,512,256.0,254,512,512,256.0,254,1.000,0.992,0.992,0.992
14,0.125,1536,512,256.0,240,512,512,256.0,254,1.000,0.965,0.938,0.992
14,0.250,1536,512,256.0,239,512,512,256.0,254,1.000,0.963,0.934,0.992
14,0.375,1536,512,256.0,232,512,512,256.0,254,1.000,0.949,0.906,0.992
14,0.500,1536,512,256.0,226,512,512,256.0,252,1.000,0.934,0.883,0.984
14,0.625,1536,512,256.0,220,512,512,256.0,252,1.000,0.922,0.859,0.984
14,0.750,1536,512,256.0,213,512,512,256.0,241,1.000,0.887,0.832,0.941
14,0.875,1536,512,256.0,212,512,512,256.0,241,1.000,0.885,0.828,0.941
14,1.000,1536,512,256.0,204,512,512,256.0,243,1.000,0.873,0.797,0.949
14,1.125,1536,512,256.0,190,512,512,256.0,226,1.000,0.812,0.742,0.883
14,1.250,1536,512,256.0,190,512,512,256.0,202,1.000,0.766,0.742,0.789
14,1.375,1536,512,256.0,189,512,512,256.0,202,1.000,0.764,0.738,0.789
14,1.500,1536,512,256.0,186,512,512,256.0,202,1.000,0.758,0.727,0.789
14,1.625,1536,512,256.0,186,512,512,256.0,202,1.000,0.758,0.727,0.789
14,1.750,1536,512,256.0,185,512,512,256.0,202,1.000,0.756,0.723,0.789
14,1.875,1536,512,256.0,141,512,512,256.0,156,1.000,0.580,0.551,0.609
14,2.000,1536,512,256.0,140,512,512,256.0,156,1.000,0.578,0.547,0.609
14,2.125,1536,512,256.0,139,512,512,256.0,150,1.000,0.564,0.543,0.586
14,2.250,1536,512,256.0,119,512,512,256.0,143,1.000,0.512,0.465,0.559
14,2.375,1536,512,256.0,113,512,512,256.0,87,1.000,0.391,0.441,0.340
14,2.500,1536,512,256.0,80,512,512,256.0,43,1.000,0.240,0.312,0.168
14,2.625,1536,512,256.0,45,512,512,256.0,23,1.000,0.133,0.176,0.090
14,2.750,1536,512,256.0,30,512,512,256.0,17,1.000,0.092,0.117,0.066
14,2.875,1536,512,256.0,21,512,512,256.0,15,1.000,0.070,0.082,0.059
14,3.000,1536,512,256.0,19,512,512,256.0,12,1.000,0.061,0.074,0.047
14,3.125,1536,512,256.0,11,512,512,256.0,11,1.000,0.043,0.043,0.043
14,3.250,1536,512,256.0,11,512,512,256.0,7,1.000,0.035,0.043,0.027
14,3.375,1536,512,256.0,9,512,512,256.0,7,1.000,0.031,0.035,0.027
14,3.500,1536,512,256.0,5,512,512,256.0,4,1.000,0.018,0.020,0.016
14,3.625,1536,512,256.0,5,512,512,256.0,3,1.000,0.016,0.020,0.012
14,3.750,1536,512,256.0,4,512,512,256.0,3,1.000,0.014,0.016,0.012
14,3.875,1536,512,256.0,4,512,512,256.0,2,1.000,0.012,0.016,0.008
14,4.000,1536,512,256.0,4,512,512,256.0,2,1.000,0.012,0.016,0.008
14,4.125,1536,512,256.0,3,512,512,256.0,2,1.000,0.010,0.012,0.008
14,4.250,1536,512,256.0,3,512,512,256.0,1,1.000,0.008,0.012,0.004
14,4.375,1536,512,256.0,3,512,512,256.0,1,1.000,0.008,0.012,0.004
14,4.500,1536,512,256.0,3,512,512,256.0,1,1.000,0.008,0.012,0.004
14,4.625,1536,512,256.0,3,512,512,256.0,1,1.000,0.008,0.012,0.004
14,4.750,1536,512,256.0,3,512,512,256.0,1,1.000,0.008,0.012,0.004
14,4.875,1536,512,256.0,2,512,512,256.0,1,1.000,0.006,0.008,0.004
14,5.000,1536,512,256.0,1,512,512,256.0,1,1.000,0.004,0.004,0.004
14,5.125,1536,512,256.0,1,512,512,256.0,1,1.000,0.004,0.004,0.004
14,5.250,1536,512,256.0,1,512,512,256.0,1,1.000,0.004,0.004,0.004
14,5.375,1536,512,256.0,1,512,512,256.0,1,1.000,0.004,0.004,0.004
14,5.500,1536,512,256.0,1,512,512,256.0,1,1.000,0.004,0.004,0.004
14,5.625,1536,512,256.0,1,512,512,256.0,1,1.000,0.004,0.004,0.004
14,5.750,1536,512,256.0,1,512,512,256.0,1,1.000,0.004,0.004,0.004
14,5.875,1536,512,256.0,1,512,512,256.0,1,1.000,0.004,0.004,0.004
14,6.000,1536,512,256.0,0,512,512,256.0,1,1.000,0.002,0.000,0.004
14,6.125,1536,512,256.0,0,512,512,256.0,1,1.000,0.002,0.000,0.004
14,6.250,1536,512,256.0,0,512,512,256.0,1,1.000,0.002,0.000,0.004
14,6.375,1536,512,256.0,0,512,512,256.0,1,1.000,0.002,0.000,0.004
14,6.500,1536,512,256.0,0,512,512,256.0,1,1.000,0.002,0.000,0.004
14,6.625,1536,512,256.0,0,512,512,256.0,1,1.000,0.002,0.000,0.004
14,6.750,1536,512,256.0,0,512,512,256.0,0,1.000,0.000,0.000,0.000
14,6.875,1536,512,256.0,0,512,512,256.0,0,1.000,0.000,0.000,0.000
14,7.000,1536,512,256.0,0,512,512,256.0,0,1.000,0.000,0.000,0.000
14,7.125,1536,512,256.0,0,512,512,256.0,0,1.000,0.000,0.000,0.000
14,7.250,1536,512,256.0,0,512,512,256.0,0,1.000,0.000,0.000,0.000
14,7.375,1536,512,256.0,0,512,512,256.0,0,1.000,0.000,0.000,0.000
14,7.500,1536,512,256.0,0,512,512,256.0,0,1.000,0.000,0.000,0.000
14,7.625,1536,512,256.0,0,512,512,256.0,0,1.000,0.000,0.000,0.000
14,7.750,1536,512,256.0,0,512,512,256.0,0,1.000,0.000,0.000,0.000
14,7.875,1536,512,256.0,0,512,512,256.0,0,1.000,0.000,0.000,0.000
14,8.000,1536,512,256.0,0,512,512,256.0,0,1.000,0.000,0.000,0.000
15,0.000,768,256,128.0,118,256,256,128.0,125,1.000,0.949,0.922,0.977
15,0.125,768,256,128.0,118,256,256,128.0,125,1.000,0.949,0.922,0.977
15,0.250,768,256,128.0,118,256,256,128.0,125,1.000,0.949,0.922,0.977
15,0.375,768,256,128.0,118,256,256,128.0,125,1.000,0.949,0.922,0.977
15,0.500,768,256,128.0,118,256,256,128.0,125,1.000,0.949,0.922,0.977
15,0.625,768,256,128.0,118,256,256,128.0,125,1.000,0.949,0.922,0.977
15,0.750,768,256,128.0,106,256,256,128.0,125,1.000,0.902,0.828,0.977
15,0.875,768,256,128.0,106,256,256,128.0,125,1.000,0.902,0.828,0.977
15,1.000,768,256,128.0,80,256,256,128.0,97,1.000,0.691,0.625,0.758
15,1.125,768,256,128.0,80,256,256,128.0,97,1.000,0.691,0.625,0.758
15,1.250,768,256,128.0,80,256,256,128.0,97,1.000,0.691,0.625,0.758
15,1.375,768,256,128.0,72,256,256,128.0,97,1.000,0.660,0.562,0.758
15,1.500,768,256,128.0,72,256,256,128.0,97,1.000,0.660,0.562,0.758
15,1.625,768,256,128.0,72,256,256,128.0,97,1.000,0.660,0.562,0.758
15,1.750,768,256,128.0,72,256,256,128.0,97,1.000,0.660,0.562,0.758
15,1.875,768,256,128.0,72,256,256,128.0,97,1.000,0.660,0.562,0.758
15,2.000,768,256,128.0,72,256,256,128.0,97,1.000,0.660,0.562,0.758
15,2.125,768,256,128.0,44,256,256,128.0,59,1.000,0.402,0.344,0.461
15,2.250,768,256,128.0,43,256,256,128.0,59,1.000,0.398,0.336,0.461
15,2.375,768,256,128.0,43,256,256,128.0,56,1.000,0.387,0.336,0.438
15,2.500,768,256,128.0,36,256,256,128.0,29,1.000,0.254,0.281,0.227
15,2.625,768,256,128.0,33,256,256,128.0,25,1.000,0.227,0.258,0.195
15,2.750,768,256,128.0,23,256,256,128.0,23,1.000,0.180,0.180,0.180
15,2.875,768,256,128.0,11,256,256,128.0,23,1.000,0.133,0.086,0.180
15,3.000,768,256,128.0,10,256,256,128.0,12,1.000,0.086,0.078,0.094
15,3.125,768,256,128.0,3,256,256,128.0,8,1.000,0.043,0.023,0.062
15,3.250,768,256,128.0,2,256,256,128.0,7,1.000,0.035,0.016,0.055
15,3.375,768,256,128.0,2,256,256,128.0,6,1.000,0.031,0.016,0.047
15,3.500,768,256,128.0,2,256,256,128.0,5,1.000,0.027,0.016,0.039
15,3.625,768,256,128.0,1,256,256,128.0,5,1.000,0.023,0.008,0.039
15,3.750,768,256,128.0,1,256,256,128.0,2,1.000,0.012,0.008,0.016
15,3.875,768,256,128.0,1,256,256,128.0,2,1.000,0.012,0.008,0.016
15,4.000,768,256,128.0,1,256,256,128.0,2,1.000,0.012,0.008,0.016
15,4.125,768,256,128.0,1,256,256,128.0,2,1.000,0.012,0.008,0.016
15,4.250,768,256,128.0,1,256,256,128.0,2,1.000,0.012,0.008,0.016
15,4.375,768,256,128.0,0,256,256,128.0,2,1.000,0.008,0.000,0.016
15,4.500,768,256,128.0,0,256,256,128.0,2,1.000,0.008,0.000,0.016
15,4.625,768,256,128.0,0,256,256,128.0,2,1.000,0.008,0.000,0.016
15,4.750,768,256,128.0,0,256,256,128.0,1,1.000,0.004,0.000,0.008
15,4.875,768,256,128.0,0,256,256,128.0,1,1.000,0.004,0.000,0.008
15,5.000,768,256,128.0,0,256,256,128.0,1,1.000,0.004,0.000,0.008
15,5.125,768,256,128.0,0,256,256,128.0,1,1.000,0.004,0.000,0.008
15,5.250,768,256,128.0,0,256,256,128.0,1,1.000,0.004,0.000,0.008
15,5.375,768,256,128.0,0,256,256,128.0,1,1.000,0.004,0.000,0.008
15,5.500,768,256,128.0,0,256,256,128.0,1,1.000,0.004,0.000,0.008
15,5.625,768,256,128.0,0,256,256,128.0,1,1.000,0.004,0.000,0.008
15,5.750,768,256,128.0,0,256,256,128.0,1,1.000,0.004,0.000,0.008
15,5.875,768,256,128.0,0,256,256,128.0,1,1.000,0.004,0.000,0.008
15,6.000,768,256,128.0,0,256,256,128.0,1,1.000,0.004,0.000,0.008
15,6.125,768,256,128.0,0,256,256,128.0,0,1.000,0.000,0.000,0.000
15,6.250,768,256,128.0,0,256,256,128.0,0,1.000,0.000,0.000,0.000
15,6.375,768,256,128.0,0,256,256,128.0,0,1.000,0.000,0.000,0.000
15,6.500,768,256,128.0,0,256,256,128.0,0,1.000,0.000,0.000,0.000
15,6.625,768,256,128.0,0,256,256,128.0,0,1.000,0.000,0.000,0.000
15,6.750,768,256,128.0,0,256,256,128.0,0,1.000,0.000,0.000,0.000
15,6.875,768,256,128.0,0,256,256,128.0,0,1.000,0.000,0.000,0.000
15,7.000,768,256,128.0,0,256,256,128.0,0,1.000,0.000,0.000,0.000
15,7.125,768,256,128.0,0,256,256,128.0,0,1.000,0.000,0.000,0.000
15,7.250,768,256,128.0,0,256,256,128.0,0,1.000,0.000,0.000,0.000
15,7.375,768,256,128.0,0,256,256,128.0,0,1.000,0.000,0.000,0.000
15,7.500,768,256,128.0,0,256,256,128.0,0,1.000,0.000,0.000,0.000
15,7.625,768,256,128.0,0,256,256,128.0,0,1.000,0.000,0.000,0.000
15,7.750,768,256,128.0,0,256,256,128.0,0,1.000,0.000,0.000,0.000
15,7.875,768,256,128.0,0,256,256,128.0,0,1.000,0.000,0.000,0.000
15,8.000,768,256,128.0,0,256,256,128.0,0,1.000,0.000,0.000,0.000
16,0.000,384,128,64.0,62,128,128,64.0,64,1.000,0.984,0.969,1.000
16,0.125,384,128,64.0,62,128,128,64.0,64,1.000,0.984,0.969,1.000
16,0.250,384,128,64.0,60,128,128,64.0,64,1.000,0.969,0.938,1.000
16,0.375,384,128,64.0,55,128,128,64.0,64,1.000,0.930,0.859,1.000
16,0.500,384,128,64.0,47,128,128,64.0,61,1.000,0.844,0.734,0.953
16,0.625,384,128,64.0,48,128,128,64.0,64,1.000,0.875,0.750,1.000
16,0.750,384,128,64.0,45,128,128,64.0,60,1.000,0.820,0.703,0.938
16,0.875,384,128,64.0,45,128,128,64.0,60,1.000,0.820,0.703,0.938
16,1.000,384,128,64.0,45,128,128,64.0,56,1.000,0.789,0.703,0.875
16,1.125,384,128,64.0,45,128,128,64.0,56,1.000,0.789,0.703,0.875
16,1.250,384,128,64.0,44,128,128,64.0,56,1.000,0.781,0.688,0.875
16,1.375,384,128,64.0,43,128,128,64.0,56,1.000,0.773,0.672,0.875
16,1.500,384,128,64.0,43,128,128,64.0,56,1.000,0.773,0.672,0.875
16,1.625,384,128,64.0,43,128,128,64.0,56,1.000,0.773,0.672,0.875
16,1.750,384,128,64.0,43,128,128,64.0,56,1.000,0.773,0.672,0.875
16,1.875,384,128,64.0,37,128,128,64.0,55,1.000,0.719,0.578,0.859
16,2.000,384,128,64.0,37,128,128,64.0,55,1.000,0.719,0.578,0.859
16,2.125,384,128,64.0,37,128,128,64.0,55,1.000,0.719,0.578,0.859
16,2.250,384,128,64.0,22,128,128,64.0,38,1.000,0.469,0.344,0.594
16,2.375,384,128,64.0,16,128,128,64.0,16,1.000,0.250,0.250,0.250
16,2.500,384,128,64.0,16,128,128,64.0,16,1.000,0.250,0.250,0.250
16,2.625,384,128,64.0,11,128,128,64.0,17,1.000,0.219,0.172,0.266
16,2.750,384,128,64.0,8,128,128,64.0,10,1.000,0.141,0.125,0.156
16,2.875,384,128,64.0,8,128,128,64.0,7,1.000,0.117,0.125,0.109
16,3.000,384,128,64.0,8,128,128,64.0,7,1.000,0.117,0.125,0.109
16,3.125,384,128,64.0,8,128,128,64.0,6,1.000,0.109,0.125,0.094
16,3.250,384,128,64.0,7,128,128,64.0,3,1.000,0.078,0.109,0.047
16,3.375,384,128,64.0,7,128,128,64.0,3,1.000,0.078,0.109,0.047
16,3.500,384,128,64.0,7,128,128,64.0,3,1.000,0.078,0.109,0.047
16,3.625,384,128,64.0,0,128,128,64.0,3,1.000,0.023,0.000,0.047
16,3.750,384,128,64.0,0,128,128,64.0,3,1.000,0.023,0.000,0.047
16,3.875,384,128,64.0,0,128,128,64.0,3,1.000,0.023,0.000,0.047
16,4.000,384,128,64.0,0,128,128,64.0,3,1.000,0.023,0.000,0.047
16,4.125,384,128,64.0,0,128,128,64.0,3,1.000,0.023,0.000,0.047
16,4.250,384,128,64.0,0,128,128,64.0,3,1.000,0.023,0.000,0.047
16,4.375,384,128,64.0,0,128,128,64.0,2,1.000,0.016,0.000,0.031
16,4.500,384,128,64.0,0,128,128,64.0,2,1.000,0.016,0.000,0.031
16,4.625,384,128,64.0,0,128,128,64.0,1,1.000,0.008,0.000,0.016
16,4.750,384,128,64.0,0,128,128,64.0,1,1.000,0.008,0.000,0.016
16,4.875,384,128,64.0,0,128,128,64.0,0,1.000,0.000,0.000,0.000
16,5.000,384,128,64.0,0,128,128,64.0,0,1.000,0.000,0.000,0.000
16,5.125,384,128,64.0,0,128,128,64.0,0,1.000,0.000,0.000,0.000
16,5.250,384,128,64.0,0,128,128,64.0,0,1.000,0.000,0.000,0.000
16,5.375,384,128,64.0,0,128,128,64.0,0,1.000,0.000,0.000,0.000
16,5.500,384,128,64.0,0,128,128,64.0,0,1.000,0.000,0.000,0.000
16,5.625,384,128,64.0,0,128,128,64.0,0,1.000,0.000,0.000,0.000
16,5.750,384,128,64.0,0,128,128,64.0,0,1.000,0.000,0.000,0.000
16,5.875,384,128,64.0,0,128,128,64.0,0,1.000,0.000,0.000,0.000
16,6.000,384,128,64.0,0,128,128,64.0,0,1.000,0.000,0.000,0.000
16,6.125,384,128,64.0,0,128,128,64.0,0,1.000,0.000,0.000,0.000
16,6.250,384,128,64.0,0,128,128,64.0,0,1.000,0.000,0.000,0.000
16,6.375,384,128,64.0,0,128,128,64.0,0,1.000,0.000,0.000,0.000
16,6.500,384,128,64.0,0,128,128,64.0,0,1.000,0.000,0.000,0.000
16,6.625,384,128,64.0,0,128,128,64.0,0,1.000,0.000,0.000,0.000
16,6.750,384,128,64.0,0,128,128,64.0,0,1.000,0.000,0.000,0.000
16,6.875,384,128,64.0,0,128,128,64.0,0,1.000,0.000,0.000,0.000
16,7.000,384,128,64.0,0,128,128,64.0,0,1.000,0.000,0.000,0.000
16,7.125,384,128,64.0,0,128,128,64.0,0,1.000,0.000,0.000,0.000
16,7.250,384,128,64.0,0,128,128,64.0,0,1.000,0.000,0.000,0.000
16,7.375,384,128,64.0,0,128,128,64.0,0,1.000,0.000,0.000,0.000
16,7.500,384,128,64.0,0,128,128,64.0,0,1.000,0.000,0.000,0.000
16,7.625,384,128,64.0,0,128,128,64.0,0,1.000,0.000,0.000,0.000
16,7.750,384,128,64.0,0,128,128,64.0,0,1.000,0.000,0.000,0.000
16,7.875,384,128,64.0,0,128,128,64.0,0,1.000,0.000,0.000,0.000
16,8.000,384,128,64.0,0,128,128,64.0,0,1.000,0.000,0.000,0.000
17,0.000,192,64,32.0,32,64,64,32.0,32,1.000,1.000,1.000,1.000
17,0.125,192,64,32.0,32,64,64,32.0,32,1.000,1.000,1.000,1.000
17,0.250,192,64,32.0,32,64,64,32.0,32,1.000,1.000,1.000,1.000
17,0.375,192,64,32.0,29,64,64,32.0,32,1.000,0.953,0.906,1.000
17,0.500,192,64,32.0,29,64,64,32.0,32,1.000,0.953,0.906,1.000
17,0.625,192,64,32.0,27,64,64,32.0,32,1.000,0.922,0.844,1.000
17,0.750,192,64,32.0,25,64,64,32.0,32,1.000,0.891,0.781,1.000
17,0.875,192,64,32.0,25,64,64,32.0,32,1.000,0.891,0.781,1.000
17,1.000,192,64,32.0,25,64,64,32.0,32,1.000,0.891,0.781,1.000
17,1.125,192,64,32.0,25,64,64,32.0,32,1.000,0.891,0.781,1.000
17,1.250,192,64,32.0,25,64,64,32.0,32,1.000,0.891,0.781,1.000
17,1.375,192,64,32.0,25,64,64,32.0,32,1.000,0.891,0.781,1.000
17,1.500,192,64,32.0,8,64,64,32.0,21,1.000,0.453,0.250,0.656
17,1.625,192,64,32.0,8,64,64,32.0,21,1.000,0.453,0.250,0.656
17,1.750,192,64,32.0,8,64,64,32.0,21,1.000,0.453,0.250,0.656
17,1.875,192,64,32.0,7,64,64,32.0,21,1.000,0.438,0.219,0.656
17,2.000,192,64,32.0,3,64,64,32.0,17,1.000,0.312,0.094,0.531
17,2.125,192,64,32.0,3,64,64,32.0,10,1.000,0.203,0.094,0.312
17,2.250,192,64,32.0,3,64,64,32.0,10,1.000,0.203,0.094,0.312
17,2.375,192,64,32.0,0,64,64,32.0,10,1.000,0.156,0.000,0.312
17,2.500,192,64,32.0,0,64,64,32.0,10,1.000,0.156,0.000,0.312
17,2.625,192,64,32.0,0,64,64,32.0,10,1.000,0.156,0.000,0.312
17,2.750,192,64,32.0,0,64,64,32.0,10,1.000,0.156,0.000,0.312
17,2.875,192,64,32.0,0,64,64,32.0,10,1.000,0.156,0.000,0.312
17,3.000,192,64,32.0,0,64,64,32.0,7,1.000,0.109,0.000,0.219
17,3.125,192,64,32.0,0,64,64,32.0,6,1.000,0.094,0.000,0.188
17,3.250,192,64,32.0,0,64,64,32.0,2,1.000,0.031,0.000,0.062
17,3.375,192,64,32.0,0,64,64,32.0,2,1.000,0.031,0.000,0.062
17,3.500,192,64,32.0,0,64,64,32.0,1,1.000,0.016,0.000,0.031
17,3.625,192,64,32.0,0,64,64,32.0,1,1.000,0.016,0.000,0.031
17,3.750,192,64,32.0,0,64,64,32.0,0,1.000,0.000,0.000,0.000
17,3.875,192,64,32.0,0,64,64,32.0,0,1.000,0.000,0.000,0.000
17,4.000,192,64,32.0,0,64,64,32.0,0,1.000,0.000,0.000,0.000
17,4.125,192,64,32.0,0,64,64,32.0,0,1.000,0.000,0.000,0.000
17,4.250,192,64,32.0,0,64,64,32.0,0,1.000,0.000,0.000,0.000
17,4.375,192,64,32.0,0,64,64,32.0,0,1.000,0.000,0.000,0.000
17,4.500,192,64,32.0,0,64,64,32.0,0,1.000,0.000,0.000,0.000
17,4.625,192,64,32.0,0,64,64,32.0,0,1.000,0.000,0.000,0.000
17,4.750,192,64,32.0,0,64,64,32.0,0,1.000,0.000,0.000,0.000
17,4.875,192,64,32.0,0,64,64,32.0,0,1.000,0.000,0.000,0.000
17,5.000,192,64,32.0,0,64,64,32.0,0,1.000,0.000,0.000,0.000
17,5.125,192,64,32.0,0,64,64,32.0,0,1.000,0.000,0.000,0.000
17,5.250,192,64,32.0,0,64,64,32.0,0,1.000,0.000,0.000,0.000
17,5.375,192,64,32.0,0,64,64,32.0,0,1.000,0.000,0.000,0.000
17,5.500,192,64,32.0,0,64,64,32.0,0,1.000,0.000,0.000,0.000
17,5.625,192,64,32.0,0,64,64,32.0,0,1.000,0.000,0.000,0.000
17,5.750,192,64,32.0,0,64,64,32.0,0,1.000,0.000,0.000,0.000
17,5.875,192,64,32.0,0,64,64,32.0,0,1.000,0.000,0.000,0.000
17,6.000,192,64,32.0,0,64,64,32.0,0,1.000,0.000,0.000,0.000
17,6.125,192,64,32.0,0,64,64,32.0,0,1.000,0.000,0.000,0.000
17,6.250,192,64,32.0,0,64,64,32.0,0,1.000,0.000,0.000,0.000
17,6.375,192,64,32.0,0,64,64,32.0,0,1.000,0.000,0.000,0.000
17,6.500,192,64,32.0,0,64,64,32.0,0,1.000,0.000,0.000,0.000
17,6.625,192,64,32.0,0,64,64,32.0,0,1.000,0.000,0.000,0.000
17,6.750,192,64,32.0,0,64,64,32.0,0,1.000,0.000,0.000,0.000
17,6.875,192,64,32.0,0,64,64,32.0,0,1.000,0.000,0.000,0.000
17,7.000,192,64,32.0,0,64,64,32.0,0,1.000,0.000,0.000,0.000
17,7.125,192,64,32.0,0,64,64,32.0,0,1.000,0.000,0.000,0.000
17,7.250,192,64,32.0,0,64,64,32.0,0,1.000,0.000,0.000,0.000
17,7.375,192,64,32.0,0,64,64,32.0,0,1.000,0.000,0.000,0.000
17,7.500,192,64,32.0,0,64,64,32.0,0,1.000,0.000,0.000,0.000
17,7.625,192,64,32.0,0,64,64,32.0,0,1.000,0.000,0.000,0.000
17,7.750,192,64,32.0,0,64,64,32.0,0,1.000,0.000,0.000,0.000
17,7.875,192,64,32.0,0,64,64,32.0,0,1.000,0.000,0.000,0.000
17,8.000,192,64,32.0,0,64,64,32.0,0,1.000,0.000,0.000,0.000
18,0.000,96,32,16.0,16,32,32,16.0,16,1.000,1.000,1.000,1.000
18,0.125,96,32,16.0,16,32,32,16.0,16,1.000,1.000,1.000,1.000
18,0.250,96,32,16.0,15,32,32,16.0,16,1.000,0.969,0.938,1.000
18,0.375,96,32,16.0,15,32,32,16.0,16,1.000,0.969,0.938,1.000
18,0.500,96,32,16.0,15,32,32,16.0,16,1.000,0.969,0.938,1.000
18,0.625,96,32,16.0,13,32,32,16.0,16,1.000,0.906,0.812,1.000
18,0.750,96,32,16.0,12,32,32,16.0,15,1.000,0.844,0.750,0.938
18,0.875,96,32,16.0,12,32,32,16.0,15,1.000,0.844,0.750,0.938
18,1.000,96,32,16.0,12,32,32,16.0,15,1.000,0.844,0.750,0.938
18,1.125,96,32,16.0,12,32,32,16.0,15,1.000,0.844,0.750,0.938
18,1.250,96,32,16.0,12,32,32,16.0,15,1.000,0.844,0.750,0.938
18,1.375,96,32,16.0,12,32,32,16.0,15,1.000,0.844,0.750,0.938
18,1.500,96,32,16.0,12,32,32,16.0,15,1.000,0.844,0.750,0.938
18,1.625,96,32,16.0,3,32,32,16.0,10,1.000,0.406,0.188,0.625
18,1.750,96,32,16.0,3,32,32,16.0,10,1.000,0.406,0.188,0.625
18,1.875,96,32,16.0,2,32,32,16.0,2,1.000,0.125,0.125,0.125
18,2.000,96,32,16.0,1,32,32,16.0,2,1.000,0.094,0.062,0.125
18,2.125,96,32,16.0,1,32,32,16.0,2,1.000,0.094,0.062,0.125
18,2.250,96,32,16.0,1,32,32,16.0,2,1.000,0.094,0.062,0.125
18,2.375,96,32,16.0,1,32,32,16.0,2,1.000,0.094,0.062,0.125
18,2.500,96,32,16.0,1,32,32,16.0,0,1.000,0.031,0.062,0.000
18,2.625,96,32,16.0,1,32,32,16.0,0,1.000,0.031,0.062,0.000
18,2.750,96,32,16.0,0,32,32,16.0,0,1.000,0.000,0.000,0.000
18,2.875,96,32,16.0,0,32,32,16.0,0,1.000,0.000,0.000,0.000
18,3.000,96,32,16.0,0,32,32,16.0,0,1.000,0.000,0.000,0.000
18,3.125,96,32,16.0,0,32,32,16.0,0,1.000,0.000,0.000,0.000
18,3.250,96,32,16.0,0,32,32,16.0,0,1.000,0.000,0.000,0.000
18,3.375,96,32,16.0,0,32,32,16.0,0,1.000,0.000,0.000,0.000
18,3.500,96,32,16.0,0,32,32,16.0,0,1.000,0.000,0.000,0.000
18,3.625,96,32,16.0,0,32,32,16.0,0,1.000,0.000,0.000,0.000
18,3.750,96,32,16.0,0,32,32,16.0,0,1.000,0.000,0.000,0.000
18,3.875,96,32,16.0,0,32,32,16.0,0,1.000,0.000,0.000,0.000
18,4.000,96,32,16.0,0,32,32,16.0,0,1.000,0.000,0.000,0.000
18,4.125,96,32,16.0,0,32,32,16.0,0,1.000,0.000,0.000,0.000
18,4.250,96,32,16.0,0,32,32,16.0,0,1.000,0.000,0.000,0.000
18,4.375,96,32,16.0,0,32,32,16.0,0,1.000,0.000,0.000,0.000
18,4.500,96,32,16.0,0,32,32,16.0,0,1.000,0.000,0.000,0.000
18,4.625,96,32,16.0,0,32,32,16.0,0,1.000,0.000,0.000,0.000
18,4.750,96,32,16.0,0,32,32,16.0,0,1.000,0.000,0.000,0.000
18,4.875,96,32,16.0,0,32,32,16.0,0,1.000,0.000,0.000,0.000
18,5.000,96,32,16.0,0,32,32,16.0,0,1.000,0.000,0.000,0.000
18,5.125,96,32,16.0,0,32,32,16.0,0,1.000,0.000,0.000,0.000
18,5.250,96,32,16.0,0,32,32,16.0,0,1.000,0.000,0.000,0.000
18,5.375,96,32,16.0,0,32,32,16.0,0,1.000,0.000,0.000,0.000
18,5.500,96,32,16.0,0,32,32,16.0,0,1.000,0.000,0.000,0.000
18,5.625,96,32,16.0,0,32,32,16.0,0,1.000,0.000,0.000,0.000
18,5.750,96,32,16.0,0,32,32,16.0,0,1.000,0.000,0.000,0.000
18,5.875,96,32,16.0,0,32,32,16.0,0,1.000,0.000,0.000,0.000
18,6.000,96,32,16.0,0,32,32,16.0,0,1.000,0.000,0.000,0.000
18,6.125,96,32,16.0,0,32,32,16.0,0,1.000,0.000,0.000,0.000
18,6.250,96,32,16.0,0,32,32,16.0,0,1.000,0.000,0.000,0.000
18,6.375,96,32,16.0,0,32,32,16.0,0,1.000,0.000,0.000,0.000
18,6.500,96,32,16.0,0,32,32,16.0,0,1.000,0.000,0.000,0.000
18,6.625,96,32,16.0,0,32,32,16.0,0,1.000,0.000,0.000,0.000
18,6.750,96,32,16.0,0,32,32,16.0,0,1.000,0.000,0.000,0.000
18,6.875,96,32,16.0,0,32,32,16.0,0,1.000,0.000,0.000,0.000
18,7.000,96,32,16.0,0,32,32,16.0,0,1.000,0.000,0.000,0.000
18,7.125,96,32,16.0,0,32,32,16.0,0,1.000,0.000,0.000,0.000
18,7.250,96,32,16.0,0,32,32,16.0,0,1.000,0.000,0.000,0.000
18,7.375,96,32,16.0,0,32,32,16.0,0,1.000,0.000,0.000,0.000
18,7.500,96,32,16.0,0,32,32,16.0,0,1.000,0.000,0.000,0.000
18,7.625,96,32,16.0,0,32,32,16.0,0,1.000,0.000,0.000,0.000
18,7.750,96,32,16.0,0,32,32,16.0,0,1.000,0.000,0.000,0.000
18,7.875,96,32,16.0,0,32,32,16.0,0,1.000,0.000,0.000,0.000
18,8.000,96,32,16.0,0,32,32,16.0,0,1.000,0.000,0.000,0.000
