1459947780236776 186 183 
1459947780472744 185 182 
1459947780704450 185 182 
1459947780942317 185 183 
1459947781184105 188 184 
1459947781424639 186 183 
1459947781661670 187 184 
1459947781936726 187 184 
1459947782172911 185 183 
1459947782413553 186 184 
1459947782651876 186 183 
1459947782891308 186 185 
1459947783132131 187 185 
1459947783368071 186 184 
1459947783609577 189 187 
1459947783855122 191 189 
1459947784102216 191 188 
1459947784350621 191 188 
1459947784586952 185 183 
1459947784825143 186 183 
1459947785060165 185 182 
1459947785298704 186 183 
1459947785538296 186 183 
1459947785783908 186 183 
1459947786025158 187 183 
1459947786267738 187 184 
1459947786502828 186 182 
1459947786746109 187 184 
1459947786980092 187 183 
1459947787215867 187 183 
1459947787458412 187 184 
1459947787707150 188 183 
1459947787951596 187 183 
1459947788197256 187 183 
1459947788434640 186 181 
1459947788674300 186 182 
1459947788912981 186 182 
1459947789150523 187 182 
1459947789391858 186 182 
1459947789630011 185 182 
1459947789867974 185 181 
1459947790105765 187 182 
1459947790343512 186 181 
1459947790580702 186 182 
1459947790819485 187 184 
1459947791055646 186 182 
1459947791293704 186 183 
1459947791531435 186 182 
1459947791725959 174 165 
1459947791919193 182 163 
1459947792112731 186 159 
1459947792304639 185 157 
1459947792495771 187 158 
1459947792686347 187 157 
1459947792880954 189 157 
1459947793077040 188 157 
1459947793269595 190 157 
1459947793460162 189 157 
1459947793649863 189 156 
1459947793843285 191 157 
1459947794029957 191 157 
1459947794217794 191 157 
1459947794407381 191 157 
1459947794597528 191 158 
1459947794790561 192 158 
1459947794983959 192 158 
1459947795176961 192 158 
1459947795366634 192 157 
1459947795562413 193 159 
1459947795753803 192 159 
1459947795946442 193 158 
1459947796138853 194 160 
1459947796328059 193 159 
1459947796513256 193 158 
1459947796695690 191 156 
1459947796879211 191 157 
1459947797060564 190 156 
1459947797250602 193 158 
1459947797435582 193 156 
1459947797619266 191 156 
1459947797852527 184 181 
1459947798088114 184 181 
1459947798329875 187 183 
1459947798571192 186 182 
1459947798808617 185 182 
1459947799051622 186 182 
1459947799290073 185 182 
1459947799525443 185 181 
1459947799762230 185 181 
1459947799995279 184 180 
1459947800229606 184 180 
1459947800466015 185 181 
1459947800705411 185 182 
1459947800941849 185 181 
1459947801177884 186 181 
1459947801415469 186 181 
