<<<<<<< HEAD
version https://git-lfs.github.com/spec/v1
oid sha256:60c3ffbd098cf0f1f8fd7afcc0d3f269c68ad64d2f41d057d66c860086fc2e42
size 40195
=======
1459947780475942 176 2883584 0 157 2572288 0 0
1459947780937527 175 2882304 1180 157 2572288 0 0
1459947781417075 177 2883684 2359 158 2573568 1180 0
1459947781924475 177 2884956 3346 158 2574748 2174 0
1459947782393011 175 2883568 4362 156 2573275 3361 0
1459947782854643 175 2882289 5199 157 2573197 3169 0
1459947783321786 176 2882390 4885 158 2574405 4035 0
1459947783824550 186 2895283 16389 166 2585759 14186 0
1459947784338175 189 2911009 29605 168 2598786 25086 0
1459947784801009 175 2907586 30447 156 2595435 26214 0
1459947785265021 174 2903150 32156 156 2592346 27013 0
1459947785734681 175 2900341 32232 156 2589498 27526 0
1459947786209479 176 2899031 30919 157 2588153 26614 0
1459947786672055 175 2896544 30795 157 2586913 25676 0
1459947787138801 175 2894251 30502 157 2585770 24723 0
1459947787617157 177 2894697 28530 157 2584716 23761 0
1459947788090190 176 2893828 27101 157 2583745 22799 0
1459947788553223 175 2891747 26900 157 2582849 21842 0
1459947789017636 175 2889829 26565 157 2582023 20895 0
1459947789479770 175 2888061 26118 157 2581262 19963 0
1459947789933961 174 2885151 26759 157 2580560 19049 0
1459947790395944 176 2885028 24780 157 2579913 18155 0
1459947790863446 176 2884915 22947 157 2579317 17285 0
1459947791324690 176 2884811 21249 157 2578767 16440 0
1459947791788888 175 2883435 20856 156 2576980 16801 0
1459947792253173 176 2883446 19236 157 2576613 15825 0
1459947792715871 175 2882176 18903 156 2574995 16079 0
1459947793194642 176 2882286 17527 156 2573503 16196 0
1459947793654127 175 2881107 17243 156 2572128 16197 0
1459947794102933 174 2878740 18076 156 2570860 16099 0
1459947794554566 174 2876558 18674 157 2570971 14943 0
1459947795020385 174 2874546 19068 157 2571073 13869 0
1459947795498185 175 2873972 18107 158 2572447 14052 0
1459947795967533 174 2872162 18359 157 2572434 12965 0
1459947796438830 175 2871774 17281 157 2572422 11962 0
1459947796892668 174 2870136 17439 157 2572411 11036 0
1459947797349363 174 2868626 17467 156 2571121 11361 0
1459947797808694 174 2867234 17384 157 2571212 10557 0
1459947798285554 176 2868511 17202 158 2572576 10989 0
1459947798765936 176 2869688 16943 157 2572553 10150 0
1459947799256873 177 2872053 17799 157 2572532 9376 0
1459947799723007 175 2871673 16757 155 2569952 11020 0
1459947800193150 176 2872603 16304 156 2568854 11170 0
1459947800664124 175 2872180 15419 156 2567842 11229 0
1459947801126923 175 2871790 14572 156 2566909 11210 0
1459947801590842 176 2872711 14282 156 2566049 11126 0
1459947802048327 175 2872280 13562 156 2565256 10986 0
1459947802522686 177 2874443 14496 158 2567085 11813 0
1459947802997876 176 2875157 14021 156 2566211 11695 0
1459947803477765 176 2875815 13531 156 2565405 11523 0
1459947803943131 175 2875141 13093 156 2564662 11306 0
1459947804418718 175 2874520 12641 156 2563977 11052 0
1459947804888408 175 2873948 12180 156 2563346 10769 0
1459947805350830 175 2873420 11713 157 2564044 10571 0
1459947805820611 174 2871654 12424 156 2563408 10331 0
1459947806290764 176 2872586 12312 157 2564101 10162 0
1459947806773365 176 2873445 12142 157 2564740 9957 0
1459947807246718 177 2875517 13103 159 2567889 12082 0
1459947807736685 177 2877427 13840 157 2568232 11454 0
1459947808213222 176 2877908 13201 156 2567268 11446 0
1459947808688865 176 2878351 12577 157 2567660 10912 0
1459947809160204 175 2877479 12397 155 2565461 12085 0
1459947809623190 174 2875395 13348 156 2564714 11828 0
1459947810100299 176 2876034 12894 157 2565305 11448 0
1459947810622058 176 2876623 12429 158 2567130 12235 0
1459947811109604 177 2878446 13138 157 2567532 11650 0
1459947811576414 176 2878847 12481 156 2566623 11576 0
1459947812058254 176 2879217 11846 156 2565785 11442 0
1459947812528358 175 2878278 11785 156 2565013 11259 0
1459947813016342 177 2879972 12426 157 2565581 10902 0
1459947813496036 177 2881534 12895 157 2566104 10533 0
1459947813968818 177 2882974 13214 157 2566587 10155 0
1459947814459578 180 2888141 16944 161 2572152 14491 0
1459947815014939 195 2912104 37711 172 2591362 31067 0
1459947815522789 181 2916275 38610 161 2594991 31985 0
1459947816008639 177 2915001 36767 157 2593217 31121 0
1459947816483065 176 2912546 36156 157 2591581 30196 0
1459947816976162 178 2912843 33605 158 2591353 28045 0
1459947817452566 177 2911837 31906 158 2591143 26046 0
1459947817930188 176 2909629 31447 157 2589669 25368 0
1459947818415542 178 2910154 29474 158 2589591 23457 0
1459947818899625 177 2909358 27904 158 2589519 21690 0
1459947819387788 177 2908624 26400 158 2589452 20055 0
1459947819868093 177 2907947 24960 157 2588111 19724 0
1459947820361595 178 2908603 23615 157 2586874 19322 0
1459947820847432 178 2909208 22328 158 2587014 17941 0
1459947821324366 177 2908486 21248 156 2584583 18779 0
1459947821789781 175 2905260 22561 155 2581062 20556 0
1459947822250484 176 2903566 22359 156 2579096 20761 0
1459947822706517 175 2900724 23231 156 2577284 20809 0
1459947823172723 176 2899384 22650 156 2575613 20722 0
1459947823630048 175 2896869 23197 156 2574073 20522 0
1459947824101665 177 2897111 21607 158 2575213 19969 0
1459947824560569 176 2896054 20892 156 2573704 19798 0
1459947825013584 175 2893799 21337 156 2572313 19532 0
1459947825482403 176 2893000 20405 156 2571031 19187 0
1459947825947810 176 2892264 19488 157 2571129 17778 0
1459947826419592 176 2891585 18590 157 2571219 16472 0
1459947826867750 173 2887119 21253 155 2568742 17467 0
1459947827317068 174 2884282 22206 155 2566459 18206 0
1459947827779593 176 2884227 20521 156 2565634 17543 0
1459947828243471 175 2882896 20143 156 2564873 16872 0
1459947828712137 176 2882949 18618 157 2565452 16087 0
1459947829180123 176 2882998 17208 156 2564706 15517 0
1459947829631689 175 2881763 17000 156 2564018 14937 0
1459947830070636 174 2879345 17899 155 2562104 15534 0
1459947830511460 175 2878396 17374 157 2562899 15053 0
1459947830986660 177 2880081 17569 157 2563632 14552 0
1459947831477242 177 2881634 17628 157 2564308 14038 0
1459947831959789 177 2883066 17570 156 2563651 13546 0
1459947832423755 175 2881826 17339 156 2563045 13044 0
1459947832903774 175 2880683 17037 156 2562487 12538 0
1459947833374320 175 2879629 16676 156 2561972 12032 0
1459947833838044 175 2878657 16268 155 2560217 12708 0
1459947834315350 176 2879041 15351 155 2558600 13205 0
1459947834802776 176 2879395 14478 157 2559669 13158 0
1459947835286839 178 2882282 16007 158 2561934 14218 0
1459947835769139 177 2883663 16029 157 2562742 13852 0
1459947836234854 176 2883656 14781 156 2562207 13261 0
1459947836692686 176 2883650 13631 157 2562994 12950 0
1459947837143066 175 2882364 13750 157 2563720 12607 0
1459947837605514 176 2882459 12762 157 2564389 12239 0
1459947838070017 175 2881266 12862 157 2565006 11850 0
1459947838538049 176 2881447 12023 157 2565574 11448 0
1459947839014891 176 2881613 11236 156 2564818 11249 0
1459947839479622 176 2881766 10500 157 2565401 10908 0
1459947839950197 177 2883188 10989 158 2567219 11731 0
1459947840403916 174 2880658 12461 157 2567615 11179 0
1459947840870560 175 2879606 12456 157 2567980 10641 0
1459947841329492 177 2881196 12948 157 2568316 10119 0
1459947841779024 176 2881382 12108 156 2567346 10221 0
1459947842231661 177 2882834 12500 156 2566452 10246 0
1459947842689640 177 2884172 12757 156 2565627 10204 0
1459947843147743 176 2884126 11802 158 2567427 11065 0
1459947843613946 177 2885363 12020 159 2570366 12910 0
1459947846092160 189 2901864 26291 167 2583316 23839 0
1459947846547564 176 2900435 25553 157 2582454 22770 0
1459947847004997 176 2899118 24769 158 2582939 21438 0
1459947847463772 176 2897904 23951 158 2583386 20175 0
1459947847925147 176 2896785 23110 157 2582518 19397 0
1459947848388434 176 2895753 22254 157 2581718 18617 0
1459947848851540 176 2894802 21391 156 2579701 19021 0
1459947849336282 178 2896485 21271 159 2581681 19360 0
1459947849820486 178 2898037 21039 158 2582227 18350 0
1459947850300670 178 2899467 20714 158 2582730 17380 0
1459947850747181 173 2894386 23778 156 2580634 17954 0
1459947851226109 177 2894822 22322 157 2579981 17152 0
1459947851706392 177 2895224 20948 158 2580659 16438 0
1459947852189479 178 2896874 20832 158 2581285 15730 0
1459947852674235 179 2899675 21786 158 2581862 15033 0
1459947853154103 177 2899697 20104 157 2581114 14547 0
1459947853615022 176 2898438 19693 156 2579144 15225 0
1459947854089824 177 2898557 18264 158 2579888 14721 0
1459947854562150 177 2898667 16938 158 2580574 14202 0
1459947855027401 176 2897488 16700 156 2578646 14868 0
1459947855461686 168 2886161 25836 150 2569189 22423 0
1459947855915045 172 2880839 28722 154 2565591 23987 0
1459947856397584 178 2883613 29035 159 2568674 24955 0
1459947856861957 175 2882330 27948 156 2567676 23924 0
1459947857279596 166 2869627 37473 149 2557796 31161 0
1459947857744681 176 2870717 35550 158 2560208 30949 0
1459947858206842 175 2870442 33025 156 2559871 28840 0
1459947858673047 176 2871468 31390 157 2560841 27480 0
1459947859143339 177 2873694 30989 158 2563015 27337 0
1459947859605534 176 2874466 29279 158 2565019 27048 0
1459947860077715 177 2876458 28827 158 2566866 26637 0
1459947860545001 176 2877014 27087 157 2567289 24945 0
1459947861018936 178 2880087 27803 158 2568959 24536 0
1459947861496335 177 2881640 27061 157 2569219 22858 0
1459947861965971 176 2881791 25086 157 2569458 21293 0
1459947862435479 176 2881931 23255 157 2569679 19832 0
1459947862902028 176 2882060 21557 157 2569882 18469 0
1459947863375299 177 2883459 21161 157 2570069 17199 0
1459947863847614 176 2883468 19516 157 2570242 16014 0
1459947864329373 177 2884757 19179 159 2572961 17269 0
1459947864805840 177 2885945 18775 159 2575468 18230 0
1459947865262255 175 2884480 18658 157 2575219 17033 0
1459947865739005 176 2884410 17264 157 2574990 15913 0
1459947866198823 175 2883065 17154 157 2574778 14863 0
1459947866660132 176 2883105 15850 157 2574583 13880 0
1459947867098761 174 2880582 16936 156 2573123 14140 0
1459947867551552 175 2879536 16575 157 2573057 13095 0
1459947868019861 176 2879852 15571 158 2574276 13195 0
1459947868626621 177 2881423 15802 158 2575400 13200 0
1459947869092044 175 2880311 15591 157 2575156 12392 0
1459947869565864 176 2880566 14607 157 2574931 11629 0
1459947870032710 176 2880801 13682 157 2574724 10910 0
1459947870494491 177 2882298 13993 157 2574533 10232 0
1459947870957444 175 2881118 13986 156 2573077 10773 0
1459947871420619 176 2881310 13070 156 2571735 11167 0
1459947871880135 175 2880207 13064 155 2569218 12614 0
1459947872360088 177 2881750 13466 157 2569457 11849 0
1459947872819240 175 2880613 13460 156 2568398 11899 0
1459947873292837 176 2880845 12621 157 2568701 11249 0
1459947873765994 176 2881058 11831 157 2568981 10628 0
1459947874229178 175 2879975 11904 156 2567959 10738 0
1459947874702406 175 2878976 11894 156 2567017 10767 0
1459947875176629 176 2879336 11295 157 2567428 10304 0
1459947875650331 177 2880947 11898 156 2566527 10328 0
1459947876111223 176 2881153 11157 156 2565697 10286 0
1459947879011420 179 2885182 14000 159 2568771 12316 0
1459947879471035 176 2885057 13021 156 2567765 12279 0
1459947879937042 175 2883661 13289 157 2568118 11644 0
1459947880410008 176 2883654 12255 157 2568443 11034 0
1459947880873977 176 2883648 11302 156 2567463 11074 0
1459947881340360 176 2883643 10423 156 2566559 11040 0
1459947881814282 176 2883638 9612 156 2565726 10944 0
1459947882288880 177 2884913 10037 157 2566238 10561 0
1459947882770096 177 2886089 10336 158 2567990 11350 0
1459947883226409 176 2885893 9708 158 2569605 11952 0
1459947883699123 176 2885712 9115 157 2569814 11211 0
1459947884175044 176 2885545 8555 158 2571287 11693 0
1459947884643741 176 2885391 8027 157 2571365 10851 0
1459947885104752 175 2883969 8709 156 2570157 11116 0
1459947885567032 175 2882658 9235 157 2570323 10400 0
1459947886045362 175 2881450 9626 157 2570476 9728 0
1459947886509769 175 2880336 9899 157 2570617 9098 0
1459947886979757 176 2880589 9358 157 2570747 8507 0
1459947887434838 176 2880822 8841 156 2569587 8910 0
1459947887904625 177 2882317 9528 157 2569798 8407 0
1459947888378658 177 2883695 10054 157 2569992 7929 0
1459947888858098 177 2884966 10440 157 2570171 7474 0
1459947889327181 176 2884858 9723 157 2570336 7042 0
1459947889794495 176 2884758 9054 157 2570488 6631 0
1459947890276160 177 2885946 9441 157 2570628 6241 0
1459947890740527 176 2885761 8873 157 2570757 5872 0
1459947891202776 176 2885590 8335 157 2570876 5523 0
1459947891679397 179 2889273 11078 158 2572266 6372 0
1459947892161172 178 2891388 12162 158 2573547 7055 0
1459947892628401 177 2892058 11828 157 2573448 6593 0
1459947893097095 176 2891395 11513 157 2573357 6160 0
1459947893564750 178 2893344 12410 158 2574553 6781 0
1459947894018204 177 2893861 11917 157 2574376 6414 0
1459947894484512 177 2894338 11424 157 2574212 6062 0
1459947894945724 176 2893497 11305 157 2574061 5726 0
1459947895405386 176 2892722 11134 156 2572642 6585 0
1459947895867353 176 2892008 10922 157 2572614 6095 0
1459947896328086 177 2892629 10641 157 2572588 5641 0
1459947896777720 175 2890642 11640 157 2572564 5221 0
1459947897230285 176 2890090 11238 157 2572542 4832 0
1459947897693548 177 2890861 11071 157 2572522 4472 0
1459947898146928 175 2889012 11910 156 2571223 5318 0
1459947898622165 178 2891147 12948 157 2571306 4978 0
1459947899088706 177 2891836 12571 156 2570102 5698 0
1459947899553048 177 2892471 12173 156 2568992 6274 0
1459947900021274 176 2891776 11861 155 2566689 7905 0
1459947900484351 177 2892416 11524 156 2565846 8063 0
1459947900933751 176 2891726 11259 156 2565069 8149 0
1459947901393527 176 2891089 10965 157 2565632 8032 0
1459947901857222 177 2891782 10747 156 2564872 8104 0
1459947902321574 176 2891141 10497 156 2564171 8115 0
1459947902785146 176 2890550 10220 157 2564805 8065 0
1459947903236136 175 2888725 11102 156 2564109 8075 0
1459947903713571 178 2888725 11102 157 2564109 8075 1
1459947904180604 177 2889603 11043 157 2564747 8033 0
1459947904656668 177 2890412 10926 157 2565336 7948 0
1459947905133088 178 2890412 10926 157 2565336 7948 1
1459947905602840 177 2891158 10760 157 2565879 7827 0
1459947906071311 176 2890566 10464 156 2565099 7933 0
1459947906544501 178 2890566 10464 157 2565099 7933 1
1459947907050507 188 2890566 10464 165 2565099 7933 1
1459947907536675 183 2890566 10464 161 2565099 7933 1
1459947908049531 176 2890020 10148 156 2564380 7975 0
1459947908505411 175 2888237 10998 157 2564997 7920 0
1459947908966915 175 2886593 11653 156 2564286 7955 0
1459947909430534 177 2887637 11705 158 2566191 9089 0
1459947909895870 177 2888600 11678 157 2566667 8817 0
1459947910356246 177 2889488 11583 157 2567106 8532 0
1459947910805809 176 2889026 11103 156 2566230 8671 0
1459947911263061 177 2889880 11023 156 2565423 8736 0
1459947911730147 177 2890668 10887 158 2567239 9727 0
1459947912198926 178 2890668 10887 158 2567239 9727 1
1459947912655808 176 2890114 10546 157 2567633 9330 0
1459947913105482 176 2889603 10192 157 2567996 8936 0
1459947913566192 177 2890412 10141 157 2568331 8546 0
1459947914022723 177 2891158 10036 157 2568640 8163 0
1459947914482379 176 2890566 9796 157 2568925 7787 0
1459947914944126 177 2891300 9707 157 2569187 7420 0
1459947915395262 176 2890697 9503 157 2569429 7063 0
1459947915853417 175 2888861 10452 157 2569652 6716 0
1459947916319526 177 2889728 10435 157 2569857 6380 0
1459947916767195 176 2889728 10435 156 2569857 6380 1
1459947917213355 176 2889248 10061 157 2570046 6056 0
1459947917672889 177 2890085 10046 157 2570221 5743 0
1459947918132668 175 2890085 10046 156 2570221 5743 1
1459947918581222 174 2890085 10046 156 2570221 5743 1
1459947919066603 179 2890085 10046 159 2570221 5743 1
1459947919528783 175 2890085 10046 156 2570221 5743 1
1459947919997497 176 2889577 9729 157 2570382 5442 0
1459947920447510 175 2889577 9729 156 2570382 5442 1
1459947920899727 176 2889577 9729 156 2570382 5442 1
1459947921361415 175 2889577 9729 156 2570382 5442 1
1459947921815518 176 2889108 9399 157 2570530 5153 0
1459947922284803 176 2888676 9061 157 2570667 4876 0
1459947922754738 176 2888278 8719 157 2570793 4611 0
1459947923230696 178 2888278 8719 157 2570793 4611 1
1459947923687412 175 2888278 8719 156 2570793 4611 1
1459947924139686 175 2888278 8719 156 2570793 4611 1
1459947924605470 176 2887911 8375 157 2570909 4357 0
1459947925065045 175 2887911 8375 156 2570909 4357 1
1459947925534003 176 2887911 8375 156 2570909 4357 1
1459947925990369 175 2886292 9211 157 2571016 4115 0
1459947926452144 175 2884800 9866 157 2571115 3884 0
1459947926919023 175 2883425 10362 157 2571206 3664 0
1459947927375635 175 2883425 10362 156 2571206 3664 1
1459947927833265 175 2883425 10362 156 2571206 3664 1
1459947928283328 175 2883425 10362 156 2571206 3664 1
1459947928754455 176 2883425 10362 155 2571206 3664 1
1459947929221266 176 2883425 10362 156 2571206 3664 1
1459947929661834 173 2883425 10362 155 2571206 3664 1
1459947930101517 174 2883425 10362 155 2571206 3664 1
1459947930553701 175 2882157 10720 157 2571290 3454 0
1459947930993545 174 2882157 10720 156 2571290 3454 1
1459947931435458 174 2882157 10720 156 2571290 3454 1
1459947931886752 175 2882157 10720 156 2571290 3454 1
1459947932346277 175 2882157 10720 156 2571290 3454 1
1459947932802797 175 2882157 10720 155 2571290 3454 1
1459947933262106 175 2882157 10720 155 2571290 3454 1
1459947933709068 174 2882157 10720 155 2571290 3454 1
1459947934168386 175 2882157 10720 155 2571290 3454 1
1459947934635059 174 2882157 10720 156 2571290 3454 1
1459947935083406 174 2882157 10720 155 2571290 3454 1
1459947935529682 174 2882157 10720 154 2571290 3454 1
1459947935980677 174 2882157 10720 156 2571290 3454 1
1459947936447272 176 2882157 10720 156 2571290 3454 1
1459947936911704 176 2882157 10720 155 2571290 3454 1
1459947937386350 178 2882157 10720 157 2571290 3454 1
1459947937910600 191 2882157 10720 169 2571290 3454 1
1459947938379401 176 2882268 9984 157 2571367 3255 0
1459947938843210 175 2882268 9984 156 2571367 3255 1
1459947939305802 175 2882268 9984 156 2571367 3255 1
1459947939765501 175 2882268 9984 155 2571367 3255 1
1459947942252570 177 2882268 9984 157 2571367 3255 1
1459947942703444 175 2882268 9984 154 2571367 3255 1
1459947943156549 174 2882268 9984 155 2571367 3255 1
1459947943617908 176 2882268 9984 155 2571367 3255 1
1459947944082374 177 2882268 9984 156 2571367 3255 1
1459947944548874 178 2882268 9984 157 2571367 3255 1
1459947945000657 174 2882268 9984 155 2571367 3255 1
1459947945458396 175 2882268 9984 156 2571367 3255 1
1459947945921080 175 2882268 9984 155 2571367 3255 1
1459947946393223 176 2882268 9984 155 2571367 3255 1
1459947946852966 176 2882268 9984 156 2571367 3255 1
1459947947312683 175 2882268 9984 155 2571367 3255 1
1459947947762422 175 2882268 9984 155 2571367 3255 1
1459947948218364 176 2882268 9984 156 2571367 3255 1
1459947948700593 182 2882268 9984 161 2571367 3255 1
1459947949144942 174 2882268 9984 155 2571367 3255 1
1459947949608293 175 2882268 9984 155 2571367 3255 1
1459947950062700 174 2882268 9984 155 2571367 3255 1
1459947950517935 174 2882268 9984 154 2571367 3255 1
1459947950968604 174 2882268 9984 154 2571367 3255 1
1459947951410820 174 2882268 9984 154 2571367 3255 1
1459947951850299 174 2882268 9984 154 2571367 3255 1
1459947952292081 173 2882268 9984 154 2571367 3255 1
1459947952747180 175 2882268 9984 154 2571367 3255 1
1459947953195469 174 2882268 9984 154 2571367 3255 1
1459947953641157 174 2882268 9984 154 2571367 3255 1
1459947954100780 175 2882268 9984 156 2571367 3255 1
1459947954558730 175 2882268 9984 156 2571367 3255 1
1459947955024080 175 2882268 9984 156 2571367 3255 1
1459947955495588 176 2882268 9984 155 2571367 3255 1
1459947955969900 177 2882268 9984 156 2571367 3255 1
1459947956436850 176 2882268 9984 156 2571367 3255 1
1459947956900477 175 2882268 9984 156 2571367 3255 1
1459947957365651 176 2882268 9984 156 2571367 3255 1
1459947957826231 175 2882268 9984 155 2571367 3255 1
1459947958243629 165 2882268 9984 148 2571367 3255 1
1459947958695481 175 2882268 9984 156 2571367 3255 1
1459947959147367 173 2882268 9984 154 2571367 3255 1
1459947959609704 175 2882268 9984 155 2571367 3255 1
1459947960072906 175 2882268 9984 155 2571367 3255 1
1459947960538954 175 2882268 9984 155 2571367 3255 1
1459947960993812 174 2882268 9984 156 2571367 3255 1
1459947961456387 175 2882268 9984 156 2571367 3255 1
1459947961826890 164 2882268 9984 144 2571367 3255 1
1459947962193302 170 2882268 9984 142 2571367 3255 1
1459947962566540 176 2882268 9984 139 2571367 3255 1
1459947962938280 177 2882268 9984 138 2571367 3255 1
1459947963320788 179 2882268 9984 138 2571367 3255 1
1459947963692054 179 2882268 9984 138 2571367 3255 1
1459947964075537 181 2882268 9984 138 2571367 3255 1
1459947964447959 179 2882268 9984 137 2571367 3255 1
1459947964826731 181 2882268 9984 137 2571367 3255 1
1459947965205415 181 2882268 9984 137 2571367 3255 1
1459947965582257 182 2882268 9984 137 2571367 3255 1
1459947965954671 182 2882268 9984 137 2571367 3255 1
1459947966325947 183 2882268 9984 138 2571367 3255 1
1459947966698578 182 2882268 9984 138 2571367 3255 1
1459947967073183 183 2882268 9984 137 2571367 3255 1
1459947967445198 183 2882268 9984 137 2571367 3255 1
1459947967811881 183 2882268 9984 137 2571367 3255 1
1459947968215377 191 2882268 9984 144 2571367 3255 1
1459947968649294 197 2882268 9984 148 2571367 3255 1
1459947969045719 187 2882268 9984 142 2571367 3255 1
1459947969419933 182 2882268 9984 137 2571367 3255 1
1459947969785264 181 2882268 9984 137 2571367 3255 1
1459947970165084 184 2882268 9984 137 2571367 3255 1
1459947970530776 184 2882268 9984 137 2571367 3255 1
1459947970900145 185 2882268 9984 137 2571367 3255 1
1459947971275314 184 2882268 9984 138 2571367 3255 1
1459947971647561 184 2882268 9984 138 2571367 3255 1
1459947972022192 184 2882268 9984 137 2571367 3255 1
1459947974156888 185 2882268 9984 138 2571367 3255 1
1459947974529341 184 2882268 9984 136 2571367 3255 1
1459947974902244 185 2882268 9984 137 2571367 3255 1
1459947975259837 182 2882268 9984 135 2571367 3255 1
1459947975631583 184 2882268 9984 137 2571367 3255 1
1459947976008582 185 2882268 9984 137 2571367 3255 1
1459947976383760 186 2882268 9984 138 2571367 3255 1
1459947976753177 185 2882268 9984 137 2571367 3255 1
1459947977132056 185 2882268 9984 137 2571367 3255 1
1459947977514352 187 2882268 9984 137 2571367 3255 1
1459947977892333 185 2882268 9984 137 2571367 3255 1
1459947978275977 187 2882268 9984 137 2571367 3255 1
1459947978661748 187 2882268 9984 137 2571367 3255 1
1459947979028958 186 2882268 9984 137 2571367 3255 1
1459947979408690 186 2882268 9984 137 2571367 3255 1
1459947979788678 187 2882268 9984 138 2571367 3255 1
1459947980153841 185 2882268 9984 137 2571367 3255 1
1459947980532567 187 2882268 9984 137 2571367 3255 1
1459947980896068 186 2882268 9984 137 2571367 3255 1
1459947981273744 188 2882268 9984 138 2571367 3255 1
1459947981653057 187 2882268 9984 137 2571367 3255 1
1459947982030579 187 2882268 9984 137 2571367 3255 1
1459947982405790 188 2882268 9984 137 2571367 3255 1
1459947982774427 186 2882268 9984 135 2571367 3255 1
1459947983148235 188 2882268 9984 138 2571367 3255 1
1459947983529165 188 2882268 9984 138 2571367 3255 1
1459947983915045 188 2882268 9984 137 2571367 3255 1
1459947984296542 187 2882268 9984 137 2571367 3255 1
1459947984667955 187 2882268 9984 137 2571367 3255 1
1459947985042051 188 2882268 9984 137 2571367 3255 1
1459947985414716 188 2882268 9984 137 2571367 3255 1
1459947985793669 189 2882268 9984 138 2571367 3255 1
1459947986177721 189 2882268 9984 138 2571367 3255 1
1459947986557282 189 2882268 9984 137 2571367 3255 1
1459947986930239 188 2882268 9984 137 2571367 3255 1
1459947987314403 189 2882268 9984 137 2571367 3255 1
1459947987696069 188 2882268 9984 136 2571367 3255 1
1459947988074403 189 2882268 9984 137 2571367 3255 1
1459947988456803 189 2882268 9984 137 2571367 3255 1
1459947988816267 187 2882268 9984 137 2571367 3255 1
1459947989187664 188 2882268 9984 137 2571367 3255 1
1459947989560203 188 2882268 9984 137 2571367 3255 1
1459947989932905 188 2882268 9984 137 2571367 3255 1
1459947990299830 187 2882268 9984 136 2571367 3255 1
1459947990674629 187 2882268 9984 136 2571367 3255 1
1459947991046994 187 2882268 9984 136 2571367 3255 1
1459947991419118 187 2882268 9984 136 2571367 3255 1
1459947991786175 185 2882268 9984 134 2571367 3255 1
1459947992160866 187 2882268 9984 136 2571367 3255 1
1459947992550756 188 2882268 9984 137 2571367 3255 1
1459947992933375 188 2882268 9984 136 2571367 3255 1
1459947993302290 188 2882268 9984 136 2571367 3255 1
1459947993687500 188 2882268 9984 136 2571367 3255 1
1459947994053700 187 2882268 9984 135 2571367 3255 1
1459947994423134 186 2882268 9984 134 2571367 3255 1
1459947994785927 186 2882268 9984 135 2571367 3255 1
1459947995153696 186 2882268 9984 135 2571367 3255 1
1459947995539123 188 2882268 9984 137 2571367 3255 1
1459947995919664 187 2882268 9984 136 2571367 3255 1
1459947996299470 188 2882268 9984 136 2571367 3255 1
1459947996675417 188 2882268 9984 136 2571367 3255 1
1459947997042661 187 2882268 9984 136 2571367 3255 1
1459947997422338 188 2882268 9984 137 2571367 3255 1
1459947997807694 187 2882268 9984 137 2571367 3255 1
1459947998190585 188 2882268 9984 136 2571367 3255 1
1459947998567530 187 2882268 9984 135 2571367 3255 1
1459947998940118 188 2882268 9984 137 2571367 3255 1
1459947999368828 201 2882268 9984 147 2571367 3255 1
1459947999790920 200 2882268 9984 145 2571367 3255 1
1459948000179933 192 2882268 9984 140 2571367 3255 1
1459948000543693 186 2882268 9984 136 2571367 3255 1
1459948000906975 188 2882268 9984 137 2571367 3255 1
1459948001272471 188 2882268 9984 137 2571367 3255 1
1459948001631647 187 2882268 9984 136 2571367 3255 1
1459948001995968 186 2882268 9984 135 2571367 3255 1
1459948002360533 185 2882268 9984 134 2571367 3255 1
1459948002744421 190 2882268 9984 138 2571367 3255 1
1459948003120090 189 2882268 9984 137 2571367 3255 1
1459948003497562 189 2882268 9984 137 2571367 3255 1
1459948003866505 189 2882268 9984 138 2571367 3255 1
1459948004229984 189 2882268 9984 138 2571367 3255 1
1459948007936624 189 2882268 9984 138 2571367 3255 1
1459948008292390 185 2882268 9984 135 2571367 3255 1
1459948008653865 187 2882268 9984 136 2571367 3255 1
1459948009024784 188 2882268 9984 137 2571367 3255 1
1459948009409007 190 2882268 9984 137 2571367 3255 1
1459948009789245 189 2882268 9984 137 2571367 3255 1
1459948010163640 189 2882268 9984 137 2571367 3255 1
1459948010528304 189 2882268 9984 138 2571367 3255 1
1459948010889353 187 2882268 9984 136 2571367 3255 1
1459948011265520 189 2882268 9984 138 2571367 3255 1
1459948011642834 189 2882268 9984 138 2571367 3255 1
1459948012022822 189 2882268 9984 137 2571367 3255 1
1459948012397920 189 2882268 9984 137 2571367 3255 1
1459948012785300 189 2882268 9984 137 2571367 3255 1
1459948013172852 189 2882268 9984 137 2571367 3255 1
1459948013554572 189 2882268 9984 137 2571367 3255 1
1459948013936907 190 2882268 9984 138 2571367 3255 1
1459948014314953 190 2882268 9984 138 2571367 3255 1
1459948014685811 189 2882268 9984 138 2571367 3255 1
1459948015055435 189 2882268 9984 137 2571367 3255 1
1459948015431129 189 2882268 9984 137 2571367 3255 1
1459948015799224 188 2882268 9984 136 2571367 3255 1
1459948016174782 189 2882268 9984 136 2571367 3255 1
1459948016552159 190 2882268 9984 136 2571367 3255 1
1459948016938194 191 2882268 9984 137 2571367 3255 1
1459948017303352 188 2882268 9984 136 2571367 3255 1
1459948017675012 190 2882268 9984 137 2571367 3255 1
1459948018056869 189 2882268 9984 138 2571367 3255 1
1459948018439978 189 2882268 9984 138 2571367 3255 1
1459948018826986 189 2882268 9984 138 2571367 3255 1
1459948019192026 186 2882268 9984 136 2571367 3255 1
1459948019574964 190 2882268 9984 138 2571367 3255 1
1459948019952088 189 2882268 9984 137 2571367 3255 1
1459948020338464 191 2882268 9984 138 2571367 3255 1
1459948020727348 191 2882268 9984 138 2571367 3255 1
1459948021109081 190 2882268 9984 138 2571367 3255 1
1459948021493263 191 2882268 9984 139 2571367 3255 1
1459948021866304 189 2882268 9984 138 2571367 3255 1
1459948022242213 189 2882268 9984 138 2571367 3255 1
1459948022610381 189 2882268 9984 137 2571367 3255 1
1459948022991068 189 2882268 9984 138 2571367 3255 1
1459948023375612 191 2882268 9984 137 2571367 3255 1
1459948023751232 190 2882268 9984 138 2571367 3255 1
1459948024124652 189 2882268 9984 137 2571367 3255 1
1459948024514686 190 2882268 9984 137 2571367 3255 1
1459948024893652 190 2882268 9984 138 2571367 3255 1
1459948025270534 190 2882268 9984 138 2571367 3255 1
1459948025644329 190 2882268 9984 138 2571367 3255 1
1459948026023619 190 2882268 9984 137 2571367 3255 1
1459948026403068 190 2882268 9984 138 2571367 3255 1
1459948026768734 189 2882268 9984 137 2571367 3255 1
1459948027134794 190 2882268 9984 137 2571367 3255 1
1459948027509173 189 2882268 9984 137 2571367 3255 1
1459948027903251 191 2882268 9984 138 2571367 3255 1
1459948028282279 190 2882268 9984 136 2571367 3255 1
1459948028668381 190 2882268 9984 138 2571367 3255 1
1459948029068284 192 2882268 9984 138 2571367 3255 1
1459948029447932 190 2882268 9984 137 2571367 3255 1
1459948029831322 191 2882268 9984 137 2571367 3255 1
1459948030276460 205 2882268 9984 150 2571367 3255 1
1459948030690678 201 2882268 9984 146 2571367 3255 1
1459948031072092 191 2882268 9984 138 2571367 3255 1
1459948031463681 191 2882268 9984 138 2571367 3255 1
1459948031851282 191 2882268 9984 137 2571367 3255 1
1459948032231762 191 2882268 9984 137 2571367 3255 1
1459948032615683 191 2882268 9984 136 2571367 3255 1
1459948032997453 192 2882268 9984 137 2571367 3255 1
1459948033377167 192 2882268 9984 137 2571367 3255 1
1459948033756496 191 2882268 9984 137 2571367 3255 1
1459948034135910 190 2882268 9984 137 2571367 3255 1
1459948034519630 191 2882268 9984 138 2571367 3255 1
1459948034900958 191 2882268 9984 137 2571367 3255 1
1459948035286977 191 2882268 9984 137 2571367 3255 1
1459948035666714 190 2882268 9984 136 2571367 3255 1
1459948036041843 190 2882268 9984 137 2571367 3255 1
1459948036421116 191 2882268 9984 138 2571367 3255 1
1459948036810416 192 2882268 9984 138 2571367 3255 1
1459948037184034 190 2882268 9984 137 2571367 3255 1
1459948037561930 191 2882268 9984 137 2571367 3255 1
1459948037956577 191 2882268 9984 137 2571367 3255 1
1459948038331237 191 2882268 9984 137 2571367 3255 1
1459948041822297 191 2882268 9984 138 2571367 3255 1
1459948042201181 190 2882268 9984 137 2571367 3255 1
1459948042587150 191 2882268 9984 138 2571367 3255 1
1459948042969295 190 2882268 9984 137 2571367 3255 1
1459948043356002 191 2882268 9984 137 2571367 3255 1
1459948043723705 188 2882268 9984 135 2571367 3255 1
1459948044090980 189 2882268 9984 137 2571367 3255 1
1459948044441871 188 2882268 9984 136 2571367 3255 1
1459948044793936 187 2882268 9984 135 2571367 3255 1
1459948045158607 187 2882268 9984 135 2571367 3255 1
1459948045522453 188 2882268 9984 136 2571367 3255 1
1459948045889665 189 2882268 9984 136 2571367 3255 1
1459948046250706 188 2882268 9984 136 2571367 3255 1
1459948046607943 189 2882268 9984 136 2571367 3255 1
1459948046986612 190 2882268 9984 137 2571367 3255 1
1459948047364606 191 2882268 9984 137 2571367 3255 1
1459948047734521 189 2882268 9984 136 2571367 3255 1
1459948048112599 190 2882268 9984 137 2571367 3255 1
1459948048493804 190 2882268 9984 137 2571367 3255 1
1459948048862666 190 2882268 9984 137 2571367 3255 1
1459948049236552 189 2882268 9984 136 2571367 3255 1
1459948049600098 188 2882268 9984 135 2571367 3255 1
1459948049970865 188 2882268 9984 135 2571367 3255 1
1459948050351956 190 2882268 9984 137 2571367 3255 1
1459948050721547 190 2882268 9984 136 2571367 3255 1
1459948051082953 188 2882268 9984 136 2571367 3255 1
1459948051456733 190 2882268 9984 136 2571367 3255 1
1459948051839975 190 2882268 9984 137 2571367 3255 1
1459948052220319 190 2882268 9984 136 2571367 3255 1
1459948052605298 190 2882268 9984 137 2571367 3255 1
1459948052990228 190 2882268 9984 136 2571367 3255 1
1459948053373171 190 2882268 9984 136 2571367 3255 1
1459948053760475 190 2882268 9984 136 2571367 3255 1
1459948054130940 189 2882268 9984 136 2571367 3255 1
1459948054505754 189 2882268 9984 136 2571367 3255 1
1459948054882483 190 2882268 9984 136 2571367 3255 1
1459948055250825 190 2882268 9984 137 2571367 3255 1
1459948055621820 190 2882268 9984 136 2571367 3255 1
1459948056005697 191 2882268 9984 137 2571367 3255 1
1459948056395125 191 2882268 9984 137 2571367 3255 1
1459948056791385 191 2882268 9984 138 2571367 3255 1
1459948057173448 191 2882268 9984 138 2571367 3255 1
1459948057556277 189 2882268 9984 136 2571367 3255 1
1459948057939195 189 2882268 9984 137 2571367 3255 1
1459948058308386 189 2882268 9984 136 2571367 3255 1
1459948058669662 188 2882268 9984 136 2571367 3255 1
1459948059040987 190 2882268 9984 136 2571367 3255 1
1459948059406779 190 2882268 9984 137 2571367 3255 1
1459948059768751 189 2882268 9984 136 2571367 3255 1
1459948060151693 191 2882268 9984 137 2571367 3255 1
1459948060533539 191 2882268 9984 137 2571367 3255 1
1459948060928566 197 2882268 9984 142 2571367 3255 1
1459948061353637 203 2882268 9984 147 2571367 3255 1
1459948061767242 200 2882268 9984 144 2571367 3255 1
1459948062145860 190 2882268 9984 137 2571367 3255 1
1459948062510373 189 2882268 9984 136 2571367 3255 1
1459948062885459 189 2882268 9984 136 2571367 3255 1
1459948063262677 190 2882268 9984 136 2571367 3255 1
1459948063634844 189 2882268 9984 136 2571367 3255 1
1459948064019606 191 2882268 9984 138 2571367 3255 1
1459948064516913 179 2882268 9984 159 2571367 3255 1
1459948064986552 176 2882370 9298 157 2571438 3066 0
1459948065459065 175 2882370 9298 156 2571438 3066 1
1459948065935890 174 2882370 9298 155 2571438 3066 1
1459948066408774 175 2881184 9663 157 2571504 2887 0
1459948066872946 175 2881184 9663 156 2571504 2887 1
1459948067338440 176 2881184 9663 156 2571504 2887 1
1459948067815566 176 2881371 9080 157 2571565 2717 0
1459948068287555 175 2881371 9080 156 2571565 2717 1
1459948068752370 175 2881371 9080 156 2571565 2717 1
1459948069221280 175 2881371 9080 155 2571565 2717 1
1459948069686027 174 2881371 9080 155 2571565 2717 1
1459948070165473 175 2881371 9080 155 2571565 2717 1
1459948070648600 175 2881371 9080 156 2571565 2717 1
1459948071196945 175 2881371 9080 156 2571565 2717 1
1459948071662993 174 2881371 9080 155 2571565 2717 1
1459948072140298 177 2881371 9080 157 2571565 2717 1
1459948077278103 177 2881371 9080 158 2571565 2717 1
1459948077753560 175 2880263 9390 157 2571621 2556 0
1459948078228811 176 2880263 9390 156 2571621 2556 1
1459948078695873 175 2880263 9390 156 2571621 2556 1
1459948079180911 176 2880522 8895 157 2571673 2404 0
1459948079661926 177 2880522 8895 157 2571673 2404 1
1459948080149074 176 2880522 8895 156 2571673 2404 1
1459948080620959 175 2880522 8895 156 2571673 2404 1
1459948081096072 175 2879481 9159 157 2571721 2260 0
1459948081572469 177 2879481 9159 157 2571721 2260 1
1459948082063747 178 2879481 9159 159 2571721 2260 1
1459948082550416 178 2879481 9159 158 2571721 2260 1
1459948083033212 176 2879801 8738 157 2571765 2123 0
1459948083497871 174 2879801 8738 155 2571765 2123 1
1459948083981910 174 2879801 8738 156 2571765 2123 1
1459948084462441 177 2879801 8738 158 2571765 2123 1
1459948084953787 177 2879801 8738 158 2571765 2123 1
1459948085445637 177 2879801 8738 158 2571765 2123 1
1459948085934406 176 2879801 8738 156 2571765 2123 1
1459948086413959 176 2880096 8327 157 2571805 1994 0
1459948086885206 175 2879088 8604 157 2571842 1872 0
1459948087356970 175 2878159 8787 157 2571876 1757 0
1459948087815483 174 2878159 8787 156 2571876 1757 1
1459948088277444 174 2878159 8787 155 2571876 1757 1
1459948088739845 175 2878159 8787 156 2571876 1757 1
1459948089217205 176 2878159 8787 156 2571876 1757 1
1459948089684378 174 2878159 8787 155 2571876 1757 1
1459948090163513 176 2878159 8787 156 2571876 1757 1
1459948090631404 176 2878582 8490 157 2571908 1648 0
1459948091094767 176 2878582 8490 156 2571908 1648 1
1459948091575727 177 2878582 8490 157 2571908 1648 1
1459948092117609 193 2878582 8490 170 2571908 1648 1
1459948092624685 186 2878582 8490 164 2571908 1648 1
1459948093105812 177 2878582 8490 156 2571908 1648 1
1459948093581672 176 2878582 8490 156 2571908 1648 1
1459948094046909 177 2878582 8490 155 2571908 1648 1
1459948094526272 176 2878582 8490 156 2571908 1648 1
1459948094998793 176 2878972 8186 157 2571937 1546 0
1459948095471033 176 2879332 7878 157 2571964 1450 0
1459948095940142 176 2879332 7878 156 2571964 1450 1
1459948096395248 176 2879332 7878 155 2571964 1450 1
1459948096854236 176 2879332 7878 156 2571964 1450 1
1459948097314939 177 2879332 7878 156 2571964 1450 1
1459948097783791 177 2879332 7878 156 2571964 1450 1
1459948098255573 177 2879332 7878 157 2571964 1450 1
1459948098724627 176 2879664 7568 157 2571989 1359 0
1459948099189484 176 2879664 7568 156 2571989 1359 1
1459948099669600 177 2879664 7568 156 2571989 1359 1
1459948100151180 177 2879664 7568 157 2571989 1359 1
1459948100623480 176 2879970 7258 157 2572012 1273 0
1459948101078973 175 2879970 7258 156 2572012 1273 1
1459948101544816 175 2879970 7258 156 2572012 1273 1
1459948102021639 177 2879970 7258 157 2572012 1273 1
1459948102492986 176 2880252 6950 157 2572033 1192 0
1459948102973439 177 2880252 6950 157 2572033 1192 1
1459948103445235 177 2880252 6950 157 2572033 1192 1
1459948103905063 176 2880252 6950 156 2572033 1192 1
1459948104379635 176 2880252 6950 156 2572033 1192 1
1459948104882880 184 2880252 6950 163 2572033 1192 1
1459948105386078 187 2880252 6950 165 2572033 1192 1
1459948105852595 178 2880252 6950 158 2572033 1192 1
1459948106316933 176 2880512 6647 157 2572052 1116 0
1459948106776424 177 2880512 6647 157 2572052 1116 1
1459948107228261 175 2880512 6647 156 2572052 1116 1
1459948107699637 176 2880752 6348 157 2572070 1045 0
1459948108174392 176 2880973 6055 157 2572087 978 0
1459948108642751 175 2880973 6055 155 2572087 978 1
1459948109128430 177 2880973 6055 156 2572087 978 1
1459948109594477 176 2880973 6055 156 2572087 978 1
1459948110052319 176 2880973 6055 156 2572087 978 1
1459948110511698 174 2880973 6055 155 2572087 978 1
1459948110955761 173 2880973 6055 155 2572087 978 1
1459948111424229 174 2880973 6055 156 2572087 978 1
1459948111900194 175 2879896 6572 157 2572102 915 0
1459948112373270 175 2878904 6972 157 2572116 856 0
1459948112845077 174 2876709 8449 157 2572129 801 0
1459948113316539 173 2876709 8449 155 2572129 801 1
1459948113790488 175 2876709 8449 156 2572129 801 1
1459948114263736 176 2876709 8449 156 2572129 801 1
1459948114734805 175 2876709 8449 156 2572129 801 1
1459948115208618 174 2876709 8449 155 2572129 801 1
1459948115672947 174 2876709 8449 156 2572129 801 1
1459948116147442 174 2876709 8449 156 2572129 801 1
1459948116622289 175 2876709 8449 156 2572129 801 1
1459948117088258 175 2876709 8449 155 2572129 801 1
1459948117571289 177 2876709 8449 158 2572129 801 1
1459948118056062 176 2877246 8283 157 2572141 749 0
1459948118526539 174 2877246 8283 156 2572141 749 1
1459948119006446 176 2877741 8091 157 2572152 700 0
1459948119481816 176 2878197 7878 157 2572162 654 0
1459948119965010 177 2878197 7878 157 2572162 654 1
1459948120458936 176 2878617 7650 157 2572171 611 0
1459948120936108 174 2878617 7650 156 2572171 611 1
1459948121435622 176 2879005 7409 157 2572180 571 0
1459948121939337 178 2879005 7409 158 2572180 571 1
1459948122430875 177 2879005 7409 158 2572180 571 1
1459948122989894 192 2879005 7409 171 2572180 571 1
1459948123474334 178 2879005 7409 158 2572180 571 1
1459948123959799 177 2879005 7409 157 2572180 571 1
1459948124445916 178 2879005 7409 158 2572180 571 1
1459948124940819 177 2879005 7409 158 2572180 571 1
1459948125428363 177 2879005 7409 158 2572180 571 1
1459948125918265 177 2879005 7409 158 2572180 571 1
1459948126400488 176 2879362 7159 158 2573468 1713 0
1459948126881060 176 2879691 6903 157 2573375 1663 0
1459948127357441 177 2879691 6903 157 2573375 1663 1
1459948127813919 174 2879691 6903 154 2573375 1663 1
1459948128322107 179 2879691 6903 157 2573375 1663 1
>>>>>>> 587ddc4f3682fe26eb61ef3e7dd1f587b73479b7
