<<<<<<< HEAD
version https://git-lfs.github.com/spec/v1
oid sha256:a7fc686d0f7d2db43c334f8410860aaddd0210c24c916a99d55768ff6392753e
size 40774
=======
1459947780475942 176 2883584 0 157 2572288 0 0
1459947780937527 175 2882304 1180 157 2572288 0 0
1459947781417075 177 2883684 2359 158 2573568 1180 0
1459947781924475 177 2884956 3346 158 2574748 2174 0
1459947782393011 175 2883568 4362 156 2573275 3361 0
1459947782854643 175 2882289 5199 157 2573197 3169 0
1459947783321786 176 2882390 4885 158 2574405 4035 0
1459947783824550 186 2895283 16389 166 2585759 14186 0
1459947784338175 189 2911009 29605 168 2598786 25086 0
1459947784801009 175 2907586 30447 156 2595435 26214 0
1459947785265021 174 2903150 32156 156 2592346 27013 0
1459947785734681 175 2900341 32232 156 2589498 27526 0
1459947786209479 176 2899031 30919 157 2588153 26614 0
1459947786672055 175 2896544 30795 157 2586913 25676 0
1459947787138801 175 2894251 30502 157 2585770 24723 0
1459947787617157 177 2894697 28530 157 2584716 23761 0
1459947788090190 176 2893828 27101 157 2583745 22799 0
1459947788553223 175 2891747 26900 157 2582849 21842 0
1459947789017636 175 2889829 26565 157 2582023 20895 0
1459947789479770 175 2888061 26118 157 2581262 19963 0
1459947789933961 174 2885151 26759 157 2580560 19049 0
1459947790395944 176 2885028 24780 157 2579913 18155 0
1459947790863446 176 2884915 22947 157 2579317 17285 0
1459947791324690 176 2884811 21249 157 2578767 16440 0
1459947791788888 175 2883435 20856 156 2576980 16801 0
1459947792253173 176 2883446 19236 157 2576613 15825 0
1459947792715871 175 2882176 18903 156 2574995 16079 0
1459947793194642 176 2882286 17527 156 2573503 16196 0
1459947793654127 175 2881107 17243 156 2572128 16197 0
1459947794102933 174 2878740 18076 156 2570860 16099 0
1459947794554566 174 2876558 18674 157 2570971 14943 0
1459947795020385 174 2874546 19068 157 2571073 13869 0
1459947795498185 175 2873972 18107 158 2572447 14052 0
1459947795967533 174 2872162 18359 157 2572434 12965 0
1459947796438830 175 2871774 17281 157 2572422 11962 0
1459947796892668 174 2870136 17439 157 2572411 11036 0
1459947797349363 174 2868626 17467 156 2571121 11361 0
1459947797808694 174 2867234 17384 157 2571212 10557 0
1459947798285554 176 2868511 17202 158 2572576 10989 0
1459947798765936 176 2869688 16943 157 2572553 10150 0
1459947799256873 177 2872053 17799 157 2572532 9376 0
1459947799723007 175 2871673 16757 155 2569952 11020 0
1459947800193150 176 2872603 16304 156 2568854 11170 0
1459947800664124 175 2872180 15419 156 2567842 11229 0
1459947801126923 175 2871790 14572 156 2566909 11210 0
1459947801590842 176 2872711 14282 156 2566049 11126 0
1459947802048327 175 2872280 13562 156 2565256 10986 0
1459947802522686 177 2874443 14496 158 2567085 11813 0
1459947802997876 176 2875157 14021 156 2566211 11695 0
1459947803477765 176 2875815 13531 156 2565405 11523 0
1459947803943131 175 2875141 13093 156 2564662 11306 0
1459947804418718 175 2874520 12641 156 2563977 11052 0
1459947804888408 175 2873948 12180 156 2563346 10769 0
1459947805350830 175 2873420 11713 157 2564044 10571 0
1459947805820611 174 2871654 12424 156 2563408 10331 0
1459947806290764 176 2872586 12312 157 2564101 10162 0
1459947806773365 176 2873445 12142 157 2564740 9957 0
1459947807246718 177 2875517 13103 159 2567889 12082 0
1459947807736685 177 2877427 13840 157 2568232 11454 0
1459947808213222 176 2877908 13201 156 2567268 11446 0
1459947808688865 176 2878351 12577 157 2567660 10912 0
1459947809160204 175 2877479 12397 155 2565461 12085 0
1459947809623190 174 2875395 13348 156 2564714 11828 0
1459947810100299 176 2876034 12894 157 2565305 11448 0
1459947810622058 176 2876623 12429 158 2567130 12235 0
1459947811109604 177 2878446 13138 157 2567532 11650 0
1459947811576414 176 2878847 12481 156 2566623 11576 0
1459947812058254 176 2879217 11846 156 2565785 11442 0
1459947812528358 175 2878278 11785 156 2565013 11259 0
1459947813016342 177 2879972 12426 157 2565581 10902 0
1459947813496036 177 2881534 12895 157 2566104 10533 0
1459947813968818 177 2882974 13214 157 2566587 10155 0
1459947814459578 180 2888141 16944 161 2572152 14491 0
1459947815014939 195 2912104 37711 172 2591362 31067 0
1459947815522789 181 2916275 38610 161 2594991 31985 0
1459947816008639 177 2915001 36767 157 2593217 31121 0
1459947816483065 176 2912546 36156 157 2591581 30196 0
1459947816976162 178 2912843 33605 158 2591353 28045 0
1459947817452566 177 2911837 31906 158 2591143 26046 0
1459947817930188 176 2909629 31447 157 2589669 25368 0
1459947818415542 178 2910154 29474 158 2589591 23457 0
1459947818899625 177 2909358 27904 158 2589519 21690 0
1459947819387788 177 2908624 26400 158 2589452 20055 0
1459947819868093 177 2907947 24960 157 2588111 19724 0
1459947820361595 178 2908603 23615 157 2586874 19322 0
1459947820847432 178 2909208 22328 158 2587014 17941 0
1459947821324366 177 2908486 21248 156 2584583 18779 0
1459947821789781 175 2905260 22561 155 2581062 20556 0
1459947822250484 176 2903566 22359 156 2579096 20761 0
1459947822706517 175 2900724 23231 156 2577284 20809 0
1459947823172723 176 2899384 22650 156 2575613 20722 0
1459947823630048 175 2896869 23197 156 2574073 20522 0
1459947824101665 177 2897111 21607 158 2575213 19969 0
1459947824560569 176 2896054 20892 156 2573704 19798 0
1459947825013584 175 2893799 21337 156 2572313 19532 0
1459947825482403 176 2893000 20405 156 2571031 19187 0
1459947825947810 176 2892264 19488 157 2571129 17778 0
1459947826419592 176 2891585 18590 157 2571219 16472 0
1459947826867750 173 2887119 21253 155 2568742 17467 0
1459947827317068 174 2884282 22206 155 2566459 18206 0
1459947827779593 176 2884227 20521 156 2565634 17543 0
1459947828243471 175 2882896 20143 156 2564873 16872 0
1459947828712137 176 2882949 18618 157 2565452 16087 0
1459947829180123 176 2882998 17208 156 2564706 15517 0
1459947829631689 175 2881763 17000 156 2564018 14937 0
1459947830070636 174 2879345 17899 155 2562104 15534 0
1459947830511460 175 2878396 17374 157 2562899 15053 0
1459947830986660 177 2880081 17569 157 2563632 14552 0
1459947831477242 177 2881634 17628 157 2564308 14038 0
1459947831959789 177 2883066 17570 156 2563651 13546 0
1459947832423755 175 2881826 17339 156 2563045 13044 0
1459947832903774 175 2880683 17037 156 2562487 12538 0
1459947833374320 175 2879629 16676 156 2561972 12032 0
1459947833838044 175 2878657 16268 155 2560217 12708 0
1459947834315350 176 2879041 15351 155 2558600 13205 0
1459947834802776 176 2879395 14478 157 2559669 13158 0
1459947835286839 178 2882282 16007 158 2561934 14218 0
1459947835769139 177 2883663 16029 157 2562742 13852 0
1459947836234854 176 2883656 14781 156 2562207 13261 0
1459947836692686 176 2883650 13631 157 2562994 12950 0
1459947837143066 175 2882364 13750 157 2563720 12607 0
1459947837605514 176 2882459 12762 157 2564389 12239 0
1459947838070017 175 2881266 12862 157 2565006 11850 0
1459947838538049 176 2881447 12023 157 2565574 11448 0
1459947839014891 176 2881613 11236 156 2564818 11249 0
1459947839479622 176 2881766 10500 157 2565401 10908 0
1459947839950197 177 2883188 10989 158 2567219 11731 0
1459947840403916 174 2880658 12461 157 2567615 11179 0
1459947840870560 175 2879606 12456 157 2567980 10641 0
1459947841329492 177 2881196 12948 157 2568316 10119 0
1459947841779024 176 2881382 12108 156 2567346 10221 0
1459947842231661 177 2882834 12500 156 2566452 10246 0
1459947842689640 177 2884172 12757 156 2565627 10204 0
1459947843147743 176 2884126 11802 158 2567427 11065 0
1459947843613946 177 2885363 12020 159 2570366 12910 0
1459947846092160 189 2901864 26291 167 2583316 23839 0
1459947846547564 176 2900435 25553 157 2582454 22770 0
1459947847004997 176 2899118 24769 158 2582939 21438 0
1459947847463772 176 2897904 23951 158 2583386 20175 0
1459947847925147 176 2896785 23110 157 2582518 19397 0
1459947848388434 176 2895753 22254 157 2581718 18617 0
1459947848851540 176 2894802 21391 156 2579701 19021 0
1459947849336282 178 2896485 21271 159 2581681 19360 0
1459947849820486 178 2898037 21039 158 2582227 18350 0
1459947850300670 178 2899467 20714 158 2582730 17380 0
1459947850747181 173 2894386 23778 156 2580634 17954 0
1459947851226109 177 2894822 22322 157 2579981 17152 0
1459947851706392 177 2895224 20948 158 2580659 16438 0
1459947852189479 178 2896874 20832 158 2581285 15730 0
1459947852674235 179 2899675 21786 158 2581862 15033 0
1459947853154103 177 2899697 20104 157 2581114 14547 0
1459947853615022 176 2898438 19693 156 2579144 15225 0
1459947854089824 177 2898557 18264 158 2579888 14721 0
1459947854562150 177 2898667 16938 158 2580574 14202 0
1459947855027401 176 2897488 16700 156 2578646 14868 0
1459947855461686 168 2886161 25836 150 2569189 22423 0
1459947855915045 172 2880839 28722 154 2565591 23987 0
1459947856397584 178 2883613 29035 159 2568674 24955 0
1459947856861957 175 2882330 27948 156 2567676 23924 0
1459947857279596 166 2869627 37473 149 2557796 31161 0
1459947857744681 176 2870717 35550 158 2560208 30949 0
1459947858206842 175 2870442 33025 156 2559871 28840 0
1459947858673047 176 2871468 31390 157 2560841 27480 0
1459947859143339 177 2873694 30989 158 2563015 27337 0
1459947859605534 176 2874466 29279 158 2565019 27048 0
1459947860077715 177 2876458 28827 158 2566866 26637 0
1459947860545001 176 2877014 27087 157 2567289 24945 0
1459947861018936 178 2880087 27803 158 2568959 24536 0
1459947861496335 177 2881640 27061 157 2569219 22858 0
1459947861965971 176 2881791 25086 157 2569458 21293 0
1459947862435479 176 2881931 23255 157 2569679 19832 0
1459947862902028 176 2882060 21557 157 2569882 18469 0
1459947863375299 177 2883459 21161 157 2570069 17199 0
1459947863847614 176 2883468 19516 157 2570242 16014 0
1459947864329373 177 2884757 19179 159 2572961 17269 0
1459947864805840 177 2885945 18775 159 2575468 18230 0
1459947865262255 175 2884480 18658 157 2575219 17033 0
1459947865739005 176 2884410 17264 157 2574990 15913 0
1459947866198823 175 2883065 17154 157 2574778 14863 0
1459947866660132 176 2883105 15850 157 2574583 13880 0
1459947867098761 174 2880582 16936 156 2573123 14140 0
1459947867551552 175 2879536 16575 157 2573057 13095 0
1459947868019861 176 2879852 15571 158 2574276 13195 0
1459947868626621 177 2881423 15802 158 2575400 13200 0
1459947869092044 175 2880311 15591 157 2575156 12392 0
1459947869565864 176 2880566 14607 157 2574931 11629 0
1459947870032710 176 2880801 13682 157 2574724 10910 0
1459947870494491 177 2882298 13993 157 2574533 10232 0
1459947870957444 175 2881118 13986 156 2573077 10773 0
1459947871420619 176 2881310 13070 156 2571735 11167 0
1459947871880135 175 2880207 13064 155 2569218 12614 0
1459947872360088 177 2881750 13466 157 2569457 11849 0
1459947872819240 175 2880613 13460 156 2568398 11899 0
1459947873292837 176 2880845 12621 157 2568701 11249 0
1459947873765994 176 2881058 11831 157 2568981 10628 0
1459947874229178 175 2879975 11904 156 2567959 10738 0
1459947874702406 175 2878976 11894 156 2567017 10767 0
1459947875176629 176 2879336 11295 157 2567428 10304 0
1459947875650331 177 2880947 11898 156 2566527 10328 0
1459947876111223 176 2881153 11157 156 2565697 10286 0
1459947879011420 179 2885182 14000 159 2568771 12316 0
1459947879471035 176 2885057 13021 156 2567765 12279 0
1459947879937042 175 2883661 13289 157 2568118 11644 0
1459947880410008 176 2883654 12255 157 2568443 11034 0
1459947880873977 176 2883648 11302 156 2567463 11074 0
1459947881340360 176 2883643 10423 156 2566559 11040 0
1459947881814282 176 2883638 9612 156 2565726 10944 0
1459947882288880 177 2884913 10037 157 2566238 10561 0
1459947882770096 177 2886089 10336 158 2567990 11350 0
1459947883226409 176 2885893 9708 158 2569605 11952 0
1459947883699123 176 2885712 9115 157 2569814 11211 0
1459947884175044 176 2885545 8555 158 2571287 11693 0
1459947884643741 176 2885391 8027 157 2571365 10851 0
1459947885104752 175 2883969 8709 156 2570157 11116 0
1459947885567032 175 2882658 9235 157 2570323 10400 0
1459947886045362 175 2881450 9626 157 2570476 9728 0
1459947886509769 175 2880336 9899 157 2570617 9098 0
1459947886979757 176 2880589 9358 157 2570747 8507 0
1459947887434838 176 2880822 8841 156 2569587 8910 0
1459947887904625 177 2882317 9528 157 2569798 8407 0
1459947888378658 177 2883695 10054 157 2569992 7929 0
1459947888858098 177 2884966 10440 157 2570171 7474 0
1459947889327181 176 2884858 9723 157 2570336 7042 0
1459947889794495 176 2884758 9054 157 2570488 6631 0
1459947890276160 177 2885946 9441 157 2570628 6241 0
1459947890740527 176 2885761 8873 157 2570757 5872 0
1459947891202776 176 2885590 8335 157 2570876 5523 0
1459947891679397 179 2889273 11078 158 2572266 6372 0
1459947892161172 178 2891388 12162 158 2573547 7055 0
1459947892628401 177 2892058 11828 157 2573448 6593 0
1459947893097095 176 2891395 11513 157 2573357 6160 0
1459947893564750 178 2893344 12410 158 2574553 6781 0
1459947894018204 177 2893861 11917 157 2574376 6414 0
1459947894484512 177 2894338 11424 157 2574212 6062 0
1459947894945724 176 2893497 11305 157 2574061 5726 0
1459947895405386 176 2892722 11134 156 2572642 6585 0
1459947895867353 176 2892008 10922 157 2572614 6095 0
1459947896328086 177 2892629 10641 157 2572588 5641 0
1459947896777720 175 2890642 11640 157 2572564 5221 0
1459947897230285 176 2890090 11238 157 2572542 4832 0
1459947897693548 177 2890861 11071 157 2572522 4472 0
1459947898146928 175 2889012 11910 156 2571223 5318 0
1459947898622165 178 2891147 12948 157 2571306 4978 0
1459947899088706 177 2891836 12571 156 2570102 5698 0
1459947899553048 177 2892471 12173 156 2568992 6274 0
1459947900021274 176 2891776 11861 155 2566689 7905 0
1459947900484351 177 2892416 11524 156 2565846 8063 0
1459947900933751 176 2891726 11259 156 2565069 8149 0
1459947901393527 176 2891089 10965 157 2565632 8032 0
1459947901857222 177 2891782 10747 156 2564872 8104 0
1459947902321574 176 2891141 10497 156 2564171 8115 0
1459947902785146 176 2890550 10220 157 2564805 8065 0
1459947903236136 175 2888725 11102 156 2564109 8075 0
1459947903713571 178 2890883 12223 157 2564747 8033 0
1459947904180604 177 2891592 11922 157 2565336 7948 0
1459947904656668 177 2892246 11593 157 2565879 7827 0
1459947905133088 178 2894129 12423 157 2566379 7676 0
1459947905602840 177 2894585 11872 157 2566840 7501 0
1459947906071311 176 2893725 11736 156 2565985 7701 0
1459947906544501 178 2895492 12448 157 2566477 7552 0
1459947907050507 188 2895492 12448 165 2566477 7552 1
1459947907536675 183 2895492 12448 161 2566477 7552 1
1459947908049531 176 2894561 12332 156 2565650 7723 0
1459947908505411 175 2892423 13338 157 2566168 7597 0
1459947908966915 175 2890452 14111 156 2565366 7742 0
1459947909430534 177 2891195 13693 158 2567186 8815 0
1459947909895870 177 2891880 13254 157 2567584 8493 0
1459947910356246 177 2892511 12800 157 2567951 8167 0
1459947910805809 176 2891813 12442 156 2567009 8395 0
1459947911263061 177 2892450 12056 156 2566141 8538 0
1459947911730147 177 2893037 11655 158 2567901 9492 0
1459947912198926 178 2894858 12423 158 2569523 10246 0
1459947912655808 176 2893977 12263 157 2569739 9644 0
1459947913105482 176 2893165 12052 157 2569938 9073 0
1459947913566192 177 2893696 11600 157 2570121 8533 0
1459947914022723 177 2894186 11144 157 2570290 8022 0
1459947914482379 176 2893357 11036 157 2570446 7538 0
1459947914944126 177 2893873 10649 157 2570589 7081 0
1459947915395262 176 2893069 10558 157 2570721 6649 0
1459947915853417 175 2891047 11596 157 2570843 6241 0
1459947916319526 177 2891743 11332 157 2570955 5857 0
1459947916767195 176 2891105 11033 156 2569779 6482 0
1459947917213355 176 2890517 10712 157 2569975 6155 0
1459947917672889 177 2891255 10555 157 2570155 5840 0
1459947918132668 175 2889375 11462 156 2569041 6409 0
1459947918581222 174 2886362 13343 156 2568014 6854 0
1459947919066603 179 2889984 15640 159 2570907 8985 0
1459947919528783 175 2888204 16058 156 2569734 9363 0
1459947919997497 176 2887843 15135 157 2569933 8814 0
1459947920447510 175 2886230 15438 156 2568836 9135 0
1459947920899727 176 2886023 14421 156 2567825 9352 0
1459947921361415 175 2884552 14649 156 2566893 9479 0
1459947921815518 176 2884476 13573 157 2567314 9126 0
1459947922284803 176 2884406 12576 157 2567702 8771 0
1459947922754738 176 2884341 11652 157 2568060 8415 0
1459947923230696 178 2886841 13046 157 2568390 8061 0
1459947923687412 175 2885306 13440 156 2567414 8330 0
1459947924139686 175 2883891 13693 156 2566514 8507 0
1459947924605470 176 2883867 12645 157 2566965 8257 0
1459947925065045 175 2882564 12857 156 2566100 8407 0
1459947925534003 176 2882643 11925 156 2565303 8484 0
1459947925990369 175 2881436 12105 157 2565848 8324 0
1459947926452144 175 2880323 12184 157 2566351 8136 0
1459947926919023 175 2879297 12177 157 2566814 7927 0
1459947927375635 175 2878351 12096 156 2565961 8092 0
1459947927833265 175 2877479 11954 156 2565175 8183 0
1459947928283328 175 2876675 11760 156 2564450 8210 0
1459947928754455 176 2877214 11338 155 2562502 9363 0
1459947929221266 176 2877711 10910 156 2561986 9106 0
1459947929661834 173 2874329 13173 155 2560230 10011 0
1459947930101517 174 2872492 13836 155 2558612 10719 0
1459947930553701 175 2872078 13136 157 2559680 10866 0
1459947930993545 174 2870416 13640 156 2559385 10288 0
1459947931435458 174 2868884 13985 156 2559113 9734 0
1459947931886752 175 2868752 13013 156 2558862 9204 0
1459947932346277 175 2868630 12107 156 2558630 8696 0
1459947932802797 175 2868518 11263 155 2557137 9392 0
1459947933262106 175 2868415 10477 155 2555760 9926 0
1459947933709068 174 2867040 10925 155 2554491 10319 0
1459947934168386 175 2867052 10082 155 2553321 10590 0
1459947934635059 174 2865783 10463 156 2553522 9948 0
1459947935083406 174 2864613 10722 155 2552428 10178 0
1459947935529682 174 2863535 10877 154 2550139 11491 0
1459947935980677 174 2862541 10943 156 2550589 11008 0
1459947936447272 176 2864184 11603 156 2551004 10530 0
1459947936911704 176 2865699 12093 155 2550106 10534 0
1459947937386350 178 2865699 12093 157 2550106 10534 1
1459947937910600 191 2865699 12093 169 2550106 10534 1
1459947938379401 176 2867096 12436 157 2551838 11308 0
1459947938843210 175 2867104 11471 156 2552155 10716 0
1459947939305802 175 2867111 10580 156 2552447 10148 0
1459947939765501 175 2867117 9759 155 2551437 10286 0
1459947942252570 177 2869683 11362 157 2553065 10983 0
1459947942703444 175 2869489 10652 154 2550726 12279 0
1459947943156549 174 2868030 11163 155 2549850 12126 0
1459947943617908 176 2869245 11410 155 2549042 11921 0
1459947944082374 177 2871645 12730 156 2549578 11483 0
1459947944548874 178 2875137 14954 157 2551352 12220 0
1459947945000657 174 2873236 15536 155 2550427 12117 0
1459947945458396 175 2872764 14756 156 2550854 11564 0
1459947945921080 175 2872329 14003 155 2549968 11476 0
1459947946393223 176 2873208 13719 155 2549151 11331 0
1459947946852966 176 2874018 13394 156 2549678 10931 0
1459947947312683 175 2873485 12838 155 2548884 10808 0
1459947947762422 175 2872993 12287 155 2548152 10637 0
1459947948218364 176 2873820 12089 156 2548757 10363 0
1459947948700593 182 2873820 12089 161 2548757 10363 1
1459947949144942 174 2872022 12800 155 2548035 10218 0
1459947949608293 175 2871645 12147 155 2547369 10032 0
1459947950062700 174 2870017 12698 155 2546755 9813 0
1459947950517935 174 2868516 13087 154 2544909 10747 0
1459947950968604 174 2867133 13338 154 2543207 11475 0
1459947951410820 174 2865858 13470 154 2541638 12023 0
1459947951850299 174 2864682 13500 154 2540192 12415 0
1459947952292081 173 2862318 14623 154 2538859 12673 0
1459947952747180 175 2862699 13831 154 2537630 12814 0
1459947953195469 174 2861770 13605 154 2536497 12855 0
1459947953641157 174 2860914 13330 154 2535453 12812 0
1459947954100780 175 2861405 12740 156 2537050 13283 0
1459947954558730 175 2861857 12161 156 2538522 13602 0
1459947955024080 175 2862274 11594 156 2539879 13790 0
1459947955495588 176 2863938 12222 155 2539850 12737 0
1459947955969900 177 2866752 13862 156 2541104 12897 0
1459947956436850 176 2868067 13991 156 2542260 12954 0
1459947956900477 175 2867999 12959 156 2543325 12923 0
1459947957365651 176 2869216 13068 156 2544307 12819 0
1459947957826231 175 2869058 12192 155 2543933 12161 0
1459947958243629 165 2869058 12192 148 2543933 12161 1
1459947958695481 175 2868912 11372 156 2544868 12072 0
1459947959147367 173 2866218 12966 154 2543170 12693 0
1459947959609704 175 2866294 12023 155 2542884 11963 0
1459947960072906 175 2866364 11148 155 2542621 11270 0
1459947960538954 175 2866429 10337 155 2542378 10612 0
1459947960993812 174 2865209 10653 156 2543434 10756 0
1459947961456387 175 2865364 9963 156 2544408 10813 0
1459947961826890 164 2865364 9963 144 2544408 10813 1
1459947962193302 170 2865364 9963 142 2544408 10813 1
1459947962566540 176 2865364 9963 139 2544408 10813 1
1459947962938280 177 2865364 9963 138 2544408 10813 1
1459947963320788 179 2865364 9963 138 2544408 10813 1
1459947963692054 179 2865364 9963 138 2544408 10813 1
1459947964075537 181 2865364 9963 138 2544408 10813 1
1459947964447959 179 2865364 9963 137 2544408 10813 1
1459947964826731 181 2865364 9963 137 2544408 10813 1
1459947965205415 181 2865364 9963 137 2544408 10813 1
1459947965582257 182 2865364 9963 137 2544408 10813 1
1459947965954671 182 2865364 9963 137 2544408 10813 1
1459947966325947 183 2865364 9963 138 2544408 10813 1
1459947966698578 182 2865364 9963 138 2544408 10813 1
1459947967073183 183 2865364 9963 137 2544408 10813 1
1459947967445198 183 2865364 9963 137 2544408 10813 1
1459947967811881 183 2865364 9963 137 2544408 10813 1
1459947968215377 191 2865364 9963 144 2544408 10813 1
1459947968649294 197 2865364 9963 148 2544408 10813 1
1459947969045719 187 2865364 9963 142 2544408 10813 1
1459947969419933 182 2865364 9963 137 2544408 10813 1
1459947969785264 181 2865364 9963 137 2544408 10813 1
1459947970165084 184 2865364 9963 137 2544408 10813 1
1459947970530776 184 2865364 9963 137 2544408 10813 1
1459947970900145 185 2865364 9963 137 2544408 10813 1
1459947971275314 184 2865364 9963 138 2544408 10813 1
1459947971647561 184 2865364 9963 138 2544408 10813 1
1459947972022192 184 2865364 9963 137 2544408 10813 1
1459947974156888 185 2865364 9963 138 2544408 10813 1
1459947974529341 184 2865364 9963 136 2544408 10813 1
1459947974902244 185 2865364 9963 137 2544408 10813 1
1459947975259837 182 2865364 9963 135 2544408 10813 1
1459947975631583 184 2865364 9963 137 2544408 10813 1
1459947976008582 185 2865364 9963 137 2544408 10813 1
1459947976383760 186 2865364 9963 138 2544408 10813 1
1459947976753177 185 2865364 9963 137 2544408 10813 1
1459947977132056 185 2865364 9963 137 2544408 10813 1
1459947977514352 187 2865364 9963 137 2544408 10813 1
1459947977892333 185 2865364 9963 137 2544408 10813 1
1459947978275977 187 2865364 9963 137 2544408 10813 1
1459947978661748 187 2865364 9963 137 2544408 10813 1
1459947979028958 186 2865364 9963 137 2544408 10813 1
1459947979408690 186 2865364 9963 137 2544408 10813 1
1459947979788678 187 2865364 9963 138 2544408 10813 1
1459947980153841 185 2865364 9963 137 2544408 10813 1
1459947980532567 187 2865364 9963 137 2544408 10813 1
1459947980896068 186 2865364 9963 137 2544408 10813 1
1459947981273744 188 2865364 9963 138 2544408 10813 1
1459947981653057 187 2865364 9963 137 2544408 10813 1
1459947982030579 187 2865364 9963 137 2544408 10813 1
1459947982405790 188 2865364 9963 137 2544408 10813 1
1459947982774427 186 2865364 9963 135 2544408 10813 1
1459947983148235 188 2865364 9963 138 2544408 10813 1
1459947983529165 188 2865364 9963 138 2544408 10813 1
1459947983915045 188 2865364 9963 137 2544408 10813 1
1459947984296542 187 2865364 9963 137 2544408 10813 1
1459947984667955 187 2865364 9963 137 2544408 10813 1
1459947985042051 188 2865364 9963 137 2544408 10813 1
1459947985414716 188 2865364 9963 137 2544408 10813 1
1459947985793669 189 2865364 9963 138 2544408 10813 1
1459947986177721 189 2865364 9963 138 2544408 10813 1
1459947986557282 189 2865364 9963 137 2544408 10813 1
1459947986930239 188 2865364 9963 137 2544408 10813 1
1459947987314403 189 2865364 9963 137 2544408 10813 1
1459947987696069 188 2865364 9963 136 2544408 10813 1
1459947988074403 189 2865364 9963 137 2544408 10813 1
1459947988456803 189 2865364 9963 137 2544408 10813 1
1459947988816267 187 2865364 9963 137 2544408 10813 1
1459947989187664 188 2865364 9963 137 2544408 10813 1
1459947989560203 188 2865364 9963 137 2544408 10813 1
1459947989932905 188 2865364 9963 137 2544408 10813 1
1459947990299830 187 2865364 9963 136 2544408 10813 1
1459947990674629 187 2865364 9963 136 2544408 10813 1
1459947991046994 187 2865364 9963 136 2544408 10813 1
1459947991419118 187 2865364 9963 136 2544408 10813 1
1459947991786175 185 2865364 9963 134 2544408 10813 1
1459947992160866 187 2865364 9963 136 2544408 10813 1
1459947992550756 188 2865364 9963 137 2544408 10813 1
1459947992933375 188 2865364 9963 136 2544408 10813 1
1459947993302290 188 2865364 9963 136 2544408 10813 1
1459947993687500 188 2865364 9963 136 2544408 10813 1
1459947994053700 187 2865364 9963 135 2544408 10813 1
1459947994423134 186 2865364 9963 134 2544408 10813 1
1459947994785927 186 2865364 9963 135 2544408 10813 1
1459947995153696 186 2865364 9963 135 2544408 10813 1
1459947995539123 188 2865364 9963 137 2544408 10813 1
1459947995919664 187 2865364 9963 136 2544408 10813 1
1459947996299470 188 2865364 9963 136 2544408 10813 1
1459947996675417 188 2865364 9963 136 2544408 10813 1
1459947997042661 187 2865364 9963 136 2544408 10813 1
1459947997422338 188 2865364 9963 137 2544408 10813 1
1459947997807694 187 2865364 9963 137 2544408 10813 1
1459947998190585 188 2865364 9963 136 2544408 10813 1
1459947998567530 187 2865364 9963 135 2544408 10813 1
1459947998940118 188 2865364 9963 137 2544408 10813 1
1459947999368828 201 2865364 9963 147 2544408 10813 1
1459947999790920 200 2865364 9963 145 2544408 10813 1
1459948000179933 192 2865364 9963 140 2544408 10813 1
1459948000543693 186 2865364 9963 136 2544408 10813 1
1459948000906975 188 2865364 9963 137 2544408 10813 1
1459948001272471 188 2865364 9963 137 2544408 10813 1
1459948001631647 187 2865364 9963 136 2544408 10813 1
1459948001995968 186 2865364 9963 135 2544408 10813 1
1459948002360533 185 2865364 9963 134 2544408 10813 1
1459948002744421 190 2865364 9963 138 2544408 10813 1
1459948003120090 189 2865364 9963 137 2544408 10813 1
1459948003497562 189 2865364 9963 137 2544408 10813 1
1459948003866505 189 2865364 9963 138 2544408 10813 1
1459948004229984 189 2865364 9963 138 2544408 10813 1
1459948007936624 189 2865364 9963 138 2544408 10813 1
1459948008292390 185 2865364 9963 135 2544408 10813 1
1459948008653865 187 2865364 9963 136 2544408 10813 1
1459948009024784 188 2865364 9963 137 2544408 10813 1
1459948009409007 190 2865364 9963 137 2544408 10813 1
1459948009789245 189 2865364 9963 137 2544408 10813 1
1459948010163640 189 2865364 9963 137 2544408 10813 1
1459948010528304 189 2865364 9963 138 2544408 10813 1
1459948010889353 187 2865364 9963 136 2544408 10813 1
1459948011265520 189 2865364 9963 138 2544408 10813 1
1459948011642834 189 2865364 9963 138 2544408 10813 1
1459948012022822 189 2865364 9963 137 2544408 10813 1
1459948012397920 189 2865364 9963 137 2544408 10813 1
1459948012785300 189 2865364 9963 137 2544408 10813 1
1459948013172852 189 2865364 9963 137 2544408 10813 1
1459948013554572 189 2865364 9963 137 2544408 10813 1
1459948013936907 190 2865364 9963 138 2544408 10813 1
1459948014314953 190 2865364 9963 138 2544408 10813 1
1459948014685811 189 2865364 9963 138 2544408 10813 1
1459948015055435 189 2865364 9963 137 2544408 10813 1
1459948015431129 189 2865364 9963 137 2544408 10813 1
1459948015799224 188 2865364 9963 136 2544408 10813 1
1459948016174782 189 2865364 9963 136 2544408 10813 1
1459948016552159 190 2865364 9963 136 2544408 10813 1
1459948016938194 191 2865364 9963 137 2544408 10813 1
1459948017303352 188 2865364 9963 136 2544408 10813 1
1459948017675012 190 2865364 9963 137 2544408 10813 1
1459948018056869 189 2865364 9963 138 2544408 10813 1
1459948018439978 189 2865364 9963 138 2544408 10813 1
1459948018826986 189 2865364 9963 138 2544408 10813 1
1459948019192026 186 2865364 9963 136 2544408 10813 1
1459948019574964 190 2865364 9963 138 2544408 10813 1
1459948019952088 189 2865364 9963 137 2544408 10813 1
1459948020338464 191 2865364 9963 138 2544408 10813 1
1459948020727348 191 2865364 9963 138 2544408 10813 1
1459948021109081 190 2865364 9963 138 2544408 10813 1
1459948021493263 191 2865364 9963 139 2544408 10813 1
1459948021866304 189 2865364 9963 138 2544408 10813 1
1459948022242213 189 2865364 9963 138 2544408 10813 1
1459948022610381 189 2865364 9963 137 2544408 10813 1
1459948022991068 189 2865364 9963 138 2544408 10813 1
1459948023375612 191 2865364 9963 137 2544408 10813 1
1459948023751232 190 2865364 9963 138 2544408 10813 1
1459948024124652 189 2865364 9963 137 2544408 10813 1
1459948024514686 190 2865364 9963 137 2544408 10813 1
1459948024893652 190 2865364 9963 138 2544408 10813 1
1459948025270534 190 2865364 9963 138 2544408 10813 1
1459948025644329 190 2865364 9963 138 2544408 10813 1
1459948026023619 190 2865364 9963 137 2544408 10813 1
1459948026403068 190 2865364 9963 138 2544408 10813 1
1459948026768734 189 2865364 9963 137 2544408 10813 1
1459948027134794 190 2865364 9963 137 2544408 10813 1
1459948027509173 189 2865364 9963 137 2544408 10813 1
1459948027903251 191 2865364 9963 138 2544408 10813 1
1459948028282279 190 2865364 9963 136 2544408 10813 1
1459948028668381 190 2865364 9963 138 2544408 10813 1
1459948029068284 192 2865364 9963 138 2544408 10813 1
1459948029447932 190 2865364 9963 137 2544408 10813 1
1459948029831322 191 2865364 9963 137 2544408 10813 1
1459948030276460 205 2865364 9963 150 2544408 10813 1
1459948030690678 201 2865364 9963 146 2544408 10813 1
1459948031072092 191 2865364 9963 138 2544408 10813 1
1459948031463681 191 2865364 9963 138 2544408 10813 1
1459948031851282 191 2865364 9963 137 2544408 10813 1
1459948032231762 191 2865364 9963 137 2544408 10813 1
1459948032615683 191 2865364 9963 136 2544408 10813 1
1459948032997453 192 2865364 9963 137 2544408 10813 1
1459948033377167 192 2865364 9963 137 2544408 10813 1
1459948033756496 191 2865364 9963 137 2544408 10813 1
1459948034135910 190 2865364 9963 137 2544408 10813 1
1459948034519630 191 2865364 9963 138 2544408 10813 1
1459948034900958 191 2865364 9963 137 2544408 10813 1
1459948035286977 191 2865364 9963 137 2544408 10813 1
1459948035666714 190 2865364 9963 136 2544408 10813 1
1459948036041843 190 2865364 9963 137 2544408 10813 1
1459948036421116 191 2865364 9963 138 2544408 10813 1
1459948036810416 192 2865364 9963 138 2544408 10813 1
1459948037184034 190 2865364 9963 137 2544408 10813 1
1459948037561930 191 2865364 9963 137 2544408 10813 1
1459948037956577 191 2865364 9963 137 2544408 10813 1
1459948038331237 191 2865364 9963 137 2544408 10813 1
1459948041822297 191 2865364 9963 138 2544408 10813 1
1459948042201181 190 2865364 9963 137 2544408 10813 1
1459948042587150 191 2865364 9963 138 2544408 10813 1
1459948042969295 190 2865364 9963 137 2544408 10813 1
1459948043356002 191 2865364 9963 137 2544408 10813 1
1459948043723705 188 2865364 9963 135 2544408 10813 1
1459948044090980 189 2865364 9963 137 2544408 10813 1
1459948044441871 188 2865364 9963 136 2544408 10813 1
1459948044793936 187 2865364 9963 135 2544408 10813 1
1459948045158607 187 2865364 9963 135 2544408 10813 1
1459948045522453 188 2865364 9963 136 2544408 10813 1
1459948045889665 189 2865364 9963 136 2544408 10813 1
1459948046250706 188 2865364 9963 136 2544408 10813 1
1459948046607943 189 2865364 9963 136 2544408 10813 1
1459948046986612 190 2865364 9963 137 2544408 10813 1
1459948047364606 191 2865364 9963 137 2544408 10813 1
1459948047734521 189 2865364 9963 136 2544408 10813 1
1459948048112599 190 2865364 9963 137 2544408 10813 1
1459948048493804 190 2865364 9963 137 2544408 10813 1
1459948048862666 190 2865364 9963 137 2544408 10813 1
1459948049236552 189 2865364 9963 136 2544408 10813 1
1459948049600098 188 2865364 9963 135 2544408 10813 1
1459948049970865 188 2865364 9963 135 2544408 10813 1
1459948050351956 190 2865364 9963 137 2544408 10813 1
1459948050721547 190 2865364 9963 136 2544408 10813 1
1459948051082953 188 2865364 9963 136 2544408 10813 1
1459948051456733 190 2865364 9963 136 2544408 10813 1
1459948051839975 190 2865364 9963 137 2544408 10813 1
1459948052220319 190 2865364 9963 136 2544408 10813 1
1459948052605298 190 2865364 9963 137 2544408 10813 1
1459948052990228 190 2865364 9963 136 2544408 10813 1
1459948053373171 190 2865364 9963 136 2544408 10813 1
1459948053760475 190 2865364 9963 136 2544408 10813 1
1459948054130940 189 2865364 9963 136 2544408 10813 1
1459948054505754 189 2865364 9963 136 2544408 10813 1
1459948054882483 190 2865364 9963 136 2544408 10813 1
1459948055250825 190 2865364 9963 137 2544408 10813 1
1459948055621820 190 2865364 9963 136 2544408 10813 1
1459948056005697 191 2865364 9963 137 2544408 10813 1
1459948056395125 191 2865364 9963 137 2544408 10813 1
1459948056791385 191 2865364 9963 138 2544408 10813 1
1459948057173448 191 2865364 9963 138 2544408 10813 1
1459948057556277 189 2865364 9963 136 2544408 10813 1
1459948057939195 189 2865364 9963 137 2544408 10813 1
1459948058308386 189 2865364 9963 136 2544408 10813 1
1459948058669662 188 2865364 9963 136 2544408 10813 1
1459948059040987 190 2865364 9963 136 2544408 10813 1
1459948059406779 190 2865364 9963 137 2544408 10813 1
1459948059768751 189 2865364 9963 136 2544408 10813 1
1459948060151693 191 2865364 9963 137 2544408 10813 1
1459948060533539 191 2865364 9963 137 2544408 10813 1
1459948060928566 197 2865364 9963 142 2544408 10813 1
1459948061353637 203 2865364 9963 147 2544408 10813 1
1459948061767242 200 2865364 9963 144 2544408 10813 1
1459948062145860 190 2865364 9963 137 2544408 10813 1
1459948062510373 189 2865364 9963 136 2544408 10813 1
1459948062885459 189 2865364 9963 136 2544408 10813 1
1459948063262677 190 2865364 9963 136 2544408 10813 1
1459948063634844 189 2865364 9963 136 2544408 10813 1
1459948064019606 191 2865364 9963 138 2544408 10813 1
1459948064516913 179 2865364 9963 159 2544408 10813 1
1459948064986552 176 2866787 10496 157 2546586 11975 0
1459948065459065 175 2866819 9705 156 2547313 11710 0
1459948065935890 174 2865568 10098 155 2546704 11356 0
1459948066408774 175 2865695 9426 157 2548702 12310 0
1459948066872946 175 2865812 8797 156 2549264 11866 0
1459948067338440 176 2867200 9389 156 2549782 11416 0
1459948067815566 176 2868480 9835 157 2551540 12144 0
1459948068287555 175 2868380 9158 156 2551880 11509 0
1459948068752370 175 2868287 8526 156 2552194 10898 0
1459948069221280 175 2868202 7937 155 2551203 10958 0
1459948069686027 174 2866843 8568 155 2550290 10942 0
1459948070165473 175 2866870 7923 155 2549448 10862 0
1459948070648600 175 2866895 7327 156 2549952 10478 0
1459948071196945 175 2866918 6776 156 2550417 10087 0
1459948071662993 174 2865660 7405 155 2549565 10082 0
1459948072140298 177 2865660 7405 157 2549565 10082 1
1459948077278103 177 2865660 7405 158 2549565 10082 1
1459948077753560 175 2865780 6936 157 2551340 10930 0
1459948078228811 176 2867170 7676 156 2551696 10404 0
1459948078695873 175 2867172 7078 156 2552024 9894 0
1459948079180911 176 2868454 7707 157 2553607 10580 0
1459948079661926 177 2868454 7707 157 2553607 10580 1
1459948080149074 176 2869636 8193 156 2553786 9918 0
1459948080620959 175 2869445 7727 156 2553951 9295 0
1459948081096072 175 2869269 7284 157 2555383 9888 0
1459948081572469 177 2869269 7284 157 2555383 9888 1
1459948082063747 178 2869269 7284 159 2555383 9888 1
1459948082550416 178 2869269 7284 158 2555383 9888 1
1459948083033212 176 2870387 7745 157 2556703 10332 0
1459948083497871 174 2868858 8548 155 2555360 10761 0
1459948083981910 174 2867448 9179 156 2555402 9959 0
1459948084462441 177 2869988 10803 158 2558001 11576 0
1459948084953787 177 2872330 12118 158 2560397 12879 0
1459948085445637 177 2874489 13161 158 2562605 13908 0
1459948085934406 176 2875199 12787 156 2562081 13303 0
1459948086413959 176 2875854 12391 157 2562878 12998 0
1459948086885206 175 2875177 12045 157 2563613 12659 0
1459948087356970 175 2874553 11677 157 2564290 12294 0
1459948087815483 174 2872698 12473 156 2563634 11936 0
1459948088277444 174 2870988 13073 155 2561750 12739 0
1459948088739845 175 2870692 12323 156 2561293 12164 0
1459948089217205 176 2871699 12288 156 2560871 11601 0
1459948089684378 174 2870067 12831 155 2559202 12231 0
1459948090163513 176 2871123 12801 156 2558944 11512 0
1459948090631404 176 2872096 12697 157 2559986 11573 0
1459948091094767 176 2872993 12532 156 2559667 10961 0
1459948091575727 177 2875100 13494 157 2560653 11012 0
1459948092117609 193 2875100 13494 170 2560653 11012 1
1459948092624685 186 2875100 13494 164 2560653 11012 1
1459948093105812 177 2877042 14230 156 2560281 10492 0
1459948093581672 176 2877553 13589 156 2559939 9987 0
1459948094046909 177 2879304 14141 155 2558343 10676 0
1459948094526272 176 2879638 13344 156 2558152 10016 0
1459948094998793 176 2879946 12585 157 2559256 10251 0
1459948095471033 176 2880230 11863 157 2560274 10388 0
1459948095940142 176 2880492 11177 156 2559932 9890 0
1459948096395248 176 2880733 10525 155 2558337 10587 0
1459948096854236 176 2880955 9907 156 2558146 9934 0
1459948097314939 177 2882440 10502 156 2557970 9318 0
1459948097783791 177 2883809 10943 156 2557808 8738 0
1459948098255573 177 2885071 11251 157 2558939 9097 0
1459948098724627 176 2884954 10479 157 2559981 9347 0
1459948099189484 176 2884846 9758 156 2559662 8909 0
1459948099669600 177 2886027 10084 156 2559368 8482 0
1459948100151180 177 2887116 10300 157 2560377 8749 0
1459948100623480 176 2886840 9749 157 2561307 8922 0
1459948101078973 175 2885305 10401 156 2560884 8613 0
1459948101544816 175 2883890 10891 156 2560494 8298 0
1459948102021639 177 2885146 11197 157 2561415 8498 0
1459948102492986 176 2885023 10434 157 2562264 8617 0
1459948102973439 177 2886190 10694 157 2563047 8664 0
1459948103445235 177 2887266 10850 157 2563768 8652 0
1459948103905063 176 2886978 10267 156 2563153 8542 0
1459948104379635 176 2886712 9708 156 2562586 8396 0
1459948104882880 184 2886712 9708 163 2562586 8396 1
1459948105386078 187 2886712 9708 165 2562586 8396 1
1459948105852595 178 2889027 11083 158 2564623 9618 0
1459948106316933 176 2888601 10608 157 2565221 9418 0
1459948106776424 177 2889489 10597 157 2565773 9190 0
1459948107228261 175 2887747 11374 156 2565001 9182 0
1459948107699637 176 2887421 10784 157 2565570 8988 0
1459948108174392 176 2887121 10217 157 2566094 8768 0
1459948108642751 175 2885564 10852 155 2564017 9996 0
1459948109128430 177 2886689 11041 156 2563383 9799 0
1459948109594477 176 2886446 10401 156 2562798 9571 0
1459948110052319 176 2886222 9794 156 2562259 9319 0
1459948110511698 174 2883455 11577 155 2560482 10227 0
1459948110955761 173 2879625 14202 155 2558844 10937 0
1459948111424229 174 2877374 15166 156 2558614 10293 0
1459948111900194 175 2876579 14713 157 2559682 10472 0
1459948112373270 175 2875846 14238 157 2560666 10560 0
1459948112845077 174 2873890 14927 157 2561573 10572 0
1459948113316539 173 2870807 16601 155 2559850 11334 0
1459948113790488 175 2870525 15563 156 2559541 10732 0
1459948114263736 176 2871545 15287 156 2559256 10154 0
1459948114734805 175 2871205 14404 156 2558994 9601 0
1459948115208618 174 2869612 14746 155 2557472 10252 0
1459948115672947 174 2868143 14946 156 2557349 9563 0
1459948116147442 174 2866789 15025 156 2557236 8919 0
1459948116622289 175 2866821 13880 156 2557131 8317 0
1459948117088258 175 2866850 12822 155 2555755 8935 0
1459948117571289 177 2869437 14205 158 2558326 10606 0
1459948118056062 176 2870542 14113 157 2559416 10782 0
1459948118526539 174 2869000 14430 156 2559141 10191 0
1459948119006446 176 2870139 14352 157 2560168 10340 0
1459948119481816 176 2871189 14198 157 2561114 10404 0
1459948119965010 177 2873437 15160 157 2561986 10395 0
1459948120458936 176 2874229 14705 157 2562790 10324 0
1459948120936108 174 2872399 15242 156 2562252 10012 0
1459948121435622 176 2873272 14856 157 2563036 9951 0
1459948121939337 178 2876637 16797 158 2565038 11019 0
1459948122430875 177 2878459 17164 158 2566884 11860 0
1459948122989894 192 2878459 17164 171 2566884 11860 1
1459948123474334 178 2881419 18552 158 2568586 12502 0
1459948123959799 177 2882868 18437 157 2568875 11791 0
1459948124445916 178 2885483 19407 158 2570421 12294 0
1459948124940819 177 2886614 18933 158 2571846 12647 0
1459948125428363 177 2887657 18414 158 2573160 12869 0
1459948125918265 177 2888618 17861 158 2574371 12980 0
1459948126400488 176 2888224 16827 158 2575488 12995 0
1459948126881060 176 2887861 15846 157 2575238 12209 0
1459948127357441 177 2888806 15480 157 2575007 11467 0
1459948127813919 174 2888806 15480 154 2575007 11467 1
1459948128322107 179 2892238 17433 157 2574794 10766 0
>>>>>>> 587ddc4f3682fe26eb61ef3e7dd1f587b73479b7
